This file contains any messages produced by compilers while
running configure, to aid debugging if configure makes a mistake.

It was created by configure, which was
generated by GNU Autoconf 2.61.  Invocation command line was

  $ ./configure 

## --------- ##
## Platform. ##
## --------- ##

hostname = vulkan-laptop
uname -m = i686
uname -r = 2.6.22-14-generic
uname -s = Linux
uname -v = #1 SMP Sun Oct 14 23:05:12 GMT 2007

/usr/bin/uname -p = unknown
/bin/uname -X     = unknown

/bin/arch              = unknown
/usr/bin/arch -k       = unknown
/usr/convex/getsysinfo = unknown
/usr/bin/hostinfo      = unknown
/bin/machine           = unknown
/usr/bin/oslevel       = unknown
/bin/universe          = unknown

PATH: /usr/local/sbin
PATH: /usr/local/bin
PATH: /usr/sbin
PATH: /usr/bin
PATH: /sbin
PATH: /bin
PATH: /usr/games


## ----------- ##
## Core tests. ##
## ----------- ##

configure:2065: checking for a BSD-compatible install
configure:2121: result: /usr/bin/install -c
configure:2132: checking whether build environment is sane
configure:2175: result: yes
configure:2208: checking for gawk
configure:2224: found /usr/bin/gawk
configure:2235: result: gawk
configure:2246: checking whether make sets $(MAKE)
configure:2267: result: yes
configure:2450: checking whether to enable maintainer-specific portions of Makefiles
configure:2459: result: no
configure:2556: checking build system type
configure:2574: result: i686-pc-linux-gnuaout
configure:2596: checking host system type
configure:2611: result: i686-pc-linux-gnuaout
configure:2645: checking for style of include used by make
configure:2673: result: GNU
configure:2746: checking for gcc
configure:2762: found /usr/bin/gcc
configure:2773: result: gcc
configure:3011: checking for C compiler version
configure:3018: gcc --version >&5
gcc (GCC) 4.1.3 20070929 (prerelease) (Ubuntu 4.1.2-16ubuntu2)
Copyright (C) 2006 Free Software Foundation, Inc.
This is free software; see the source for copying conditions.  There is NO
warranty; not even for MERCHANTABILITY or FITNESS FOR A PARTICULAR PURPOSE.

configure:3021: $? = 0
configure:3028: gcc -v >&5
Using built-in specs.
Target: i486-linux-gnu
Configured with: ../src/configure -v --enable-languages=c,c++,fortran,objc,obj-c++,treelang --prefix=/usr --enable-shared --with-system-zlib --libexecdir=/usr/lib --without-included-gettext --enable-threads=posix --enable-nls --with-gxx-include-dir=/usr/include/c++/4.1.3 --program-suffix=-4.1 --enable-__cxa_atexit --enable-clocale=gnu --enable-libstdcxx-debug --enable-mpfr --enable-checking=release i486-linux-gnu
Thread model: posix
gcc version 4.1.3 20070929 (prerelease) (Ubuntu 4.1.2-16ubuntu2)
configure:3031: $? = 0
configure:3038: gcc -V >&5
gcc: '-V' option must have argument
configure:3041: $? = 1
configure:3064: checking for C compiler default output file name
configure:3091: gcc    conftest.c  >&5
configure:3094: $? = 0
configure:3132: result: a.out
configure:3149: checking whether the C compiler works
configure:3159: ./a.out
configure:3162: $? = 0
configure:3179: result: yes
configure:3186: checking whether we are cross compiling
configure:3188: result: no
configure:3191: checking for suffix of executables
configure:3198: gcc -o conftest    conftest.c  >&5
configure:3201: $? = 0
configure:3225: result: 
configure:3231: checking for suffix of object files
configure:3257: gcc -c   conftest.c >&5
configure:3260: $? = 0
configure:3283: result: o
configure:3287: checking whether we are using the GNU C compiler
configure:3316: gcc -c   conftest.c >&5
configure:3322: $? = 0
configure:3339: result: yes
configure:3344: checking whether gcc accepts -g
configure:3374: gcc -c -g  conftest.c >&5
configure:3380: $? = 0
configure:3479: result: yes
configure:3496: checking for gcc option to accept ISO C89
configure:3570: gcc  -c -g -O2  conftest.c >&5
configure:3576: $? = 0
configure:3599: result: none needed
configure:3619: checking dependency style of gcc
configure:3702: result: gcc3
configure:3719: checking for a sed that does not truncate output
configure:3773: result: /bin/sed
configure:3776: checking for grep that handles long lines and -e
configure:3850: result: /bin/grep
configure:3855: checking for egrep
configure:3933: result: /bin/grep -E
configure:3949: checking for ld used by gcc
configure:4016: result: /usr/bin/ld
configure:4025: checking if the linker (/usr/bin/ld) is GNU ld
configure:4040: result: yes
configure:4045: checking for /usr/bin/ld option to reload object files
configure:4052: result: -r
configure:4070: checking for BSD-compatible nm
configure:4112: result: /usr/bin/nm -B
configure:4116: checking whether ln -s works
configure:4120: result: yes
configure:4127: checking how to recognise dependent libraries
configure:4299: result: pass_all
configure:4510: checking how to run the C preprocessor
configure:4550: gcc -E  conftest.c
configure:4556: $? = 0
configure:4587: gcc -E  conftest.c
conftest.c:10:28: error: ac_nonexistent.h: No such file or directory
configure:4593: $? = 1
configure: failed program was:
| /* confdefs.h.  */
| #define PACKAGE_NAME ""
| #define PACKAGE_TARNAME ""
| #define PACKAGE_VERSION ""
| #define PACKAGE_STRING ""
| #define PACKAGE_BUGREPORT ""
| #define PACKAGE "flac"
| #define VERSION "1.2.1"
| /* end confdefs.h.  */
| #include <ac_nonexistent.h>
configure:4626: result: gcc -E
configure:4655: gcc -E  conftest.c
configure:4661: $? = 0
configure:4692: gcc -E  conftest.c
conftest.c:10:28: error: ac_nonexistent.h: No such file or directory
configure:4698: $? = 1
configure: failed program was:
| /* confdefs.h.  */
| #define PACKAGE_NAME ""
| #define PACKAGE_TARNAME ""
| #define PACKAGE_VERSION ""
| #define PACKAGE_STRING ""
| #define PACKAGE_BUGREPORT ""
| #define PACKAGE "flac"
| #define VERSION "1.2.1"
| /* end confdefs.h.  */
| #include <ac_nonexistent.h>
configure:4736: checking for ANSI C header files
configure:4766: gcc -c -g -O2  conftest.c >&5
configure:4772: $? = 0
configure:4871: gcc -o conftest -g -O2   conftest.c  >&5
configure:4874: $? = 0
configure:4880: ./conftest
configure:4883: $? = 0
configure:4900: result: yes
configure:4924: checking for sys/types.h
configure:4945: gcc -c -g -O2  conftest.c >&5
configure:4951: $? = 0
configure:4967: result: yes
configure:4924: checking for sys/stat.h
configure:4945: gcc -c -g -O2  conftest.c >&5
configure:4951: $? = 0
configure:4967: result: yes
configure:4924: checking for stdlib.h
configure:4945: gcc -c -g -O2  conftest.c >&5
configure:4951: $? = 0
configure:4967: result: yes
configure:4924: checking for string.h
configure:4945: gcc -c -g -O2  conftest.c >&5
configure:4951: $? = 0
configure:4967: result: yes
configure:4924: checking for memory.h
configure:4945: gcc -c -g -O2  conftest.c >&5
configure:4951: $? = 0
configure:4967: result: yes
configure:4924: checking for strings.h
configure:4945: gcc -c -g -O2  conftest.c >&5
configure:4951: $? = 0
configure:4967: result: yes
configure:4924: checking for inttypes.h
configure:4945: gcc -c -g -O2  conftest.c >&5
configure:4951: $? = 0
configure:4967: result: yes
configure:4924: checking for stdint.h
configure:4945: gcc -c -g -O2  conftest.c >&5
configure:4951: $? = 0
configure:4967: result: yes
configure:4924: checking for unistd.h
configure:4945: gcc -c -g -O2  conftest.c >&5
configure:4951: $? = 0
configure:4967: result: yes
configure:4994: checking dlfcn.h usability
configure:5011: gcc -c -g -O2  conftest.c >&5
configure:5017: $? = 0
configure:5031: result: yes
configure:5035: checking dlfcn.h presence
configure:5050: gcc -E  conftest.c
configure:5056: $? = 0
configure:5070: result: yes
configure:5098: checking for dlfcn.h
configure:5106: result: yes
configure:5177: checking for g++
configure:5193: found /usr/bin/g++
configure:5204: result: g++
configure:5235: checking for C++ compiler version
configure:5242: g++ --version >&5
g++ (GCC) 4.1.3 20070929 (prerelease) (Ubuntu 4.1.2-16ubuntu2)
Copyright (C) 2006 Free Software Foundation, Inc.
This is free software; see the source for copying conditions.  There is NO
warranty; not even for MERCHANTABILITY or FITNESS FOR A PARTICULAR PURPOSE.

configure:5245: $? = 0
configure:5252: g++ -v >&5
Using built-in specs.
Target: i486-linux-gnu
Configured with: ../src/configure -v --enable-languages=c,c++,fortran,objc,obj-c++,treelang --prefix=/usr --enable-shared --with-system-zlib --libexecdir=/usr/lib --without-included-gettext --enable-threads=posix --enable-nls --with-gxx-include-dir=/usr/include/c++/4.1.3 --program-suffix=-4.1 --enable-__cxa_atexit --enable-clocale=gnu --enable-libstdcxx-debug --enable-mpfr --enable-checking=release i486-linux-gnu
Thread model: posix
gcc version 4.1.3 20070929 (prerelease) (Ubuntu 4.1.2-16ubuntu2)
configure:5255: $? = 0
configure:5262: g++ -V >&5
g++: '-V' option must have argument
configure:5265: $? = 1
configure:5268: checking whether we are using the GNU C++ compiler
configure:5297: g++ -c   conftest.cpp >&5
configure:5303: $? = 0
configure:5320: result: yes
configure:5325: checking whether g++ accepts -g
configure:5355: g++ -c -g  conftest.cpp >&5
configure:5361: $? = 0
configure:5460: result: yes
configure:5485: checking dependency style of g++
configure:5568: result: gcc3
configure:5595: checking how to run the C++ preprocessor
configure:5631: g++ -E  conftest.cpp
configure:5637: $? = 0
configure:5668: g++ -E  conftest.cpp
conftest.cpp:21:28: error: ac_nonexistent.h: No such file or directory
configure:5674: $? = 1
configure: failed program was:
| /* confdefs.h.  */
| #define PACKAGE_NAME ""
| #define PACKAGE_TARNAME ""
| #define PACKAGE_VERSION ""
| #define PACKAGE_STRING ""
| #define PACKAGE_BUGREPORT ""
| #define PACKAGE "flac"
| #define VERSION "1.2.1"
| #define STDC_HEADERS 1
| #define HAVE_SYS_TYPES_H 1
| #define HAVE_SYS_STAT_H 1
| #define HAVE_STDLIB_H 1
| #define HAVE_STRING_H 1
| #define HAVE_MEMORY_H 1
| #define HAVE_STRINGS_H 1
| #define HAVE_INTTYPES_H 1
| #define HAVE_STDINT_H 1
| #define HAVE_UNISTD_H 1
| #define HAVE_DLFCN_H 1
| /* end confdefs.h.  */
| #include <ac_nonexistent.h>
configure:5707: result: g++ -E
configure:5736: g++ -E  conftest.cpp
configure:5742: $? = 0
configure:5773: g++ -E  conftest.cpp
conftest.cpp:21:28: error: ac_nonexistent.h: No such file or directory
configure:5779: $? = 1
configure: failed program was:
| /* confdefs.h.  */
| #define PACKAGE_NAME ""
| #define PACKAGE_TARNAME ""
| #define PACKAGE_VERSION ""
| #define PACKAGE_STRING ""
| #define PACKAGE_BUGREPORT ""
| #define PACKAGE "flac"
| #define VERSION "1.2.1"
| #define STDC_HEADERS 1
| #define HAVE_SYS_TYPES_H 1
| #define HAVE_SYS_STAT_H 1
| #define HAVE_STDLIB_H 1
| #define HAVE_STRING_H 1
| #define HAVE_MEMORY_H 1
| #define HAVE_STRINGS_H 1
| #define HAVE_INTTYPES_H 1
| #define HAVE_STDINT_H 1
| #define HAVE_UNISTD_H 1
| #define HAVE_DLFCN_H 1
| /* end confdefs.h.  */
| #include <ac_nonexistent.h>
configure:5872: checking for g77
configure:5902: result: no
configure:5872: checking for xlf
configure:5902: result: no
configure:5872: checking for f77
configure:5902: result: no
configure:5872: checking for frt
configure:5902: result: no
configure:5872: checking for pgf77
configure:5902: result: no
configure:5872: checking for cf77
configure:5902: result: no
configure:5872: checking for fort77
configure:5902: result: no
configure:5872: checking for fl32
configure:5902: result: no
configure:5872: checking for af77
configure:5902: result: no
configure:5872: checking for xlf90
configure:5902: result: no
configure:5872: checking for f90
configure:5902: result: no
configure:5872: checking for pgf90
configure:5902: result: no
configure:5872: checking for pghpf
configure:5902: result: no
configure:5872: checking for epcf90
configure:5902: result: no
configure:5872: checking for gfortran
configure:5902: result: no
configure:5872: checking for g95
configure:5902: result: no
configure:5872: checking for xlf95
configure:5902: result: no
configure:5872: checking for f95
configure:5902: result: no
configure:5872: checking for fort
configure:5902: result: no
configure:5872: checking for ifort
configure:5902: result: no
configure:5872: checking for ifc
configure:5902: result: no
configure:5872: checking for efc
configure:5902: result: no
configure:5872: checking for pgf95
configure:5902: result: no
configure:5872: checking for lf95
configure:5902: result: no
configure:5872: checking for ftn
configure:5902: result: no
configure:5929: checking for Fortran 77 compiler version
configure:5936:  --version >&5
./configure: line 5937: --version: command not found
configure:5939: $? = 127
configure:5946:  -v >&5
./configure: line 5947: -v: command not found
configure:5949: $? = 127
configure:5956:  -V >&5
./configure: line 5957: -V: command not found
configure:5959: $? = 127
configure:5967: checking whether we are using the GNU Fortran 77 compiler
configure:5986:  -c  conftest.F >&5
./configure: line 5987: -c: command not found
configure:5992: $? = 127
configure: failed program was:
|       program main
| #ifndef __GNUC__
|        choke me
| #endif
| 
|       end
configure:6009: result: no
configure:6015: checking whether  accepts -g
configure:6032:  -c -g conftest.f >&5
./configure: line 6033: -c: command not found
configure:6038: $? = 127
configure: failed program was:
|       program main
| 
|       end
configure:6054: result: no
configure:6084: checking the maximum length of command line arguments
configure:6176: result: 32768
configure:6187: checking command to parse /usr/bin/nm -B output from gcc object
configure:6283: gcc -c -g -O2  conftest.c >&5
configure:6286: $? = 0
configure:6290: /usr/bin/nm -B conftest.o \| sed -n -e 's/^.*[ 	]\([ABCDGIRSTW][ABCDGIRSTW]*\)[ 	][ 	]*\([_A-Za-z][_A-Za-z0-9]*\)$/\1 \2 \2/p' \> conftest.nm
configure:6293: $? = 0
configure:6345: gcc -o conftest -g -O2   conftest.c conftstm.o >&5
configure:6348: $? = 0
configure:6386: result: ok
configure:6390: checking for objdir
configure:6405: result: .libs
configure:6497: checking for ar
configure:6513: found /usr/bin/ar
configure:6524: result: ar
configure:6593: checking for ranlib
configure:6609: found /usr/bin/ranlib
configure:6620: result: ranlib
configure:6689: checking for strip
configure:6705: found /usr/bin/strip
configure:6716: result: strip
configure:7017: checking if gcc static flag  works
configure:7045: result: yes
configure:7063: checking if gcc supports -fno-rtti -fno-exceptions
configure:7081: gcc -c -g -O2  -fno-rtti -fno-exceptions conftest.c >&5
cc1: warning: command line option "-fno-rtti" is valid for C++/ObjC++ but not for C
configure:7085: $? = 0
configure:7098: result: no
configure:7113: checking for gcc option to produce PIC
configure:7317: result: -fPIC
configure:7325: checking if gcc PIC flag -fPIC works
configure:7343: gcc -c -g -O2  -fPIC -DPIC conftest.c >&5
configure:7347: $? = 0
configure:7360: result: yes
configure:7384: checking if gcc supports -c -o file.o
configure:7405: gcc -c -g -O2  -o out/conftest2.o conftest.c >&5
configure:7409: $? = 0
configure:7431: result: yes
configure:7457: checking whether the gcc linker (/usr/bin/ld) supports shared libraries
configure:8348: result: yes
configure:8374: checking whether -lc should be explicitly linked in
configure:8379: gcc -c -g -O2  conftest.c >&5
configure:8382: $? = 0
configure:8396: gcc -shared conftest.o  -v -Wl,-soname -Wl,conftest -o conftest 2\>\&1 \| grep  -lc  \>/dev/null 2\>\&1
configure:8399: $? = 0
configure:8411: result: no
configure:8419: checking dynamic linker characteristics
configure:8982: result: no
configure:8986: checking how to hardcode library paths into programs
configure:9011: result: immediate
configure:9025: checking whether stripping libraries is possible
configure:9030: result: yes
configure:9827: checking if libtool supports shared libraries
configure:9829: result: no
configure:9832: checking whether to build shared libraries
configure:9853: result: no
configure:9856: checking whether to build static libraries
configure:9860: result: yes
configure:9952: creating libtool
configure:10530: checking for ld used by g++
configure:10597: result: /usr/bin/ld
configure:10606: checking if the linker (/usr/bin/ld) is GNU ld
configure:10621: result: yes
configure:10672: checking whether the g++ linker (/usr/bin/ld) supports shared libraries
configure:11555: result: yes
configure:11573: g++ -c -g -O2  conftest.cc >&5
configure:11576: $? = 0
configure:11672: checking for g++ option to produce PIC
configure:11940: result: -fPIC
configure:11948: checking if g++ PIC flag -fPIC works
configure:11966: g++ -c -g -O2  -fPIC -DPIC conftest.cc >&5
configure:11970: $? = 0
configure:11983: result: yes
configure:12007: checking if g++ supports -c -o file.o
configure:12028: g++ -c -g -O2  -o out/conftest2.o conftest.cc >&5
configure:12032: $? = 0
configure:12054: result: yes
configure:12080: checking whether the g++ linker (/usr/bin/ld) supports shared libraries
configure:12105: result: yes
configure:12176: checking dynamic linker characteristics
configure:12739: result: no
configure:12743: checking how to hardcode library paths into programs
configure:12768: result: immediate
configure:12782: checking whether stripping libraries is possible
configure:12787: result: yes
configure:20378: checking for C++ compiler version
configure:20385: g++ --version >&5
g++ (GCC) 4.1.3 20070929 (prerelease) (Ubuntu 4.1.2-16ubuntu2)
Copyright (C) 2006 Free Software Foundation, Inc.
This is free software; see the source for copying conditions.  There is NO
warranty; not even for MERCHANTABILITY or FITNESS FOR A PARTICULAR PURPOSE.

configure:20388: $? = 0
configure:20395: g++ -v >&5
Using built-in specs.
Target: i486-linux-gnu
Configured with: ../src/configure -v --enable-languages=c,c++,fortran,objc,obj-c++,treelang --prefix=/usr --enable-shared --with-system-zlib --libexecdir=/usr/lib --without-included-gettext --enable-threads=posix --enable-nls --with-gxx-include-dir=/usr/include/c++/4.1.3 --program-suffix=-4.1 --enable-__cxa_atexit --enable-clocale=gnu --enable-libstdcxx-debug --enable-mpfr --enable-checking=release i486-linux-gnu
Thread model: posix
gcc version 4.1.3 20070929 (prerelease) (Ubuntu 4.1.2-16ubuntu2)
configure:20398: $? = 0
configure:20405: g++ -V >&5
g++: '-V' option must have argument
configure:20408: $? = 1
configure:20411: checking whether we are using the GNU C++ compiler
configure:20463: result: yes
configure:20468: checking whether g++ accepts -g
configure:20603: result: yes
configure:20628: checking dependency style of g++
configure:20711: result: gcc3
configure:20728: checking whether make sets $(MAKE)
configure:20749: result: yes
configure:20766: checking for special C compiler options needed for large files
configure:20859: result: no
configure:20865: checking for _FILE_OFFSET_BITS value needed for large files
configure:20900: gcc -c -g -O2  conftest.c >&5
conftest.c:27: warning: left shift count >= width of type
conftest.c:27: warning: left shift count >= width of type
conftest.c:29: error: size of array 'off_t_is_large' is negative
configure:20906: $? = 1
configure: failed program was:
| /* confdefs.h.  */
| #define PACKAGE_NAME ""
| #define PACKAGE_TARNAME ""
| #define PACKAGE_VERSION ""
| #define PACKAGE_STRING ""
| #define PACKAGE_BUGREPORT ""
| #define PACKAGE "flac"
| #define VERSION "1.2.1"
| #define STDC_HEADERS 1
| #define HAVE_SYS_TYPES_H 1
| #define HAVE_SYS_STAT_H 1
| #define HAVE_STDLIB_H 1
| #define HAVE_STRING_H 1
| #define HAVE_MEMORY_H 1
| #define HAVE_STRINGS_H 1
| #define HAVE_INTTYPES_H 1
| #define HAVE_STDINT_H 1
| #define HAVE_UNISTD_H 1
| #define HAVE_DLFCN_H 1
| /* end confdefs.h.  */
| #include <sys/types.h>
|  /* Check that off_t can represent 2**63 - 1 correctly.
|     We can't simply define LARGE_OFF_T to be 9223372036854775807,
|     since some C++ compilers masquerading as C compilers
|     incorrectly reject 9223372036854775807.  */
| #define LARGE_OFF_T (((off_t) 1 << 62) - 1 + ((off_t) 1 << 62))
|   int off_t_is_large[(LARGE_OFF_T % 2147483629 == 721
| 		       && LARGE_OFF_T % 2147483647 == 1)
| 		      ? 1 : -1];
| int
| main ()
| {
| 
|   ;
|   return 0;
| }
configure:20950: gcc -c -g -O2  conftest.c >&5
configure:20956: $? = 0
configure:20974: result: 64
configure:21109: checking for _LARGEFILE_SOURCE value needed for large files
configure:21138: gcc -o conftest -g -O2   conftest.c  >&5
configure:21144: $? = 0
configure:21210: result: no
configure:21234: checking for void*
configure:21264: gcc -c -g -O2  conftest.c >&5
configure:21270: $? = 0
configure:21285: result: yes
configure:21292: checking size of void*
configure:21594: gcc -o conftest -g -O2   conftest.c  >&5
configure:21597: $? = 0
configure:21603: ./conftest
configure:21606: $? = 0
configure:21629: result: 4
configure:21644: checking whether byte ordering is bigendian
configure:21677: gcc -c -g -O2  conftest.c >&5
configure:21683: $? = 0
configure:21715: gcc -c -g -O2  conftest.c >&5
conftest.c: In function 'main':
conftest.c:31: error: 'not' undeclared (first use in this function)
conftest.c:31: error: (Each undeclared identifier is reported only once
conftest.c:31: error: for each function it appears in.)
conftest.c:31: error: expected ';' before 'big'
configure:21721: $? = 1
configure: failed program was:
| /* confdefs.h.  */
| #define PACKAGE_NAME ""
| #define PACKAGE_TARNAME ""
| #define PACKAGE_VERSION ""
| #define PACKAGE_STRING ""
| #define PACKAGE_BUGREPORT ""
| #define PACKAGE "flac"
| #define VERSION "1.2.1"
| #define STDC_HEADERS 1
| #define HAVE_SYS_TYPES_H 1
| #define HAVE_SYS_STAT_H 1
| #define HAVE_STDLIB_H 1
| #define HAVE_STRING_H 1
| #define HAVE_MEMORY_H 1
| #define HAVE_STRINGS_H 1
| #define HAVE_INTTYPES_H 1
| #define HAVE_STDINT_H 1
| #define HAVE_UNISTD_H 1
| #define HAVE_DLFCN_H 1
| #define _FILE_OFFSET_BITS 64
| #define HAVE_FSEEKO 1
| #define SIZEOF_VOIDP 4
| /* end confdefs.h.  */
| #include <sys/types.h>
| #include <sys/param.h>
| 
| int
| main ()
| {
| #if BYTE_ORDER != BIG_ENDIAN
|  not big endian
| #endif
| 
|   ;
|   return 0;
| }
configure:21861: result: no
configure:21881: checking for socklen_t
configure:21911: gcc -c -g -O2  conftest.c >&5
configure:21917: $? = 0
configure:21932: result: yes
configure:21948: checking for getopt_long
configure:22004: gcc -o conftest -g -O2   conftest.c  >&5
configure:22010: $? = 0
configure:22028: result: yes
configure:22378: checking for doxygen
configure:22408: result: no
configure:22500: checking for xmms-config
configure:22531: result: no
configure:22643: checking for XMMS - version >= 0.9.5.1
configure:22651: result: no
configure:22678: WARNING: *** XMMS >= 0.9.5.1 not installed - XMMS support will not be built
configure:22787: checking for Ogg
configure:22827: gcc -o conftest -g -O2    conftest.c   -logg >&5
configure:22830: $? = 0
configure:22836: ./conftest
configure:22839: $? = 0
configure:22859: result: yes
configure:23000: checking for ld used by GCC
configure:23064: result: /usr/bin/ld
configure:23073: checking if the linker (/usr/bin/ld) is GNU ld
configure:23086: result: yes
configure:23093: checking for shared library run path origin
configure:23106: result: done
configure:23536: checking for iconv
configure:23568: gcc -o conftest -g -O2   conftest.c  >&5
configure:23574: $? = 0
configure:23644: result: yes
configure:23667: checking for iconv declaration
configure:23706: gcc -c -g -O2  conftest.c >&5
configure:23712: $? = 0
configure:23731: result: 
         extern size_t iconv (iconv_t cd, char * *inbuf, size_t *inbytesleft, char * *outbuf, size_t *outbytesleft);
configure:23742: checking for nl_langinfo and CODESET
configure:23768: gcc -o conftest -g -O2   conftest.c  >&5
configure:23774: $? = 0
configure:23792: result: yes
configure:23807: checking for docbook-to-man
configure:23837: result: no
configure:23807: checking for docbook2man
configure:23837: result: no
configure:23869: checking for nasm
configure:23899: result: no
configure:23931: checking for as
configure:23958: result: as
configure:23974: checking for gas
configure:24004: result: no
configure:24373: creating ./config.status

## ---------------------- ##
## Running config.status. ##
## ---------------------- ##

This file was extended by config.status, which was
generated by GNU Autoconf 2.61.  Invocation command line was

  CONFIG_FILES    = 
  CONFIG_HEADERS  = 
  CONFIG_LINKS    = 
  CONFIG_COMMANDS = 
  $ ./config.status 

on vulkan-laptop

config.status:803: creating Makefile
config.status:938: WARNING:  Makefile.in seems to ignore the --datarootdir setting
config.status:803: creating src/Makefile
config.status:938: WARNING:  src/Makefile.in seems to ignore the --datarootdir setting
config.status:803: creating src/libFLAC/Makefile
config.status:938: WARNING:  src/libFLAC/Makefile.in seems to ignore the --datarootdir setting
config.status:803: creating src/libFLAC/flac.pc
config.status:803: creating src/libFLAC/ia32/Makefile
config.status:938: WARNING:  src/libFLAC/ia32/Makefile.in seems to ignore the --datarootdir setting
config.status:803: creating src/libFLAC/ppc/Makefile
config.status:938: WARNING:  src/libFLAC/ppc/Makefile.in seems to ignore the --datarootdir setting
config.status:803: creating src/libFLAC/ppc/as/Makefile
config.status:938: WARNING:  src/libFLAC/ppc/as/Makefile.in seems to ignore the --datarootdir setting
config.status:803: creating src/libFLAC/ppc/gas/Makefile
config.status:938: WARNING:  src/libFLAC/ppc/gas/Makefile.in seems to ignore the --datarootdir setting
config.status:803: creating src/libFLAC/include/Makefile
config.status:938: WARNING:  src/libFLAC/include/Makefile.in seems to ignore the --datarootdir setting
config.status:803: creating src/libFLAC/include/private/Makefile
config.status:938: WARNING:  src/libFLAC/include/private/Makefile.in seems to ignore the --datarootdir setting
config.status:803: creating src/libFLAC/include/protected/Makefile
config.status:938: WARNING:  src/libFLAC/include/protected/Makefile.in seems to ignore the --datarootdir setting
config.status:803: creating src/libFLAC++/Makefile
config.status:938: WARNING:  src/libFLAC++/Makefile.in seems to ignore the --datarootdir setting
config.status:803: creating src/libFLAC++/flac++.pc
config.status:803: creating src/flac/Makefile
config.status:938: WARNING:  src/flac/Makefile.in seems to ignore the --datarootdir setting
config.status:803: creating src/metaflac/Makefile
config.status:938: WARNING:  src/metaflac/Makefile.in seems to ignore the --datarootdir setting
config.status:803: creating src/monkeys_audio_utilities/Makefile
config.status:938: WARNING:  src/monkeys_audio_utilities/Makefile.in seems to ignore the --datarootdir setting
config.status:803: creating src/monkeys_audio_utilities/flac_mac/Makefile
config.status:938: WARNING:  src/monkeys_audio_utilities/flac_mac/Makefile.in seems to ignore the --datarootdir setting
config.status:803: creating src/monkeys_audio_utilities/flac_ren/Makefile
config.status:938: WARNING:  src/monkeys_audio_utilities/flac_ren/Makefile.in seems to ignore the --datarootdir setting
config.status:803: creating src/plugin_common/Makefile
config.status:938: WARNING:  src/plugin_common/Makefile.in seems to ignore the --datarootdir setting
config.status:803: creating src/plugin_winamp2/Makefile
config.status:938: WARNING:  src/plugin_winamp2/Makefile.in seems to ignore the --datarootdir setting
config.status:803: creating src/plugin_winamp2/include/Makefile
config.status:938: WARNING:  src/plugin_winamp2/include/Makefile.in seems to ignore the --datarootdir setting
config.status:803: creating src/plugin_winamp2/include/winamp2/Makefile
config.status:938: WARNING:  src/plugin_winamp2/include/winamp2/Makefile.in seems to ignore the --datarootdir setting
config.status:803: creating src/plugin_xmms/Makefile
config.status:938: WARNING:  src/plugin_xmms/Makefile.in seems to ignore the --datarootdir setting
config.status:803: creating src/share/Makefile
config.status:938: WARNING:  src/share/Makefile.in seems to ignore the --datarootdir setting
config.status:803: creating src/share/getopt/Makefile
config.status:938: WARNING:  src/share/getopt/Makefile.in seems to ignore the --datarootdir setting
config.status:803: creating src/share/grabbag/Makefile
config.status:938: WARNING:  src/share/grabbag/Makefile.in seems to ignore the --datarootdir setting
config.status:803: creating src/share/replaygain_analysis/Makefile
config.status:938: WARNING:  src/share/replaygain_analysis/Makefile.in seems to ignore the --datarootdir setting
config.status:803: creating src/share/replaygain_synthesis/Makefile
config.status:938: WARNING:  src/share/replaygain_synthesis/Makefile.in seems to ignore the --datarootdir setting
config.status:803: creating src/share/replaygain_synthesis/include/Makefile
config.status:938: WARNING:  src/share/replaygain_synthesis/include/Makefile.in seems to ignore the --datarootdir setting
config.status:803: creating src/share/replaygain_synthesis/include/private/Makefile
config.status:938: WARNING:  src/share/replaygain_synthesis/include/private/Makefile.in seems to ignore the --datarootdir setting
config.status:803: creating src/share/utf8/Makefile
config.status:938: WARNING:  src/share/utf8/Makefile.in seems to ignore the --datarootdir setting
config.status:803: creating src/test_grabbag/Makefile
config.status:938: WARNING:  src/test_grabbag/Makefile.in seems to ignore the --datarootdir setting
config.status:803: creating src/test_grabbag/cuesheet/Makefile
config.status:938: WARNING:  src/test_grabbag/cuesheet/Makefile.in seems to ignore the --datarootdir setting
config.status:803: creating src/test_grabbag/picture/Makefile
config.status:938: WARNING:  src/test_grabbag/picture/Makefile.in seems to ignore the --datarootdir setting
config.status:803: creating src/test_libs_common/Makefile
config.status:938: WARNING:  src/test_libs_common/Makefile.in seems to ignore the --datarootdir setting
config.status:803: creating src/test_libFLAC/Makefile
config.status:938: WARNING:  src/test_libFLAC/Makefile.in seems to ignore the --datarootdir setting
config.status:803: creating src/test_libFLAC++/Makefile
config.status:938: WARNING:  src/test_libFLAC++/Makefile.in seems to ignore the --datarootdir setting
config.status:803: creating src/test_seeking/Makefile
config.status:938: WARNING:  src/test_seeking/Makefile.in seems to ignore the --datarootdir setting
config.status:803: creating src/test_streams/Makefile
config.status:938: WARNING:  src/test_streams/Makefile.in seems to ignore the --datarootdir setting
config.status:803: creating examples/Makefile
config.status:938: WARNING:  examples/Makefile.in seems to ignore the --datarootdir setting
config.status:803: creating examples/c/Makefile
config.status:938: WARNING:  examples/c/Makefile.in seems to ignore the --datarootdir setting
config.status:803: creating examples/c/decode/Makefile
config.status:938: WARNING:  examples/c/decode/Makefile.in seems to ignore the --datarootdir setting
config.status:803: creating examples/c/decode/file/Makefile
config.status:938: WARNING:  examples/c/decode/file/Makefile.in seems to ignore the --datarootdir setting
config.status:803: creating examples/c/encode/Makefile
config.status:938: WARNING:  examples/c/encode/Makefile.in seems to ignore the --datarootdir setting
config.status:803: creating examples/c/encode/file/Makefile
config.status:938: WARNING:  examples/c/encode/file/Makefile.in seems to ignore the --datarootdir setting
config.status:803: creating examples/cpp/Makefile
config.status:938: WARNING:  examples/cpp/Makefile.in seems to ignore the --datarootdir setting
config.status:803: creating examples/cpp/decode/Makefile
config.status:938: WARNING:  examples/cpp/decode/Makefile.in seems to ignore the --datarootdir setting
config.status:803: creating examples/cpp/decode/file/Makefile
config.status:938: WARNING:  examples/cpp/decode/file/Makefile.in seems to ignore the --datarootdir setting
config.status:803: creating examples/cpp/encode/Makefile
config.status:938: WARNING:  examples/cpp/encode/Makefile.in seems to ignore the --datarootdir setting
config.status:803: creating examples/cpp/encode/file/Makefile
config.status:938: WARNING:  examples/cpp/encode/file/Makefile.in seems to ignore the --datarootdir setting
config.status:803: creating include/Makefile
config.status:938: WARNING:  include/Makefile.in seems to ignore the --datarootdir setting
config.status:803: creating include/FLAC/Makefile
config.status:938: WARNING:  include/FLAC/Makefile.in seems to ignore the --datarootdir setting
config.status:803: creating include/FLAC++/Makefile
config.status:938: WARNING:  include/FLAC++/Makefile.in seems to ignore the --datarootdir setting
config.status:803: creating include/share/Makefile
config.status:938: WARNING:  include/share/Makefile.in seems to ignore the --datarootdir setting
config.status:803: creating include/share/grabbag/Makefile
config.status:938: WARNING:  include/share/grabbag/Makefile.in seems to ignore the --datarootdir setting
config.status:803: creating include/test_libs_common/Makefile
config.status:938: WARNING:  include/test_libs_common/Makefile.in seems to ignore the --datarootdir setting
config.status:803: creating doc/Makefile
config.status:938: WARNING:  doc/Makefile.in seems to ignore the --datarootdir setting
config.status:803: creating doc/html/Makefile
config.status:938: WARNING:  doc/html/Makefile.in seems to ignore the --datarootdir setting
config.status:803: creating doc/html/images/Makefile
config.status:938: WARNING:  doc/html/images/Makefile.in seems to ignore the --datarootdir setting
config.status:803: creating doc/html/images/hw/Makefile
config.status:938: WARNING:  doc/html/images/hw/Makefile.in seems to ignore the --datarootdir setting
config.status:803: creating doc/html/ru/Makefile
config.status:938: WARNING:  doc/html/ru/Makefile.in seems to ignore the --datarootdir setting
config.status:803: creating m4/Makefile
config.status:938: WARNING:  m4/Makefile.in seems to ignore the --datarootdir setting
config.status:803: creating man/Makefile
config.status:938: WARNING:  man/Makefile.in seems to ignore the --datarootdir setting
config.status:803: creating test/Makefile
config.status:938: WARNING:  test/Makefile.in seems to ignore the --datarootdir setting
config.status:803: creating test/cuesheets/Makefile
config.status:938: WARNING:  test/cuesheets/Makefile.in seems to ignore the --datarootdir setting
config.status:803: creating test/flac-to-flac-metadata-test-files/Makefile
config.status:938: WARNING:  test/flac-to-flac-metadata-test-files/Makefile.in seems to ignore the --datarootdir setting
config.status:803: creating test/metaflac-test-files/Makefile
config.status:938: WARNING:  test/metaflac-test-files/Makefile.in seems to ignore the --datarootdir setting
config.status:803: creating test/pictures/Makefile
config.status:938: WARNING:  test/pictures/Makefile.in seems to ignore the --datarootdir setting
config.status:803: creating build/Makefile
config.status:938: WARNING:  build/Makefile.in seems to ignore the --datarootdir setting
config.status:803: creating obj/Makefile
config.status:938: WARNING:  obj/Makefile.in seems to ignore the --datarootdir setting
config.status:803: creating obj/debug/Makefile
config.status:938: WARNING:  obj/debug/Makefile.in seems to ignore the --datarootdir setting
config.status:803: creating obj/debug/bin/Makefile
config.status:938: WARNING:  obj/debug/bin/Makefile.in seems to ignore the --datarootdir setting
config.status:803: creating obj/debug/lib/Makefile
config.status:938: WARNING:  obj/debug/lib/Makefile.in seems to ignore the --datarootdir setting
config.status:803: creating obj/release/Makefile
config.status:938: WARNING:  obj/release/Makefile.in seems to ignore the --datarootdir setting
config.status:803: creating obj/release/bin/Makefile
config.status:938: WARNING:  obj/release/bin/Makefile.in seems to ignore the --datarootdir setting
config.status:803: creating obj/release/lib/Makefile
config.status:938: WARNING:  obj/release/lib/Makefile.in seems to ignore the --datarootdir setting
config.status:803: creating config.h
config.status:1084: executing depfiles commands

## ---------------- ##
## Cache variables. ##
## ---------------- ##

ac_cv_build=i686-pc-linux-gnuaout
ac_cv_c_bigendian=no
ac_cv_c_compiler_gnu=yes
ac_cv_cxx_compiler_gnu=yes
ac_cv_env_CCC_set=
ac_cv_env_CCC_value=
ac_cv_env_CC_set=
ac_cv_env_CC_value=
ac_cv_env_CFLAGS_set=
ac_cv_env_CFLAGS_value=
ac_cv_env_CPPFLAGS_set=
ac_cv_env_CPPFLAGS_value=
ac_cv_env_CPP_set=
ac_cv_env_CPP_value=
ac_cv_env_CXXCPP_set=
ac_cv_env_CXXCPP_value=
ac_cv_env_CXXFLAGS_set=
ac_cv_env_CXXFLAGS_value=
ac_cv_env_CXX_set=
ac_cv_env_CXX_value=
ac_cv_env_F77_set=
ac_cv_env_F77_value=
ac_cv_env_FFLAGS_set=
ac_cv_env_FFLAGS_value=
ac_cv_env_LDFLAGS_set=
ac_cv_env_LDFLAGS_value=
ac_cv_env_LIBS_set=
ac_cv_env_LIBS_value=
ac_cv_env_build_alias_set=
ac_cv_env_build_alias_value=
ac_cv_env_host_alias_set=
ac_cv_env_host_alias_value=
ac_cv_env_target_alias_set=
ac_cv_env_target_alias_value=
ac_cv_f77_compiler_gnu=no
ac_cv_func_getopt_long=yes
ac_cv_header_dlfcn_h=yes
ac_cv_header_inttypes_h=yes
ac_cv_header_memory_h=yes
ac_cv_header_stdc=yes
ac_cv_header_stdint_h=yes
ac_cv_header_stdlib_h=yes
ac_cv_header_string_h=yes
ac_cv_header_strings_h=yes
ac_cv_header_sys_stat_h=yes
ac_cv_header_sys_types_h=yes
ac_cv_header_unistd_h=yes
ac_cv_host=i686-pc-linux-gnuaout
ac_cv_objext=o
ac_cv_path_EGREP='/bin/grep -E'
ac_cv_path_GREP=/bin/grep
ac_cv_path_XMMS_CONFIG=no
ac_cv_path_install='/usr/bin/install -c'
ac_cv_prog_AS=as
ac_cv_prog_AWK=gawk
ac_cv_prog_CPP='gcc -E'
ac_cv_prog_CXXCPP='g++ -E'
ac_cv_prog_ac_ct_AR=ar
ac_cv_prog_ac_ct_CC=gcc
ac_cv_prog_ac_ct_CXX=g++
ac_cv_prog_ac_ct_RANLIB=ranlib
ac_cv_prog_ac_ct_STRIP=strip
ac_cv_prog_cc_c89=
ac_cv_prog_cc_g=yes
ac_cv_prog_cxx_g=yes
ac_cv_prog_f77_g=no
ac_cv_prog_make_make_set=yes
ac_cv_sizeof_voidp=4
ac_cv_sys_file_offset_bits=64
ac_cv_sys_largefile_CC=no
ac_cv_sys_largefile_source=no
ac_cv_type_socklen_t=yes
ac_cv_type_voidp=yes
acl_cv_hardcode_direct=no
acl_cv_hardcode_libdir_flag_spec='${wl}-rpath ${wl}$libdir'
acl_cv_hardcode_libdir_separator=
acl_cv_hardcode_minus_L=no
acl_cv_libext=a
acl_cv_path_LD=/usr/bin/ld
acl_cv_prog_gnu_ld=yes
acl_cv_rpath=done
acl_cv_shlibext=so
acl_cv_wl=-Wl,
am_cv_CC_dependencies_compiler_type=gcc3
am_cv_CXX_dependencies_compiler_type=gcc3
am_cv_func_iconv=yes
am_cv_langinfo_codeset=yes
am_cv_lib_iconv=no
am_cv_proto_iconv='extern size_t iconv (iconv_t cd, char * *inbuf, size_t *inbytesleft, char * *outbuf, size_t *outbytesleft);'
am_cv_proto_iconv_arg1=
lt_cv_deplibs_check_method=pass_all
lt_cv_file_magic_cmd='$MAGIC_CMD'
lt_cv_file_magic_test_file=
lt_cv_ld_reload_flag=-r
lt_cv_objdir=.libs
lt_cv_path_LD=/usr/bin/ld
lt_cv_path_LDCXX=/usr/bin/ld
lt_cv_path_NM='/usr/bin/nm -B'
lt_cv_path_SED=/bin/sed
lt_cv_prog_compiler_c_o=yes
lt_cv_prog_compiler_c_o_CXX=yes
lt_cv_prog_compiler_rtti_exceptions=no
lt_cv_prog_gnu_ld=yes
lt_cv_prog_gnu_ldcxx=yes
lt_cv_sys_global_symbol_pipe='sed -n -e '\''s/^.*[ 	]\([ABCDGIRSTW][ABCDGIRSTW]*\)[ 	][ 	]*\([_A-Za-z][_A-Za-z0-9]*\)$/\1 \2 \2/p'\'''
lt_cv_sys_global_symbol_to_c_name_address='sed -n -e '\''s/^: \([^ ]*\) $/  {\"\1\", (lt_ptr) 0},/p'\'' -e '\''s/^[BCDEGRST] \([^ ]*\) \([^ ]*\)$/  {"\2", (lt_ptr) \&\2},/p'\'''
lt_cv_sys_global_symbol_to_cdecl='sed -n -e '\''s/^. .* \(.*\)$/extern int \1;/p'\'''
lt_cv_sys_max_cmd_len=32768
lt_lt_cv_prog_compiler_c_o='"yes"'
lt_lt_cv_prog_compiler_c_o_CXX='"yes"'
lt_lt_cv_sys_global_symbol_pipe='"sed -n -e '\''s/^.*[ 	]\\([ABCDGIRSTW][ABCDGIRSTW]*\\)[ 	][ 	]*\\([_A-Za-z][_A-Za-z0-9]*\\)\$/\\1 \\2 \\2/p'\''"'
lt_lt_cv_sys_global_symbol_to_c_name_address='"sed -n -e '\''s/^: \\([^ ]*\\) \$/  {\\\"\\1\\\", (lt_ptr) 0},/p'\'' -e '\''s/^[BCDEGRST] \\([^ ]*\\) \\([^ ]*\\)\$/  {\"\\2\", (lt_ptr) \\&\\2},/p'\''"'
lt_lt_cv_sys_global_symbol_to_cdecl='"sed -n -e '\''s/^. .* \\(.*\\)\$/extern int \\1;/p'\''"'

## ----------------- ##
## Output variables. ##
## ----------------- ##

ACLOCAL='${SHELL} /home/vulkan/xbmc/sources/paplayer/flac-1.2.1/missing --run aclocal-1.7'
ACLOCAL_AMFLAGS='-I m4'
AMDEPBACKSLASH='\'
AMDEP_FALSE='#'
AMDEP_TRUE=''
AMTAR='${SHELL} /home/vulkan/xbmc/sources/paplayer/flac-1.2.1/missing --run tar'
AR='ar'
AS='gas'
AUTOCONF='${SHELL} /home/vulkan/xbmc/sources/paplayer/flac-1.2.1/missing --run autoconf'
AUTOHEADER='${SHELL} /home/vulkan/xbmc/sources/paplayer/flac-1.2.1/missing --run autoheader'
AUTOMAKE='${SHELL} /home/vulkan/xbmc/sources/paplayer/flac-1.2.1/missing --run automake-1.7'
AWK='gawk'
CC='gcc'
CCAS='$(CC)'
CCASFLAGS='$(CFLAGS)'
CCDEPMODE='depmode=gcc3'
CFLAGS='-O3 -funroll-loops -finline-functions -Wall -W -Winline -g -O2'
CPP='gcc -E'
CPPFLAGS='-DFLaC__INLINE=__inline__ -DNDEBUG -I$(top_builddir) -I$(srcdir)/include -I$(top_srcdir)/include '
CXX='g++'
CXXCPP='g++ -E'
CXXDEPMODE='depmode=gcc3'
CXXFLAGS='-g -O2'
CYGPATH_W='echo'
DEBUG_FALSE=''
DEBUG_TRUE='#'
DEFS='-DHAVE_CONFIG_H'
DEPDIR='.deps'
DOCBOOK_TO_MAN=''
DOXYGEN=''
ECHO='echo'
ECHO_C=''
ECHO_N='-n'
ECHO_T=''
EGREP='/bin/grep -E'
EXEEXT=''
F77=''
FFLAGS=''
FLAC__TEST_LEVEL='1'
FLAC__TEST_WITH_VALGRIND='no'
FLaC__CPU_IA32_FALSE='#'
FLaC__CPU_IA32_TRUE=''
FLaC__CPU_PPC_FALSE=''
FLaC__CPU_PPC_TRUE='#'
FLaC__CPU_SPARC_FALSE=''
FLaC__CPU_SPARC_TRUE='#'
FLaC__HAS_AS_FALSE=''
FLaC__HAS_AS_TRUE='#'
FLaC__HAS_AS__TEMPORARILY_DISABLED_FALSE=''
FLaC__HAS_AS__TEMPORARILY_DISABLED_TRUE='#'
FLaC__HAS_DOCBOOK_TO_MAN_FALSE=''
FLaC__HAS_DOCBOOK_TO_MAN_TRUE='#'
FLaC__HAS_DOXYGEN_FALSE=''
FLaC__HAS_DOXYGEN_TRUE='#'
FLaC__HAS_GAS_FALSE='#'
FLaC__HAS_GAS_TRUE=''
FLaC__HAS_GAS__TEMPORARILY_DISABLED_FALSE=''
FLaC__HAS_GAS__TEMPORARILY_DISABLED_TRUE='#'
FLaC__HAS_NASM_FALSE=''
FLaC__HAS_NASM_TRUE='#'
FLaC__HAS_OGG_FALSE='#'
FLaC__HAS_OGG_TRUE=''
FLaC__HAS_XMMS_FALSE=''
FLaC__HAS_XMMS_TRUE='#'
FLaC__INSTALL_XMMS_PLUGIN_LOCALLY_FALSE=''
FLaC__INSTALL_XMMS_PLUGIN_LOCALLY_TRUE='#'
FLaC__NO_ASM_FALSE=''
FLaC__NO_ASM_TRUE='#'
FLaC__SSE_OS_FALSE=''
FLaC__SSE_OS_TRUE='#'
FLaC__SYS_DARWIN_FALSE=''
FLaC__SYS_DARWIN_TRUE='#'
FLaC__SYS_LINUX_FALSE=''
FLaC__SYS_LINUX_TRUE='#'
FLaC__USE_3DNOW_FALSE='#'
FLaC__USE_3DNOW_TRUE=''
FLaC__USE_ALTIVEC_FALSE='#'
FLaC__USE_ALTIVEC_TRUE=''
FLaC__WITH_CPPLIBS_FALSE='#'
FLaC__WITH_CPPLIBS_TRUE=''
GAS='gas'
GREP='/bin/grep'
INSTALL_DATA='${INSTALL} -m 644'
INSTALL_PROGRAM='${INSTALL}'
INSTALL_SCRIPT='${INSTALL}'
INSTALL_STRIP_PROGRAM='${SHELL} $(install_sh) -c -s'
LDFLAGS=''
LIBICONV=''
LIBOBJS=''
LIBS=''
LIBTOOL='$(SHELL) $(top_builddir)/libtool'
LN_S='ln -s'
LTLIBICONV=''
LTLIBOBJS=''
MAINT='#'
MAINTAINER_MODE_FALSE=''
MAINTAINER_MODE_TRUE='#'
MAKEINFO='${SHELL} /home/vulkan/xbmc/sources/paplayer/flac-1.2.1/missing --run makeinfo'
MINGW_WINSOCK_LIBS=''
NASM=''
OBJEXT='o'
OBJ_FORMAT='elf'
OGG_CFLAGS=''
OGG_LIBS=' -logg'
PACKAGE='flac'
PACKAGE_BUGREPORT=''
PACKAGE_NAME=''
PACKAGE_STRING=''
PACKAGE_TARNAME=''
PACKAGE_VERSION=''
PATH_SEPARATOR=':'
RANLIB='ranlib'
SET_MAKE=''
SHELL='/bin/sh'
STRIP='strip'
VERSION='1.2.1'
XMMS_CFLAGS=''
XMMS_CONFIG='no'
XMMS_DATA_DIR=''
XMMS_EFFECT_PLUGIN_DIR=''
XMMS_GENERAL_PLUGIN_DIR=''
XMMS_INPUT_PLUGIN_DIR=''
XMMS_LIBS=''
XMMS_OUTPUT_PLUGIN_DIR=''
XMMS_PLUGIN_DIR=''
XMMS_VERSION=''
XMMS_VISUALIZATION_PLUGIN_DIR=''
ac_ct_CC='gcc'
ac_ct_CXX='g++'
ac_ct_F77=''
am__fastdepCC_FALSE='#'
am__fastdepCC_TRUE=''
am__fastdepCXX_FALSE='#'
am__fastdepCXX_TRUE=''
am__include='include'
am__leading_dot='.'
am__quote=''
bindir='${exec_prefix}/bin'
build='i686-pc-linux-gnuaout'
build_alias=''
build_cpu='i686'
build_os='linux-gnuaout'
build_vendor='pc'
datadir='${datarootdir}'
datarootdir='${prefix}/share'
docdir='${datarootdir}/doc/${PACKAGE}'
dvidir='${docdir}'
exec_prefix='${prefix}'
host='i686-pc-linux-gnuaout'
host_alias=''
host_cpu='i686'
host_os='linux-gnuaout'
host_vendor='pc'
htmldir='${docdir}'
includedir='${prefix}/include'
infodir='${datarootdir}/info'
install_sh='/home/vulkan/xbmc/sources/paplayer/flac-1.2.1/install-sh'
libdir='${exec_prefix}/lib'
libexecdir='${exec_prefix}/libexec'
localedir='${datarootdir}/locale'
localstatedir='${prefix}/var'
mandir='${datarootdir}/man'
oldincludedir='/usr/include'
pdfdir='${docdir}'
prefix='/usr/local'
program_transform_name='s,x,x,'
psdir='${docdir}'
sbindir='${exec_prefix}/sbin'
sharedstatedir='${prefix}/com'
sysconfdir='${prefix}/etc'
target_alias=''

## ----------- ##
## confdefs.h. ##
## ----------- ##

#define PACKAGE_NAME ""
#define PACKAGE_TARNAME ""
#define PACKAGE_VERSION ""
#define PACKAGE_STRING ""
#define PACKAGE_BUGREPORT ""
#define PACKAGE "flac"
#define VERSION "1.2.1"
#define STDC_HEADERS 1
#define HAVE_SYS_TYPES_H 1
#define HAVE_SYS_STAT_H 1
#define HAVE_STDLIB_H 1
#define HAVE_STRING_H 1
#define HAVE_MEMORY_H 1
#define HAVE_STRINGS_H 1
#define HAVE_INTTYPES_H 1
#define HAVE_STDINT_H 1
#define HAVE_UNISTD_H 1
#define HAVE_DLFCN_H 1
#define _FILE_OFFSET_BITS 64
#define HAVE_FSEEKO 1
#define SIZEOF_VOIDP 4
#define HAVE_SOCKLEN_T 1
#define HAVE_GETOPT_LONG 1
#define FLAC__CPU_IA32 1
#define FLAC__ALIGN_MALLOC_DATA 1
#define FLAC__USE_3DNOW 1
#define FLAC__USE_ALTIVEC 1
#define FLAC__HAS_OGG 1
#define HAVE_ICONV 1
#define ICONV_CONST 
#define HAVE_LANGINFO_CODESET 1
#define FLAC__HAS_GAS 1

configure: exit 0
