This file contains any messages produced by compilers while
running configure, to aid debugging if configure makes a mistake.

It was created by configure, which was
generated by GNU Autoconf 2.61.  Invocation command line was

  $ ./configure --with-drm --with-mp4v2

## --------- ##
## Platform. ##
## --------- ##

hostname = vulkan-laptop
uname -m = i686
uname -r = 2.6.20-16-generic
uname -s = Linux
uname -v = #2 SMP Thu Jun 7 20:19:32 UTC 2007

/usr/bin/uname -p = unknown
/bin/uname -X     = unknown

/bin/arch              = i686
/usr/bin/arch -k       = unknown
/usr/convex/getsysinfo = unknown
/usr/bin/hostinfo      = unknown
/bin/machine           = unknown
/usr/bin/oslevel       = unknown
/bin/universe          = unknown

PATH: /usr/local/sbin
PATH: /usr/local/bin
PATH: /usr/sbin
PATH: /usr/bin
PATH: /sbin
PATH: /bin
PATH: /usr/games


## ----------- ##
## Core tests. ##
## ----------- ##

configure:1978: checking for a BSD-compatible install
configure:2034: result: /usr/bin/install -c
configure:2045: checking whether build environment is sane
configure:2088: result: yes
configure:2116: checking for a thread-safe mkdir -p
configure:2155: result: /bin/mkdir -p
configure:2168: checking for gawk
configure:2198: result: no
configure:2168: checking for mawk
configure:2184: found /usr/bin/mawk
configure:2195: result: mawk
configure:2206: checking whether make sets $(MAKE)
configure:2227: result: yes
configure:2494: checking build system type
configure:2512: result: i686-pc-linux-gnu
configure:2534: checking host system type
configure:2549: result: i686-pc-linux-gnu
configure:2583: checking for style of include used by make
configure:2611: result: GNU
configure:2681: checking for gcc
configure:2697: found /usr/bin/gcc
configure:2708: result: gcc
configure:2946: checking for C compiler version
configure:2953: gcc --version >&5
gcc (GCC) 4.1.2 (Ubuntu 4.1.2-0ubuntu4)
Copyright (C) 2006 Free Software Foundation, Inc.
This is free software; see the source for copying conditions.  There is NO
warranty; not even for MERCHANTABILITY or FITNESS FOR A PARTICULAR PURPOSE.

configure:2956: $? = 0
configure:2963: gcc -v >&5
Using built-in specs.
Target: i486-linux-gnu
Configured with: ../src/configure -v --enable-languages=c,c++,fortran,objc,obj-c++,treelang --prefix=/usr --enable-shared --with-system-zlib --libexecdir=/usr/lib --without-included-gettext --enable-threads=posix --enable-nls --program-suffix=-4.1 --enable-__cxa_atexit --enable-clocale=gnu --enable-libstdcxx-debug --enable-mpfr --enable-checking=release i486-linux-gnu
Thread model: posix
gcc version 4.1.2 (Ubuntu 4.1.2-0ubuntu4)
configure:2966: $? = 0
configure:2973: gcc -V >&5
gcc: '-V' option must have argument
configure:2976: $? = 1
configure:2999: checking for C compiler default output file name
configure:3026: gcc    conftest.c  >&5
configure:3029: $? = 0
configure:3067: result: a.out
configure:3084: checking whether the C compiler works
configure:3094: ./a.out
configure:3097: $? = 0
configure:3114: result: yes
configure:3121: checking whether we are cross compiling
configure:3123: result: no
configure:3126: checking for suffix of executables
configure:3133: gcc -o conftest    conftest.c  >&5
configure:3136: $? = 0
configure:3160: result: 
configure:3166: checking for suffix of object files
configure:3192: gcc -c   conftest.c >&5
configure:3195: $? = 0
configure:3218: result: o
configure:3222: checking whether we are using the GNU C compiler
configure:3251: gcc -c   conftest.c >&5
configure:3257: $? = 0
configure:3274: result: yes
configure:3279: checking whether gcc accepts -g
configure:3309: gcc -c -g  conftest.c >&5
configure:3315: $? = 0
configure:3414: result: yes
configure:3431: checking for gcc option to accept ISO C89
configure:3505: gcc  -c -g -O2  conftest.c >&5
configure:3511: $? = 0
configure:3534: result: none needed
configure:3554: checking dependency style of gcc
configure:3645: result: gcc3
configure:3660: checking for a sed that does not truncate output
configure:3714: result: /bin/sed
configure:3717: checking for grep that handles long lines and -e
configure:3791: result: /bin/grep
configure:3796: checking for egrep
configure:3874: result: /bin/grep -E
configure:3890: checking for ld used by gcc
configure:3957: result: /usr/bin/ld
configure:3966: checking if the linker (/usr/bin/ld) is GNU ld
configure:3981: result: yes
configure:3986: checking for /usr/bin/ld option to reload object files
configure:3993: result: -r
configure:4011: checking for BSD-compatible nm
configure:4060: result: /usr/bin/nm -B
configure:4064: checking whether ln -s works
configure:4068: result: yes
configure:4075: checking how to recognise dependent libraries
configure:4251: result: pass_all
configure:4485: checking how to run the C preprocessor
configure:4525: gcc -E  conftest.c
configure:4531: $? = 0
configure:4562: gcc -E  conftest.c
conftest.c:10:28: error: ac_nonexistent.h: No such file or directory
configure:4568: $? = 1
configure: failed program was:
| /* confdefs.h.  */
| #define PACKAGE_NAME ""
| #define PACKAGE_TARNAME ""
| #define PACKAGE_VERSION ""
| #define PACKAGE_STRING ""
| #define PACKAGE_BUGREPORT ""
| #define PACKAGE "faad2"
| #define VERSION "2.0"
| /* end confdefs.h.  */
| #include <ac_nonexistent.h>
configure:4601: result: gcc -E
configure:4630: gcc -E  conftest.c
configure:4636: $? = 0
configure:4667: gcc -E  conftest.c
conftest.c:10:28: error: ac_nonexistent.h: No such file or directory
configure:4673: $? = 1
configure: failed program was:
| /* confdefs.h.  */
| #define PACKAGE_NAME ""
| #define PACKAGE_TARNAME ""
| #define PACKAGE_VERSION ""
| #define PACKAGE_STRING ""
| #define PACKAGE_BUGREPORT ""
| #define PACKAGE "faad2"
| #define VERSION "2.0"
| /* end confdefs.h.  */
| #include <ac_nonexistent.h>
configure:4711: checking for ANSI C header files
configure:4741: gcc -c -g -O2  conftest.c >&5
configure:4747: $? = 0
configure:4846: gcc -o conftest -g -O2   conftest.c  >&5
configure:4849: $? = 0
configure:4855: ./conftest
configure:4858: $? = 0
configure:4875: result: yes
configure:4899: checking for sys/types.h
configure:4920: gcc -c -g -O2  conftest.c >&5
configure:4926: $? = 0
configure:4942: result: yes
configure:4899: checking for sys/stat.h
configure:4920: gcc -c -g -O2  conftest.c >&5
configure:4926: $? = 0
configure:4942: result: yes
configure:4899: checking for stdlib.h
configure:4920: gcc -c -g -O2  conftest.c >&5
configure:4926: $? = 0
configure:4942: result: yes
configure:4899: checking for string.h
configure:4920: gcc -c -g -O2  conftest.c >&5
configure:4926: $? = 0
configure:4942: result: yes
configure:4899: checking for memory.h
configure:4920: gcc -c -g -O2  conftest.c >&5
configure:4926: $? = 0
configure:4942: result: yes
configure:4899: checking for strings.h
configure:4920: gcc -c -g -O2  conftest.c >&5
configure:4926: $? = 0
configure:4942: result: yes
configure:4899: checking for inttypes.h
configure:4920: gcc -c -g -O2  conftest.c >&5
configure:4926: $? = 0
configure:4942: result: yes
configure:4899: checking for stdint.h
configure:4920: gcc -c -g -O2  conftest.c >&5
configure:4926: $? = 0
configure:4942: result: yes
configure:4899: checking for unistd.h
configure:4920: gcc -c -g -O2  conftest.c >&5
configure:4926: $? = 0
configure:4942: result: yes
configure:4969: checking dlfcn.h usability
configure:4986: gcc -c -g -O2  conftest.c >&5
configure:4992: $? = 0
configure:5006: result: yes
configure:5010: checking dlfcn.h presence
configure:5025: gcc -E  conftest.c
configure:5031: $? = 0
configure:5045: result: yes
configure:5073: checking for dlfcn.h
configure:5081: result: yes
configure:5152: checking for g++
configure:5168: found /usr/bin/g++
configure:5179: result: g++
configure:5210: checking for C++ compiler version
configure:5217: g++ --version >&5
g++ (GCC) 4.1.2 (Ubuntu 4.1.2-0ubuntu4)
Copyright (C) 2006 Free Software Foundation, Inc.
This is free software; see the source for copying conditions.  There is NO
warranty; not even for MERCHANTABILITY or FITNESS FOR A PARTICULAR PURPOSE.

configure:5220: $? = 0
configure:5227: g++ -v >&5
Using built-in specs.
Target: i486-linux-gnu
Configured with: ../src/configure -v --enable-languages=c,c++,fortran,objc,obj-c++,treelang --prefix=/usr --enable-shared --with-system-zlib --libexecdir=/usr/lib --without-included-gettext --enable-threads=posix --enable-nls --program-suffix=-4.1 --enable-__cxa_atexit --enable-clocale=gnu --enable-libstdcxx-debug --enable-mpfr --enable-checking=release i486-linux-gnu
Thread model: posix
gcc version 4.1.2 (Ubuntu 4.1.2-0ubuntu4)
configure:5230: $? = 0
configure:5237: g++ -V >&5
g++: '-V' option must have argument
configure:5240: $? = 1
configure:5243: checking whether we are using the GNU C++ compiler
configure:5272: g++ -c   conftest.cpp >&5
configure:5278: $? = 0
configure:5295: result: yes
configure:5300: checking whether g++ accepts -g
configure:5330: g++ -c -g  conftest.cpp >&5
configure:5336: $? = 0
configure:5435: result: yes
configure:5460: checking dependency style of g++
configure:5551: result: gcc3
configure:5576: checking how to run the C++ preprocessor
configure:5612: g++ -E  conftest.cpp
configure:5618: $? = 0
configure:5649: g++ -E  conftest.cpp
conftest.cpp:21:28: error: ac_nonexistent.h: No such file or directory
configure:5655: $? = 1
configure: failed program was:
| /* confdefs.h.  */
| #define PACKAGE_NAME ""
| #define PACKAGE_TARNAME ""
| #define PACKAGE_VERSION ""
| #define PACKAGE_STRING ""
| #define PACKAGE_BUGREPORT ""
| #define PACKAGE "faad2"
| #define VERSION "2.0"
| #define STDC_HEADERS 1
| #define HAVE_SYS_TYPES_H 1
| #define HAVE_SYS_STAT_H 1
| #define HAVE_STDLIB_H 1
| #define HAVE_STRING_H 1
| #define HAVE_MEMORY_H 1
| #define HAVE_STRINGS_H 1
| #define HAVE_INTTYPES_H 1
| #define HAVE_STDINT_H 1
| #define HAVE_UNISTD_H 1
| #define HAVE_DLFCN_H 1
| /* end confdefs.h.  */
| #include <ac_nonexistent.h>
configure:5688: result: g++ -E
configure:5717: g++ -E  conftest.cpp
configure:5723: $? = 0
configure:5754: g++ -E  conftest.cpp
conftest.cpp:21:28: error: ac_nonexistent.h: No such file or directory
configure:5760: $? = 1
configure: failed program was:
| /* confdefs.h.  */
| #define PACKAGE_NAME ""
| #define PACKAGE_TARNAME ""
| #define PACKAGE_VERSION ""
| #define PACKAGE_STRING ""
| #define PACKAGE_BUGREPORT ""
| #define PACKAGE "faad2"
| #define VERSION "2.0"
| #define STDC_HEADERS 1
| #define HAVE_SYS_TYPES_H 1
| #define HAVE_SYS_STAT_H 1
| #define HAVE_STDLIB_H 1
| #define HAVE_STRING_H 1
| #define HAVE_MEMORY_H 1
| #define HAVE_STRINGS_H 1
| #define HAVE_INTTYPES_H 1
| #define HAVE_STDINT_H 1
| #define HAVE_UNISTD_H 1
| #define HAVE_DLFCN_H 1
| /* end confdefs.h.  */
| #include <ac_nonexistent.h>
configure:5853: checking for g77
configure:5883: result: no
configure:5853: checking for xlf
configure:5883: result: no
configure:5853: checking for f77
configure:5883: result: no
configure:5853: checking for frt
configure:5883: result: no
configure:5853: checking for pgf77
configure:5883: result: no
configure:5853: checking for cf77
configure:5883: result: no
configure:5853: checking for fort77
configure:5883: result: no
configure:5853: checking for fl32
configure:5883: result: no
configure:5853: checking for af77
configure:5883: result: no
configure:5853: checking for xlf90
configure:5883: result: no
configure:5853: checking for f90
configure:5883: result: no
configure:5853: checking for pgf90
configure:5883: result: no
configure:5853: checking for pghpf
configure:5883: result: no
configure:5853: checking for epcf90
configure:5883: result: no
configure:5853: checking for gfortran
configure:5883: result: no
configure:5853: checking for g95
configure:5883: result: no
configure:5853: checking for xlf95
configure:5883: result: no
configure:5853: checking for f95
configure:5883: result: no
configure:5853: checking for fort
configure:5883: result: no
configure:5853: checking for ifort
configure:5883: result: no
configure:5853: checking for ifc
configure:5883: result: no
configure:5853: checking for efc
configure:5883: result: no
configure:5853: checking for pgf95
configure:5883: result: no
configure:5853: checking for lf95
configure:5883: result: no
configure:5853: checking for ftn
configure:5883: result: no
configure:5910: checking for Fortran 77 compiler version
configure:5917:  --version >&5
./configure: line 5918: --version: command not found
configure:5920: $? = 127
configure:5927:  -v >&5
./configure: line 5928: -v: command not found
configure:5930: $? = 127
configure:5937:  -V >&5
./configure: line 5938: -V: command not found
configure:5940: $? = 127
configure:5948: checking whether we are using the GNU Fortran 77 compiler
configure:5967:  -c  conftest.F >&5
./configure: line 5968: -c: command not found
configure:5973: $? = 127
configure: failed program was:
|       program main
| #ifndef __GNUC__
|        choke me
| #endif
| 
|       end
configure:5990: result: no
configure:5996: checking whether  accepts -g
configure:6013:  -c -g conftest.f >&5
./configure: line 6014: -c: command not found
configure:6019: $? = 127
configure: failed program was:
|       program main
| 
|       end
configure:6035: result: no
configure:6065: checking the maximum length of command line arguments
configure:6174: result: 32768
configure:6185: checking command to parse /usr/bin/nm -B output from gcc object
configure:6290: gcc -c -g -O2  conftest.c >&5
configure:6293: $? = 0
configure:6297: /usr/bin/nm -B conftest.o \| sed -n -e 's/^.*[ 	]\([ABCDGIRSTW][ABCDGIRSTW]*\)[ 	][ 	]*\([_A-Za-z][_A-Za-z0-9]*\)$/\1 \2 \2/p' \> conftest.nm
configure:6300: $? = 0
configure:6352: gcc -o conftest -g -O2   conftest.c conftstm.o >&5
configure:6355: $? = 0
configure:6393: result: ok
configure:6397: checking for objdir
configure:6412: result: .libs
configure:6504: checking for ar
configure:6520: found /usr/bin/ar
configure:6531: result: ar
configure:6600: checking for ranlib
configure:6616: found /usr/bin/ranlib
configure:6627: result: ranlib
configure:6696: checking for strip
configure:6712: found /usr/bin/strip
configure:6723: result: strip
configure:7009: checking if gcc supports -fno-rtti -fno-exceptions
configure:7027: gcc -c -g -O2  -fno-rtti -fno-exceptions conftest.c >&5
cc1: warning: command line option "-fno-rtti" is valid for C++/ObjC++ but not for C
configure:7031: $? = 0
configure:7044: result: no
configure:7059: checking for gcc option to produce PIC
configure:7269: result: -fPIC
configure:7277: checking if gcc PIC flag -fPIC works
configure:7295: gcc -c -g -O2  -fPIC -DPIC conftest.c >&5
configure:7299: $? = 0
configure:7312: result: yes
configure:7340: checking if gcc static flag -static works
configure:7368: result: yes
configure:7378: checking if gcc supports -c -o file.o
configure:7399: gcc -c -g -O2  -o out/conftest2.o conftest.c >&5
configure:7403: $? = 0
configure:7425: result: yes
configure:7451: checking whether the gcc linker (/usr/bin/ld) supports shared libraries
configure:8406: result: yes
configure:8427: checking whether -lc should be explicitly linked in
configure:8432: gcc -c -g -O2  conftest.c >&5
configure:8435: $? = 0
configure:8450: gcc -shared conftest.o  -v -Wl,-soname -Wl,conftest -o conftest 2\>\&1 \| grep  -lc  \>/dev/null 2\>\&1
configure:8453: $? = 0
configure:8465: result: no
configure:8473: checking dynamic linker characteristics
configure:9049: result: GNU/Linux ld.so
configure:9058: checking how to hardcode library paths into programs
configure:9083: result: immediate
configure:9097: checking whether stripping libraries is possible
configure:9102: result: yes
configure:9903: checking if libtool supports shared libraries
configure:9905: result: yes
configure:9908: checking whether to build shared libraries
configure:9929: result: yes
configure:9932: checking whether to build static libraries
configure:9936: result: yes
configure:10028: creating libtool
configure:10616: checking for ld used by g++
configure:10683: result: /usr/bin/ld
configure:10692: checking if the linker (/usr/bin/ld) is GNU ld
configure:10707: result: yes
configure:10758: checking whether the g++ linker (/usr/bin/ld) supports shared libraries
configure:11692: result: yes
configure:11710: g++ -c -g -O2  conftest.cpp >&5
configure:11713: $? = 0
configure:11832: checking for g++ option to produce PIC
configure:12106: result: -fPIC
configure:12114: checking if g++ PIC flag -fPIC works
configure:12132: g++ -c -g -O2  -fPIC -DPIC conftest.cpp >&5
configure:12136: $? = 0
configure:12149: result: yes
configure:12177: checking if g++ static flag -static works
configure:12205: result: yes
configure:12215: checking if g++ supports -c -o file.o
configure:12236: g++ -c -g -O2  -o out/conftest2.o conftest.cpp >&5
configure:12240: $? = 0
configure:12262: result: yes
configure:12288: checking whether the g++ linker (/usr/bin/ld) supports shared libraries
configure:12316: result: yes
configure:12383: checking dynamic linker characteristics
configure:12959: result: GNU/Linux ld.so
configure:12968: checking how to hardcode library paths into programs
configure:12993: result: immediate
configure:19229: checking for C++ compiler version
configure:19236: g++ --version >&5
g++ (GCC) 4.1.2 (Ubuntu 4.1.2-0ubuntu4)
Copyright (C) 2006 Free Software Foundation, Inc.
This is free software; see the source for copying conditions.  There is NO
warranty; not even for MERCHANTABILITY or FITNESS FOR A PARTICULAR PURPOSE.

configure:19239: $? = 0
configure:19246: g++ -v >&5
Using built-in specs.
Target: i486-linux-gnu
Configured with: ../src/configure -v --enable-languages=c,c++,fortran,objc,obj-c++,treelang --prefix=/usr --enable-shared --with-system-zlib --libexecdir=/usr/lib --without-included-gettext --enable-threads=posix --enable-nls --program-suffix=-4.1 --enable-__cxa_atexit --enable-clocale=gnu --enable-libstdcxx-debug --enable-mpfr --enable-checking=release i486-linux-gnu
Thread model: posix
gcc version 4.1.2 (Ubuntu 4.1.2-0ubuntu4)
configure:19249: $? = 0
configure:19256: g++ -V >&5
g++: '-V' option must have argument
configure:19259: $? = 1
configure:19262: checking whether we are using the GNU C++ compiler
configure:19314: result: yes
configure:19319: checking whether g++ accepts -g
configure:19454: result: yes
configure:19479: checking dependency style of g++
configure:19570: result: gcc3
configure:19633: checking for gcc
configure:19660: result: gcc
configure:19898: checking for C compiler version
configure:19905: gcc --version >&5
gcc (GCC) 4.1.2 (Ubuntu 4.1.2-0ubuntu4)
Copyright (C) 2006 Free Software Foundation, Inc.
This is free software; see the source for copying conditions.  There is NO
warranty; not even for MERCHANTABILITY or FITNESS FOR A PARTICULAR PURPOSE.

configure:19908: $? = 0
configure:19915: gcc -v >&5
Using built-in specs.
Target: i486-linux-gnu
Configured with: ../src/configure -v --enable-languages=c,c++,fortran,objc,obj-c++,treelang --prefix=/usr --enable-shared --with-system-zlib --libexecdir=/usr/lib --without-included-gettext --enable-threads=posix --enable-nls --program-suffix=-4.1 --enable-__cxa_atexit --enable-clocale=gnu --enable-libstdcxx-debug --enable-mpfr --enable-checking=release i486-linux-gnu
Thread model: posix
gcc version 4.1.2 (Ubuntu 4.1.2-0ubuntu4)
configure:19918: $? = 0
configure:19925: gcc -V >&5
gcc: '-V' option must have argument
configure:19928: $? = 1
configure:19931: checking whether we are using the GNU C compiler
configure:19983: result: yes
configure:19988: checking whether gcc accepts -g
configure:20123: result: yes
configure:20140: checking for gcc option to accept ISO C89
configure:20243: result: none needed
configure:20263: checking dependency style of gcc
configure:20354: result: gcc3
configure:20374: checking how to run the C preprocessor
configure:20490: result: gcc -E
configure:20519: gcc -E  conftest.c
configure:20525: $? = 0
configure:20556: gcc -E  conftest.c
conftest.c:21:28: error: ac_nonexistent.h: No such file or directory
configure:20562: $? = 1
configure: failed program was:
| /* confdefs.h.  */
| #define PACKAGE_NAME ""
| #define PACKAGE_TARNAME ""
| #define PACKAGE_VERSION ""
| #define PACKAGE_STRING ""
| #define PACKAGE_BUGREPORT ""
| #define PACKAGE "faad2"
| #define VERSION "2.0"
| #define STDC_HEADERS 1
| #define HAVE_SYS_TYPES_H 1
| #define HAVE_SYS_STAT_H 1
| #define HAVE_STDLIB_H 1
| #define HAVE_STRING_H 1
| #define HAVE_MEMORY_H 1
| #define HAVE_STRINGS_H 1
| #define HAVE_INTTYPES_H 1
| #define HAVE_STDINT_H 1
| #define HAVE_UNISTD_H 1
| #define HAVE_DLFCN_H 1
| /* end confdefs.h.  */
| #include <ac_nonexistent.h>
configure:20612: checking for a BSD-compatible install
configure:20668: result: /usr/bin/install -c
configure:20679: checking whether ln -s works
configure:20683: result: yes
configure:20690: checking whether make sets $(MAKE)
configure:20711: result: yes
configure:20724: checking for rpmbuild
configure:20754: result: no
configure:20794: checking for ANSI C header files
configure:20958: result: yes
configure:20974: checking for stdint.h
configure:20980: result: yes
configure:20974: checking for inttypes.h
configure:20980: result: yes
configure:21124: checking mathf.h usability
configure:21141: gcc -c -g -O2  conftest.c >&5
conftest.c:57:19: error: mathf.h: No such file or directory
configure:21147: $? = 1
configure: failed program was:
| /* confdefs.h.  */
| #define PACKAGE_NAME ""
| #define PACKAGE_TARNAME ""
| #define PACKAGE_VERSION ""
| #define PACKAGE_STRING ""
| #define PACKAGE_BUGREPORT ""
| #define PACKAGE "faad2"
| #define VERSION "2.0"
| #define STDC_HEADERS 1
| #define HAVE_SYS_TYPES_H 1
| #define HAVE_SYS_STAT_H 1
| #define HAVE_STDLIB_H 1
| #define HAVE_STRING_H 1
| #define HAVE_MEMORY_H 1
| #define HAVE_STRINGS_H 1
| #define HAVE_INTTYPES_H 1
| #define HAVE_STDINT_H 1
| #define HAVE_UNISTD_H 1
| #define HAVE_DLFCN_H 1
| #define STDC_HEADERS 1
| #define HAVE_STDINT_H 1
| #define HAVE_INTTYPES_H 1
| /* end confdefs.h.  */
| #include <stdio.h>
| #ifdef HAVE_SYS_TYPES_H
| # include <sys/types.h>
| #endif
| #ifdef HAVE_SYS_STAT_H
| # include <sys/stat.h>
| #endif
| #ifdef STDC_HEADERS
| # include <stdlib.h>
| # include <stddef.h>
| #else
| # ifdef HAVE_STDLIB_H
| #  include <stdlib.h>
| # endif
| #endif
| #ifdef HAVE_STRING_H
| # if !defined STDC_HEADERS && defined HAVE_MEMORY_H
| #  include <memory.h>
| # endif
| # include <string.h>
| #endif
| #ifdef HAVE_STRINGS_H
| # include <strings.h>
| #endif
| #ifdef HAVE_INTTYPES_H
| # include <inttypes.h>
| #endif
| #ifdef HAVE_STDINT_H
| # include <stdint.h>
| #endif
| #ifdef HAVE_UNISTD_H
| # include <unistd.h>
| #endif
| #include <mathf.h>
configure:21161: result: no
configure:21165: checking mathf.h presence
configure:21180: gcc -E  conftest.c
conftest.c:24:19: error: mathf.h: No such file or directory
configure:21186: $? = 1
configure: failed program was:
| /* confdefs.h.  */
| #define PACKAGE_NAME ""
| #define PACKAGE_TARNAME ""
| #define PACKAGE_VERSION ""
| #define PACKAGE_STRING ""
| #define PACKAGE_BUGREPORT ""
| #define PACKAGE "faad2"
| #define VERSION "2.0"
| #define STDC_HEADERS 1
| #define HAVE_SYS_TYPES_H 1
| #define HAVE_SYS_STAT_H 1
| #define HAVE_STDLIB_H 1
| #define HAVE_STRING_H 1
| #define HAVE_MEMORY_H 1
| #define HAVE_STRINGS_H 1
| #define HAVE_INTTYPES_H 1
| #define HAVE_STDINT_H 1
| #define HAVE_UNISTD_H 1
| #define HAVE_DLFCN_H 1
| #define STDC_HEADERS 1
| #define HAVE_STDINT_H 1
| #define HAVE_INTTYPES_H 1
| /* end confdefs.h.  */
| #include <mathf.h>
configure:21200: result: no
configure:21228: checking for mathf.h
configure:21236: result: no
configure:21264: checking float.h usability
configure:21281: gcc -c -g -O2  conftest.c >&5
configure:21287: $? = 0
configure:21301: result: yes
configure:21305: checking float.h presence
configure:21320: gcc -E  conftest.c
configure:21326: $? = 0
configure:21340: result: yes
configure:21368: checking for float.h
configure:21376: result: yes
configure:21394: checking for strchr
configure:21450: gcc -o conftest -g -O2   conftest.c  >&5
conftest.c:48: warning: conflicting types for built-in function 'strchr'
configure:21456: $? = 0
configure:21474: result: yes
configure:21394: checking for memcpy
configure:21450: gcc -o conftest -g -O2   conftest.c  >&5
conftest.c:49: warning: conflicting types for built-in function 'memcpy'
configure:21456: $? = 0
configure:21474: result: yes
configure:21499: checking sys/time.h usability
configure:21516: gcc -c -g -O2  conftest.c >&5
configure:21522: $? = 0
configure:21536: result: yes
configure:21540: checking sys/time.h presence
configure:21555: gcc -E  conftest.c
configure:21561: $? = 0
configure:21575: result: yes
configure:21603: checking for sys/time.h
configure:21611: result: yes
configure:21624: checking whether time.h and sys/time.h may both be included
configure:21654: gcc -c -g -O2  conftest.c >&5
configure:21660: $? = 0
configure:21675: result: yes
configure:21686: checking for inline
configure:21712: gcc -c -g -O2  conftest.c >&5
configure:21718: $? = 0
configure:21736: result: inline
configure:21755: checking whether byte ordering is bigendian
configure:21788: gcc -c -g -O2  conftest.c >&5
configure:21794: $? = 0
configure:21826: gcc -c -g -O2  conftest.c >&5
conftest.c: In function 'main':
conftest.c:36: error: 'not' undeclared (first use in this function)
conftest.c:36: error: (Each undeclared identifier is reported only once
conftest.c:36: error: for each function it appears in.)
conftest.c:36: error: expected ';' before 'big'
configure:21832: $? = 1
configure: failed program was:
| /* confdefs.h.  */
| #define PACKAGE_NAME ""
| #define PACKAGE_TARNAME ""
| #define PACKAGE_VERSION ""
| #define PACKAGE_STRING ""
| #define PACKAGE_BUGREPORT ""
| #define PACKAGE "faad2"
| #define VERSION "2.0"
| #define STDC_HEADERS 1
| #define HAVE_SYS_TYPES_H 1
| #define HAVE_SYS_STAT_H 1
| #define HAVE_STDLIB_H 1
| #define HAVE_STRING_H 1
| #define HAVE_MEMORY_H 1
| #define HAVE_STRINGS_H 1
| #define HAVE_INTTYPES_H 1
| #define HAVE_STDINT_H 1
| #define HAVE_UNISTD_H 1
| #define HAVE_DLFCN_H 1
| #define STDC_HEADERS 1
| #define HAVE_STDINT_H 1
| #define HAVE_INTTYPES_H 1
| #define HAVE_FLOAT_H 1
| #define HAVE_STRCHR 1
| #define HAVE_MEMCPY 1
| #define HAVE_SYS_TIME_H 1
| #define TIME_WITH_SYS_TIME 1
| /* end confdefs.h.  */
| #include <sys/types.h>
| #include <sys/param.h>
| 
| int
| main ()
| {
| #if BYTE_ORDER != BIG_ENDIAN
|  not big endian
| #endif
| 
|   ;
|   return 0;
| }
configure:21972: result: no
configure:21992: checking for off_t
configure:22022: gcc -c -g -O2  conftest.c >&5
configure:22028: $? = 0
configure:22043: result: yes
configure:22060: checking for float32_t temp
configure:22084: gcc -c -g -O2  conftest.c >&5
conftest.c:29:23: warning: extra tokens at end of #include directive
conftest.c:30:31: error: sys/float.h: No such file or directory
conftest.c: In function 'main':
conftest.c:34: error: 'float32_t' undeclared (first use in this function)
conftest.c:34: error: (Each undeclared identifier is reported only once
conftest.c:34: error: for each function it appears in.)
conftest.c:34: error: expected ';' before 'temp'
configure:22090: $? = 1
configure: failed program was:
| /* confdefs.h.  */
| #define PACKAGE_NAME ""
| #define PACKAGE_TARNAME ""
| #define PACKAGE_VERSION ""
| #define PACKAGE_STRING ""
| #define PACKAGE_BUGREPORT ""
| #define PACKAGE "faad2"
| #define VERSION "2.0"
| #define STDC_HEADERS 1
| #define HAVE_SYS_TYPES_H 1
| #define HAVE_SYS_STAT_H 1
| #define HAVE_STDLIB_H 1
| #define HAVE_STRING_H 1
| #define HAVE_MEMORY_H 1
| #define HAVE_STRINGS_H 1
| #define HAVE_INTTYPES_H 1
| #define HAVE_STDINT_H 1
| #define HAVE_UNISTD_H 1
| #define HAVE_DLFCN_H 1
| #define STDC_HEADERS 1
| #define HAVE_STDINT_H 1
| #define HAVE_INTTYPES_H 1
| #define HAVE_FLOAT_H 1
| #define HAVE_STRCHR 1
| #define HAVE_MEMCPY 1
| #define HAVE_SYS_TIME_H 1
| #define TIME_WITH_SYS_TIME 1
| /* end confdefs.h.  */
| #include <sys/types.h>,
|         #include <sys/float.h>
| int
| main ()
| {
| float32_t temp;
|   ;
|   return 0;
| }
configure:22113: result: no
configure:22122: checking for strsep
configure:22178: gcc -o conftest -g -O2   conftest.c  >&5
configure:22184: $? = 0
configure:22202: result: yes
configure:22214: checking for in_port_t temp
configure:22238: gcc -c -g -O2  conftest.c >&5
configure:22244: $? = 0
configure:22264: result: yes
configure:22272: checking for socklen_t temp
configure:22296: gcc -c -g -O2  conftest.c >&5
configure:22302: $? = 0
configure:22322: result: yes
configure:22330: checking for fpos_t foo; foo.__pos = 0;
configure:22353: gcc -c -g -O2  conftest.c >&5
configure:22359: $? = 0
configure:22379: result: yes
configure:22390: checking for MP4Create in -lmp4v2
configure:22425: gcc -o conftest -g -O2   conftest.c -lmp4v2 -lstdc++  >&5
/usr/bin/ld: cannot find -lmp4v2
collect2: ld returned 1 exit status
configure:22431: $? = 1
configure: failed program was:
| /* confdefs.h.  */
| #define PACKAGE_NAME ""
| #define PACKAGE_TARNAME ""
| #define PACKAGE_VERSION ""
| #define PACKAGE_STRING ""
| #define PACKAGE_BUGREPORT ""
| #define PACKAGE "faad2"
| #define VERSION "2.0"
| #define STDC_HEADERS 1
| #define HAVE_SYS_TYPES_H 1
| #define HAVE_SYS_STAT_H 1
| #define HAVE_STDLIB_H 1
| #define HAVE_STRING_H 1
| #define HAVE_MEMORY_H 1
| #define HAVE_STRINGS_H 1
| #define HAVE_INTTYPES_H 1
| #define HAVE_STDINT_H 1
| #define HAVE_UNISTD_H 1
| #define HAVE_DLFCN_H 1
| #define STDC_HEADERS 1
| #define HAVE_STDINT_H 1
| #define HAVE_INTTYPES_H 1
| #define HAVE_FLOAT_H 1
| #define HAVE_STRCHR 1
| #define HAVE_MEMCPY 1
| #define HAVE_SYS_TIME_H 1
| #define TIME_WITH_SYS_TIME 1
| #define HAVE_STRSEP 1
| #define HAVE_IN_PORT_T 1
| #define HAVE_SOCKLEN_T 1
| #define HAVE_FPOS_T_POS 1
| /* end confdefs.h.  */
| 
| /* Override any GCC internal prototype to avoid an error.
|    Use char because int might match the return type of a GCC
|    builtin and then its argument prototype would still apply.  */
| #ifdef __cplusplus
| extern "C"
| #endif
| char MP4Create ();
| int
| main ()
| {
| return MP4Create ();
|   ;
|   return 0;
| }
configure:22449: result: no
configure:22463: checking for MP4MetadataDelete in -lmp4v2
configure:22498: gcc -o conftest -g -O2   conftest.c -lmp4v2 -lstdc++  >&5
/usr/bin/ld: cannot find -lmp4v2
collect2: ld returned 1 exit status
configure:22504: $? = 1
configure: failed program was:
| /* confdefs.h.  */
| #define PACKAGE_NAME ""
| #define PACKAGE_TARNAME ""
| #define PACKAGE_VERSION ""
| #define PACKAGE_STRING ""
| #define PACKAGE_BUGREPORT ""
| #define PACKAGE "faad2"
| #define VERSION "2.0"
| #define STDC_HEADERS 1
| #define HAVE_SYS_TYPES_H 1
| #define HAVE_SYS_STAT_H 1
| #define HAVE_STDLIB_H 1
| #define HAVE_STRING_H 1
| #define HAVE_MEMORY_H 1
| #define HAVE_STRINGS_H 1
| #define HAVE_INTTYPES_H 1
| #define HAVE_STDINT_H 1
| #define HAVE_UNISTD_H 1
| #define HAVE_DLFCN_H 1
| #define STDC_HEADERS 1
| #define HAVE_STDINT_H 1
| #define HAVE_INTTYPES_H 1
| #define HAVE_FLOAT_H 1
| #define HAVE_STRCHR 1
| #define HAVE_MEMCPY 1
| #define HAVE_SYS_TIME_H 1
| #define TIME_WITH_SYS_TIME 1
| #define HAVE_STRSEP 1
| #define HAVE_IN_PORT_T 1
| #define HAVE_SOCKLEN_T 1
| #define HAVE_FPOS_T_POS 1
| /* end confdefs.h.  */
| 
| /* Override any GCC internal prototype to avoid an error.
|    Use char because int might match the return type of a GCC
|    builtin and then its argument prototype would still apply.  */
| #ifdef __cplusplus
| extern "C"
| #endif
| char MP4MetadataDelete ();
| int
| main ()
| {
| return MP4MetadataDelete ();
|   ;
|   return 0;
| }
configure:22522: result: no
configure:22545: checking mp4.h usability
configure:22562: gcc -c -g -O2  conftest.c >&5
conftest.c:66:17: error: mp4.h: No such file or directory
configure:22568: $? = 1
configure: failed program was:
| /* confdefs.h.  */
| #define PACKAGE_NAME ""
| #define PACKAGE_TARNAME ""
| #define PACKAGE_VERSION ""
| #define PACKAGE_STRING ""
| #define PACKAGE_BUGREPORT ""
| #define PACKAGE "faad2"
| #define VERSION "2.0"
| #define STDC_HEADERS 1
| #define HAVE_SYS_TYPES_H 1
| #define HAVE_SYS_STAT_H 1
| #define HAVE_STDLIB_H 1
| #define HAVE_STRING_H 1
| #define HAVE_MEMORY_H 1
| #define HAVE_STRINGS_H 1
| #define HAVE_INTTYPES_H 1
| #define HAVE_STDINT_H 1
| #define HAVE_UNISTD_H 1
| #define HAVE_DLFCN_H 1
| #define STDC_HEADERS 1
| #define HAVE_STDINT_H 1
| #define HAVE_INTTYPES_H 1
| #define HAVE_FLOAT_H 1
| #define HAVE_STRCHR 1
| #define HAVE_MEMCPY 1
| #define HAVE_SYS_TIME_H 1
| #define TIME_WITH_SYS_TIME 1
| #define HAVE_STRSEP 1
| #define HAVE_IN_PORT_T 1
| #define HAVE_SOCKLEN_T 1
| #define HAVE_FPOS_T_POS 1
| /* end confdefs.h.  */
| #include <stdio.h>
| #ifdef HAVE_SYS_TYPES_H
| # include <sys/types.h>
| #endif
| #ifdef HAVE_SYS_STAT_H
| # include <sys/stat.h>
| #endif
| #ifdef STDC_HEADERS
| # include <stdlib.h>
| # include <stddef.h>
| #else
| # ifdef HAVE_STDLIB_H
| #  include <stdlib.h>
| # endif
| #endif
| #ifdef HAVE_STRING_H
| # if !defined STDC_HEADERS && defined HAVE_MEMORY_H
| #  include <memory.h>
| # endif
| # include <string.h>
| #endif
| #ifdef HAVE_STRINGS_H
| # include <strings.h>
| #endif
| #ifdef HAVE_INTTYPES_H
| # include <inttypes.h>
| #endif
| #ifdef HAVE_STDINT_H
| # include <stdint.h>
| #endif
| #ifdef HAVE_UNISTD_H
| # include <unistd.h>
| #endif
| #include <mp4.h>
configure:22582: result: no
configure:22586: checking mp4.h presence
configure:22601: gcc -E  conftest.c
conftest.c:33:17: error: mp4.h: No such file or directory
configure:22607: $? = 1
configure: failed program was:
| /* confdefs.h.  */
| #define PACKAGE_NAME ""
| #define PACKAGE_TARNAME ""
| #define PACKAGE_VERSION ""
| #define PACKAGE_STRING ""
| #define PACKAGE_BUGREPORT ""
| #define PACKAGE "faad2"
| #define VERSION "2.0"
| #define STDC_HEADERS 1
| #define HAVE_SYS_TYPES_H 1
| #define HAVE_SYS_STAT_H 1
| #define HAVE_STDLIB_H 1
| #define HAVE_STRING_H 1
| #define HAVE_MEMORY_H 1
| #define HAVE_STRINGS_H 1
| #define HAVE_INTTYPES_H 1
| #define HAVE_STDINT_H 1
| #define HAVE_UNISTD_H 1
| #define HAVE_DLFCN_H 1
| #define STDC_HEADERS 1
| #define HAVE_STDINT_H 1
| #define HAVE_INTTYPES_H 1
| #define HAVE_FLOAT_H 1
| #define HAVE_STRCHR 1
| #define HAVE_MEMCPY 1
| #define HAVE_SYS_TIME_H 1
| #define TIME_WITH_SYS_TIME 1
| #define HAVE_STRSEP 1
| #define HAVE_IN_PORT_T 1
| #define HAVE_SOCKLEN_T 1
| #define HAVE_FPOS_T_POS 1
| /* end confdefs.h.  */
| #include <mp4.h>
configure:22621: result: no
configure:22649: checking for mp4.h
configure:22656: result: no
configure:22691: *** Building with internal mp4v2 ***
configure:23100: no xmms build configured
configure:23315: creating ./config.status

## ---------------------- ##
## Running config.status. ##
## ---------------------- ##

This file was extended by config.status, which was
generated by GNU Autoconf 2.61.  Invocation command line was

  CONFIG_FILES    = 
  CONFIG_HEADERS  = 
  CONFIG_LINKS    = 
  CONFIG_COMMANDS = 
  $ ./config.status 

on vulkan-laptop

config.status:682: creating libfaad/Makefile
config.status:682: creating frontend/Makefile
config.status:682: creating common/Makefile
config.status:682: creating plugins/Makefile
config.status:682: creating Makefile
config.status:682: creating plugins/mpeg4ip/Makefile
config.status:682: creating common/mp4ff/Makefile
config.status:682: creating common/mp4v2/Makefile
config.status:682: creating faad2.spec
config.status:682: creating config.h
config.status:968: executing depfiles commands

## ---------------- ##
## Cache variables. ##
## ---------------- ##

ac_cv_build=i686-pc-linux-gnu
ac_cv_c_bigendian=no
ac_cv_c_compiler_gnu=yes
ac_cv_c_inline=inline
ac_cv_cxx_compiler_gnu=yes
ac_cv_env_CCC_set=
ac_cv_env_CCC_value=
ac_cv_env_CC_set=
ac_cv_env_CC_value=
ac_cv_env_CFLAGS_set=
ac_cv_env_CFLAGS_value=
ac_cv_env_CPPFLAGS_set=
ac_cv_env_CPPFLAGS_value=
ac_cv_env_CPP_set=
ac_cv_env_CPP_value=
ac_cv_env_CXXCPP_set=
ac_cv_env_CXXCPP_value=
ac_cv_env_CXXFLAGS_set=
ac_cv_env_CXXFLAGS_value=
ac_cv_env_CXX_set=
ac_cv_env_CXX_value=
ac_cv_env_F77_set=
ac_cv_env_F77_value=
ac_cv_env_FFLAGS_set=
ac_cv_env_FFLAGS_value=
ac_cv_env_LDFLAGS_set=
ac_cv_env_LDFLAGS_value=
ac_cv_env_LIBS_set=
ac_cv_env_LIBS_value=
ac_cv_env_build_alias_set=
ac_cv_env_build_alias_value=
ac_cv_env_host_alias_set=
ac_cv_env_host_alias_value=
ac_cv_env_target_alias_set=
ac_cv_env_target_alias_value=
ac_cv_f77_compiler_gnu=no
ac_cv_func_memcpy=yes
ac_cv_func_strchr=yes
ac_cv_func_strsep=yes
ac_cv_header_dlfcn_h=yes
ac_cv_header_float_h=yes
ac_cv_header_inttypes_h=yes
ac_cv_header_mathf_h=no
ac_cv_header_memory_h=yes
ac_cv_header_mp4_h=no
ac_cv_header_stdc=yes
ac_cv_header_stdint_h=yes
ac_cv_header_stdlib_h=yes
ac_cv_header_string_h=yes
ac_cv_header_strings_h=yes
ac_cv_header_sys_stat_h=yes
ac_cv_header_sys_time_h=yes
ac_cv_header_sys_types_h=yes
ac_cv_header_time=yes
ac_cv_header_unistd_h=yes
ac_cv_host=i686-pc-linux-gnu
ac_cv_lib_mp4v2_MP4Create=no
ac_cv_lib_mp4v2_MP4MetadataDelete=no
ac_cv_objext=o
ac_cv_path_EGREP='/bin/grep -E'
ac_cv_path_GREP=/bin/grep
ac_cv_path_install='/usr/bin/install -c'
ac_cv_path_mkdir=/bin/mkdir
ac_cv_prog_AWK=mawk
ac_cv_prog_CPP='gcc -E'
ac_cv_prog_CXXCPP='g++ -E'
ac_cv_prog_ac_ct_AR=ar
ac_cv_prog_ac_ct_CC=gcc
ac_cv_prog_ac_ct_CXX=g++
ac_cv_prog_ac_ct_RANLIB=ranlib
ac_cv_prog_ac_ct_STRIP=strip
ac_cv_prog_cc_c89=
ac_cv_prog_cc_g=yes
ac_cv_prog_cxx_g=yes
ac_cv_prog_f77_g=no
ac_cv_prog_make_make_set=yes
ac_cv_type_off_t=yes
am_cv_CC_dependencies_compiler_type=gcc3
am_cv_CXX_dependencies_compiler_type=gcc3
lt_cv_deplibs_check_method=pass_all
lt_cv_file_magic_cmd='$MAGIC_CMD'
lt_cv_file_magic_test_file=
lt_cv_ld_reload_flag=-r
lt_cv_objdir=.libs
lt_cv_path_LD=/usr/bin/ld
lt_cv_path_LDCXX=/usr/bin/ld
lt_cv_path_NM='/usr/bin/nm -B'
lt_cv_path_SED=/bin/sed
lt_cv_prog_compiler_c_o=yes
lt_cv_prog_compiler_c_o_CXX=yes
lt_cv_prog_compiler_rtti_exceptions=no
lt_cv_prog_gnu_ld=yes
lt_cv_prog_gnu_ldcxx=yes
lt_cv_sys_global_symbol_pipe='sed -n -e '\''s/^.*[ 	]\([ABCDGIRSTW][ABCDGIRSTW]*\)[ 	][ 	]*\([_A-Za-z][_A-Za-z0-9]*\)$/\1 \2 \2/p'\'''
lt_cv_sys_global_symbol_to_c_name_address='sed -n -e '\''s/^: \([^ ]*\) $/  {\"\1\", (lt_ptr) 0},/p'\'' -e '\''s/^[BCDEGRST] \([^ ]*\) \([^ ]*\)$/  {"\2", (lt_ptr) \&\2},/p'\'''
lt_cv_sys_global_symbol_to_cdecl='sed -n -e '\''s/^. .* \(.*\)$/extern int \1;/p'\'''
lt_cv_sys_max_cmd_len=32768
lt_lt_cv_prog_compiler_c_o='"yes"'
lt_lt_cv_prog_compiler_c_o_CXX='"yes"'
lt_lt_cv_sys_global_symbol_pipe='"sed -n -e '\''s/^.*[ 	]\\([ABCDGIRSTW][ABCDGIRSTW]*\\)[ 	][ 	]*\\([_A-Za-z][_A-Za-z0-9]*\\)\$/\\1 \\2 \\2/p'\''"'
lt_lt_cv_sys_global_symbol_to_c_name_address='"sed -n -e '\''s/^: \\([^ ]*\\) \$/  {\\\"\\1\\\", (lt_ptr) 0},/p'\'' -e '\''s/^[BCDEGRST] \\([^ ]*\\) \\([^ ]*\\)\$/  {\"\\2\", (lt_ptr) \\&\\2},/p'\''"'
lt_lt_cv_sys_global_symbol_to_cdecl='"sed -n -e '\''s/^. .* \\(.*\\)\$/extern int \\1;/p'\''"'

## ----------------- ##
## Output variables. ##
## ----------------- ##

ACLOCAL='${SHELL} /home/vulkan/downloads/faad2/missing --run aclocal-1.10'
AMDEPBACKSLASH='\'
AMDEP_FALSE='#'
AMDEP_TRUE=''
AMTAR='${SHELL} /home/vulkan/downloads/faad2/missing --run tar'
AR='ar'
AUTOCONF='${SHELL} /home/vulkan/downloads/faad2/missing --run autoconf'
AUTOHEADER='${SHELL} /home/vulkan/downloads/faad2/missing --run autoheader'
AUTOMAKE='${SHELL} /home/vulkan/downloads/faad2/missing --run automake-1.10'
AWK='mawk'
CC='gcc'
CCDEPMODE='depmode=gcc3'
CFLAGS='-g -O2'
CPP='gcc -E'
CPPFLAGS=''
CXX='g++'
CXXCPP='g++ -E'
CXXDEPMODE='depmode=gcc3'
CXXFLAGS='-g -O2'
CYGPATH_W='echo'
DEFS='-DHAVE_CONFIG_H'
DEPDIR='.deps'
ECHO='echo'
ECHO_C=''
ECHO_N='-n'
ECHO_T=''
EGREP='/bin/grep -E'
EXEEXT=''
F77=''
FFLAGS=''
GREP='/bin/grep'
GTK_CONFIG=''
HAVE_MPEG4IP_FALSE=''
HAVE_MPEG4IP_TRUE='#'
HAVE_XMMS_FALSE=''
HAVE_XMMS_TRUE='#'
INSTALL_DATA='${INSTALL} -m 644'
INSTALL_PROGRAM='${INSTALL}'
INSTALL_SCRIPT='${INSTALL}'
INSTALL_STRIP_PROGRAM='$(install_sh) -c -s'
LDFLAGS=''
LIBOBJS=''
LIBS=''
LIBTOOL='$(SHELL) $(top_builddir)/libtool'
LIBTOOL_DEPS='./ltmain.sh'
LN_S='ln -s'
LTLIBOBJS=''
MAKEINFO='${SHELL} /home/vulkan/downloads/faad2/missing --run makeinfo'
MPEG4IP_PLAYER_PLUGIN_DIR=''
OBJEXT='o'
PACKAGE='faad2'
PACKAGE_BUGREPORT=''
PACKAGE_NAME=''
PACKAGE_STRING=''
PACKAGE_TARNAME=''
PACKAGE_VERSION=''
PATH_SEPARATOR=':'
RANLIB='ranlib'
RPMBUILD='rpm'
SET_MAKE=''
SHELL='/bin/bash'
STRIP='strip'
VERSION='2.0'
WITH_MP4V2_FALSE='#'
WITH_MP4V2_TRUE=''
XMMS_CONFIG=''
ac_ct_CC='gcc'
ac_ct_CXX='g++'
ac_ct_F77=''
am__fastdepCC_FALSE='#'
am__fastdepCC_TRUE=''
am__fastdepCXX_FALSE='#'
am__fastdepCXX_TRUE=''
am__include='include'
am__isrc=''
am__leading_dot='.'
am__quote=''
am__tar='${AMTAR} chof - "$$tardir"'
am__untar='${AMTAR} xf -'
bindir='${exec_prefix}/bin'
build='i686-pc-linux-gnu'
build_alias=''
build_cpu='i686'
build_os='linux-gnu'
build_vendor='pc'
datadir='${datarootdir}'
datarootdir='${prefix}/share'
docdir='${datarootdir}/doc/${PACKAGE}'
dvidir='${docdir}'
exec_prefix='${prefix}'
host='i686-pc-linux-gnu'
host_alias=''
host_cpu='i686'
host_os='linux-gnu'
host_vendor='pc'
htmldir='${docdir}'
includedir='${prefix}/include'
infodir='${datarootdir}/info'
install_sh='$(SHELL) /home/vulkan/downloads/faad2/install-sh'
libdir='${exec_prefix}/lib'
libexecdir='${exec_prefix}/libexec'
localedir='${datarootdir}/locale'
localstatedir='${prefix}/var'
mandir='${datarootdir}/man'
mkdir_p='/bin/mkdir -p'
oldincludedir='/usr/include'
pdfdir='${docdir}'
prefix='/usr/local'
program_transform_name='s,x,x,'
psdir='${docdir}'
sbindir='${exec_prefix}/sbin'
sharedstatedir='${prefix}/com'
sysconfdir='${prefix}/etc'
target_alias=''

## ----------- ##
## confdefs.h. ##
## ----------- ##

#define PACKAGE_NAME ""
#define PACKAGE_TARNAME ""
#define PACKAGE_VERSION ""
#define PACKAGE_STRING ""
#define PACKAGE_BUGREPORT ""
#define PACKAGE "faad2"
#define VERSION "2.0"
#define STDC_HEADERS 1
#define HAVE_SYS_TYPES_H 1
#define HAVE_SYS_STAT_H 1
#define HAVE_STDLIB_H 1
#define HAVE_STRING_H 1
#define HAVE_MEMORY_H 1
#define HAVE_STRINGS_H 1
#define HAVE_INTTYPES_H 1
#define HAVE_STDINT_H 1
#define HAVE_UNISTD_H 1
#define HAVE_DLFCN_H 1
#define STDC_HEADERS 1
#define HAVE_STDINT_H 1
#define HAVE_INTTYPES_H 1
#define HAVE_FLOAT_H 1
#define HAVE_STRCHR 1
#define HAVE_MEMCPY 1
#define HAVE_SYS_TIME_H 1
#define TIME_WITH_SYS_TIME 1
#define HAVE_STRSEP 1
#define HAVE_IN_PORT_T 1
#define HAVE_SOCKLEN_T 1
#define HAVE_FPOS_T_POS 1
#define DRM 1

configure: exit 0
