This file contains any messages produced by compilers while
running configure, to aid debugging if configure makes a mistake.

It was created by Enca configure 1.9, which was
generated by GNU Autoconf 2.59.  Invocation command line was

  $ ./configure 

## --------- ##
## Platform. ##
## --------- ##

hostname = mackie.leafmunchers.org
uname -m = i386
uname -r = 9.2.2
uname -s = Darwin
uname -v = Darwin Kernel Version 9.2.2: Tue Mar  4 21:17:34 PST 2008; root:xnu-1228.4.31~1/RELEASE_I386

/usr/bin/uname -p = i386
/bin/uname -X     = unknown

/bin/arch              = unknown
/usr/bin/arch -k       = unknown
/usr/convex/getsysinfo = unknown
hostinfo               = Mach kernel version:
	 Darwin Kernel Version 9.2.2: Tue Mar  4 21:17:34 PST 2008; root:xnu-1228.4.31~1/RELEASE_I386
Kernel configured for up to 8 processors.
8 processors are physically available.
8 processors are logically available.
Processor type: i486 (Intel 80486)
Processors active: 0 1 2 3 4 5 6 7
Primary memory available: 10.00 gigabytes
Default processor set: 134 tasks, 811 threads, 8 processors
Load average: 2.73, Mach factor: 5.25
/bin/machine           = unknown
/usr/bin/oslevel       = unknown
/bin/universe          = unknown

PATH: /Library/Frameworks/Python.framework/Versions/Current/bin
PATH: /Users/elan/bin
PATH: /opt/local/bin
PATH: /opt/local/sbin/
PATH: /usr/bin
PATH: /bin
PATH: /usr/sbin
PATH: /sbin
PATH: /usr/local/bin
PATH: /usr/X11/bin
PATH: /usr/local/bin
PATH: /usr/X11R6/bin/
PATH: /Developer/usr/bin
PATH: /opt/local/bin


## ----------- ##
## Core tests. ##
## ----------- ##

configure:1568: checking for a BSD-compatible install
configure:1623: result: /opt/local/bin/ginstall -c
configure:1634: checking whether build environment is sane
configure:1677: result: yes
configure:1742: checking for gawk
configure:1758: found /opt/local/bin/gawk
configure:1768: result: gawk
configure:1778: checking whether make sets $(MAKE)
configure:1798: result: yes
configure:1969: checking whether to enable maintainer-specific portions of Makefiles
configure:1978: result: no
configure:2000: checking for gawk
configure:2026: result: gawk
configure:2082: checking for gcc
configure:2098: found /usr/bin/gcc
configure:2108: result: gcc
configure:2352: checking for C compiler version
configure:2355: gcc --version </dev/null >&5
i686-apple-darwin9-gcc-4.0.1 (GCC) 4.0.1 (Apple Inc. build 5478)
Copyright (C) 2005 Free Software Foundation, Inc.
This is free software; see the source for copying conditions.  There is NO
warranty; not even for MERCHANTABILITY or FITNESS FOR A PARTICULAR PURPOSE.

configure:2358: $? = 0
configure:2360: gcc -v </dev/null >&5
Using built-in specs.
Target: i686-apple-darwin9
Configured with: /var/tmp/gcc/gcc-5478~1/src/configure --disable-checking -enable-werror --prefix=/usr --mandir=/share/man --enable-languages=c,objc,c++,obj-c++ --program-transform-name=/^[cg][^.-]*$/s/$/-4.0/ --with-gxx-include-dir=/include/c++/4.0.0 --with-slibdir=/usr/lib --build=powerpc-apple-darwin9 --with-arch=apple --with-tune=generic --program-prefix= --host=i686-apple-darwin9 --target=i686-apple-darwin9
Thread model: posix
gcc version 4.0.1 (Apple Inc. build 5478)
configure:2363: $? = 0
configure:2365: gcc -V </dev/null >&5
gcc-4.0: argument to `-V' is missing
configure:2368: $? = 1
configure:2391: checking for C compiler default output file name
configure:2394: gcc    conftest.c  >&5
configure:2397: $? = 0
configure:2443: result: a.out
configure:2448: checking whether the C compiler works
configure:2454: ./a.out
configure:2457: $? = 0
configure:2474: result: yes
configure:2481: checking whether we are cross compiling
configure:2483: result: no
configure:2486: checking for suffix of executables
configure:2488: gcc -o conftest    conftest.c  >&5
configure:2491: $? = 0
configure:2516: result: 
configure:2522: checking for suffix of object files
configure:2543: gcc -c   conftest.c >&5
configure:2546: $? = 0
configure:2568: result: o
configure:2572: checking whether we are using the GNU C compiler
configure:2596: gcc -c   conftest.c >&5
configure:2602: $? = 0
configure:2606: test -z 
			 || test ! -s conftest.err
configure:2609: $? = 0
configure:2612: test -s conftest.o
configure:2615: $? = 0
configure:2628: result: yes
configure:2634: checking whether gcc accepts -g
configure:2655: gcc -c -g  conftest.c >&5
configure:2661: $? = 0
configure:2665: test -z 
			 || test ! -s conftest.err
configure:2668: $? = 0
configure:2671: test -s conftest.o
configure:2674: $? = 0
configure:2685: result: yes
configure:2702: checking for gcc option to accept ANSI C
configure:2772: gcc  -c -g -O2  conftest.c >&5
configure:2778: $? = 0
configure:2782: test -z 
			 || test ! -s conftest.err
configure:2785: $? = 0
configure:2788: test -s conftest.o
configure:2791: $? = 0
configure:2809: result: none needed
configure:2827: gcc -c -g -O2  conftest.c >&5
conftest.c:2: error: syntax error before 'me'
configure:2833: $? = 1
configure: failed program was:
| #ifndef __cplusplus
|   choke me
| #endif
configure:2977: checking for style of include used by make
configure:3005: result: GNU
configure:3033: checking dependency style of gcc
configure:3123: result: gcc3
configure:3152: checking how to run the C preprocessor
configure:3187: gcc -E  conftest.c
configure:3193: $? = 0
configure:3225: gcc -E  conftest.c
conftest.c:12:28: error: ac_nonexistent.h: No such file or directory
configure:3231: $? = 1
configure: failed program was:
| /* confdefs.h.  */
| 
| #define PACKAGE_NAME "Enca"
| #define PACKAGE_TARNAME "enca"
| #define PACKAGE_VERSION "1.9"
| #define PACKAGE_STRING "Enca 1.9"
| #define PACKAGE_BUGREPORT "David Necas (Yeti) <yeti@physics.muni.cz>"
| #define PACKAGE "enca"
| #define VERSION "1.9"
| #define _GNU_SOURCE 1
| /* end confdefs.h.  */
| #include <ac_nonexistent.h>
configure:3270: result: gcc -E
configure:3294: gcc -E  conftest.c
configure:3300: $? = 0
configure:3332: gcc -E  conftest.c
conftest.c:12:28: error: ac_nonexistent.h: No such file or directory
configure:3338: $? = 1
configure: failed program was:
| /* confdefs.h.  */
| 
| #define PACKAGE_NAME "Enca"
| #define PACKAGE_TARNAME "enca"
| #define PACKAGE_VERSION "1.9"
| #define PACKAGE_STRING "Enca 1.9"
| #define PACKAGE_BUGREPORT "David Necas (Yeti) <yeti@physics.muni.cz>"
| #define PACKAGE "enca"
| #define VERSION "1.9"
| #define _GNU_SOURCE 1
| /* end confdefs.h.  */
| #include <ac_nonexistent.h>
configure:3382: checking for egrep
configure:3392: result: grep -E
configure:3398: checking for AIX
configure:3420: result: no
configure:3426: checking for library containing strerror
configure:3456: gcc -o conftest -g -O2   conftest.c  >&5
configure:3462: $? = 0
configure:3466: test -z 
			 || test ! -s conftest.err
configure:3469: $? = 0
configure:3472: test -s conftest
configure:3475: $? = 0
configure:3545: result: none required
configure:3630: checking build system type
configure:3648: result: i686-apple-darwin9.2.2
configure:3656: checking host system type
configure:3670: result: i686-apple-darwin9.2.2
configure:3678: checking for a sed that does not truncate output
configure:3732: result: /usr/bin/sed
configure:3746: checking for ld used by gcc
configure:3813: result: /usr/libexec/gcc/i686-apple-darwin9/4.0.1/ld
configure:3822: checking if the linker (/usr/libexec/gcc/i686-apple-darwin9/4.0.1/ld) is GNU ld
configure:3837: result: no
configure:3842: checking for /usr/libexec/gcc/i686-apple-darwin9/4.0.1/ld option to reload object files
configure:3849: result: -r
configure:3858: checking for BSD-compatible nm
configure:3900: result: /usr/bin/nm -p
configure:3904: checking whether ln -s works
configure:3908: result: yes
configure:3915: checking how to recognise dependent libraries
configure:4098: result: pass_all
configure:4306: checking for ANSI C header files
configure:4331: gcc -c -g -O2  conftest.c >&5
configure:4337: $? = 0
configure:4341: test -z 
			 || test ! -s conftest.err
configure:4344: $? = 0
configure:4347: test -s conftest.o
configure:4350: $? = 0
configure:4439: gcc -o conftest -g -O2   conftest.c  >&5
conftest.c: In function 'main':
conftest.c:29: warning: incompatible implicit declaration of built-in function 'exit'
configure:4442: $? = 0
configure:4444: ./conftest
configure:4447: $? = 0
configure:4462: result: yes
configure:4486: checking for sys/types.h
configure:4502: gcc -c -g -O2  conftest.c >&5
configure:4508: $? = 0
configure:4512: test -z 
			 || test ! -s conftest.err
configure:4515: $? = 0
configure:4518: test -s conftest.o
configure:4521: $? = 0
configure:4532: result: yes
configure:4486: checking for sys/stat.h
configure:4502: gcc -c -g -O2  conftest.c >&5
configure:4508: $? = 0
configure:4512: test -z 
			 || test ! -s conftest.err
configure:4515: $? = 0
configure:4518: test -s conftest.o
configure:4521: $? = 0
configure:4532: result: yes
configure:4486: checking for stdlib.h
configure:4502: gcc -c -g -O2  conftest.c >&5
configure:4508: $? = 0
configure:4512: test -z 
			 || test ! -s conftest.err
configure:4515: $? = 0
configure:4518: test -s conftest.o
configure:4521: $? = 0
configure:4532: result: yes
configure:4486: checking for string.h
configure:4502: gcc -c -g -O2  conftest.c >&5
configure:4508: $? = 0
configure:4512: test -z 
			 || test ! -s conftest.err
configure:4515: $? = 0
configure:4518: test -s conftest.o
configure:4521: $? = 0
configure:4532: result: yes
configure:4486: checking for memory.h
configure:4502: gcc -c -g -O2  conftest.c >&5
configure:4508: $? = 0
configure:4512: test -z 
			 || test ! -s conftest.err
configure:4515: $? = 0
configure:4518: test -s conftest.o
configure:4521: $? = 0
configure:4532: result: yes
configure:4486: checking for strings.h
configure:4502: gcc -c -g -O2  conftest.c >&5
configure:4508: $? = 0
configure:4512: test -z 
			 || test ! -s conftest.err
configure:4515: $? = 0
configure:4518: test -s conftest.o
configure:4521: $? = 0
configure:4532: result: yes
configure:4486: checking for inttypes.h
configure:4502: gcc -c -g -O2  conftest.c >&5
configure:4508: $? = 0
configure:4512: test -z 
			 || test ! -s conftest.err
configure:4515: $? = 0
configure:4518: test -s conftest.o
configure:4521: $? = 0
configure:4532: result: yes
configure:4486: checking for stdint.h
configure:4502: gcc -c -g -O2  conftest.c >&5
configure:4508: $? = 0
configure:4512: test -z 
			 || test ! -s conftest.err
configure:4515: $? = 0
configure:4518: test -s conftest.o
configure:4521: $? = 0
configure:4532: result: yes
configure:4486: checking for unistd.h
configure:4502: gcc -c -g -O2  conftest.c >&5
configure:4508: $? = 0
configure:4512: test -z 
			 || test ! -s conftest.err
configure:4515: $? = 0
configure:4518: test -s conftest.o
configure:4521: $? = 0
configure:4532: result: yes
configure:4558: checking dlfcn.h usability
configure:4570: gcc -c -g -O2  conftest.c >&5
configure:4576: $? = 0
configure:4580: test -z 
			 || test ! -s conftest.err
configure:4583: $? = 0
configure:4586: test -s conftest.o
configure:4589: $? = 0
configure:4599: result: yes
configure:4603: checking dlfcn.h presence
configure:4613: gcc -E  conftest.c
configure:4619: $? = 0
configure:4639: result: yes
configure:4674: checking for dlfcn.h
configure:4681: result: yes
configure:4746: checking for g++
configure:4762: found /usr/bin/g++
configure:4772: result: g++
configure:4788: checking for C++ compiler version
configure:4791: g++ --version </dev/null >&5
i686-apple-darwin9-g++-4.0.1 (GCC) 4.0.1 (Apple Inc. build 5478)
Copyright (C) 2005 Free Software Foundation, Inc.
This is free software; see the source for copying conditions.  There is NO
warranty; not even for MERCHANTABILITY or FITNESS FOR A PARTICULAR PURPOSE.

configure:4794: $? = 0
configure:4796: g++ -v </dev/null >&5
Using built-in specs.
Target: i686-apple-darwin9
Configured with: /var/tmp/gcc/gcc-5478~1/src/configure --disable-checking -enable-werror --prefix=/usr --mandir=/share/man --enable-languages=c,objc,c++,obj-c++ --program-transform-name=/^[cg][^.-]*$/s/$/-4.0/ --with-gxx-include-dir=/include/c++/4.0.0 --with-slibdir=/usr/lib --build=powerpc-apple-darwin9 --with-arch=apple --with-tune=generic --program-prefix= --host=i686-apple-darwin9 --target=i686-apple-darwin9
Thread model: posix
gcc version 4.0.1 (Apple Inc. build 5478)
configure:4799: $? = 0
configure:4801: g++ -V </dev/null >&5
g++-4.0: argument to `-V' is missing
configure:4804: $? = 1
configure:4807: checking whether we are using the GNU C++ compiler
configure:4831: g++ -c   conftest.cc >&5
configure:4837: $? = 0
configure:4841: test -z 
			 || test ! -s conftest.err
configure:4844: $? = 0
configure:4847: test -s conftest.o
configure:4850: $? = 0
configure:4863: result: yes
configure:4869: checking whether g++ accepts -g
configure:4890: g++ -c -g  conftest.cc >&5
configure:4896: $? = 0
configure:4900: test -z 
			 || test ! -s conftest.err
configure:4903: $? = 0
configure:4906: test -s conftest.o
configure:4909: $? = 0
configure:4920: result: yes
configure:4962: g++ -c -g -O2  conftest.cc >&5
configure:4968: $? = 0
configure:4972: test -z 
			 || test ! -s conftest.err
configure:4975: $? = 0
configure:4978: test -s conftest.o
configure:4981: $? = 0
configure:5007: g++ -c -g -O2  conftest.cc >&5
conftest.cc: In function 'int main()':
conftest.cc:27: error: 'exit' was not declared in this scope
configure:5013: $? = 1
configure: failed program was:
| /* confdefs.h.  */
| 
| #define PACKAGE_NAME "Enca"
| #define PACKAGE_TARNAME "enca"
| #define PACKAGE_VERSION "1.9"
| #define PACKAGE_STRING "Enca 1.9"
| #define PACKAGE_BUGREPORT "David Necas (Yeti) <yeti@physics.muni.cz>"
| #define PACKAGE "enca"
| #define VERSION "1.9"
| #define _GNU_SOURCE 1
| #define STDC_HEADERS 1
| #define HAVE_SYS_TYPES_H 1
| #define HAVE_SYS_STAT_H 1
| #define HAVE_STDLIB_H 1
| #define HAVE_STRING_H 1
| #define HAVE_MEMORY_H 1
| #define HAVE_STRINGS_H 1
| #define HAVE_INTTYPES_H 1
| #define HAVE_STDINT_H 1
| #define HAVE_UNISTD_H 1
| #define HAVE_DLFCN_H 1
| /* end confdefs.h.  */
| 
| int
| main ()
| {
| exit (42);
|   ;
|   return 0;
| }
configure:4962: g++ -c -g -O2  conftest.cc >&5
/usr/include/stdlib.h:159: error: declaration of 'void std::exit(int)' throws different exceptions
conftest.cc:23: error: than previous declaration 'void std::exit(int) throw ()'
configure:4968: $? = 1
configure: failed program was:
| /* confdefs.h.  */
| 
| #define PACKAGE_NAME "Enca"
| #define PACKAGE_TARNAME "enca"
| #define PACKAGE_VERSION "1.9"
| #define PACKAGE_STRING "Enca 1.9"
| #define PACKAGE_BUGREPORT "David Necas (Yeti) <yeti@physics.muni.cz>"
| #define PACKAGE "enca"
| #define VERSION "1.9"
| #define _GNU_SOURCE 1
| #define STDC_HEADERS 1
| #define HAVE_SYS_TYPES_H 1
| #define HAVE_SYS_STAT_H 1
| #define HAVE_STDLIB_H 1
| #define HAVE_STRING_H 1
| #define HAVE_MEMORY_H 1
| #define HAVE_STRINGS_H 1
| #define HAVE_INTTYPES_H 1
| #define HAVE_STDINT_H 1
| #define HAVE_UNISTD_H 1
| #define HAVE_DLFCN_H 1
| /* end confdefs.h.  */
| extern "C" void std::exit (int) throw (); using std::exit;
| #include <stdlib.h>
| int
| main ()
| {
| exit (42);
|   ;
|   return 0;
| }
configure:4962: g++ -c -g -O2  conftest.cc >&5
configure:4968: $? = 0
configure:4972: test -z 
			 || test ! -s conftest.err
configure:4975: $? = 0
configure:4978: test -s conftest.o
configure:4981: $? = 0
configure:5007: g++ -c -g -O2  conftest.cc >&5
configure:5013: $? = 0
configure:5017: test -z 
			 || test ! -s conftest.err
configure:5020: $? = 0
configure:5023: test -s conftest.o
configure:5026: $? = 0
configure:5051: checking dependency style of g++
configure:5141: result: gcc3
configure:5163: checking how to run the C++ preprocessor
configure:5194: g++ -E  conftest.cc
configure:5200: $? = 0
configure:5232: g++ -E  conftest.cc
conftest.cc:26:28: error: ac_nonexistent.h: No such file or directory
configure:5238: $? = 1
configure: failed program was:
| /* confdefs.h.  */
| 
| #define PACKAGE_NAME "Enca"
| #define PACKAGE_TARNAME "enca"
| #define PACKAGE_VERSION "1.9"
| #define PACKAGE_STRING "Enca 1.9"
| #define PACKAGE_BUGREPORT "David Necas (Yeti) <yeti@physics.muni.cz>"
| #define PACKAGE "enca"
| #define VERSION "1.9"
| #define _GNU_SOURCE 1
| #define STDC_HEADERS 1
| #define HAVE_SYS_TYPES_H 1
| #define HAVE_SYS_STAT_H 1
| #define HAVE_STDLIB_H 1
| #define HAVE_STRING_H 1
| #define HAVE_MEMORY_H 1
| #define HAVE_STRINGS_H 1
| #define HAVE_INTTYPES_H 1
| #define HAVE_STDINT_H 1
| #define HAVE_UNISTD_H 1
| #define HAVE_DLFCN_H 1
| #ifdef __cplusplus
| extern "C" void std::exit (int); using std::exit;
| #endif
| /* end confdefs.h.  */
| #include <ac_nonexistent.h>
configure:5277: result: g++ -E
configure:5301: g++ -E  conftest.cc
configure:5307: $? = 0
configure:5339: g++ -E  conftest.cc
conftest.cc:26:28: error: ac_nonexistent.h: No such file or directory
configure:5345: $? = 1
configure: failed program was:
| /* confdefs.h.  */
| 
| #define PACKAGE_NAME "Enca"
| #define PACKAGE_TARNAME "enca"
| #define PACKAGE_VERSION "1.9"
| #define PACKAGE_STRING "Enca 1.9"
| #define PACKAGE_BUGREPORT "David Necas (Yeti) <yeti@physics.muni.cz>"
| #define PACKAGE "enca"
| #define VERSION "1.9"
| #define _GNU_SOURCE 1
| #define STDC_HEADERS 1
| #define HAVE_SYS_TYPES_H 1
| #define HAVE_SYS_STAT_H 1
| #define HAVE_STDLIB_H 1
| #define HAVE_STRING_H 1
| #define HAVE_MEMORY_H 1
| #define HAVE_STRINGS_H 1
| #define HAVE_INTTYPES_H 1
| #define HAVE_STDINT_H 1
| #define HAVE_UNISTD_H 1
| #define HAVE_DLFCN_H 1
| #ifdef __cplusplus
| extern "C" void std::exit (int); using std::exit;
| #endif
| /* end confdefs.h.  */
| #include <ac_nonexistent.h>
configure:5440: checking for g77
configure:5469: result: no
configure:5440: checking for f77
configure:5469: result: no
configure:5440: checking for xlf
configure:5469: result: no
configure:5440: checking for frt
configure:5469: result: no
configure:5440: checking for pgf77
configure:5469: result: no
configure:5440: checking for fort77
configure:5469: result: no
configure:5440: checking for fl32
configure:5469: result: no
configure:5440: checking for af77
configure:5469: result: no
configure:5440: checking for f90
configure:5469: result: no
configure:5440: checking for xlf90
configure:5469: result: no
configure:5440: checking for pgf90
configure:5469: result: no
configure:5440: checking for epcf90
configure:5469: result: no
configure:5440: checking for f95
configure:5469: result: no
configure:5440: checking for fort
configure:5469: result: no
configure:5440: checking for xlf95
configure:5469: result: no
configure:5440: checking for ifc
configure:5469: result: no
configure:5440: checking for efc
configure:5469: result: no
configure:5440: checking for pgf95
configure:5469: result: no
configure:5440: checking for lf95
configure:5469: result: no
configure:5440: checking for gfortran
configure:5469: result: no
configure:5481: checking for Fortran 77 compiler version
configure:5484:  --version </dev/null >&5
./configure: line 5485: --version: command not found
configure:5487: $? = 127
configure:5489:  -v </dev/null >&5
./configure: line 5490: -v: command not found
configure:5492: $? = 127
configure:5494:  -V </dev/null >&5
./configure: line 5495: -V: command not found
configure:5497: $? = 127
configure:5505: checking whether we are using the GNU Fortran 77 compiler
configure:5519:  -c  conftest.F >&5
./configure: line 5520: -c: command not found
configure:5525: $? = 127
configure: failed program was:
|       program main
| #ifndef __GNUC__
|        choke me
| #endif
| 
|       end
configure:5551: result: no
configure:5557: checking whether  accepts -g
configure:5569:  -c -g conftest.f >&5
./configure: line 5570: -c: command not found
configure:5575: $? = 127
configure: failed program was:
|       program main
| 
|       end
configure:5600: result: no
configure:5630: checking the maximum length of command line arguments
configure:5695: result: 65536
configure:5706: checking command to parse /usr/bin/nm -p output from gcc object
configure:5795: gcc -c -g -O2  conftest.c >&5
configure:5798: $? = 0
configure:5802: /usr/bin/nm -p conftest.o \| sed -n -e 's/^.*[ 	]\([BCDEGRST][BCDEGRST]*\)[ 	][ 	]*\(\)\([_A-Za-z][_A-Za-z0-9]*\)$/\1 \2\3 \3/p' \> conftest.nm
configure:5805: $? = 0
cannot find nm_test_var in conftest.nm
configure:5795: gcc -c -g -O2  conftest.c >&5
configure:5798: $? = 0
configure:5802: /usr/bin/nm -p conftest.o \| sed -n -e 's/^.*[ 	]\([BCDEGRST][BCDEGRST]*\)[ 	][ 	]*\(_\)\([_A-Za-z][_A-Za-z0-9]*\)$/\1 \2\3 \3/p' \> conftest.nm
configure:5805: $? = 0
configure:5857: gcc -o conftest -g -O2   conftest.c conftstm.o >&5
configure:5860: $? = 0
configure:5898: result: ok
configure:5902: checking for objdir
configure:5917: result: .libs
configure:6007: checking for ar
configure:6023: found /usr/bin/ar
configure:6034: result: ar
configure:6087: checking for ranlib
configure:6103: found /usr/bin/ranlib
configure:6114: result: ranlib
configure:6167: checking for strip
configure:6183: found /usr/bin/strip
configure:6194: result: strip
configure:6456: checking if gcc static flag  works
configure:6479: result: yes
configure:6497: checking if gcc supports -fno-rtti -fno-exceptions
configure:6515: gcc -c -g -O2  -fno-rtti -fno-exceptions conftest.c >&5
cc1: warning: command line option "-fno-rtti" is valid for C++/ObjC++ but not for C
configure:6519: $? = 0
configure:6530: result: no
configure:6545: checking for gcc option to produce PIC
configure:6722: result: -fno-common
configure:6730: checking if gcc PIC flag -fno-common works
configure:6748: gcc -c -g -O2  -fno-common -DPIC conftest.c >&5
configure:6752: $? = 0
configure:6763: result: yes
configure:6787: checking if gcc supports -c -o file.o
configure:6808: gcc -c -g -O2  -o out/conftest2.o conftest.c >&5
configure:6812: $? = 0
configure:6832: result: yes
configure:6858: checking whether the gcc linker (/usr/libexec/gcc/i686-apple-darwin9/4.0.1/ld) supports shared libraries
configure:7706: result: yes
configure:7777: checking dynamic linker characteristics
configure:8338: result: darwin9.2.2 dyld
configure:8342: checking how to hardcode library paths into programs
configure:8367: result: immediate
configure:8381: checking whether stripping libraries is possible
configure:8394: result: yes
configure:9216: checking if libtool supports shared libraries
configure:9218: result: yes
configure:9221: checking whether to build shared libraries
configure:9279: result: yes
configure:9282: checking whether to build static libraries
configure:9286: result: yes
configure:9378: creating libtool
configure:9925: checking for ld used by g++
configure:9992: result: /usr/libexec/gcc/i686-apple-darwin9/4.0.1/ld
configure:10001: checking if the linker (/usr/libexec/gcc/i686-apple-darwin9/4.0.1/ld) is GNU ld
configure:10016: result: no
configure:10067: checking whether the g++ linker (/usr/libexec/gcc/i686-apple-darwin9/4.0.1/ld) supports shared libraries
configure:10895: result: yes
configure:10913: g++ -c -g -O2  conftest.cc >&5
configure:10916: $? = 0
configure:11012: checking for g++ option to produce PIC
configure:11264: result: -fno-common
configure:11272: checking if g++ PIC flag -fno-common works
configure:11290: g++ -c -g -O2  -fno-common -DPIC conftest.cc >&5
configure:11294: $? = 0
configure:11305: result: yes
configure:11329: checking if g++ supports -c -o file.o
configure:11350: g++ -c -g -O2  -o out/conftest2.o conftest.cc >&5
configure:11354: $? = 0
configure:11374: result: yes
configure:11400: checking whether the g++ linker (/usr/libexec/gcc/i686-apple-darwin9/4.0.1/ld) supports shared libraries
configure:11425: result: yes
configure:11496: checking dynamic linker characteristics
configure:12057: result: darwin9.2.2 dyld
configure:12061: checking how to hardcode library paths into programs
configure:12086: result: immediate
configure:12100: checking whether stripping libraries is possible
configure:12113: result: yes
configure:19428: checking for gcc
configure:19454: result: gcc
configure:19698: checking for C compiler version
configure:19701: gcc --version </dev/null >&5
i686-apple-darwin9-gcc-4.0.1 (GCC) 4.0.1 (Apple Inc. build 5478)
Copyright (C) 2005 Free Software Foundation, Inc.
This is free software; see the source for copying conditions.  There is NO
warranty; not even for MERCHANTABILITY or FITNESS FOR A PARTICULAR PURPOSE.

configure:19704: $? = 0
configure:19706: gcc -v </dev/null >&5
Using built-in specs.
Target: i686-apple-darwin9
Configured with: /var/tmp/gcc/gcc-5478~1/src/configure --disable-checking -enable-werror --prefix=/usr --mandir=/share/man --enable-languages=c,objc,c++,obj-c++ --program-transform-name=/^[cg][^.-]*$/s/$/-4.0/ --with-gxx-include-dir=/include/c++/4.0.0 --with-slibdir=/usr/lib --build=powerpc-apple-darwin9 --with-arch=apple --with-tune=generic --program-prefix= --host=i686-apple-darwin9 --target=i686-apple-darwin9
Thread model: posix
gcc version 4.0.1 (Apple Inc. build 5478)
configure:19709: $? = 0
configure:19711: gcc -V </dev/null >&5
gcc-4.0: argument to `-V' is missing
configure:19714: $? = 1
configure:19717: checking whether we are using the GNU C compiler
configure:19773: result: yes
configure:19779: checking whether gcc accepts -g
configure:19830: result: yes
configure:19847: checking for gcc option to accept ANSI C
configure:19954: result: none needed
configure:19972: gcc -c -g -O2  conftest.c >&5
conftest.c:2: error: syntax error before 'me'
configure:19978: $? = 1
configure: failed program was:
| #ifndef __cplusplus
|   choke me
| #endif
configure:20113: checking dependency style of gcc
configure:20203: result: gcc3
configure:20236: checking for a BSD-compatible install
configure:20291: result: /opt/local/bin/ginstall -c
configure:20302: checking whether ln -s works
configure:20306: result: yes
configure:20315: checking for mktemp
configure:20333: found /usr/bin/mktemp
configure:20345: result: /usr/bin/mktemp
configure:20359: checking for cstocs
configure:20392: result: no
configure:20398: checking for recode
configure:20431: result: no
configure:20437: checking for umap
configure:20470: result: no
configure:20476: checking for piconv
configure:20494: found /opt/local/bin/piconv
configure:20506: result: /opt/local/bin/piconv
configure:20515: checking for map
configure:20548: result: no
configure:20628: checking for gtkdoc-mkdb
configure:20644: found /opt/local/bin/gtkdoc-mkdb
configure:20655: result: true
configure:20666: checking gtk-doc version (1.9) >= 1.0
configure:20672: result: yes
configure:20709: checking for /dev/random
configure:20724: result: yes
configure:20734: checking for /dev/urandom
configure:20749: result: yes
configure:20759: checking for /dev/srandom
configure:20774: result: no
configure:20784: checking for /dev/arandom
configure:20799: result: no
configure:20969: checking for sqrt in -lm
configure:20999: gcc -o conftest -Wall -W -pedantic -g -O2  -I/usr/local/include  -L/usr/local/lib conftest.c -lm   >&5
conftest.c:36: warning: conflicting types for built-in function 'sqrt'
configure:21005: $? = 0
configure:21009: test -z 
			 || test ! -s conftest.err
configure:21012: $? = 0
configure:21015: test -s conftest
configure:21018: $? = 0
configure:21031: result: yes
configure:21042: checking for ANSI C header files
configure:21198: result: yes
configure:21208: checking for sys/wait.h that is POSIX.1 compatible
configure:21239: gcc -c -Wall -W -pedantic -g -O2  -I/usr/local/include conftest.c >&5
configure:21245: $? = 0
configure:21249: test -z 
			 || test ! -s conftest.err
configure:21252: $? = 0
configure:21255: test -s conftest.o
configure:21258: $? = 0
configure:21269: result: yes
configure:21279: checking whether time.h and sys/time.h may both be included
configure:21304: gcc -c -Wall -W -pedantic -g -O2  -I/usr/local/include conftest.c >&5
configure:21310: $? = 0
configure:21314: test -z 
			 || test ! -s conftest.err
configure:21317: $? = 0
configure:21320: test -s conftest.o
configure:21323: $? = 0
configure:21334: result: yes
configure:21344: checking whether stat file-mode macros are broken
configure:21392: result: no
configure:21402: checking for stdbool.h that conforms to C99
configure:21455: gcc -c -Wall -W -pedantic -g -O2  -I/usr/local/include conftest.c >&5
configure:21461: $? = 0
configure:21465: test -z 
			 || test ! -s conftest.err
configure:21468: $? = 0
configure:21471: test -s conftest.o
configure:21474: $? = 0
configure:21485: result: yes
configure:21487: checking for _Bool
configure:21511: gcc -c -Wall -W -pedantic -g -O2  -I/usr/local/include conftest.c >&5
configure:21517: $? = 0
configure:21521: test -z 
			 || test ! -s conftest.err
configure:21524: $? = 0
configure:21527: test -s conftest.o
configure:21530: $? = 0
configure:21541: result: yes
configure:21605: checking errno.h usability
configure:21617: gcc -c -Wall -W -pedantic -g -O2  -I/usr/local/include conftest.c >&5
configure:21623: $? = 0
configure:21627: test -z 
			 || test ! -s conftest.err
configure:21630: $? = 0
configure:21633: test -s conftest.o
configure:21636: $? = 0
configure:21646: result: yes
configure:21650: checking errno.h presence
configure:21660: gcc -E  -I/usr/local/include conftest.c
configure:21666: $? = 0
configure:21686: result: yes
configure:21721: checking for errno.h
configure:21728: result: yes
configure:21605: checking fcntl.h usability
configure:21617: gcc -c -Wall -W -pedantic -g -O2  -I/usr/local/include conftest.c >&5
configure:21623: $? = 0
configure:21627: test -z 
			 || test ! -s conftest.err
configure:21630: $? = 0
configure:21633: test -s conftest.o
configure:21636: $? = 0
configure:21646: result: yes
configure:21650: checking fcntl.h presence
configure:21660: gcc -E  -I/usr/local/include conftest.c
configure:21666: $? = 0
configure:21686: result: yes
configure:21721: checking for fcntl.h
configure:21728: result: yes
configure:21605: checking getopt.h usability
configure:21617: gcc -c -Wall -W -pedantic -g -O2  -I/usr/local/include conftest.c >&5
configure:21623: $? = 0
configure:21627: test -z 
			 || test ! -s conftest.err
configure:21630: $? = 0
configure:21633: test -s conftest.o
configure:21636: $? = 0
configure:21646: result: yes
configure:21650: checking getopt.h presence
configure:21660: gcc -E  -I/usr/local/include conftest.c
configure:21666: $? = 0
configure:21686: result: yes
configure:21721: checking for getopt.h
configure:21728: result: yes
configure:21605: checking langinfo.h usability
configure:21617: gcc -c -Wall -W -pedantic -g -O2  -I/usr/local/include conftest.c >&5
configure:21623: $? = 0
configure:21627: test -z 
			 || test ! -s conftest.err
configure:21630: $? = 0
configure:21633: test -s conftest.o
configure:21636: $? = 0
configure:21646: result: yes
configure:21650: checking langinfo.h presence
configure:21660: gcc -E  -I/usr/local/include conftest.c
configure:21666: $? = 0
configure:21686: result: yes
configure:21721: checking for langinfo.h
configure:21728: result: yes
configure:21605: checking limits.h usability
configure:21617: gcc -c -Wall -W -pedantic -g -O2  -I/usr/local/include conftest.c >&5
configure:21623: $? = 0
configure:21627: test -z 
			 || test ! -s conftest.err
configure:21630: $? = 0
configure:21633: test -s conftest.o
configure:21636: $? = 0
configure:21646: result: yes
configure:21650: checking limits.h presence
configure:21660: gcc -E  -I/usr/local/include conftest.c
configure:21666: $? = 0
configure:21686: result: yes
configure:21721: checking for limits.h
configure:21728: result: yes
configure:21605: checking locale.h usability
configure:21617: gcc -c -Wall -W -pedantic -g -O2  -I/usr/local/include conftest.c >&5
configure:21623: $? = 0
configure:21627: test -z 
			 || test ! -s conftest.err
configure:21630: $? = 0
configure:21633: test -s conftest.o
configure:21636: $? = 0
configure:21646: result: yes
configure:21650: checking locale.h presence
configure:21660: gcc -E  -I/usr/local/include conftest.c
configure:21666: $? = 0
configure:21686: result: yes
configure:21721: checking for locale.h
configure:21728: result: yes
configure:21596: checking for memory.h
configure:21601: result: yes
configure:21596: checking for string.h
configure:21601: result: yes
configure:21596: checking for strings.h
configure:21601: result: yes
configure:21596: checking for sys/stat.h
configure:21601: result: yes
configure:21596: checking for sys/types.h
configure:21601: result: yes
configure:21596: checking for sys/wait.h
configure:21601: result: yes
configure:21605: checking sys/time.h usability
configure:21617: gcc -c -Wall -W -pedantic -g -O2  -I/usr/local/include conftest.c >&5
configure:21623: $? = 0
configure:21627: test -z 
			 || test ! -s conftest.err
configure:21630: $? = 0
configure:21633: test -s conftest.o
configure:21636: $? = 0
configure:21646: result: yes
configure:21650: checking sys/time.h presence
configure:21660: gcc -E  -I/usr/local/include conftest.c
configure:21666: $? = 0
configure:21686: result: yes
configure:21721: checking for sys/time.h
configure:21728: result: yes
configure:21605: checking time.h usability
configure:21617: gcc -c -Wall -W -pedantic -g -O2  -I/usr/local/include conftest.c >&5
configure:21623: $? = 0
configure:21627: test -z 
			 || test ! -s conftest.err
configure:21630: $? = 0
configure:21633: test -s conftest.o
configure:21636: $? = 0
configure:21646: result: yes
configure:21650: checking time.h presence
configure:21660: gcc -E  -I/usr/local/include conftest.c
configure:21666: $? = 0
configure:21686: result: yes
configure:21721: checking for time.h
configure:21728: result: yes
configure:21596: checking for unistd.h
configure:21601: result: yes
configure:21605: checking wordexp.h usability
configure:21617: gcc -c -Wall -W -pedantic -g -O2  -I/usr/local/include conftest.c >&5
configure:21623: $? = 0
configure:21627: test -z 
			 || test ! -s conftest.err
configure:21630: $? = 0
configure:21633: test -s conftest.o
configure:21636: $? = 0
configure:21646: result: yes
configure:21650: checking wordexp.h presence
configure:21660: gcc -E  -I/usr/local/include conftest.c
configure:21666: $? = 0
configure:21686: result: yes
configure:21721: checking for wordexp.h
configure:21728: result: yes
configure:21742: checking for an ANSI C-conforming const
configure:21809: gcc -c -Wall -W -pedantic -g -O2  -I/usr/local/include conftest.c >&5
conftest.c: In function 'main':
conftest.c:77: warning: unused variable 's'
conftest.c:97: warning: unused variable 'foo'
conftest.c:64: warning: unused variable 'zero'
conftest.c:58: warning: unused variable 'x'
conftest.c:79: warning: 't' is used uninitialized in this function
conftest.c:94: warning: 'b' is used uninitialized in this function
configure:21815: $? = 0
configure:21819: test -z 
			 || test ! -s conftest.err
configure:21822: $? = 0
configure:21825: test -s conftest.o
configure:21828: $? = 0
configure:21839: result: yes
configure:21849: checking for size_t
configure:21873: gcc -c -Wall -W -pedantic -g -O2  -I/usr/local/include conftest.c >&5
configure:21879: $? = 0
configure:21883: test -z 
			 || test ! -s conftest.err
configure:21886: $? = 0
configure:21889: test -s conftest.o
configure:21892: $? = 0
configure:21903: result: yes
configure:21915: checking for mode_t
configure:21939: gcc -c -Wall -W -pedantic -g -O2  -I/usr/local/include conftest.c >&5
configure:21945: $? = 0
configure:21949: test -z 
			 || test ! -s conftest.err
configure:21952: $? = 0
configure:21955: test -s conftest.o
configure:21958: $? = 0
configure:21969: result: yes
configure:21981: checking for off_t
configure:22005: gcc -c -Wall -W -pedantic -g -O2  -I/usr/local/include conftest.c >&5
configure:22011: $? = 0
configure:22015: test -z 
			 || test ! -s conftest.err
configure:22018: $? = 0
configure:22021: test -s conftest.o
configure:22024: $? = 0
configure:22035: result: yes
configure:22047: checking for pid_t
configure:22071: gcc -c -Wall -W -pedantic -g -O2  -I/usr/local/include conftest.c >&5
configure:22077: $? = 0
configure:22081: test -z 
			 || test ! -s conftest.err
configure:22084: $? = 0
configure:22087: test -s conftest.o
configure:22090: $? = 0
configure:22101: result: yes
configure:22113: checking for uid_t in sys/types.h
configure:22136: result: yes
configure:22151: checking for ssize_t
configure:22175: gcc -c -Wall -W -pedantic -g -O2  -I/usr/local/include conftest.c >&5
configure:22181: $? = 0
configure:22185: test -z 
			 || test ! -s conftest.err
configure:22188: $? = 0
configure:22191: test -s conftest.o
configure:22194: $? = 0
configure:22205: result: yes
configure:22218: checking whether LC_MESSAGES is declared
configure:22243: gcc -c -Wall -W -pedantic -g -O2  -I/usr/local/include conftest.c >&5
configure:22249: $? = 0
configure:22253: test -z 
			 || test ! -s conftest.err
configure:22256: $? = 0
configure:22259: test -s conftest.o
configure:22262: $? = 0
configure:22273: result: yes
configure:22293: checking for program_invocation_short_name
configure:22314: gcc -o conftest -Wall -W -pedantic -g -O2  -I/usr/local/include  -L/usr/local/lib conftest.c  -lm >&5
conftest.c: In function 'main':
conftest.c:55: error: 'program_invocation_short_name' undeclared (first use in this function)
conftest.c:55: error: (Each undeclared identifier is reported only once
conftest.c:55: error: for each function it appears in.)
configure:22320: $? = 1
configure: failed program was:
| /* confdefs.h.  */
| 
| #define PACKAGE_NAME "Enca"
| #define PACKAGE_TARNAME "enca"
| #define PACKAGE_VERSION "1.9"
| #define PACKAGE_STRING "Enca 1.9"
| #define PACKAGE_BUGREPORT "David Necas (Yeti) <yeti@physics.muni.cz>"
| #define PACKAGE "enca"
| #define VERSION "1.9"
| #define _GNU_SOURCE 1
| #define STDC_HEADERS 1
| #define HAVE_SYS_TYPES_H 1
| #define HAVE_SYS_STAT_H 1
| #define HAVE_STDLIB_H 1
| #define HAVE_STRING_H 1
| #define HAVE_MEMORY_H 1
| #define HAVE_STRINGS_H 1
| #define HAVE_INTTYPES_H 1
| #define HAVE_STDINT_H 1
| #define HAVE_UNISTD_H 1
| #define HAVE_DLFCN_H 1
| #ifdef __cplusplus
| extern "C" void std::exit (int); using std::exit;
| #endif
| #define PICONV_PROG "/opt/local/bin/piconv"
| #define HAVE__DEV_RANDOM 1
| #define HAVE__DEV_URANDOM 1
| #define STDC_HEADERS 1
| #define HAVE_SYS_WAIT_H 1
| #define TIME_WITH_SYS_TIME 1
| #define HAVE__BOOL 1
| #define HAVE_STDBOOL_H 1
| #define HAVE_ERRNO_H 1
| #define HAVE_FCNTL_H 1
| #define HAVE_GETOPT_H 1
| #define HAVE_LANGINFO_H 1
| #define HAVE_LIMITS_H 1
| #define HAVE_LOCALE_H 1
| #define HAVE_MEMORY_H 1
| #define HAVE_STRING_H 1
| #define HAVE_STRINGS_H 1
| #define HAVE_SYS_STAT_H 1
| #define HAVE_SYS_TYPES_H 1
| #define HAVE_SYS_WAIT_H 1
| #define HAVE_SYS_TIME_H 1
| #define HAVE_TIME_H 1
| #define HAVE_UNISTD_H 1
| #define HAVE_WORDEXP_H 1
| #define HAVE_DECL_LC_MESSAGES 1
| /* end confdefs.h.  */
| #include <errno.h>
| int
| main ()
| {
| if (!program_invocation_short_name) return 1;
|   ;
|   return 0;
| }
configure:22345: result: no
configure:22361: checking for unistd.h
configure:22366: result: yes
configure:22370: checking vfork.h usability
configure:22382: gcc -c -Wall -W -pedantic -g -O2  -I/usr/local/include conftest.c >&5
conftest.c:86:19: error: vfork.h: No such file or directory
configure:22388: $? = 1
configure: failed program was:
| /* confdefs.h.  */
| 
| #define PACKAGE_NAME "Enca"
| #define PACKAGE_TARNAME "enca"
| #define PACKAGE_VERSION "1.9"
| #define PACKAGE_STRING "Enca 1.9"
| #define PACKAGE_BUGREPORT "David Necas (Yeti) <yeti@physics.muni.cz>"
| #define PACKAGE "enca"
| #define VERSION "1.9"
| #define _GNU_SOURCE 1
| #define STDC_HEADERS 1
| #define HAVE_SYS_TYPES_H 1
| #define HAVE_SYS_STAT_H 1
| #define HAVE_STDLIB_H 1
| #define HAVE_STRING_H 1
| #define HAVE_MEMORY_H 1
| #define HAVE_STRINGS_H 1
| #define HAVE_INTTYPES_H 1
| #define HAVE_STDINT_H 1
| #define HAVE_UNISTD_H 1
| #define HAVE_DLFCN_H 1
| #ifdef __cplusplus
| extern "C" void std::exit (int); using std::exit;
| #endif
| #define PICONV_PROG "/opt/local/bin/piconv"
| #define HAVE__DEV_RANDOM 1
| #define HAVE__DEV_URANDOM 1
| #define STDC_HEADERS 1
| #define HAVE_SYS_WAIT_H 1
| #define TIME_WITH_SYS_TIME 1
| #define HAVE__BOOL 1
| #define HAVE_STDBOOL_H 1
| #define HAVE_ERRNO_H 1
| #define HAVE_FCNTL_H 1
| #define HAVE_GETOPT_H 1
| #define HAVE_LANGINFO_H 1
| #define HAVE_LIMITS_H 1
| #define HAVE_LOCALE_H 1
| #define HAVE_MEMORY_H 1
| #define HAVE_STRING_H 1
| #define HAVE_STRINGS_H 1
| #define HAVE_SYS_STAT_H 1
| #define HAVE_SYS_TYPES_H 1
| #define HAVE_SYS_WAIT_H 1
| #define HAVE_SYS_TIME_H 1
| #define HAVE_TIME_H 1
| #define HAVE_UNISTD_H 1
| #define HAVE_WORDEXP_H 1
| #define HAVE_DECL_LC_MESSAGES 1
| #define HAVE_UNISTD_H 1
| /* end confdefs.h.  */
| #include <stdio.h>
| #if HAVE_SYS_TYPES_H
| # include <sys/types.h>
| #endif
| #if HAVE_SYS_STAT_H
| # include <sys/stat.h>
| #endif
| #if STDC_HEADERS
| # include <stdlib.h>
| # include <stddef.h>
| #else
| # if HAVE_STDLIB_H
| #  include <stdlib.h>
| # endif
| #endif
| #if HAVE_STRING_H
| # if !STDC_HEADERS && HAVE_MEMORY_H
| #  include <memory.h>
| # endif
| # include <string.h>
| #endif
| #if HAVE_STRINGS_H
| # include <strings.h>
| #endif
| #if HAVE_INTTYPES_H
| # include <inttypes.h>
| #else
| # if HAVE_STDINT_H
| #  include <stdint.h>
| # endif
| #endif
| #if HAVE_UNISTD_H
| # include <unistd.h>
| #endif
| #include <vfork.h>
configure:22411: result: no
configure:22415: checking vfork.h presence
configure:22425: gcc -E  -I/usr/local/include conftest.c
conftest.c:52:19: error: vfork.h: No such file or directory
configure:22431: $? = 1
configure: failed program was:
| /* confdefs.h.  */
| 
| #define PACKAGE_NAME "Enca"
| #define PACKAGE_TARNAME "enca"
| #define PACKAGE_VERSION "1.9"
| #define PACKAGE_STRING "Enca 1.9"
| #define PACKAGE_BUGREPORT "David Necas (Yeti) <yeti@physics.muni.cz>"
| #define PACKAGE "enca"
| #define VERSION "1.9"
| #define _GNU_SOURCE 1
| #define STDC_HEADERS 1
| #define HAVE_SYS_TYPES_H 1
| #define HAVE_SYS_STAT_H 1
| #define HAVE_STDLIB_H 1
| #define HAVE_STRING_H 1
| #define HAVE_MEMORY_H 1
| #define HAVE_STRINGS_H 1
| #define HAVE_INTTYPES_H 1
| #define HAVE_STDINT_H 1
| #define HAVE_UNISTD_H 1
| #define HAVE_DLFCN_H 1
| #ifdef __cplusplus
| extern "C" void std::exit (int); using std::exit;
| #endif
| #define PICONV_PROG "/opt/local/bin/piconv"
| #define HAVE__DEV_RANDOM 1
| #define HAVE__DEV_URANDOM 1
| #define STDC_HEADERS 1
| #define HAVE_SYS_WAIT_H 1
| #define TIME_WITH_SYS_TIME 1
| #define HAVE__BOOL 1
| #define HAVE_STDBOOL_H 1
| #define HAVE_ERRNO_H 1
| #define HAVE_FCNTL_H 1
| #define HAVE_GETOPT_H 1
| #define HAVE_LANGINFO_H 1
| #define HAVE_LIMITS_H 1
| #define HAVE_LOCALE_H 1
| #define HAVE_MEMORY_H 1
| #define HAVE_STRING_H 1
| #define HAVE_STRINGS_H 1
| #define HAVE_SYS_STAT_H 1
| #define HAVE_SYS_TYPES_H 1
| #define HAVE_SYS_WAIT_H 1
| #define HAVE_SYS_TIME_H 1
| #define HAVE_TIME_H 1
| #define HAVE_UNISTD_H 1
| #define HAVE_WORDEXP_H 1
| #define HAVE_DECL_LC_MESSAGES 1
| #define HAVE_UNISTD_H 1
| /* end confdefs.h.  */
| #include <vfork.h>
configure:22451: result: no
configure:22486: checking for vfork.h
configure:22493: result: no
configure:22511: checking for fork
configure:22568: gcc -o conftest -Wall -W -pedantic -g -O2  -I/usr/local/include  -L/usr/local/lib conftest.c  -lm >&5
conftest.c:76: warning: conflicting types for built-in function 'fork'
configure:22574: $? = 0
configure:22578: test -z 
			 || test ! -s conftest.err
configure:22581: $? = 0
configure:22584: test -s conftest
configure:22587: $? = 0
configure:22599: result: yes
configure:22511: checking for vfork
configure:22568: gcc -o conftest -Wall -W -pedantic -g -O2  -I/usr/local/include  -L/usr/local/lib conftest.c  -lm >&5
configure:22574: $? = 0
configure:22578: test -z 
			 || test ! -s conftest.err
configure:22581: $? = 0
configure:22584: test -s conftest
configure:22587: $? = 0
configure:22599: result: yes
configure:22610: checking for working fork
configure:22633: gcc -o conftest -Wall -W -pedantic -g -O2  -I/usr/local/include  -L/usr/local/lib conftest.c  -lm >&5
conftest.c: In function 'main':
conftest.c:9: warning: implicit declaration of function 'fork'
conftest.c:10: warning: implicit declaration of function 'exit'
conftest.c:10: warning: incompatible implicit declaration of built-in function 'exit'
configure:22636: $? = 0
configure:22638: ./conftest
configure:22641: $? = 0
configure:22655: result: yes
configure:22676: checking for working vfork
configure:22809: result: yes
configure:22867: checking for canonicalize_file_name
configure:22924: gcc -o conftest -Wall -W -pedantic -g -O2  -I/usr/local/include  -L/usr/local/lib conftest.c  -lm >&5
Undefined symbols:
  "_canonicalize_file_name", referenced from:
      _f in ccEdVwXF.o
      _canonicalize_file_name$non_lazy_ptr in ccEdVwXF.o
ld: symbol(s) not found
collect2: ld returned 1 exit status
configure:22930: $? = 1
configure: failed program was:
| /* confdefs.h.  */
| 
| #define PACKAGE_NAME "Enca"
| #define PACKAGE_TARNAME "enca"
| #define PACKAGE_VERSION "1.9"
| #define PACKAGE_STRING "Enca 1.9"
| #define PACKAGE_BUGREPORT "David Necas (Yeti) <yeti@physics.muni.cz>"
| #define PACKAGE "enca"
| #define VERSION "1.9"
| #define _GNU_SOURCE 1
| #define STDC_HEADERS 1
| #define HAVE_SYS_TYPES_H 1
| #define HAVE_SYS_STAT_H 1
| #define HAVE_STDLIB_H 1
| #define HAVE_STRING_H 1
| #define HAVE_MEMORY_H 1
| #define HAVE_STRINGS_H 1
| #define HAVE_INTTYPES_H 1
| #define HAVE_STDINT_H 1
| #define HAVE_UNISTD_H 1
| #define HAVE_DLFCN_H 1
| #ifdef __cplusplus
| extern "C" void std::exit (int); using std::exit;
| #endif
| #define PICONV_PROG "/opt/local/bin/piconv"
| #define HAVE__DEV_RANDOM 1
| #define HAVE__DEV_URANDOM 1
| #define STDC_HEADERS 1
| #define HAVE_SYS_WAIT_H 1
| #define TIME_WITH_SYS_TIME 1
| #define HAVE__BOOL 1
| #define HAVE_STDBOOL_H 1
| #define HAVE_ERRNO_H 1
| #define HAVE_FCNTL_H 1
| #define HAVE_GETOPT_H 1
| #define HAVE_LANGINFO_H 1
| #define HAVE_LIMITS_H 1
| #define HAVE_LOCALE_H 1
| #define HAVE_MEMORY_H 1
| #define HAVE_STRING_H 1
| #define HAVE_STRINGS_H 1
| #define HAVE_SYS_STAT_H 1
| #define HAVE_SYS_TYPES_H 1
| #define HAVE_SYS_WAIT_H 1
| #define HAVE_SYS_TIME_H 1
| #define HAVE_TIME_H 1
| #define HAVE_UNISTD_H 1
| #define HAVE_WORDEXP_H 1
| #define HAVE_DECL_LC_MESSAGES 1
| #define HAVE_UNISTD_H 1
| #define HAVE_FORK 1
| #define HAVE_VFORK 1
| #define HAVE_WORKING_VFORK 1
| #define HAVE_WORKING_FORK 1
| /* end confdefs.h.  */
| /* Define canonicalize_file_name to an innocuous variant, in case <limits.h> declares canonicalize_file_name.
|    For example, HP-UX 11i <limits.h> declares gettimeofday.  */
| #define canonicalize_file_name innocuous_canonicalize_file_name
| 
| /* System header to define __stub macros and hopefully few prototypes,
|     which can conflict with char canonicalize_file_name (); below.
|     Prefer <limits.h> to <assert.h> if __STDC__ is defined, since
|     <limits.h> exists even on freestanding compilers.  */
| 
| #ifdef __STDC__
| # include <limits.h>
| #else
| # include <assert.h>
| #endif
| 
| #undef canonicalize_file_name
| 
| /* Override any gcc2 internal prototype to avoid an error.  */
| #ifdef __cplusplus
| extern "C"
| {
| #endif
| /* We use char because int might match the return type of a gcc2
|    builtin and then its argument prototype would still apply.  */
| char canonicalize_file_name ();
| /* The GNU C library defines this for functions which it implements
|     to always fail with ENOSYS.  Some functions are actually named
|     something starting with __ and the normal name is an alias.  */
| #if defined (__stub_canonicalize_file_name) || defined (__stub___canonicalize_file_name)
| choke me
| #else
| char (*f) () = canonicalize_file_name;
| #endif
| #ifdef __cplusplus
| }
| #endif
| 
| int
| main ()
| {
| return f != canonicalize_file_name;
|   ;
|   return 0;
| }
configure:22955: result: no
configure:22867: checking for ftruncate
configure:22924: gcc -o conftest -Wall -W -pedantic -g -O2  -I/usr/local/include  -L/usr/local/lib conftest.c  -lm >&5
configure:22930: $? = 0
configure:22934: test -z 
			 || test ! -s conftest.err
configure:22937: $? = 0
configure:22940: test -s conftest
configure:22943: $? = 0
configure:22955: result: yes
configure:22867: checking for gettimeofday
configure:22924: gcc -o conftest -Wall -W -pedantic -g -O2  -I/usr/local/include  -L/usr/local/lib conftest.c  -lm >&5
configure:22930: $? = 0
configure:22934: test -z 
			 || test ! -s conftest.err
configure:22937: $? = 0
configure:22940: test -s conftest
configure:22943: $? = 0
configure:22955: result: yes
configure:22867: checking for isatty
configure:22924: gcc -o conftest -Wall -W -pedantic -g -O2  -I/usr/local/include  -L/usr/local/lib conftest.c  -lm >&5
configure:22930: $? = 0
configure:22934: test -z 
			 || test ! -s conftest.err
configure:22937: $? = 0
configure:22940: test -s conftest
configure:22943: $? = 0
configure:22955: result: yes
configure:22867: checking for nl_langinfo
configure:22924: gcc -o conftest -Wall -W -pedantic -g -O2  -I/usr/local/include  -L/usr/local/lib conftest.c  -lm >&5
configure:22930: $? = 0
configure:22934: test -z 
			 || test ! -s conftest.err
configure:22937: $? = 0
configure:22940: test -s conftest
configure:22943: $? = 0
configure:22955: result: yes
configure:22867: checking for random
configure:22924: gcc -o conftest -Wall -W -pedantic -g -O2  -I/usr/local/include  -L/usr/local/lib conftest.c  -lm >&5
configure:22930: $? = 0
configure:22934: test -z 
			 || test ! -s conftest.err
configure:22937: $? = 0
configure:22940: test -s conftest
configure:22943: $? = 0
configure:22955: result: yes
configure:22867: checking for realpath
configure:22924: gcc -o conftest -Wall -W -pedantic -g -O2  -I/usr/local/include  -L/usr/local/lib conftest.c  -lm >&5
configure:22930: $? = 0
configure:22934: test -z 
			 || test ! -s conftest.err
configure:22937: $? = 0
configure:22940: test -s conftest
configure:22943: $? = 0
configure:22955: result: yes
configure:22867: checking for strstr
configure:22924: gcc -o conftest -Wall -W -pedantic -g -O2  -I/usr/local/include  -L/usr/local/lib conftest.c  -lm >&5
conftest.c:86: warning: conflicting types for built-in function 'strstr'
configure:22930: $? = 0
configure:22934: test -z 
			 || test ! -s conftest.err
configure:22937: $? = 0
configure:22940: test -s conftest
configure:22943: $? = 0
configure:22955: result: yes
configure:22867: checking for stpcpy
configure:22924: gcc -o conftest -Wall -W -pedantic -g -O2  -I/usr/local/include  -L/usr/local/lib conftest.c  -lm >&5
conftest.c:87: warning: conflicting types for built-in function 'stpcpy'
configure:22930: $? = 0
configure:22934: test -z 
			 || test ! -s conftest.err
configure:22937: $? = 0
configure:22940: test -s conftest
configure:22943: $? = 0
configure:22955: result: yes
configure:22867: checking for setlocale
configure:22924: gcc -o conftest -Wall -W -pedantic -g -O2  -I/usr/local/include  -L/usr/local/lib conftest.c  -lm >&5
configure:22930: $? = 0
configure:22934: test -z 
			 || test ! -s conftest.err
configure:22937: $? = 0
configure:22940: test -s conftest
configure:22943: $? = 0
configure:22955: result: yes
configure:22867: checking for ttyname
configure:22924: gcc -o conftest -Wall -W -pedantic -g -O2  -I/usr/local/include  -L/usr/local/lib conftest.c  -lm >&5
configure:22930: $? = 0
configure:22934: test -z 
			 || test ! -s conftest.err
configure:22937: $? = 0
configure:22940: test -s conftest
configure:22943: $? = 0
configure:22955: result: yes
configure:22867: checking for wordexp
configure:22924: gcc -o conftest -Wall -W -pedantic -g -O2  -I/usr/local/include  -L/usr/local/lib conftest.c  -lm >&5
configure:22930: $? = 0
configure:22934: test -z 
			 || test ! -s conftest.err
configure:22937: $? = 0
configure:22940: test -s conftest
configure:22943: $? = 0
configure:22955: result: yes
configure:22969: checking for getopt_long
configure:23026: gcc -o conftest -Wall -W -pedantic -g -O2  -I/usr/local/include  -L/usr/local/lib conftest.c  -lm >&5
configure:23032: $? = 0
configure:23036: test -z 
			 || test ! -s conftest.err
configure:23039: $? = 0
configure:23042: test -s conftest
configure:23045: $? = 0
configure:23057: result: yes
configure:23078: checking for scanf size_t conversion modifier
configure:23105: gcc -o conftest -Wall -W -pedantic -g -O2  -I/usr/local/include  -L/usr/local/lib conftest.c  -lm >&5
conftest.c: In function 'main':
conftest.c:73: warning: implicit declaration of function 'sscanf'
conftest.c:73: warning: incompatible implicit declaration of built-in function 'sscanf'
conftest.c:73: warning: ISO C90 does not support the 'z' scanf length modifier
conftest.c:73: warning: format '%zd' expects type 'signed size_t *', but argument 3 has type 'size_t *'
configure:23108: $? = 0
configure:23110: ./conftest
configure:23113: $? = 0
configure:23127: result: z
configure:23176: checking for ld used by GCC
configure:23240: result: /usr/libexec/gcc/i686-apple-darwin9/4.0.1/ld
configure:23249: checking if the linker (/usr/libexec/gcc/i686-apple-darwin9/4.0.1/ld) is GNU ld
configure:23262: result: no
configure:23268: checking for shared library run path origin
configure:23281: result: done
configure:23712: checking for iconv
configure:23739: gcc -o conftest -Wall -W -pedantic -g -O2  -I/usr/local/include  -L/usr/local/lib conftest.c  -lm >&5
Undefined symbols:
  "_iconv", referenced from:
      _main in ccJMyIiF.o
  "_iconv_close", referenced from:
      _main in ccJMyIiF.o
  "_iconv_open", referenced from:
      _main in ccJMyIiF.o
ld: symbol(s) not found
collect2: ld returned 1 exit status
configure:23745: $? = 1
configure: failed program was:
| /* confdefs.h.  */
| 
| #define PACKAGE_NAME "Enca"
| #define PACKAGE_TARNAME "enca"
| #define PACKAGE_VERSION "1.9"
| #define PACKAGE_STRING "Enca 1.9"
| #define PACKAGE_BUGREPORT "David Necas (Yeti) <yeti@physics.muni.cz>"
| #define PACKAGE "enca"
| #define VERSION "1.9"
| #define _GNU_SOURCE 1
| #define STDC_HEADERS 1
| #define HAVE_SYS_TYPES_H 1
| #define HAVE_SYS_STAT_H 1
| #define HAVE_STDLIB_H 1
| #define HAVE_STRING_H 1
| #define HAVE_MEMORY_H 1
| #define HAVE_STRINGS_H 1
| #define HAVE_INTTYPES_H 1
| #define HAVE_STDINT_H 1
| #define HAVE_UNISTD_H 1
| #define HAVE_DLFCN_H 1
| #ifdef __cplusplus
| extern "C" void std::exit (int); using std::exit;
| #endif
| #define PICONV_PROG "/opt/local/bin/piconv"
| #define HAVE__DEV_RANDOM 1
| #define HAVE__DEV_URANDOM 1
| #define STDC_HEADERS 1
| #define HAVE_SYS_WAIT_H 1
| #define TIME_WITH_SYS_TIME 1
| #define HAVE__BOOL 1
| #define HAVE_STDBOOL_H 1
| #define HAVE_ERRNO_H 1
| #define HAVE_FCNTL_H 1
| #define HAVE_GETOPT_H 1
| #define HAVE_LANGINFO_H 1
| #define HAVE_LIMITS_H 1
| #define HAVE_LOCALE_H 1
| #define HAVE_MEMORY_H 1
| #define HAVE_STRING_H 1
| #define HAVE_STRINGS_H 1
| #define HAVE_SYS_STAT_H 1
| #define HAVE_SYS_TYPES_H 1
| #define HAVE_SYS_WAIT_H 1
| #define HAVE_SYS_TIME_H 1
| #define HAVE_TIME_H 1
| #define HAVE_UNISTD_H 1
| #define HAVE_WORDEXP_H 1
| #define HAVE_DECL_LC_MESSAGES 1
| #define HAVE_UNISTD_H 1
| #define HAVE_FORK 1
| #define HAVE_VFORK 1
| #define HAVE_WORKING_VFORK 1
| #define HAVE_WORKING_FORK 1
| #define HAVE_FTRUNCATE 1
| #define HAVE_GETTIMEOFDAY 1
| #define HAVE_ISATTY 1
| #define HAVE_NL_LANGINFO 1
| #define HAVE_RANDOM 1
| #define HAVE_REALPATH 1
| #define HAVE_STRSTR 1
| #define HAVE_STPCPY 1
| #define HAVE_SETLOCALE 1
| #define HAVE_TTYNAME 1
| #define HAVE_WORDEXP 1
| #define HAVE_GETOPT_LONG 1
| #define SCANF_MODIF_SIZE_T "z"
| /* end confdefs.h.  */
| #include <stdlib.h>
| #include <iconv.h>
| int
| main ()
| {
| iconv_t cd = iconv_open("","");
|        iconv(cd,NULL,NULL,NULL,NULL);
|        iconv_close(cd);
|   ;
|   return 0;
| }
configure:23790: gcc -o conftest -Wall -W -pedantic -g -O2  -I/usr/local/include  -L/usr/local/lib conftest.c  -lm -liconv >&5
configure:23796: $? = 0
configure:23800: test -z 
			 || test ! -s conftest.err
configure:23803: $? = 0
configure:23806: test -s conftest
configure:23809: $? = 0
configure:23824: result: yes
configure:23834: checking how to link with libiconv
configure:23836: result: -liconv
configure:23847: checking for iconv declaration
configure:23881: gcc -c -Wall -W -pedantic -g -O2  -I/usr/local/include conftest.c >&5
configure:23887: $? = 0
configure:23891: test -z 
			 || test ! -s conftest.err
configure:23894: $? = 0
configure:23897: test -s conftest.o
configure:23900: $? = 0
configure:23915: result: 
         extern size_t iconv (iconv_t cd, char * *inbuf, size_t *inbytesleft, char * *outbuf, size_t *outbytesleft);
configure:23929: checking whether iconv implementation is usable
iconvcap: checking for ISO8859-1 -> Unicode... found ISO-8859-1 -> UCS-2
iconvcap: checking for ASCII -> Unicode... found ASCII -> UCS-2
iconvcap: checking for BALTIC -> Unicode... found ISO-IR-179 -> UCS-2
iconvcap: checking for CP1125 -> Unicode... found CP1125 -> UCS-2
iconvcap: checking for CP1250 -> Unicode... found CP1250 -> UCS-2
iconvcap: checking for CP1251 -> Unicode... found CP1251 -> UCS-2
iconvcap: checking for CP1257 -> Unicode... found CP1257 -> UCS-2
iconvcap: checking for ECMA113 -> Unicode... failed.
iconvcap: checking for IBM852 -> Unicode... found IBM852 -> UCS-2
iconvcap: checking for IBM855 -> Unicode... found IBM855 -> UCS-2
iconvcap: checking for IBM775 -> Unicode... found IBM775 -> UCS-2
iconvcap: checking for IBM866 -> Unicode... found IBM866 -> UCS-2
iconvcap: checking for ISO88592 -> Unicode... found ISO-8859-2 -> UCS-2
iconvcap: checking for ISO88594 -> Unicode... found ISO-8859-4 -> UCS-2
iconvcap: checking for ISO88595 -> Unicode... found ISO-8859-5 -> UCS-2
iconvcap: checking for ISO885913 -> Unicode... found ISO-8859-13 -> UCS-2
iconvcap: checking for ISO885916 -> Unicode... found ISO-8859-16 -> UCS-2
iconvcap: checking for KEYBCS2 -> Unicode... failed.
iconvcap: checking for KOI8CS2 -> Unicode... failed.
iconvcap: checking for KOI8R -> Unicode... found KOI8-R -> UCS-2
iconvcap: checking for KOI8U -> Unicode... found KOI8-U -> UCS-2
iconvcap: checking for KOI8UNI -> Unicode... failed.
iconvcap: checking for MACCE -> Unicode... failed.
iconvcap: checking for MACCYR -> Unicode... found MACCYRILLIC -> UCS-2
iconvcap: checking for LATEX -> Unicode... failed.
iconvcap: checking for UCS2 -> Unicode... found UCS-2 -> UCS-2
iconvcap: checking for UCS4 -> Unicode... found UCS-4 -> UCS-2
iconvcap: checking for UTF7 -> Unicode... found UTF-7 -> UCS-2
iconvcap: checking for UTF8 -> Unicode... found UTF-8 -> UCS-2
iconvcap: checking for CORK -> Unicode... failed.
iconvcap: checking for GBK -> Unicode... found GBK -> UCS-2
iconvcap: checking for BIG5 -> Unicode... found BIG5 -> UCS-2
iconvcap: checking for HZ -> Unicode... found HZ -> UCS-2
configure:23940: result: yes
configure:23948: checking whether iconv is transitive
iconvcap: transitivity OK
configure:23959: result: yes
configure:24006: checking for recode_new_outer in librecode
configure:24027: gcc -o conftest -Wall -W -pedantic -g -O2  -I/usr/local/include   -L/usr/local/lib  conftest.c  -lm -lrecode >&5
conftest.c: In function 'main':
conftest.c:77: warning: implicit declaration of function 'recode_new_outer'
ld: library not found for -lrecode
collect2: ld returned 1 exit status
configure:24033: $? = 1
configure: failed program was:
| /* confdefs.h.  */
| 
| #define PACKAGE_NAME "Enca"
| #define PACKAGE_TARNAME "enca"
| #define PACKAGE_VERSION "1.9"
| #define PACKAGE_STRING "Enca 1.9"
| #define PACKAGE_BUGREPORT "David Necas (Yeti) <yeti@physics.muni.cz>"
| #define PACKAGE "enca"
| #define VERSION "1.9"
| #define _GNU_SOURCE 1
| #define STDC_HEADERS 1
| #define HAVE_SYS_TYPES_H 1
| #define HAVE_SYS_STAT_H 1
| #define HAVE_STDLIB_H 1
| #define HAVE_STRING_H 1
| #define HAVE_MEMORY_H 1
| #define HAVE_STRINGS_H 1
| #define HAVE_INTTYPES_H 1
| #define HAVE_STDINT_H 1
| #define HAVE_UNISTD_H 1
| #define HAVE_DLFCN_H 1
| #ifdef __cplusplus
| extern "C" void std::exit (int); using std::exit;
| #endif
| #define PICONV_PROG "/opt/local/bin/piconv"
| #define HAVE__DEV_RANDOM 1
| #define HAVE__DEV_URANDOM 1
| #define STDC_HEADERS 1
| #define HAVE_SYS_WAIT_H 1
| #define TIME_WITH_SYS_TIME 1
| #define HAVE__BOOL 1
| #define HAVE_STDBOOL_H 1
| #define HAVE_ERRNO_H 1
| #define HAVE_FCNTL_H 1
| #define HAVE_GETOPT_H 1
| #define HAVE_LANGINFO_H 1
| #define HAVE_LIMITS_H 1
| #define HAVE_LOCALE_H 1
| #define HAVE_MEMORY_H 1
| #define HAVE_STRING_H 1
| #define HAVE_STRINGS_H 1
| #define HAVE_SYS_STAT_H 1
| #define HAVE_SYS_TYPES_H 1
| #define HAVE_SYS_WAIT_H 1
| #define HAVE_SYS_TIME_H 1
| #define HAVE_TIME_H 1
| #define HAVE_UNISTD_H 1
| #define HAVE_WORDEXP_H 1
| #define HAVE_DECL_LC_MESSAGES 1
| #define HAVE_UNISTD_H 1
| #define HAVE_FORK 1
| #define HAVE_VFORK 1
| #define HAVE_WORKING_VFORK 1
| #define HAVE_WORKING_FORK 1
| #define HAVE_FTRUNCATE 1
| #define HAVE_GETTIMEOFDAY 1
| #define HAVE_ISATTY 1
| #define HAVE_NL_LANGINFO 1
| #define HAVE_RANDOM 1
| #define HAVE_REALPATH 1
| #define HAVE_STRSTR 1
| #define HAVE_STPCPY 1
| #define HAVE_SETLOCALE 1
| #define HAVE_TTYNAME 1
| #define HAVE_WORDEXP 1
| #define HAVE_GETOPT_LONG 1
| #define SCANF_MODIF_SIZE_T "z"
| #define HAVE_ICONV 1
| #define ICONV_CONST 
| #define HAVE_GOOD_ICONV 1
| #define ICONV_IS_TRANSITIVE 1
| /* end confdefs.h.  */
| char* program_name = "";
| int
| main ()
| {
| recode_new_outer(0);
|   ;
|   return 0;
| }
configure:24058: result: no
configure:24236: checking for locale.alias
configure:24252: result: /usr/share/locale/locale.alias
configure:24418: creating ./config.status

## ---------------------- ##
## Running config.status. ##
## ---------------------- ##

This file was extended by Enca config.status 1.9, which was
generated by GNU Autoconf 2.59.  Invocation command line was

  CONFIG_FILES    = 
  CONFIG_HEADERS  = 
  CONFIG_LINKS    = 
  CONFIG_COMMANDS = 
  $ ./config.status 

on mackie.leafmunchers.org

config.status:749: creating Makefile
config.status:749: creating enca.spec
config.status:749: creating enca.pc
config.status:749: creating devel-docs/Makefile
config.status:749: creating data/Makefile
config.status:749: creating lib/Makefile
config.status:749: creating script/Makefile
config.status:749: creating script/b-cstocs
config.status:749: creating script/b-map
config.status:749: creating script/b-piconv
config.status:749: creating script/b-umap
config.status:749: creating src/Makefile
config.status:749: creating src/HELP
config.status:749: creating test/Makefile
config.status:749: creating tools/Makefile
config.status:853: creating config.h
config.status:1265: executing depfiles commands

## ---------------- ##
## Cache variables. ##
## ---------------- ##

ac_cv_build=i686-apple-darwin9.2.2
ac_cv_build_alias=i686-apple-darwin9.2.2
ac_cv_c_compiler_gnu=yes
ac_cv_c_const=yes
ac_cv_cxx_compiler_gnu=yes
ac_cv_env_CC_set=
ac_cv_env_CC_value=
ac_cv_env_CFLAGS_set=
ac_cv_env_CFLAGS_value=
ac_cv_env_CPPFLAGS_set=
ac_cv_env_CPPFLAGS_value=
ac_cv_env_CPP_set=
ac_cv_env_CPP_value=
ac_cv_env_CXXCPP_set=
ac_cv_env_CXXCPP_value=
ac_cv_env_CXXFLAGS_set=
ac_cv_env_CXXFLAGS_value=
ac_cv_env_CXX_set=
ac_cv_env_CXX_value=
ac_cv_env_F77_set=
ac_cv_env_F77_value=
ac_cv_env_FFLAGS_set=
ac_cv_env_FFLAGS_value=
ac_cv_env_LDFLAGS_set=
ac_cv_env_LDFLAGS_value=
ac_cv_env_build_alias_set=
ac_cv_env_build_alias_value=
ac_cv_env_host_alias_set=
ac_cv_env_host_alias_value=
ac_cv_env_target_alias_set=
ac_cv_env_target_alias_value=
ac_cv_exeext=
ac_cv_f77_compiler_gnu=no
ac_cv_file__dev_arandom=no
ac_cv_file__dev_random=yes
ac_cv_file__dev_srandom=no
ac_cv_file__dev_urandom=yes
ac_cv_func_canonicalize_file_name=no
ac_cv_func_fork=yes
ac_cv_func_fork_works=yes
ac_cv_func_ftruncate=yes
ac_cv_func_getopt_long=yes
ac_cv_func_gettimeofday=yes
ac_cv_func_isatty=yes
ac_cv_func_nl_langinfo=yes
ac_cv_func_random=yes
ac_cv_func_realpath=yes
ac_cv_func_setlocale=yes
ac_cv_func_stpcpy=yes
ac_cv_func_strstr=yes
ac_cv_func_ttyname=yes
ac_cv_func_vfork=yes
ac_cv_func_vfork_works=yes
ac_cv_func_wordexp=yes
ac_cv_have_decl_LC_MESSAGES=yes
ac_cv_header_dlfcn_h=yes
ac_cv_header_errno_h=yes
ac_cv_header_fcntl_h=yes
ac_cv_header_getopt_h=yes
ac_cv_header_inttypes_h=yes
ac_cv_header_langinfo_h=yes
ac_cv_header_limits_h=yes
ac_cv_header_locale_h=yes
ac_cv_header_memory_h=yes
ac_cv_header_stat_broken=no
ac_cv_header_stdbool_h=yes
ac_cv_header_stdc=yes
ac_cv_header_stdint_h=yes
ac_cv_header_stdlib_h=yes
ac_cv_header_string_h=yes
ac_cv_header_strings_h=yes
ac_cv_header_sys_stat_h=yes
ac_cv_header_sys_time_h=yes
ac_cv_header_sys_types_h=yes
ac_cv_header_sys_wait_h=yes
ac_cv_header_time=yes
ac_cv_header_time_h=yes
ac_cv_header_unistd_h=yes
ac_cv_header_vfork_h=no
ac_cv_header_wordexp_h=yes
ac_cv_host=i686-apple-darwin9.2.2
ac_cv_host_alias=i686-apple-darwin9.2.2
ac_cv_lib_m_sqrt=yes
ac_cv_objext=o
ac_cv_path_MKTEMP_PROG=/usr/bin/mktemp
ac_cv_path_PICONV_PROG=/opt/local/bin/piconv
ac_cv_path_install='/opt/local/bin/ginstall -c'
ac_cv_prog_AWK=gawk
ac_cv_prog_CPP='gcc -E'
ac_cv_prog_CXXCPP='g++ -E'
ac_cv_prog_GTKDOC=true
ac_cv_prog_ac_ct_AR=ar
ac_cv_prog_ac_ct_CC=gcc
ac_cv_prog_ac_ct_CXX=g++
ac_cv_prog_ac_ct_RANLIB=ranlib
ac_cv_prog_ac_ct_STRIP=strip
ac_cv_prog_cc_g=yes
ac_cv_prog_cc_stdc=
ac_cv_prog_cxx_g=yes
ac_cv_prog_egrep='grep -E'
ac_cv_prog_f77_g=no
ac_cv_prog_make_make_set=yes
ac_cv_search_strerror='none required'
ac_cv_type__Bool=yes
ac_cv_type_mode_t=yes
ac_cv_type_off_t=yes
ac_cv_type_pid_t=yes
ac_cv_type_size_t=yes
ac_cv_type_ssize_t=yes
ac_cv_type_uid_t=yes
acl_cv_hardcode_direct=no
acl_cv_hardcode_libdir_flag_spec=
acl_cv_hardcode_libdir_separator=
acl_cv_hardcode_minus_L=no
acl_cv_libext=a
acl_cv_path_LD=/usr/libexec/gcc/i686-apple-darwin9/4.0.1/ld
acl_cv_prog_gnu_ld=no
acl_cv_rpath=done
acl_cv_shlibext=dylib
acl_cv_wl=-Wl,
am_cv_CC_dependencies_compiler_type=gcc3
am_cv_CXX_dependencies_compiler_type=gcc3
am_cv_func_iconv=yes
am_cv_lib_iconv=yes
am_cv_prog_cc_stdc=
am_cv_proto_iconv='extern size_t iconv (iconv_t cd, char * *inbuf, size_t *inbytesleft, char * *outbuf, size_t *outbytesleft);'
am_cv_proto_iconv_arg1=
lt_cv_deplibs_check_method=pass_all
lt_cv_file_magic_cmd='$MAGIC_CMD'
lt_cv_file_magic_test_file=
lt_cv_ld_reload_flag=-r
lt_cv_objdir=.libs
lt_cv_path_LD=/usr/libexec/gcc/i686-apple-darwin9/4.0.1/ld
lt_cv_path_LDCXX=/usr/libexec/gcc/i686-apple-darwin9/4.0.1/ld
lt_cv_path_NM='/usr/bin/nm -p'
lt_cv_path_SED=/usr/bin/sed
lt_cv_prog_compiler_c_o=yes
lt_cv_prog_compiler_c_o_CXX=yes
lt_cv_prog_compiler_rtti_exceptions=no
lt_cv_prog_gnu_ld=no
lt_cv_prog_gnu_ldcxx=no
lt_cv_sys_global_symbol_pipe='sed -n -e '\''s/^.*[ 	]\([BCDEGRST][BCDEGRST]*\)[ 	][ 	]*\(_\)\([_A-Za-z][_A-Za-z0-9]*\)$/\1 \2\3 \3/p'\'''
lt_cv_sys_global_symbol_to_c_name_address='sed -n -e '\''s/^: \([^ ]*\) $/  {\"\1\", (lt_ptr) 0},/p'\'' -e '\''s/^[BCDEGRST] \([^ ]*\) \([^ ]*\)$/  {"\2", (lt_ptr) \&\2},/p'\'''
lt_cv_sys_global_symbol_to_cdecl='sed -n -e '\''s/^. .* \(.*\)$/extern int \1;/p'\'''
lt_cv_sys_max_cmd_len=65536
lt_lt_cv_prog_compiler_c_o='"yes"'
lt_lt_cv_prog_compiler_c_o_CXX='"yes"'
lt_lt_cv_sys_global_symbol_pipe='"sed -n -e '\''s/^.*[ 	]\\([BCDEGRST][BCDEGRST]*\\)[ 	][ 	]*\\(_\\)\\([_A-Za-z][_A-Za-z0-9]*\\)\$/\\1 \\2\\3 \\3/p'\''"'
lt_lt_cv_sys_global_symbol_to_c_name_address='"sed -n -e '\''s/^: \\([^ ]*\\) \$/  {\\\"\\1\\\", (lt_ptr) 0},/p'\'' -e '\''s/^[BCDEGRST] \\([^ ]*\\) \\([^ ]*\\)\$/  {\"\\2\", (lt_ptr) \\&\\2},/p'\''"'
lt_lt_cv_sys_global_symbol_to_cdecl='"sed -n -e '\''s/^. .* \\(.*\\)\$/extern int \\1;/p'\''"'
yeti_cv_file_locale_alias=/usr/share/locale/locale.alias
yeti_cv_func_scanf_modif_size_t=z
yeti_cv_lib_c_iconv_transitive=yes
yeti_cv_lib_c_program_invocation_short_name=no
yeti_cv_lib_recode_new_outer=no

## ----------------- ##
## Output variables. ##
## ----------------- ##

ACLOCAL='${SHELL} /Volumes/Whopper/Users/elan/Code/C++/XBMC-sources/enca-1.9/missing --run aclocal-1.9 -I m4'
AMDEPBACKSLASH='\'
AMDEP_FALSE='#'
AMDEP_TRUE=''
AMTAR='${SHELL} /Volumes/Whopper/Users/elan/Code/C++/XBMC-sources/enca-1.9/missing --run tar'
AR='ar'
AUTOCONF='${SHELL} /Volumes/Whopper/Users/elan/Code/C++/XBMC-sources/enca-1.9/missing --run autoconf'
AUTOHEADER='${SHELL} /Volumes/Whopper/Users/elan/Code/C++/XBMC-sources/enca-1.9/missing --run autoheader'
AUTOMAKE='${SHELL} /Volumes/Whopper/Users/elan/Code/C++/XBMC-sources/enca-1.9/missing --run automake-1.9'
AWK='gawk'
CC='gcc'
CCDEPMODE='depmode=gcc3'
CFLAGS='-Wall -W -pedantic -g -O2'
CONVERTOR_LIBS=' -liconv'
CPP='gcc -E'
CPPFLAGS=' -I/usr/local/include'
CSTOCS_PROG=''
CXX='g++'
CXXCPP='g++ -E'
CXXDEPMODE='depmode=gcc3'
CXXFLAGS='-g -O2'
CYGPATH_W='echo'
DEFAULT_CONVERTOR_LIST='built-in,iconv'
DEFAULT_EXTERNAL_CONVERTOR='piconv'
DEFS='-DHAVE_CONFIG_H'
DEPDIR='.deps'
ECHO='/bin/echo'
ECHO_C='ECHO_N=''
ECHO_T=''
EGREP='grep -E'
ENABLE_GTK_DOC_FALSE='#'
ENABLE_GTK_DOC_TRUE=''
EXEEXT=''
F77=''
FFLAGS=''
GTKDOC='true'
HTML_DIR='${prefix}/share/gtk-doc/html'
INSTALL_DATA='${INSTALL} -m 644'
INSTALL_PROGRAM='${INSTALL}'
INSTALL_SCRIPT='${INSTALL}'
INSTALL_STRIP_PROGRAM='${SHELL} $(install_sh) -c -s'
LDFLAGS=' -L/usr/local/lib'
LIBICONV='-liconv'
LIBM='-lm'
LIBOBJS=''
LIBS=' -lm'
LIBTOOL='$(SHELL) $(top_builddir)/libtool'
LN_S='ln -s'
LTLIBICONV='-liconv'
LTLIBOBJS=''
MAINT='#'
MAINTAINER_MODE_FALSE=''
MAINTAINER_MODE_TRUE='#'
MAKEINFO='${SHELL} /Volumes/Whopper/Users/elan/Code/C++/XBMC-sources/enca-1.9/missing --run makeinfo'
MAP_PROG=''
MKTEMP_PROG='/usr/bin/mktemp'
OBJEXT='o'
PACKAGE='enca'
PACKAGE_BUGREPORT='David Necas (Yeti) <yeti@physics.muni.cz>'
PACKAGE_NAME='Enca'
PACKAGE_STRING='Enca 1.9'
PACKAGE_TARNAME='enca'
PACKAGE_VERSION='1.9'
PATH_SEPARATOR=':'
PICONV_PROG='/opt/local/bin/piconv'
RANLIB='ranlib'
RECODE_PROG=''
RELEASE='1'
SET_MAKE=''
SHELL='/bin/sh'
SHELL_RANDOM_FILENAME='`/usr/bin/mktemp /tmp/enca-$$-XXXXXXXX`'
STRIP='strip'
UMAP_PROG=''
VERSION='1.9'
ac_ct_AR='ar'
ac_ct_CC='gcc'
ac_ct_CXX='g++'
ac_ct_F77=''
ac_ct_RANLIB='ranlib'
ac_ct_STRIP='strip'
am__fastdepCC_FALSE='#'
am__fastdepCC_TRUE=''
am__fastdepCXX_FALSE='#'
am__fastdepCXX_TRUE=''
am__include='include'
am__leading_dot='.'
am__quote=''
am__tar='${AMTAR} chof - "$$tardir"'
am__untar='${AMTAR} xf -'
bindir='${exec_prefix}/bin'
build='i686-apple-darwin9.2.2'
build_alias=''
build_cpu='i686'
build_os='darwin9.2.2'
build_vendor='apple'
datadir='${prefix}/share'
exec_prefix='${prefix}'
host='i686-apple-darwin9.2.2'
host_alias=''
host_cpu='i686'
host_os='darwin9.2.2'
host_vendor='apple'
includedir='${prefix}/include'
infodir='${prefix}/info'
install_sh='/Volumes/Whopper/Users/elan/Code/C++/XBMC-sources/enca-1.9/install-sh'
libdir='${exec_prefix}/lib'
libexecdir='${exec_prefix}/libexec'
localstatedir='${prefix}/var'
mandir='${prefix}/man'
mkdir_p='$(mkinstalldirs)'
oldincludedir='/usr/include'
prefix='/usr/local'
program_transform_name='s,x,x,'
sbindir='${exec_prefix}/sbin'
sharedstatedir='${prefix}/com'
sysconfdir='${prefix}/etc'
target_alias=''

## ----------- ##
## confdefs.h. ##
## ----------- ##

#define DEFAULT_CONVERTOR_LIST "built-in,iconv"
#define DEFAULT_EXTERNAL_CONVERTOR "piconv"
#define ENABLE_EXTERNAL 1
#define HAVE_DECL_LC_MESSAGES 1
#define HAVE_DLFCN_H 1
#define HAVE_ERRNO_H 1
#define HAVE_FCNTL_H 1
#define HAVE_FORK 1
#define HAVE_FTRUNCATE 1
#define HAVE_GETOPT_H 1
#define HAVE_GETOPT_LONG 1
#define HAVE_GETTIMEOFDAY 1
#define HAVE_GOOD_ICONV 1
#define HAVE_ICONV 1
#define HAVE_INTTYPES_H 1
#define HAVE_ISATTY 1
#define HAVE_LANGINFO_H 1
#define HAVE_LIMITS_H 1
#define HAVE_LOCALE_ALIAS 1
#define HAVE_LOCALE_H 1
#define HAVE_MEMORY_H 1
#define HAVE_MEMORY_H 1
#define HAVE_NL_LANGINFO 1
#define HAVE_RANDOM 1
#define HAVE_REALPATH 1
#define HAVE_SETLOCALE 1
#define HAVE_STDBOOL_H 1
#define HAVE_STDINT_H 1
#define HAVE_STDLIB_H 1
#define HAVE_STPCPY 1
#define HAVE_STRINGS_H 1
#define HAVE_STRINGS_H 1
#define HAVE_STRING_H 1
#define HAVE_STRING_H 1
#define HAVE_STRSTR 1
#define HAVE_SYS_STAT_H 1
#define HAVE_SYS_STAT_H 1
#define HAVE_SYS_TIME_H 1
#define HAVE_SYS_TYPES_H 1
#define HAVE_SYS_TYPES_H 1
#define HAVE_SYS_WAIT_H 1
#define HAVE_SYS_WAIT_H 1
#define HAVE_TIME_H 1
#define HAVE_TTYNAME 1
#define HAVE_UNISTD_H 1
#define HAVE_UNISTD_H 1
#define HAVE_UNISTD_H 1
#define HAVE_VFORK 1
#define HAVE_WORDEXP 1
#define HAVE_WORDEXP_H 1
#define HAVE_WORKING_FORK 1
#define HAVE_WORKING_VFORK 1
#define HAVE__BOOL 1
#define HAVE__DEV_RANDOM 1
#define HAVE__DEV_URANDOM 1
#define ICONV_CONST 
#define ICONV_IS_TRANSITIVE 1
#define LOCALE_ALIAS_PATH "/usr/share/locale/locale.alias"
#define PACKAGE "enca"
#define PACKAGE_BUGREPORT "David Necas (Yeti) <yeti@physics.muni.cz>"
#define PACKAGE_NAME "Enca"
#define PACKAGE_STRING "Enca 1.9"
#define PACKAGE_TARNAME "enca"
#define PACKAGE_VERSION "1.9"
#define PICONV_PROG "/opt/local/bin/piconv"
#define SCANF_MODIF_SIZE_T "z"
#define STDC_HEADERS 1
#define STDC_HEADERS 1
#define TIME_WITH_SYS_TIME 1
#define VERSION "1.9"
#define _GNU_SOURCE 1
#endif
#ifdef __cplusplus
extern "C" void std::exit (int); using std::exit;

configure: exit 0
