libcharset-1.1/tools/README                      libcharset-1.1/tools/README
libcharset-1.1/tools/aix-3.2.5                   libcharset-1.1/tools/aix-3.2.5
libcharset-1.1/tools/aix-4.1.5                   libcharset-1.1/tools/aix-4.1.5
libcharset-1.1/tools/aix-4.2.0                   libcharset-1.1/tools/aix-4.2.0
libcharset-1.1/tools/aix-4.3.2                   libcharset-1.1/tools/aix-4.3.2
libcharset-1.1/tools/all-charsets                libcharset-1.1/tools/all-charsets
libcharset-1.1/tools/all-locales                 libcharset-1.1/tools/all-locales
libcharset-1.1/tools/freebsd-3.3                 libcharset-1.1/tools/freebsd-3.3
libcharset-1.1/tools/glibc-2.1.3                 libcharset-1.1/tools/glibc-2.1.3
libcharset-1.1/tools/glibc-2.1.90                libcharset-1.1/tools/glibc-2.1.90
libcharset-1.1/tools/hpux-10.01                  libcharset-1.1/tools/hpux-10.01
libcharset-1.1/tools/hpux-10.20                  libcharset-1.1/tools/hpux-10.20
libcharset-1.1/tools/hpux-11.00                  libcharset-1.1/tools/hpux-11.00
libcharset-1.1/tools/irix-6.5                    libcharset-1.1/tools/irix-6.5
libcharset-1.1/tools/locale_charmap              libcharset-1.1/tools/locale_charmap
libcharset-1.1/tools/locale_charset.c            libcharset-1.1/tools/locale_charset.c
libcharset-1.1/tools/locale_codeset.c            libcharset-1.1/tools/localecodeset.c
libcharset-1.1/tools/osf1-4.0a                   libcharset-1.1/tools/osf1-4.0a
libcharset-1.1/tools/osf1-4.0d                   libcharset-1.1/tools/osf1-4.0d
libcharset-1.1/tools/osf1-5.1                    libcharset-1.1/tools/osf1-5.1
libcharset-1.1/tools/solaris-2.4                 libcharset-1.1/tools/solaris-2.4
libcharset-1.1/tools/solaris-2.5.1               libcharset-1.1/tools/solaris-2.5.1
libcharset-1.1/tools/solaris-2.6                 libcharset-1.1/tools/solaris-2.6
libcharset-1.1/tools/solaris-2.6-cjk             libcharset-1.1/tools/solaris-2.6-cjk
libcharset-1.1/tools/solaris-2.7                 libcharset-1.1/tools/solaris-2.7
libcharset-1.1/tools/sunos-4.1.4                 libcharset-1.1/tools/sunos-4.1.4
libcharset-1.1/tools/win32                       libcharset-1.1/tools/win32
libcharset-1.1/tools/glibc-2.2                   libcharset-1.1/tools/glibc-2.2
libcharset-1.1/tools/all-charsets-X11            libcharset-1.1/tools/all-charsets.X11
libcharset-1.1/tools/glibc-2.2-XF86-3.3.6        libcharset-1.1/tools/glibc-2.2-XF86-3.3.6
libcharset-1.1/tools/glibc-2.2-XF86-4.0.1f       libcharset-1.1/tools/glibc-2.2XF86-4.0.1f
libcharset-1.1/tools/locale_x11encoding.c        libcharset-1.1/tools/locale_x11encoding.c
libcharset-1.1/tools/beos-5                      libcharset-1.1/tools/beos-5
libcharset-1.1/m4/ChangeLog                      libcharset-1.1/m4/ChangeLog
libcharset-1.1/m4/codeset.m4                     libcharset-1.1/m4/codeset.m4
libcharset-1.1/m4/glibc21.m4                     libcharset-1.1/m4/glibc21.m4
libcharset-1.1/m4/libtool.m4                     libcharset-1.1/m4/libtool.m4
libcharset-1.1/lib/config.charset                libcharset-1.1/lib/config.charset
libcharset-1.1/lib/localcharset.c                libcharset-1.1/lib/localcharset.c
libcharset-1.1/lib/ref-add.sin                   libcharset-1.1/lib/ref-add.sin
libcharset-1.1/lib/ref-del.sin                   libcharset-1.1/lib/ref-del.sin
libcharset-1.1/lib/ChangeLog                     libcharset-1.1/lib/ChangeLog
libcharset-1.1/lib/Makefile.in                   libcharset-1.1/lib/Makefile.in
libcharset-1.1/lib/Makefile.msvc                 libcharset-1.1/lib/Makefile.msvc
libcharset-1.1/AUTHORS                           libcharset-1.1/AUTHORS
libcharset-1.1/COPYING.LIB                       libcharset-1.1/COPYING.LIB
libcharset-1.1/INSTALL.generic                   libcharset-1.1/INSTALL.generic
libcharset-1.1/README                            libcharset-1.1/README
libcharset-1.1/Makefile.devel                    libcharset-1.1/Makefile.devel
libcharset-1.1/Makefile.in                       libcharset-1.1/Makefile.in
libcharset-1.1/configure.ac                      libcharset-1.1/configure.ac
libcharset-1.1/configure                         libcharset-1.1/configure
libcharset-1.1/INTEGRATE                         libcharset-1.1/INTEGRATE
libcharset-1.1/include/localcharset.h.in         libcharset-1.1/include/localcharset.h.in
libcharset-1.1/include/localcharset.h.msvc-shared libcharset-1.1/include/localcharset_h.shared-msvc
libcharset-1.1/autoconf/config.guess             libcharset-1.1/autoconf/config.guess
libcharset-1.1/autoconf/config.sub               libcharset-1.1/autoconf/config.sub
libcharset-1.1/autoconf/ltmain.sh                libcharset-1.1/autoconf/ltmain.sh
libcharset-1.1/autoconf/install-sh               libcharset-1.1/autoconf/install-sh
libcharset-1.1/autoconf/aclocal.m4               libcharset-1.1/autoconf/aclocal.m4
libcharset-1.1/autoconf/mkinstalldirs            libcharset-1.1/autoconf/mkinstalldirs
libcharset-1.1/config.h.in                       libcharset-1.1/config.h.in
libcharset-1.1/windows/dllexport.h               libcharset-1.1/windows/dllexport.h
libcharset-1.1/ChangeLog                         libcharset-1.1/ChangeLog
libcharset-1.1/Makefile.msvc                     libcharset-1.1/Makefile.msvc
libcharset-1.1/README.win32                      libcharset-1.1/README.win32
libcharset-1.1/config.h.msvc                     libcharset-1.1/config.h.msvc
