This file contains any messages produced by compilers while
running configure, to aid debugging if configure makes a mistake.

It was created by configure, which was
generated by GNU Autoconf 2.61.  Invocation command line was

  $ ./configure 

## --------- ##
## Platform. ##
## --------- ##

hostname = vulkan-laptop
uname -m = i686
uname -r = 2.6.22-rc5-vulkan
uname -s = Linux
uname -v = #2 SMP Tue Jun 19 18:20:54 IDT 2007

/usr/bin/uname -p = unknown
/bin/uname -X     = unknown

/bin/arch              = i686
/usr/bin/arch -k       = unknown
/usr/convex/getsysinfo = unknown
/usr/bin/hostinfo      = unknown
/bin/machine           = unknown
/usr/bin/oslevel       = unknown
/bin/universe          = unknown

PATH: /usr/local/sbin
PATH: /usr/local/bin
PATH: /usr/sbin
PATH: /usr/bin
PATH: /sbin
PATH: /bin
PATH: /usr/games


## ----------- ##
## Core tests. ##
## ----------- ##

configure:1977: checking build system type
configure:1995: result: i686-pc-linux-gnu
configure:2017: checking host system type
configure:2032: result: i686-pc-linux-gnu
configure:2054: checking target system type
configure:2069: result: i686-pc-linux-gnu
configure:2112: checking for a BSD-compatible install
configure:2168: result: /usr/bin/install -c
configure:2179: checking whether build environment is sane
configure:2222: result: yes
configure:2287: checking for gawk
configure:2317: result: no
configure:2287: checking for mawk
configure:2303: found /usr/bin/mawk
configure:2314: result: mawk
configure:2325: checking whether make sets $(MAKE)
configure:2346: result: yes
configure:2581: checking for gcc
configure:2597: found /usr/bin/gcc
configure:2608: result: gcc
configure:2846: checking for C compiler version
configure:2853: gcc --version >&5
gcc (GCC) 4.1.2 (Ubuntu 4.1.2-0ubuntu4)
Copyright (C) 2006 Free Software Foundation, Inc.
This is free software; see the source for copying conditions.  There is NO
warranty; not even for MERCHANTABILITY or FITNESS FOR A PARTICULAR PURPOSE.

configure:2856: $? = 0
configure:2863: gcc -v >&5
Using built-in specs.
Target: i486-linux-gnu
Configured with: ../src/configure -v --enable-languages=c,c++,fortran,objc,obj-c++,treelang --prefix=/usr --enable-shared --with-system-zlib --libexecdir=/usr/lib --without-included-gettext --enable-threads=posix --enable-nls --program-suffix=-4.1 --enable-__cxa_atexit --enable-clocale=gnu --enable-libstdcxx-debug --enable-mpfr --enable-checking=release i486-linux-gnu
Thread model: posix
gcc version 4.1.2 (Ubuntu 4.1.2-0ubuntu4)
configure:2866: $? = 0
configure:2873: gcc -V >&5
gcc: '-V' option must have argument
configure:2876: $? = 1
configure:2899: checking for C compiler default output file name
configure:2926: gcc -D_XBOX -DNDEBUG   conftest.c  >&5
configure:2929: $? = 0
configure:2967: result: a.out
configure:2984: checking whether the C compiler works
configure:2994: ./a.out
configure:2997: $? = 0
configure:3014: result: yes
configure:3021: checking whether we are cross compiling
configure:3023: result: no
configure:3026: checking for suffix of executables
configure:3033: gcc -o conftest -D_XBOX -DNDEBUG   conftest.c  >&5
configure:3036: $? = 0
configure:3060: result: 
configure:3066: checking for suffix of object files
configure:3092: gcc -c -D_XBOX -DNDEBUG  conftest.c >&5
configure:3095: $? = 0
configure:3118: result: o
configure:3122: checking whether we are using the GNU C compiler
configure:3151: gcc -c -D_XBOX -DNDEBUG  conftest.c >&5
configure:3157: $? = 0
configure:3174: result: yes
configure:3179: checking whether gcc accepts -g
configure:3209: gcc -c -g  conftest.c >&5
configure:3215: $? = 0
configure:3314: result: yes
configure:3331: checking for gcc option to accept ISO C89
configure:3405: gcc  -c -D_XBOX -DNDEBUG  conftest.c >&5
configure:3411: $? = 0
configure:3434: result: none needed
configure:3463: checking for style of include used by make
configure:3491: result: GNU
configure:3519: checking dependency style of gcc
configure:3609: result: gcc3
configure:3632: checking how to run the C preprocessor
configure:3672: gcc -E  conftest.c
configure:3678: $? = 0
configure:3709: gcc -E  conftest.c
conftest.c:10:28: error: ac_nonexistent.h: No such file or directory
configure:3715: $? = 1
configure: failed program was:
| /* confdefs.h.  */
| #define PACKAGE_NAME ""
| #define PACKAGE_TARNAME ""
| #define PACKAGE_VERSION ""
| #define PACKAGE_STRING ""
| #define PACKAGE_BUGREPORT ""
| #define PACKAGE "libdvdcss"
| #define VERSION "1.2.9"
| /* end confdefs.h.  */
| #include <ac_nonexistent.h>
configure:3748: result: gcc -E
configure:3777: gcc -E  conftest.c
configure:3783: $? = 0
configure:3814: gcc -E  conftest.c
conftest.c:10:28: error: ac_nonexistent.h: No such file or directory
configure:3820: $? = 1
configure: failed program was:
| /* confdefs.h.  */
| #define PACKAGE_NAME ""
| #define PACKAGE_TARNAME ""
| #define PACKAGE_VERSION ""
| #define PACKAGE_STRING ""
| #define PACKAGE_BUGREPORT ""
| #define PACKAGE "libdvdcss"
| #define VERSION "1.2.9"
| /* end confdefs.h.  */
| #include <ac_nonexistent.h>
configure:3858: checking for grep that handles long lines and -e
configure:3932: result: /bin/grep
configure:3937: checking for egrep
configure:4015: result: /bin/grep -E
configure:4020: checking for ANSI C header files
configure:4050: gcc -c -D_XBOX -DNDEBUG  conftest.c >&5
configure:4056: $? = 0
configure:4155: gcc -o conftest -D_XBOX -DNDEBUG   conftest.c  >&5
configure:4158: $? = 0
configure:4164: ./conftest
configure:4167: $? = 0
configure:4184: result: yes
configure:4269: checking for a sed that does not truncate output
configure:4323: result: /bin/sed
configure:4337: checking for ld used by gcc
configure:4404: result: /usr/bin/ld
configure:4413: checking if the linker (/usr/bin/ld) is GNU ld
configure:4428: result: yes
configure:4433: checking for /usr/bin/ld option to reload object files
configure:4440: result: -r
configure:4458: checking for BSD-compatible nm
configure:4507: result: /usr/bin/nm -B
configure:4511: checking whether ln -s works
configure:4515: result: yes
configure:4522: checking how to recognise dependent libraries
configure:4698: result: pass_all
configure:5230: checking for sys/types.h
configure:5251: gcc -c -D_XBOX -DNDEBUG  conftest.c >&5
configure:5257: $? = 0
configure:5273: result: yes
configure:5230: checking for sys/stat.h
configure:5251: gcc -c -D_XBOX -DNDEBUG  conftest.c >&5
configure:5257: $? = 0
configure:5273: result: yes
configure:5230: checking for stdlib.h
configure:5251: gcc -c -D_XBOX -DNDEBUG  conftest.c >&5
configure:5257: $? = 0
configure:5273: result: yes
configure:5230: checking for string.h
configure:5251: gcc -c -D_XBOX -DNDEBUG  conftest.c >&5
configure:5257: $? = 0
configure:5273: result: yes
configure:5230: checking for memory.h
configure:5251: gcc -c -D_XBOX -DNDEBUG  conftest.c >&5
configure:5257: $? = 0
configure:5273: result: yes
configure:5230: checking for strings.h
configure:5251: gcc -c -D_XBOX -DNDEBUG  conftest.c >&5
configure:5257: $? = 0
configure:5273: result: yes
configure:5230: checking for inttypes.h
configure:5251: gcc -c -D_XBOX -DNDEBUG  conftest.c >&5
configure:5257: $? = 0
configure:5273: result: yes
configure:5230: checking for stdint.h
configure:5251: gcc -c -D_XBOX -DNDEBUG  conftest.c >&5
configure:5257: $? = 0
configure:5273: result: yes
configure:5230: checking for unistd.h
configure:5251: gcc -c -D_XBOX -DNDEBUG  conftest.c >&5
configure:5257: $? = 0
configure:5273: result: yes
configure:5300: checking dlfcn.h usability
configure:5317: gcc -c -D_XBOX -DNDEBUG  conftest.c >&5
configure:5323: $? = 0
configure:5337: result: yes
configure:5341: checking dlfcn.h presence
configure:5356: gcc -E  conftest.c
configure:5362: $? = 0
configure:5376: result: yes
configure:5404: checking for dlfcn.h
configure:5412: result: yes
configure:5483: checking for g++
configure:5499: found /usr/bin/g++
configure:5510: result: g++
configure:5541: checking for C++ compiler version
configure:5548: g++ --version >&5
g++ (GCC) 4.1.2 (Ubuntu 4.1.2-0ubuntu4)
Copyright (C) 2006 Free Software Foundation, Inc.
This is free software; see the source for copying conditions.  There is NO
warranty; not even for MERCHANTABILITY or FITNESS FOR A PARTICULAR PURPOSE.

configure:5551: $? = 0
configure:5558: g++ -v >&5
Using built-in specs.
Target: i486-linux-gnu
Configured with: ../src/configure -v --enable-languages=c,c++,fortran,objc,obj-c++,treelang --prefix=/usr --enable-shared --with-system-zlib --libexecdir=/usr/lib --without-included-gettext --enable-threads=posix --enable-nls --program-suffix=-4.1 --enable-__cxa_atexit --enable-clocale=gnu --enable-libstdcxx-debug --enable-mpfr --enable-checking=release i486-linux-gnu
Thread model: posix
gcc version 4.1.2 (Ubuntu 4.1.2-0ubuntu4)
configure:5561: $? = 0
configure:5568: g++ -V >&5
g++: '-V' option must have argument
configure:5571: $? = 1
configure:5574: checking whether we are using the GNU C++ compiler
configure:5603: g++ -c   conftest.cpp >&5
configure:5609: $? = 0
configure:5626: result: yes
configure:5631: checking whether g++ accepts -g
configure:5661: g++ -c -g  conftest.cpp >&5
configure:5667: $? = 0
configure:5766: result: yes
configure:5791: checking dependency style of g++
configure:5881: result: gcc3
configure:5908: checking how to run the C++ preprocessor
configure:5944: g++ -E  conftest.cpp
configure:5950: $? = 0
configure:5981: g++ -E  conftest.cpp
conftest.cpp:21:28: error: ac_nonexistent.h: No such file or directory
configure:5987: $? = 1
configure: failed program was:
| /* confdefs.h.  */
| #define PACKAGE_NAME ""
| #define PACKAGE_TARNAME ""
| #define PACKAGE_VERSION ""
| #define PACKAGE_STRING ""
| #define PACKAGE_BUGREPORT ""
| #define PACKAGE "libdvdcss"
| #define VERSION "1.2.9"
| #define STDC_HEADERS 1
| #define HAVE_SYS_TYPES_H 1
| #define HAVE_SYS_STAT_H 1
| #define HAVE_STDLIB_H 1
| #define HAVE_STRING_H 1
| #define HAVE_MEMORY_H 1
| #define HAVE_STRINGS_H 1
| #define HAVE_INTTYPES_H 1
| #define HAVE_STDINT_H 1
| #define HAVE_UNISTD_H 1
| #define HAVE_DLFCN_H 1
| /* end confdefs.h.  */
| #include <ac_nonexistent.h>
configure:6020: result: g++ -E
configure:6049: g++ -E  conftest.cpp
configure:6055: $? = 0
configure:6086: g++ -E  conftest.cpp
conftest.cpp:21:28: error: ac_nonexistent.h: No such file or directory
configure:6092: $? = 1
configure: failed program was:
| /* confdefs.h.  */
| #define PACKAGE_NAME ""
| #define PACKAGE_TARNAME ""
| #define PACKAGE_VERSION ""
| #define PACKAGE_STRING ""
| #define PACKAGE_BUGREPORT ""
| #define PACKAGE "libdvdcss"
| #define VERSION "1.2.9"
| #define STDC_HEADERS 1
| #define HAVE_SYS_TYPES_H 1
| #define HAVE_SYS_STAT_H 1
| #define HAVE_STDLIB_H 1
| #define HAVE_STRING_H 1
| #define HAVE_MEMORY_H 1
| #define HAVE_STRINGS_H 1
| #define HAVE_INTTYPES_H 1
| #define HAVE_STDINT_H 1
| #define HAVE_UNISTD_H 1
| #define HAVE_DLFCN_H 1
| /* end confdefs.h.  */
| #include <ac_nonexistent.h>
configure:6185: checking for g77
configure:6215: result: no
configure:6185: checking for xlf
configure:6215: result: no
configure:6185: checking for f77
configure:6215: result: no
configure:6185: checking for frt
configure:6215: result: no
configure:6185: checking for pgf77
configure:6215: result: no
configure:6185: checking for cf77
configure:6215: result: no
configure:6185: checking for fort77
configure:6215: result: no
configure:6185: checking for fl32
configure:6215: result: no
configure:6185: checking for af77
configure:6215: result: no
configure:6185: checking for xlf90
configure:6215: result: no
configure:6185: checking for f90
configure:6215: result: no
configure:6185: checking for pgf90
configure:6215: result: no
configure:6185: checking for pghpf
configure:6215: result: no
configure:6185: checking for epcf90
configure:6215: result: no
configure:6185: checking for gfortran
configure:6215: result: no
configure:6185: checking for g95
configure:6215: result: no
configure:6185: checking for xlf95
configure:6215: result: no
configure:6185: checking for f95
configure:6215: result: no
configure:6185: checking for fort
configure:6215: result: no
configure:6185: checking for ifort
configure:6215: result: no
configure:6185: checking for ifc
configure:6215: result: no
configure:6185: checking for efc
configure:6215: result: no
configure:6185: checking for pgf95
configure:6215: result: no
configure:6185: checking for lf95
configure:6215: result: no
configure:6185: checking for ftn
configure:6215: result: no
configure:6242: checking for Fortran 77 compiler version
configure:6249:  --version >&5
./configure: line 6250: --version: command not found
configure:6252: $? = 127
configure:6259:  -v >&5
./configure: line 6260: -v: command not found
configure:6262: $? = 127
configure:6269:  -V >&5
./configure: line 6270: -V: command not found
configure:6272: $? = 127
configure:6280: checking whether we are using the GNU Fortran 77 compiler
configure:6299:  -c  conftest.F >&5
./configure: line 6300: -c: command not found
configure:6305: $? = 127
configure: failed program was:
|       program main
| #ifndef __GNUC__
|        choke me
| #endif
| 
|       end
configure:6322: result: no
configure:6328: checking whether  accepts -g
configure:6345:  -c -g conftest.f >&5
./configure: line 6346: -c: command not found
configure:6351: $? = 127
configure: failed program was:
|       program main
| 
|       end
configure:6367: result: no
configure:6397: checking the maximum length of command line arguments
configure:6506: result: 32768
configure:6517: checking command to parse /usr/bin/nm -B output from gcc object
configure:6622: gcc -c -D_XBOX -DNDEBUG  conftest.c >&5
configure:6625: $? = 0
configure:6629: /usr/bin/nm -B conftest.o \| sed -n -e 's/^.*[ 	]\([ABCDGIRSTW][ABCDGIRSTW]*\)[ 	][ 	]*\([_A-Za-z][_A-Za-z0-9]*\)$/\1 \2 \2/p' \> conftest.nm
configure:6632: $? = 0
configure:6684: gcc -o conftest -D_XBOX -DNDEBUG   conftest.c conftstm.o >&5
configure:6687: $? = 0
configure:6725: result: ok
configure:6729: checking for objdir
configure:6744: result: .libs
configure:6836: checking for ar
configure:6852: found /usr/bin/ar
configure:6863: result: ar
configure:6932: checking for ranlib
configure:6948: found /usr/bin/ranlib
configure:6959: result: ranlib
configure:7028: checking for strip
configure:7044: found /usr/bin/strip
configure:7055: result: strip
configure:7341: checking if gcc supports -fno-rtti -fno-exceptions
configure:7359: gcc -c -D_XBOX -DNDEBUG  -fno-rtti -fno-exceptions conftest.c >&5
cc1: warning: command line option "-fno-rtti" is valid for C++/ObjC++ but not for C
configure:7363: $? = 0
configure:7376: result: no
configure:7391: checking for gcc option to produce PIC
configure:7601: result: -fPIC
configure:7609: checking if gcc PIC flag -fPIC works
configure:7627: gcc -c -D_XBOX -DNDEBUG  -fPIC -DPIC conftest.c >&5
configure:7631: $? = 0
configure:7644: result: yes
configure:7672: checking if gcc static flag -static works
configure:7700: result: yes
configure:7710: checking if gcc supports -c -o file.o
configure:7731: gcc -c -D_XBOX -DNDEBUG  -o out/conftest2.o conftest.c >&5
configure:7735: $? = 0
configure:7757: result: yes
configure:7783: checking whether the gcc linker (/usr/bin/ld) supports shared libraries
configure:8738: result: yes
configure:8759: checking whether -lc should be explicitly linked in
configure:8764: gcc -c -D_XBOX -DNDEBUG  conftest.c >&5
configure:8767: $? = 0
configure:8782: gcc -shared conftest.o  -v -Wl,-soname -Wl,conftest -o conftest 2\>\&1 \| grep  -lc  \>/dev/null 2\>\&1
configure:8785: $? = 0
configure:8797: result: no
configure:8805: checking dynamic linker characteristics
configure:9381: result: GNU/Linux ld.so
configure:9390: checking how to hardcode library paths into programs
configure:9415: result: immediate
configure:9429: checking whether stripping libraries is possible
configure:9434: result: yes
configure:10235: checking if libtool supports shared libraries
configure:10237: result: yes
configure:10240: checking whether to build shared libraries
configure:10261: result: yes
configure:10264: checking whether to build static libraries
configure:10268: result: yes
configure:10360: creating libtool
configure:10948: checking for ld used by g++
configure:11015: result: /usr/bin/ld
configure:11024: checking if the linker (/usr/bin/ld) is GNU ld
configure:11039: result: yes
configure:11090: checking whether the g++ linker (/usr/bin/ld) supports shared libraries
configure:12024: result: yes
configure:12042: g++ -c -g -O2  conftest.cpp >&5
configure:12045: $? = 0
configure:12164: checking for g++ option to produce PIC
configure:12438: result: -fPIC
configure:12446: checking if g++ PIC flag -fPIC works
configure:12464: g++ -c -g -O2  -fPIC -DPIC conftest.cpp >&5
configure:12468: $? = 0
configure:12481: result: yes
configure:12509: checking if g++ static flag -static works
configure:12537: result: yes
configure:12547: checking if g++ supports -c -o file.o
configure:12568: g++ -c -g -O2  -o out/conftest2.o conftest.cpp >&5
configure:12572: $? = 0
configure:12594: result: yes
configure:12620: checking whether the g++ linker (/usr/bin/ld) supports shared libraries
configure:12648: result: yes
configure:12715: checking dynamic linker characteristics
configure:13291: result: GNU/Linux ld.so
configure:13300: checking how to hardcode library paths into programs
configure:13325: result: immediate
configure:19444: checking for an ANSI C-conforming const
configure:19519: gcc -c -D_XBOX -DNDEBUG  conftest.c >&5
configure:19525: $? = 0
configure:19540: result: yes
configure:19550: checking for inline
configure:19576: gcc -c -D_XBOX -DNDEBUG  conftest.c >&5
configure:19582: $? = 0
configure:19600: result: inline
configure:19619: checking for size_t
configure:19649: gcc -c -D_XBOX -DNDEBUG  conftest.c >&5
configure:19655: $? = 0
configure:19670: result: yes
configure:19692: checking for unistd.h
configure:19698: result: yes
configure:19702: checking sys/param.h usability
configure:19719: gcc -c -D_XBOX -DNDEBUG  conftest.c >&5
configure:19725: $? = 0
configure:19739: result: yes
configure:19743: checking sys/param.h presence
configure:19758: gcc -E  conftest.c
configure:19764: $? = 0
configure:19778: result: yes
configure:19806: checking for sys/param.h
configure:19814: result: yes
configure:19702: checking limits.h usability
configure:19719: gcc -c -D_XBOX -DNDEBUG  conftest.c >&5
configure:19725: $? = 0
configure:19739: result: yes
configure:19743: checking limits.h presence
configure:19758: gcc -E  conftest.c
configure:19764: $? = 0
configure:19778: result: yes
configure:19806: checking for limits.h
configure:19814: result: yes
configure:19702: checking pwd.h usability
configure:19719: gcc -c -D_XBOX -DNDEBUG  conftest.c >&5
configure:19725: $? = 0
configure:19739: result: yes
configure:19743: checking pwd.h presence
configure:19758: gcc -E  conftest.c
configure:19764: $? = 0
configure:19778: result: yes
configure:19806: checking for pwd.h
configure:19814: result: yes
configure:19702: checking errno.h usability
configure:19719: gcc -c -D_XBOX -DNDEBUG  conftest.c >&5
configure:19725: $? = 0
configure:19739: result: yes
configure:19743: checking errno.h presence
configure:19758: gcc -E  conftest.c
configure:19764: $? = 0
configure:19778: result: yes
configure:19806: checking for errno.h
configure:19814: result: yes
configure:19891: checking windows.h usability
configure:19908: gcc -c -D_XBOX -DNDEBUG  conftest.c >&5
conftest.c:59:21: error: windows.h: No such file or directory
configure:19914: $? = 1
configure: failed program was:
| /* confdefs.h.  */
| #define PACKAGE_NAME ""
| #define PACKAGE_TARNAME ""
| #define PACKAGE_VERSION ""
| #define PACKAGE_STRING ""
| #define PACKAGE_BUGREPORT ""
| #define PACKAGE "libdvdcss"
| #define VERSION "1.2.9"
| #define STDC_HEADERS 1
| #define HAVE_SYS_TYPES_H 1
| #define HAVE_SYS_STAT_H 1
| #define HAVE_STDLIB_H 1
| #define HAVE_STRING_H 1
| #define HAVE_MEMORY_H 1
| #define HAVE_STRINGS_H 1
| #define HAVE_INTTYPES_H 1
| #define HAVE_STDINT_H 1
| #define HAVE_UNISTD_H 1
| #define HAVE_DLFCN_H 1
| #define HAVE_UNISTD_H 1
| #define HAVE_SYS_PARAM_H 1
| #define HAVE_LIMITS_H 1
| #define HAVE_PWD_H 1
| #define HAVE_ERRNO_H 1
| /* end confdefs.h.  */
| #include <stdio.h>
| #ifdef HAVE_SYS_TYPES_H
| # include <sys/types.h>
| #endif
| #ifdef HAVE_SYS_STAT_H
| # include <sys/stat.h>
| #endif
| #ifdef STDC_HEADERS
| # include <stdlib.h>
| # include <stddef.h>
| #else
| # ifdef HAVE_STDLIB_H
| #  include <stdlib.h>
| # endif
| #endif
| #ifdef HAVE_STRING_H
| # if !defined STDC_HEADERS && defined HAVE_MEMORY_H
| #  include <memory.h>
| # endif
| # include <string.h>
| #endif
| #ifdef HAVE_STRINGS_H
| # include <strings.h>
| #endif
| #ifdef HAVE_INTTYPES_H
| # include <inttypes.h>
| #endif
| #ifdef HAVE_STDINT_H
| # include <stdint.h>
| #endif
| #ifdef HAVE_UNISTD_H
| # include <unistd.h>
| #endif
| #include <windows.h>
configure:19928: result: no
configure:19932: checking windows.h presence
configure:19947: gcc -E  conftest.c
conftest.c:26:21: error: windows.h: No such file or directory
configure:19953: $? = 1
configure: failed program was:
| /* confdefs.h.  */
| #define PACKAGE_NAME ""
| #define PACKAGE_TARNAME ""
| #define PACKAGE_VERSION ""
| #define PACKAGE_STRING ""
| #define PACKAGE_BUGREPORT ""
| #define PACKAGE "libdvdcss"
| #define VERSION "1.2.9"
| #define STDC_HEADERS 1
| #define HAVE_SYS_TYPES_H 1
| #define HAVE_SYS_STAT_H 1
| #define HAVE_STDLIB_H 1
| #define HAVE_STRING_H 1
| #define HAVE_MEMORY_H 1
| #define HAVE_STRINGS_H 1
| #define HAVE_INTTYPES_H 1
| #define HAVE_STDINT_H 1
| #define HAVE_UNISTD_H 1
| #define HAVE_DLFCN_H 1
| #define HAVE_UNISTD_H 1
| #define HAVE_SYS_PARAM_H 1
| #define HAVE_LIMITS_H 1
| #define HAVE_PWD_H 1
| #define HAVE_ERRNO_H 1
| /* end confdefs.h.  */
| #include <windows.h>
configure:19967: result: no
configure:19995: checking for windows.h
configure:20003: result: no
configure:20155: checking sys/ioctl.h usability
configure:20172: gcc -c -D_XBOX -DNDEBUG  conftest.c >&5
configure:20178: $? = 0
configure:20192: result: yes
configure:20196: checking sys/ioctl.h presence
configure:20211: gcc -E  conftest.c
configure:20217: $? = 0
configure:20231: result: yes
configure:20259: checking for sys/ioctl.h
configure:20267: result: yes
configure:20295: checking sys/cdio.h usability
configure:20312: gcc -c -D_XBOX -DNDEBUG  conftest.c >&5
conftest.c:60:22: error: sys/cdio.h: No such file or directory
configure:20318: $? = 1
configure: failed program was:
| /* confdefs.h.  */
| #define PACKAGE_NAME ""
| #define PACKAGE_TARNAME ""
| #define PACKAGE_VERSION ""
| #define PACKAGE_STRING ""
| #define PACKAGE_BUGREPORT ""
| #define PACKAGE "libdvdcss"
| #define VERSION "1.2.9"
| #define STDC_HEADERS 1
| #define HAVE_SYS_TYPES_H 1
| #define HAVE_SYS_STAT_H 1
| #define HAVE_STDLIB_H 1
| #define HAVE_STRING_H 1
| #define HAVE_MEMORY_H 1
| #define HAVE_STRINGS_H 1
| #define HAVE_INTTYPES_H 1
| #define HAVE_STDINT_H 1
| #define HAVE_UNISTD_H 1
| #define HAVE_DLFCN_H 1
| #define HAVE_UNISTD_H 1
| #define HAVE_SYS_PARAM_H 1
| #define HAVE_LIMITS_H 1
| #define HAVE_PWD_H 1
| #define HAVE_ERRNO_H 1
| #define HAVE_SYS_IOCTL_H 1
| /* end confdefs.h.  */
| #include <stdio.h>
| #ifdef HAVE_SYS_TYPES_H
| # include <sys/types.h>
| #endif
| #ifdef HAVE_SYS_STAT_H
| # include <sys/stat.h>
| #endif
| #ifdef STDC_HEADERS
| # include <stdlib.h>
| # include <stddef.h>
| #else
| # ifdef HAVE_STDLIB_H
| #  include <stdlib.h>
| # endif
| #endif
| #ifdef HAVE_STRING_H
| # if !defined STDC_HEADERS && defined HAVE_MEMORY_H
| #  include <memory.h>
| # endif
| # include <string.h>
| #endif
| #ifdef HAVE_STRINGS_H
| # include <strings.h>
| #endif
| #ifdef HAVE_INTTYPES_H
| # include <inttypes.h>
| #endif
| #ifdef HAVE_STDINT_H
| # include <stdint.h>
| #endif
| #ifdef HAVE_UNISTD_H
| # include <unistd.h>
| #endif
| #include <sys/cdio.h>
configure:20332: result: no
configure:20336: checking sys/cdio.h presence
configure:20351: gcc -E  conftest.c
conftest.c:27:22: error: sys/cdio.h: No such file or directory
configure:20357: $? = 1
configure: failed program was:
| /* confdefs.h.  */
| #define PACKAGE_NAME ""
| #define PACKAGE_TARNAME ""
| #define PACKAGE_VERSION ""
| #define PACKAGE_STRING ""
| #define PACKAGE_BUGREPORT ""
| #define PACKAGE "libdvdcss"
| #define VERSION "1.2.9"
| #define STDC_HEADERS 1
| #define HAVE_SYS_TYPES_H 1
| #define HAVE_SYS_STAT_H 1
| #define HAVE_STDLIB_H 1
| #define HAVE_STRING_H 1
| #define HAVE_MEMORY_H 1
| #define HAVE_STRINGS_H 1
| #define HAVE_INTTYPES_H 1
| #define HAVE_STDINT_H 1
| #define HAVE_UNISTD_H 1
| #define HAVE_DLFCN_H 1
| #define HAVE_UNISTD_H 1
| #define HAVE_SYS_PARAM_H 1
| #define HAVE_LIMITS_H 1
| #define HAVE_PWD_H 1
| #define HAVE_ERRNO_H 1
| #define HAVE_SYS_IOCTL_H 1
| /* end confdefs.h.  */
| #include <sys/cdio.h>
configure:20371: result: no
configure:20399: checking for sys/cdio.h
configure:20407: result: no
configure:20295: checking sys/dvdio.h usability
configure:20312: gcc -c -D_XBOX -DNDEBUG  conftest.c >&5
conftest.c:60:23: error: sys/dvdio.h: No such file or directory
configure:20318: $? = 1
configure: failed program was:
| /* confdefs.h.  */
| #define PACKAGE_NAME ""
| #define PACKAGE_TARNAME ""
| #define PACKAGE_VERSION ""
| #define PACKAGE_STRING ""
| #define PACKAGE_BUGREPORT ""
| #define PACKAGE "libdvdcss"
| #define VERSION "1.2.9"
| #define STDC_HEADERS 1
| #define HAVE_SYS_TYPES_H 1
| #define HAVE_SYS_STAT_H 1
| #define HAVE_STDLIB_H 1
| #define HAVE_STRING_H 1
| #define HAVE_MEMORY_H 1
| #define HAVE_STRINGS_H 1
| #define HAVE_INTTYPES_H 1
| #define HAVE_STDINT_H 1
| #define HAVE_UNISTD_H 1
| #define HAVE_DLFCN_H 1
| #define HAVE_UNISTD_H 1
| #define HAVE_SYS_PARAM_H 1
| #define HAVE_LIMITS_H 1
| #define HAVE_PWD_H 1
| #define HAVE_ERRNO_H 1
| #define HAVE_SYS_IOCTL_H 1
| /* end confdefs.h.  */
| #include <stdio.h>
| #ifdef HAVE_SYS_TYPES_H
| # include <sys/types.h>
| #endif
| #ifdef HAVE_SYS_STAT_H
| # include <sys/stat.h>
| #endif
| #ifdef STDC_HEADERS
| # include <stdlib.h>
| # include <stddef.h>
| #else
| # ifdef HAVE_STDLIB_H
| #  include <stdlib.h>
| # endif
| #endif
| #ifdef HAVE_STRING_H
| # if !defined STDC_HEADERS && defined HAVE_MEMORY_H
| #  include <memory.h>
| # endif
| # include <string.h>
| #endif
| #ifdef HAVE_STRINGS_H
| # include <strings.h>
| #endif
| #ifdef HAVE_INTTYPES_H
| # include <inttypes.h>
| #endif
| #ifdef HAVE_STDINT_H
| # include <stdint.h>
| #endif
| #ifdef HAVE_UNISTD_H
| # include <unistd.h>
| #endif
| #include <sys/dvdio.h>
configure:20332: result: no
configure:20336: checking sys/dvdio.h presence
configure:20351: gcc -E  conftest.c
conftest.c:27:23: error: sys/dvdio.h: No such file or directory
configure:20357: $? = 1
configure: failed program was:
| /* confdefs.h.  */
| #define PACKAGE_NAME ""
| #define PACKAGE_TARNAME ""
| #define PACKAGE_VERSION ""
| #define PACKAGE_STRING ""
| #define PACKAGE_BUGREPORT ""
| #define PACKAGE "libdvdcss"
| #define VERSION "1.2.9"
| #define STDC_HEADERS 1
| #define HAVE_SYS_TYPES_H 1
| #define HAVE_SYS_STAT_H 1
| #define HAVE_STDLIB_H 1
| #define HAVE_STRING_H 1
| #define HAVE_MEMORY_H 1
| #define HAVE_STRINGS_H 1
| #define HAVE_INTTYPES_H 1
| #define HAVE_STDINT_H 1
| #define HAVE_UNISTD_H 1
| #define HAVE_DLFCN_H 1
| #define HAVE_UNISTD_H 1
| #define HAVE_SYS_PARAM_H 1
| #define HAVE_LIMITS_H 1
| #define HAVE_PWD_H 1
| #define HAVE_ERRNO_H 1
| #define HAVE_SYS_IOCTL_H 1
| /* end confdefs.h.  */
| #include <sys/dvdio.h>
configure:20371: result: no
configure:20399: checking for sys/dvdio.h
configure:20407: result: no
configure:20295: checking linux/cdrom.h usability
configure:20312: gcc -c -D_XBOX -DNDEBUG  conftest.c >&5
configure:20318: $? = 0
configure:20332: result: yes
configure:20336: checking linux/cdrom.h presence
configure:20351: gcc -E  conftest.c
configure:20357: $? = 0
configure:20371: result: yes
configure:20399: checking for linux/cdrom.h
configure:20407: result: yes
configure:20295: checking dvd.h usability
configure:20312: gcc -c -D_XBOX -DNDEBUG  conftest.c >&5
conftest.c:61:17: error: dvd.h: No such file or directory
configure:20318: $? = 1
configure: failed program was:
| /* confdefs.h.  */
| #define PACKAGE_NAME ""
| #define PACKAGE_TARNAME ""
| #define PACKAGE_VERSION ""
| #define PACKAGE_STRING ""
| #define PACKAGE_BUGREPORT ""
| #define PACKAGE "libdvdcss"
| #define VERSION "1.2.9"
| #define STDC_HEADERS 1
| #define HAVE_SYS_TYPES_H 1
| #define HAVE_SYS_STAT_H 1
| #define HAVE_STDLIB_H 1
| #define HAVE_STRING_H 1
| #define HAVE_MEMORY_H 1
| #define HAVE_STRINGS_H 1
| #define HAVE_INTTYPES_H 1
| #define HAVE_STDINT_H 1
| #define HAVE_UNISTD_H 1
| #define HAVE_DLFCN_H 1
| #define HAVE_UNISTD_H 1
| #define HAVE_SYS_PARAM_H 1
| #define HAVE_LIMITS_H 1
| #define HAVE_PWD_H 1
| #define HAVE_ERRNO_H 1
| #define HAVE_SYS_IOCTL_H 1
| #define HAVE_LINUX_CDROM_H 1
| /* end confdefs.h.  */
| #include <stdio.h>
| #ifdef HAVE_SYS_TYPES_H
| # include <sys/types.h>
| #endif
| #ifdef HAVE_SYS_STAT_H
| # include <sys/stat.h>
| #endif
| #ifdef STDC_HEADERS
| # include <stdlib.h>
| # include <stddef.h>
| #else
| # ifdef HAVE_STDLIB_H
| #  include <stdlib.h>
| # endif
| #endif
| #ifdef HAVE_STRING_H
| # if !defined STDC_HEADERS && defined HAVE_MEMORY_H
| #  include <memory.h>
| # endif
| # include <string.h>
| #endif
| #ifdef HAVE_STRINGS_H
| # include <strings.h>
| #endif
| #ifdef HAVE_INTTYPES_H
| # include <inttypes.h>
| #endif
| #ifdef HAVE_STDINT_H
| # include <stdint.h>
| #endif
| #ifdef HAVE_UNISTD_H
| # include <unistd.h>
| #endif
| #include <dvd.h>
configure:20332: result: no
configure:20336: checking dvd.h presence
configure:20351: gcc -E  conftest.c
conftest.c:28:17: error: dvd.h: No such file or directory
configure:20357: $? = 1
configure: failed program was:
| /* confdefs.h.  */
| #define PACKAGE_NAME ""
| #define PACKAGE_TARNAME ""
| #define PACKAGE_VERSION ""
| #define PACKAGE_STRING ""
| #define PACKAGE_BUGREPORT ""
| #define PACKAGE "libdvdcss"
| #define VERSION "1.2.9"
| #define STDC_HEADERS 1
| #define HAVE_SYS_TYPES_H 1
| #define HAVE_SYS_STAT_H 1
| #define HAVE_STDLIB_H 1
| #define HAVE_STRING_H 1
| #define HAVE_MEMORY_H 1
| #define HAVE_STRINGS_H 1
| #define HAVE_INTTYPES_H 1
| #define HAVE_STDINT_H 1
| #define HAVE_UNISTD_H 1
| #define HAVE_DLFCN_H 1
| #define HAVE_UNISTD_H 1
| #define HAVE_SYS_PARAM_H 1
| #define HAVE_LIMITS_H 1
| #define HAVE_PWD_H 1
| #define HAVE_ERRNO_H 1
| #define HAVE_SYS_IOCTL_H 1
| #define HAVE_LINUX_CDROM_H 1
| /* end confdefs.h.  */
| #include <dvd.h>
configure:20371: result: no
configure:20399: checking for dvd.h
configure:20407: result: no
conftest.c:28:22: error: sys/cdio.h: No such file or directory
conftest.c:28:23: error: sys/dvdio.h: No such file or directory
conftest.c:29:17: error: dvd.h: No such file or directory
configure:20560: checking /sys/dev/scsi/scsi_ioctl.h usability
configure:20577: gcc -c -D_XBOX -DNDEBUG  conftest.c >&5
conftest.c:62:38: error: /sys/dev/scsi/scsi_ioctl.h: No such file or directory
configure:20583: $? = 1
configure: failed program was:
| /* confdefs.h.  */
| #define PACKAGE_NAME ""
| #define PACKAGE_TARNAME ""
| #define PACKAGE_VERSION ""
| #define PACKAGE_STRING ""
| #define PACKAGE_BUGREPORT ""
| #define PACKAGE "libdvdcss"
| #define VERSION "1.2.9"
| #define STDC_HEADERS 1
| #define HAVE_SYS_TYPES_H 1
| #define HAVE_SYS_STAT_H 1
| #define HAVE_STDLIB_H 1
| #define HAVE_STRING_H 1
| #define HAVE_MEMORY_H 1
| #define HAVE_STRINGS_H 1
| #define HAVE_INTTYPES_H 1
| #define HAVE_STDINT_H 1
| #define HAVE_UNISTD_H 1
| #define HAVE_DLFCN_H 1
| #define HAVE_UNISTD_H 1
| #define HAVE_SYS_PARAM_H 1
| #define HAVE_LIMITS_H 1
| #define HAVE_PWD_H 1
| #define HAVE_ERRNO_H 1
| #define HAVE_SYS_IOCTL_H 1
| #define HAVE_LINUX_CDROM_H 1
| #define DVD_STRUCT_IN_LINUX_CDROM_H 1
| /* end confdefs.h.  */
| #include <stdio.h>
| #ifdef HAVE_SYS_TYPES_H
| # include <sys/types.h>
| #endif
| #ifdef HAVE_SYS_STAT_H
| # include <sys/stat.h>
| #endif
| #ifdef STDC_HEADERS
| # include <stdlib.h>
| # include <stddef.h>
| #else
| # ifdef HAVE_STDLIB_H
| #  include <stdlib.h>
| # endif
| #endif
| #ifdef HAVE_STRING_H
| # if !defined STDC_HEADERS && defined HAVE_MEMORY_H
| #  include <memory.h>
| # endif
| # include <string.h>
| #endif
| #ifdef HAVE_STRINGS_H
| # include <strings.h>
| #endif
| #ifdef HAVE_INTTYPES_H
| # include <inttypes.h>
| #endif
| #ifdef HAVE_STDINT_H
| # include <stdint.h>
| #endif
| #ifdef HAVE_UNISTD_H
| # include <unistd.h>
| #endif
| #include </sys/dev/scsi/scsi_ioctl.h>
configure:20597: result: no
configure:20601: checking /sys/dev/scsi/scsi_ioctl.h presence
configure:20616: gcc -E  conftest.c
conftest.c:29:38: error: /sys/dev/scsi/scsi_ioctl.h: No such file or directory
configure:20622: $? = 1
configure: failed program was:
| /* confdefs.h.  */
| #define PACKAGE_NAME ""
| #define PACKAGE_TARNAME ""
| #define PACKAGE_VERSION ""
| #define PACKAGE_STRING ""
| #define PACKAGE_BUGREPORT ""
| #define PACKAGE "libdvdcss"
| #define VERSION "1.2.9"
| #define STDC_HEADERS 1
| #define HAVE_SYS_TYPES_H 1
| #define HAVE_SYS_STAT_H 1
| #define HAVE_STDLIB_H 1
| #define HAVE_STRING_H 1
| #define HAVE_MEMORY_H 1
| #define HAVE_STRINGS_H 1
| #define HAVE_INTTYPES_H 1
| #define HAVE_STDINT_H 1
| #define HAVE_UNISTD_H 1
| #define HAVE_DLFCN_H 1
| #define HAVE_UNISTD_H 1
| #define HAVE_SYS_PARAM_H 1
| #define HAVE_LIMITS_H 1
| #define HAVE_PWD_H 1
| #define HAVE_ERRNO_H 1
| #define HAVE_SYS_IOCTL_H 1
| #define HAVE_LINUX_CDROM_H 1
| #define DVD_STRUCT_IN_LINUX_CDROM_H 1
| /* end confdefs.h.  */
| #include </sys/dev/scsi/scsi_ioctl.h>
configure:20636: result: no
configure:20664: checking for /sys/dev/scsi/scsi_ioctl.h
configure:20672: result: no
configure:20707: checking sys/scsi/scsi_types.h usability
configure:20724: gcc -c -D_XBOX -DNDEBUG  conftest.c >&5
conftest.c:62:33: error: sys/scsi/scsi_types.h: No such file or directory
configure:20730: $? = 1
configure: failed program was:
| /* confdefs.h.  */
| #define PACKAGE_NAME ""
| #define PACKAGE_TARNAME ""
| #define PACKAGE_VERSION ""
| #define PACKAGE_STRING ""
| #define PACKAGE_BUGREPORT ""
| #define PACKAGE "libdvdcss"
| #define VERSION "1.2.9"
| #define STDC_HEADERS 1
| #define HAVE_SYS_TYPES_H 1
| #define HAVE_SYS_STAT_H 1
| #define HAVE_STDLIB_H 1
| #define HAVE_STRING_H 1
| #define HAVE_MEMORY_H 1
| #define HAVE_STRINGS_H 1
| #define HAVE_INTTYPES_H 1
| #define HAVE_STDINT_H 1
| #define HAVE_UNISTD_H 1
| #define HAVE_DLFCN_H 1
| #define HAVE_UNISTD_H 1
| #define HAVE_SYS_PARAM_H 1
| #define HAVE_LIMITS_H 1
| #define HAVE_PWD_H 1
| #define HAVE_ERRNO_H 1
| #define HAVE_SYS_IOCTL_H 1
| #define HAVE_LINUX_CDROM_H 1
| #define DVD_STRUCT_IN_LINUX_CDROM_H 1
| /* end confdefs.h.  */
| #include <stdio.h>
| #ifdef HAVE_SYS_TYPES_H
| # include <sys/types.h>
| #endif
| #ifdef HAVE_SYS_STAT_H
| # include <sys/stat.h>
| #endif
| #ifdef STDC_HEADERS
| # include <stdlib.h>
| # include <stddef.h>
| #else
| # ifdef HAVE_STDLIB_H
| #  include <stdlib.h>
| # endif
| #endif
| #ifdef HAVE_STRING_H
| # if !defined STDC_HEADERS && defined HAVE_MEMORY_H
| #  include <memory.h>
| # endif
| # include <string.h>
| #endif
| #ifdef HAVE_STRINGS_H
| # include <strings.h>
| #endif
| #ifdef HAVE_INTTYPES_H
| # include <inttypes.h>
| #endif
| #ifdef HAVE_STDINT_H
| # include <stdint.h>
| #endif
| #ifdef HAVE_UNISTD_H
| # include <unistd.h>
| #endif
| #include <sys/scsi/scsi_types.h>
configure:20744: result: no
configure:20748: checking sys/scsi/scsi_types.h presence
configure:20763: gcc -E  conftest.c
conftest.c:29:33: error: sys/scsi/scsi_types.h: No such file or directory
configure:20769: $? = 1
configure: failed program was:
| /* confdefs.h.  */
| #define PACKAGE_NAME ""
| #define PACKAGE_TARNAME ""
| #define PACKAGE_VERSION ""
| #define PACKAGE_STRING ""
| #define PACKAGE_BUGREPORT ""
| #define PACKAGE "libdvdcss"
| #define VERSION "1.2.9"
| #define STDC_HEADERS 1
| #define HAVE_SYS_TYPES_H 1
| #define HAVE_SYS_STAT_H 1
| #define HAVE_STDLIB_H 1
| #define HAVE_STRING_H 1
| #define HAVE_MEMORY_H 1
| #define HAVE_STRINGS_H 1
| #define HAVE_INTTYPES_H 1
| #define HAVE_STDINT_H 1
| #define HAVE_UNISTD_H 1
| #define HAVE_DLFCN_H 1
| #define HAVE_UNISTD_H 1
| #define HAVE_SYS_PARAM_H 1
| #define HAVE_LIMITS_H 1
| #define HAVE_PWD_H 1
| #define HAVE_ERRNO_H 1
| #define HAVE_SYS_IOCTL_H 1
| #define HAVE_LINUX_CDROM_H 1
| #define DVD_STRUCT_IN_LINUX_CDROM_H 1
| /* end confdefs.h.  */
| #include <sys/scsi/scsi_types.h>
configure:20783: result: no
configure:20811: checking for sys/scsi/scsi_types.h
configure:20818: result: no
configure:20974: checking sys/scsi.h usability
configure:20991: gcc -c -D_XBOX -DNDEBUG  conftest.c >&5
conftest.c:62:22: error: sys/scsi.h: No such file or directory
configure:20997: $? = 1
configure: failed program was:
| /* confdefs.h.  */
| #define PACKAGE_NAME ""
| #define PACKAGE_TARNAME ""
| #define PACKAGE_VERSION ""
| #define PACKAGE_STRING ""
| #define PACKAGE_BUGREPORT ""
| #define PACKAGE "libdvdcss"
| #define VERSION "1.2.9"
| #define STDC_HEADERS 1
| #define HAVE_SYS_TYPES_H 1
| #define HAVE_SYS_STAT_H 1
| #define HAVE_STDLIB_H 1
| #define HAVE_STRING_H 1
| #define HAVE_MEMORY_H 1
| #define HAVE_STRINGS_H 1
| #define HAVE_INTTYPES_H 1
| #define HAVE_STDINT_H 1
| #define HAVE_UNISTD_H 1
| #define HAVE_DLFCN_H 1
| #define HAVE_UNISTD_H 1
| #define HAVE_SYS_PARAM_H 1
| #define HAVE_LIMITS_H 1
| #define HAVE_PWD_H 1
| #define HAVE_ERRNO_H 1
| #define HAVE_SYS_IOCTL_H 1
| #define HAVE_LINUX_CDROM_H 1
| #define DVD_STRUCT_IN_LINUX_CDROM_H 1
| /* end confdefs.h.  */
| #include <stdio.h>
| #ifdef HAVE_SYS_TYPES_H
| # include <sys/types.h>
| #endif
| #ifdef HAVE_SYS_STAT_H
| # include <sys/stat.h>
| #endif
| #ifdef STDC_HEADERS
| # include <stdlib.h>
| # include <stddef.h>
| #else
| # ifdef HAVE_STDLIB_H
| #  include <stdlib.h>
| # endif
| #endif
| #ifdef HAVE_STRING_H
| # if !defined STDC_HEADERS && defined HAVE_MEMORY_H
| #  include <memory.h>
| # endif
| # include <string.h>
| #endif
| #ifdef HAVE_STRINGS_H
| # include <strings.h>
| #endif
| #ifdef HAVE_INTTYPES_H
| # include <inttypes.h>
| #endif
| #ifdef HAVE_STDINT_H
| # include <stdint.h>
| #endif
| #ifdef HAVE_UNISTD_H
| # include <unistd.h>
| #endif
| #include <sys/scsi.h>
configure:21011: result: no
configure:21015: checking sys/scsi.h presence
configure:21030: gcc -E  conftest.c
conftest.c:29:22: error: sys/scsi.h: No such file or directory
configure:21036: $? = 1
configure: failed program was:
| /* confdefs.h.  */
| #define PACKAGE_NAME ""
| #define PACKAGE_TARNAME ""
| #define PACKAGE_VERSION ""
| #define PACKAGE_STRING ""
| #define PACKAGE_BUGREPORT ""
| #define PACKAGE "libdvdcss"
| #define VERSION "1.2.9"
| #define STDC_HEADERS 1
| #define HAVE_SYS_TYPES_H 1
| #define HAVE_SYS_STAT_H 1
| #define HAVE_STDLIB_H 1
| #define HAVE_STRING_H 1
| #define HAVE_MEMORY_H 1
| #define HAVE_STRINGS_H 1
| #define HAVE_INTTYPES_H 1
| #define HAVE_STDINT_H 1
| #define HAVE_UNISTD_H 1
| #define HAVE_DLFCN_H 1
| #define HAVE_UNISTD_H 1
| #define HAVE_SYS_PARAM_H 1
| #define HAVE_LIMITS_H 1
| #define HAVE_PWD_H 1
| #define HAVE_ERRNO_H 1
| #define HAVE_SYS_IOCTL_H 1
| #define HAVE_LINUX_CDROM_H 1
| #define DVD_STRUCT_IN_LINUX_CDROM_H 1
| /* end confdefs.h.  */
| #include <sys/scsi.h>
configure:21050: result: no
configure:21078: checking for sys/scsi.h
configure:21085: result: no
configure:21126: checking IOKit/storage/IODVDMediaBSDClient.h usability
configure:21143: gcc -c -D_XBOX -DNDEBUG  conftest.c >&5
conftest.c:62:47: error: IOKit/storage/IODVDMediaBSDClient.h: No such file or directory
configure:21149: $? = 1
configure: failed program was:
| /* confdefs.h.  */
| #define PACKAGE_NAME ""
| #define PACKAGE_TARNAME ""
| #define PACKAGE_VERSION ""
| #define PACKAGE_STRING ""
| #define PACKAGE_BUGREPORT ""
| #define PACKAGE "libdvdcss"
| #define VERSION "1.2.9"
| #define STDC_HEADERS 1
| #define HAVE_SYS_TYPES_H 1
| #define HAVE_SYS_STAT_H 1
| #define HAVE_STDLIB_H 1
| #define HAVE_STRING_H 1
| #define HAVE_MEMORY_H 1
| #define HAVE_STRINGS_H 1
| #define HAVE_INTTYPES_H 1
| #define HAVE_STDINT_H 1
| #define HAVE_UNISTD_H 1
| #define HAVE_DLFCN_H 1
| #define HAVE_UNISTD_H 1
| #define HAVE_SYS_PARAM_H 1
| #define HAVE_LIMITS_H 1
| #define HAVE_PWD_H 1
| #define HAVE_ERRNO_H 1
| #define HAVE_SYS_IOCTL_H 1
| #define HAVE_LINUX_CDROM_H 1
| #define DVD_STRUCT_IN_LINUX_CDROM_H 1
| /* end confdefs.h.  */
| #include <stdio.h>
| #ifdef HAVE_SYS_TYPES_H
| # include <sys/types.h>
| #endif
| #ifdef HAVE_SYS_STAT_H
| # include <sys/stat.h>
| #endif
| #ifdef STDC_HEADERS
| # include <stdlib.h>
| # include <stddef.h>
| #else
| # ifdef HAVE_STDLIB_H
| #  include <stdlib.h>
| # endif
| #endif
| #ifdef HAVE_STRING_H
| # if !defined STDC_HEADERS && defined HAVE_MEMORY_H
| #  include <memory.h>
| # endif
| # include <string.h>
| #endif
| #ifdef HAVE_STRINGS_H
| # include <strings.h>
| #endif
| #ifdef HAVE_INTTYPES_H
| # include <inttypes.h>
| #endif
| #ifdef HAVE_STDINT_H
| # include <stdint.h>
| #endif
| #ifdef HAVE_UNISTD_H
| # include <unistd.h>
| #endif
| #include <IOKit/storage/IODVDMediaBSDClient.h>
configure:21163: result: no
configure:21167: checking IOKit/storage/IODVDMediaBSDClient.h presence
configure:21182: gcc -E  conftest.c
conftest.c:29:47: error: IOKit/storage/IODVDMediaBSDClient.h: No such file or directory
configure:21188: $? = 1
configure: failed program was:
| /* confdefs.h.  */
| #define PACKAGE_NAME ""
| #define PACKAGE_TARNAME ""
| #define PACKAGE_VERSION ""
| #define PACKAGE_STRING ""
| #define PACKAGE_BUGREPORT ""
| #define PACKAGE "libdvdcss"
| #define VERSION "1.2.9"
| #define STDC_HEADERS 1
| #define HAVE_SYS_TYPES_H 1
| #define HAVE_SYS_STAT_H 1
| #define HAVE_STDLIB_H 1
| #define HAVE_STRING_H 1
| #define HAVE_MEMORY_H 1
| #define HAVE_STRINGS_H 1
| #define HAVE_INTTYPES_H 1
| #define HAVE_STDINT_H 1
| #define HAVE_UNISTD_H 1
| #define HAVE_DLFCN_H 1
| #define HAVE_UNISTD_H 1
| #define HAVE_SYS_PARAM_H 1
| #define HAVE_LIMITS_H 1
| #define HAVE_PWD_H 1
| #define HAVE_ERRNO_H 1
| #define HAVE_SYS_IOCTL_H 1
| #define HAVE_LINUX_CDROM_H 1
| #define DVD_STRUCT_IN_LINUX_CDROM_H 1
| /* end confdefs.h.  */
| #include <IOKit/storage/IODVDMediaBSDClient.h>
configure:21202: result: no
configure:21230: checking for IOKit/storage/IODVDMediaBSDClient.h
configure:21237: result: no
configure:21282: checking if $CC accepts -Wall
configure:21309: gcc -c -Wall -D_XBOX -DNDEBUG  conftest.c >&5
configure:21315: $? = 0
configure:21330: result: yes
configure:21336: checking if $CC accepts -Wsign-compare
configure:21363: gcc -c -Wsign-compare -Wall -D_XBOX -DNDEBUG  conftest.c >&5
configure:21369: $? = 0
configure:21384: result: yes
configure:21427: checking for doxygen
configure:21458: result: no
configure:21478: checking for latex
configure:21509: result: no
configure:21686: creating ./config.status

## ---------------------- ##
## Running config.status. ##
## ---------------------- ##

This file was extended by config.status, which was
generated by GNU Autoconf 2.61.  Invocation command line was

  CONFIG_FILES    = 
  CONFIG_HEADERS  = 
  CONFIG_LINKS    = 
  CONFIG_COMMANDS = 
  $ ./config.status 

on vulkan-laptop

config.status:683: creating Makefile
config.status:683: creating debian/Makefile
config.status:683: creating doc/Makefile
config.status:683: creating src/Makefile
config.status:683: creating src/dvdcss/Makefile
config.status:683: creating test/Makefile
config.status:683: creating config.h
config.status:959: executing depfiles commands

## ---------------- ##
## Cache variables. ##
## ---------------- ##

ac_cv_build=i686-pc-linux-gnu
ac_cv_c_Wall=yes
ac_cv_c_Wsign_compare=yes
ac_cv_c_compiler_gnu=yes
ac_cv_c_const=yes
ac_cv_c_inline=inline
ac_cv_cxx_compiler_gnu=yes
ac_cv_env_CCC_set=
ac_cv_env_CCC_value=
ac_cv_env_CC_set=
ac_cv_env_CC_value=
ac_cv_env_CFLAGS_set=set
ac_cv_env_CFLAGS_value='-D_XBOX -DNDEBUG'
ac_cv_env_CPPFLAGS_set=
ac_cv_env_CPPFLAGS_value=
ac_cv_env_CPP_set=
ac_cv_env_CPP_value=
ac_cv_env_CXXCPP_set=
ac_cv_env_CXXCPP_value=
ac_cv_env_CXXFLAGS_set=
ac_cv_env_CXXFLAGS_value=
ac_cv_env_CXX_set=
ac_cv_env_CXX_value=
ac_cv_env_F77_set=
ac_cv_env_F77_value=
ac_cv_env_FFLAGS_set=
ac_cv_env_FFLAGS_value=
ac_cv_env_LDFLAGS_set=
ac_cv_env_LDFLAGS_value=
ac_cv_env_LIBS_set=
ac_cv_env_LIBS_value=
ac_cv_env_build_alias_set=
ac_cv_env_build_alias_value=
ac_cv_env_host_alias_set=
ac_cv_env_host_alias_value=
ac_cv_env_target_alias_set=
ac_cv_env_target_alias_value=
ac_cv_f77_compiler_gnu=no
ac_cv_header_IOKit_storage_IODVDMediaBSDClient_h=no
ac_cv_header__sys_dev_scsi_scsi_ioctl_h=no
ac_cv_header_dlfcn_h=yes
ac_cv_header_dvd_h=no
ac_cv_header_errno_h=yes
ac_cv_header_inttypes_h=yes
ac_cv_header_limits_h=yes
ac_cv_header_linux_cdrom_h=yes
ac_cv_header_memory_h=yes
ac_cv_header_pwd_h=yes
ac_cv_header_stdc=yes
ac_cv_header_stdint_h=yes
ac_cv_header_stdlib_h=yes
ac_cv_header_string_h=yes
ac_cv_header_strings_h=yes
ac_cv_header_sys_cdio_h=no
ac_cv_header_sys_dvdio_h=no
ac_cv_header_sys_ioctl_h=yes
ac_cv_header_sys_param_h=yes
ac_cv_header_sys_scsi_h=no
ac_cv_header_sys_scsi_scsi_types_h=no
ac_cv_header_sys_stat_h=yes
ac_cv_header_sys_types_h=yes
ac_cv_header_unistd_h=yes
ac_cv_header_windows_h=no
ac_cv_host=i686-pc-linux-gnu
ac_cv_objext=o
ac_cv_path_DOXYGEN=no
ac_cv_path_EGREP='/bin/grep -E'
ac_cv_path_GREP=/bin/grep
ac_cv_path_LATEX=no
ac_cv_path_install='/usr/bin/install -c'
ac_cv_prog_AWK=mawk
ac_cv_prog_CPP='gcc -E'
ac_cv_prog_CXXCPP='g++ -E'
ac_cv_prog_ac_ct_AR=ar
ac_cv_prog_ac_ct_CC=gcc
ac_cv_prog_ac_ct_CXX=g++
ac_cv_prog_ac_ct_RANLIB=ranlib
ac_cv_prog_ac_ct_STRIP=strip
ac_cv_prog_cc_c89=
ac_cv_prog_cc_g=yes
ac_cv_prog_cxx_g=yes
ac_cv_prog_f77_g=no
ac_cv_prog_make_make_set=yes
ac_cv_target=i686-pc-linux-gnu
ac_cv_type_size_t=yes
am_cv_CC_dependencies_compiler_type=gcc3
am_cv_CXX_dependencies_compiler_type=gcc3
lt_cv_deplibs_check_method=pass_all
lt_cv_file_magic_cmd='$MAGIC_CMD'
lt_cv_file_magic_test_file=
lt_cv_ld_reload_flag=-r
lt_cv_objdir=.libs
lt_cv_path_LD=/usr/bin/ld
lt_cv_path_LDCXX=/usr/bin/ld
lt_cv_path_NM='/usr/bin/nm -B'
lt_cv_path_SED=/bin/sed
lt_cv_prog_compiler_c_o=yes
lt_cv_prog_compiler_c_o_CXX=yes
lt_cv_prog_compiler_rtti_exceptions=no
lt_cv_prog_gnu_ld=yes
lt_cv_prog_gnu_ldcxx=yes
lt_cv_sys_global_symbol_pipe='sed -n -e '\''s/^.*[ 	]\([ABCDGIRSTW][ABCDGIRSTW]*\)[ 	][ 	]*\([_A-Za-z][_A-Za-z0-9]*\)$/\1 \2 \2/p'\'''
lt_cv_sys_global_symbol_to_c_name_address='sed -n -e '\''s/^: \([^ ]*\) $/  {\"\1\", (lt_ptr) 0},/p'\'' -e '\''s/^[BCDEGRST] \([^ ]*\) \([^ ]*\)$/  {"\2", (lt_ptr) \&\2},/p'\'''
lt_cv_sys_global_symbol_to_cdecl='sed -n -e '\''s/^. .* \(.*\)$/extern int \1;/p'\'''
lt_cv_sys_max_cmd_len=32768
lt_lt_cv_prog_compiler_c_o='"yes"'
lt_lt_cv_prog_compiler_c_o_CXX='"yes"'
lt_lt_cv_sys_global_symbol_pipe='"sed -n -e '\''s/^.*[ 	]\\([ABCDGIRSTW][ABCDGIRSTW]*\\)[ 	][ 	]*\\([_A-Za-z][_A-Za-z0-9]*\\)\$/\\1 \\2 \\2/p'\''"'
lt_lt_cv_sys_global_symbol_to_c_name_address='"sed -n -e '\''s/^: \\([^ ]*\\) \$/  {\\\"\\1\\\", (lt_ptr) 0},/p'\'' -e '\''s/^[BCDEGRST] \\([^ ]*\\) \\([^ ]*\\)\$/  {\"\\2\", (lt_ptr) \\&\\2},/p'\''"'
lt_lt_cv_sys_global_symbol_to_cdecl='"sed -n -e '\''s/^. .* \\(.*\\)\$/extern int \\1;/p'\''"'

## ----------------- ##
## Output variables. ##
## ----------------- ##

ACLOCAL='${SHELL} /home/vulkan/xbmc/docs/sources/dvdplayer/libDVDCSS/libdvdcss/autotools/missing --run aclocal-1.9'
AMDEPBACKSLASH='\'
AMDEP_FALSE='#'
AMDEP_TRUE=''
AMTAR='${SHELL} /home/vulkan/xbmc/docs/sources/dvdplayer/libDVDCSS/libdvdcss/autotools/missing --run tar'
AR='ar'
AS='as'
AUTOCONF='${SHELL} /home/vulkan/xbmc/docs/sources/dvdplayer/libDVDCSS/libdvdcss/autotools/missing --run autoconf'
AUTOHEADER='${SHELL} /home/vulkan/xbmc/docs/sources/dvdplayer/libDVDCSS/libdvdcss/autotools/missing --run autoheader'
AUTOMAKE='${SHELL} /home/vulkan/xbmc/docs/sources/dvdplayer/libDVDCSS/libdvdcss/autotools/missing --run automake-1.9'
AWK='mawk'
CC='gcc'
CCDEPMODE='depmode=gcc3'
CFLAGS='-D_LARGEFILE64_SOURCE -D_FILE_OFFSET_BITS=64 -DDVDCSS_DIST -Wsign-compare -Wall -D_XBOX -DNDEBUG'
CPP='gcc -E'
CPPFLAGS=''
CXX='g++'
CXXCPP='g++ -E'
CXXDEPMODE='depmode=gcc3'
CXXFLAGS='-g -O2'
CYGPATH_W='echo'
DEFS='-DHAVE_CONFIG_H'
DEPDIR='.deps'
DLLTOOL='dlltool'
DOXYGEN='no'
DOXYGEN_FALSE=''
DOXYGEN_TRUE='#'
ECHO='echo'
ECHO_C=''
ECHO_N='-n'
ECHO_T=''
EGREP='/bin/grep -E'
EXEEXT=''
F77=''
FFLAGS=''
GREP='/bin/grep'
INSTALL_DATA='${INSTALL} -m 644'
INSTALL_PROGRAM='${INSTALL}'
INSTALL_SCRIPT='${INSTALL}'
INSTALL_STRIP_PROGRAM='${SHELL} $(install_sh) -c -s'
LATEX='no'
LATEX_FALSE=''
LATEX_TRUE='#'
LDFLAGS=''
LIBOBJS=''
LIBS=''
LIBTOOL='$(SHELL) $(top_builddir)/libtool'
LN_S='ln -s'
LTLIBOBJS=''
MAKEINFO='${SHELL} /home/vulkan/xbmc/docs/sources/dvdplayer/libDVDCSS/libdvdcss/autotools/missing --run makeinfo'
OBJDUMP='objdump'
OBJEXT='o'
PACKAGE='libdvdcss'
PACKAGE_BUGREPORT=''
PACKAGE_NAME=''
PACKAGE_STRING=''
PACKAGE_TARNAME=''
PACKAGE_VERSION=''
PATH_SEPARATOR=':'
RANLIB='ranlib'
SET_MAKE=''
SHELL='/bin/bash'
STRIP='strip'
SYS_BSDI_FALSE=''
SYS_BSDI_LIBDVD_FALSE=''
SYS_BSDI_LIBDVD_TRUE='#'
SYS_BSDI_TRUE='#'
SYS_MSVC_FALSE=''
SYS_MSVC_TRUE='#'
VERSION='1.2.9'
ac_ct_CC='gcc'
ac_ct_CXX='g++'
ac_ct_F77=''
am__fastdepCC_FALSE='#'
am__fastdepCC_TRUE=''
am__fastdepCXX_FALSE='#'
am__fastdepCXX_TRUE=''
am__include='include'
am__leading_dot='.'
am__quote=''
am__tar='${AMTAR} chof - "$$tardir"'
am__untar='${AMTAR} xf -'
bindir='${exec_prefix}/bin'
build='i686-pc-linux-gnu'
build_alias=''
build_cpu='i686'
build_os='linux-gnu'
build_vendor='pc'
datadir='${datarootdir}'
datarootdir='${prefix}/share'
docdir='${datarootdir}/doc/${PACKAGE}'
dvidir='${docdir}'
exec_prefix='${prefix}'
host='i686-pc-linux-gnu'
host_alias=''
host_cpu='i686'
host_os='linux-gnu'
host_vendor='pc'
htmldir='${docdir}'
includedir='${prefix}/include'
infodir='${datarootdir}/info'
install_sh='/home/vulkan/xbmc/docs/sources/dvdplayer/libDVDCSS/libdvdcss/autotools/install-sh'
libdir='${exec_prefix}/lib'
libexecdir='${exec_prefix}/libexec'
localedir='${datarootdir}/locale'
localstatedir='${prefix}/var'
mandir='${datarootdir}/man'
mkdir_p='mkdir -p --'
oldincludedir='/usr/include'
pdfdir='${docdir}'
prefix='/usr/local'
program_transform_name='s,x,x,'
psdir='${docdir}'
sbindir='${exec_prefix}/sbin'
sharedstatedir='${prefix}/com'
sysconfdir='${prefix}/etc'
target='i686-pc-linux-gnu'
target_alias=''
target_cpu='i686'
target_os='linux-gnu'
target_vendor='pc'

## ----------- ##
## confdefs.h. ##
## ----------- ##

#define PACKAGE_NAME ""
#define PACKAGE_TARNAME ""
#define PACKAGE_VERSION ""
#define PACKAGE_STRING ""
#define PACKAGE_BUGREPORT ""
#define PACKAGE "libdvdcss"
#define VERSION "1.2.9"
#define STDC_HEADERS 1
#define HAVE_SYS_TYPES_H 1
#define HAVE_SYS_STAT_H 1
#define HAVE_STDLIB_H 1
#define HAVE_STRING_H 1
#define HAVE_MEMORY_H 1
#define HAVE_STRINGS_H 1
#define HAVE_INTTYPES_H 1
#define HAVE_STDINT_H 1
#define HAVE_UNISTD_H 1
#define HAVE_DLFCN_H 1
#define HAVE_UNISTD_H 1
#define HAVE_SYS_PARAM_H 1
#define HAVE_LIMITS_H 1
#define HAVE_PWD_H 1
#define HAVE_ERRNO_H 1
#define HAVE_SYS_IOCTL_H 1
#define HAVE_LINUX_CDROM_H 1
#define DVD_STRUCT_IN_LINUX_CDROM_H 1
#define HAVE_LINUX_DVD_STRUCT 1

configure: exit 0
