This file contains any messages produced by compilers while
running configure, to aid debugging if configure makes a mistake.

It was created by configure, which was
generated by GNU Autoconf 2.59.  Invocation command line was

  $ ./configure --enable-shared --disable-static

## --------- ##
## Platform. ##
## --------- ##

hostname = vulkan-laptop
uname -m = i686
uname -r = 2.6.22-rc5-vulkan
uname -s = Linux
uname -v = #2 SMP Tue Jun 19 18:20:54 IDT 2007

/usr/bin/uname -p = unknown
/bin/uname -X     = unknown

/bin/arch              = i686
/usr/bin/arch -k       = unknown
/usr/convex/getsysinfo = unknown
hostinfo               = unknown
/bin/machine           = unknown
/usr/bin/oslevel       = unknown
/bin/universe          = unknown

PATH: /usr/local/sbin
PATH: /usr/local/bin
PATH: /usr/sbin
PATH: /usr/bin
PATH: /sbin
PATH: /bin
PATH: /usr/games


## ----------- ##
## Core tests. ##
## ----------- ##

configure:1564: checking build system type
configure:1582: result: i686-pc-linux-gnu
configure:1590: checking host system type
configure:1604: result: i686-pc-linux-gnu
configure:1612: checking target system type
configure:1626: result: i686-pc-linux-gnu
configure:1655: checking for a BSD-compatible install
configure:1710: result: /usr/bin/install -c
configure:1721: checking whether build environment is sane
configure:1764: result: yes
configure:1797: checking for gawk
configure:1826: result: no
configure:1797: checking for mawk
configure:1813: found /usr/bin/mawk
configure:1823: result: mawk
configure:1833: checking whether make sets $(MAKE)
configure:1853: result: yes
configure:2042: checking for style of include used by make
configure:2070: result: GNU
configure:2141: checking for gcc
configure:2157: found /usr/bin/gcc
configure:2167: result: gcc
configure:2411: checking for C compiler version
configure:2414: gcc --version </dev/null >&5
gcc (GCC) 4.1.2 (Ubuntu 4.1.2-0ubuntu4)
Copyright (C) 2006 Free Software Foundation, Inc.
This is free software; see the source for copying conditions.  There is NO
warranty; not even for MERCHANTABILITY or FITNESS FOR A PARTICULAR PURPOSE.

configure:2417: $? = 0
configure:2419: gcc -v </dev/null >&5
Using built-in specs.
Target: i486-linux-gnu
Configured with: ../src/configure -v --enable-languages=c,c++,fortran,objc,obj-c++,treelang --prefix=/usr --enable-shared --with-system-zlib --libexecdir=/usr/lib --without-included-gettext --enable-threads=posix --enable-nls --program-suffix=-4.1 --enable-__cxa_atexit --enable-clocale=gnu --enable-libstdcxx-debug --enable-mpfr --enable-checking=release i486-linux-gnu
Thread model: posix
gcc version 4.1.2 (Ubuntu 4.1.2-0ubuntu4)
configure:2422: $? = 0
configure:2424: gcc -V </dev/null >&5
gcc: '-V' option must have argument
configure:2427: $? = 1
configure:2450: checking for C compiler default output file name
configure:2453: gcc -D_XBOX -DHAVE_DVDCSS_DVDCSS_H=1 -DNDEBUG   libDVDCSS/libdvdcss/src/*.o libDVDCSS/libdvdcss/src/.libs/*.o conftest.c  >&5
gcc: libDVDCSS/libdvdcss/src/*.o: No such file or directory
gcc: libDVDCSS/libdvdcss/src/.libs/*.o: No such file or directory
configure:2456: $? = 1
configure: failed program was:
| /* confdefs.h.  */
| 
| #define PACKAGE_NAME ""
| #define PACKAGE_TARNAME ""
| #define PACKAGE_VERSION ""
| #define PACKAGE_STRING ""
| #define PACKAGE_BUGREPORT ""
| #define PACKAGE "libdvdnav"
| #define VERSION "0.2.0cvs"
| /* end confdefs.h.  */
| 
| int
| main ()
| {
| 
|   ;
|   return 0;
| }
configure:2495: error: C compiler cannot create executables
See `config.log' for more details.

## ---------------- ##
## Cache variables. ##
## ---------------- ##

ac_cv_build=i686-pc-linux-gnu
ac_cv_build_alias=i686-pc-linux-gnu
ac_cv_env_CC_set=
ac_cv_env_CC_value=
ac_cv_env_CFLAGS_set=set
ac_cv_env_CFLAGS_value='-D_XBOX -DHAVE_DVDCSS_DVDCSS_H=1 -DNDEBUG '
ac_cv_env_CPPFLAGS_set=
ac_cv_env_CPPFLAGS_value=
ac_cv_env_CPP_set=
ac_cv_env_CPP_value=
ac_cv_env_CXXCPP_set=
ac_cv_env_CXXCPP_value=
ac_cv_env_CXXFLAGS_set=
ac_cv_env_CXXFLAGS_value=
ac_cv_env_CXX_set=
ac_cv_env_CXX_value=
ac_cv_env_F77_set=
ac_cv_env_F77_value=
ac_cv_env_FFLAGS_set=
ac_cv_env_FFLAGS_value=
ac_cv_env_LDFLAGS_set=set
ac_cv_env_LDFLAGS_value='libDVDCSS/libdvdcss/src/*.o libDVDCSS/libdvdcss/src/.libs/*.o'
ac_cv_env_build_alias_set=
ac_cv_env_build_alias_value=
ac_cv_env_host_alias_set=
ac_cv_env_host_alias_value=
ac_cv_env_target_alias_set=
ac_cv_env_target_alias_value=
ac_cv_host=i686-pc-linux-gnu
ac_cv_host_alias=i686-pc-linux-gnu
ac_cv_path_install='/usr/bin/install -c'
ac_cv_prog_AWK=mawk
ac_cv_prog_ac_ct_CC=gcc
ac_cv_prog_make_make_set=yes
ac_cv_target=i686-pc-linux-gnu
ac_cv_target_alias=i686-pc-linux-gnu

## ----------------- ##
## Output variables. ##
## ----------------- ##

ACLOCAL='${SHELL} /home/vulkan/xbmc/docs/sources/dvdplayer/libdvdnav/libdvdnav/missing --run aclocal-1.7'
ACLOCAL_DIR=''
AMDEPBACKSLASH='\'
AMDEP_FALSE='#'
AMDEP_TRUE=''
AMTAR='${SHELL} /home/vulkan/xbmc/docs/sources/dvdplayer/libdvdnav/libdvdnav/missing --run tar'
AR=''
AUTOCONF='${SHELL} /home/vulkan/xbmc/docs/sources/dvdplayer/libdvdnav/libdvdnav/missing --run autoconf'
AUTOHEADER='${SHELL} /home/vulkan/xbmc/docs/sources/dvdplayer/libdvdnav/libdvdnav/missing --run autoheader'
AUTOMAKE='${SHELL} /home/vulkan/xbmc/docs/sources/dvdplayer/libdvdnav/libdvdnav/missing --run automake-1.7'
AWK='mawk'
CC='gcc'
CCDEPMODE=''
CFLAGS='-D_XBOX -DHAVE_DVDCSS_DVDCSS_H=1 -DNDEBUG '
CPP=''
CPPFLAGS=''
CXX=''
CXXCPP=''
CXXDEPMODE=''
CXXFLAGS=''
CYGPATH_W='echo'
DEBUG_CFLAGS=''
DEFS=''
DEPCOMP=''
DEPDIR='.deps'
DOXYGEN=''
DVDNAV_LT_AGE='1'
DVDNAV_LT_CURRENT='5'
DVDNAV_LT_REVISION='0'
DVDNAV_MAJOR='0'
DVDNAV_MINOR='2'
DVDNAV_SUB='0'
DYNAMIC_LD_LIBS=''
ECHO='echo'
ECHO_C=''
ECHO_N='-n'
ECHO_T=''
EGREP=''
EXEEXT=''
F77=''
FFLAGS=''
INCLUDES=''
INSTALL_DATA='${INSTALL} -m 644'
INSTALL_M4_FALSE=''
INSTALL_M4_TRUE=''
INSTALL_PROGRAM='${INSTALL}'
INSTALL_SCRIPT='${INSTALL}'
INSTALL_STRIP_PROGRAM='${SHELL} $(install_sh) -c -s'
LDFLAGS='libDVDCSS/libdvdcss/src/*.o libDVDCSS/libdvdcss/src/.libs/*.o'
LIBNAME='libdvdnav0'
LIBOBJS=''
LIBS=''
LIBTOOL=''
LIBTOOL_DEPS=''
LN_S=''
LTLIBOBJS=''
MAKEINFO='${SHELL} /home/vulkan/xbmc/docs/sources/dvdplayer/libdvdnav/libdvdnav/missing --run makeinfo'
OBJEXT=''
PACKAGE='libdvdnav'
PACKAGE_BUGREPORT=''
PACKAGE_NAME=''
PACKAGE_STRING=''
PACKAGE_TARNAME=''
PACKAGE_VERSION=''
PATH_SEPARATOR=':'
RANLIB=''
RELEASE='1'
SET_MAKE=''
SHELL='/bin/bash'
SPEC_VERSION='0.2.0cvs'
STATIC=''
STRIP=''
TAR_NAME='libdvdnav-0.2.0cvs'
THREAD_CFLAGS=''
THREAD_LIBS=''
VERSION='0.2.0cvs'
ac_ct_AR=''
ac_ct_CC='gcc'
ac_ct_CXX=''
ac_ct_F77=''
ac_ct_RANLIB=''
ac_ct_STRIP=''
am__fastdepCC_FALSE=''
am__fastdepCC_TRUE=''
am__fastdepCXX_FALSE=''
am__fastdepCXX_TRUE=''
am__include='include'
am__quote=''
bindir='${exec_prefix}/bin'
build='i686-pc-linux-gnu'
build_alias=''
build_cpu='i686'
build_os='linux-gnu'
build_vendor='pc'
datadir='${prefix}/share'
exec_prefix='NONE'
host='i686-pc-linux-gnu'
host_alias=''
host_cpu='i686'
host_os='linux-gnu'
host_vendor='pc'
includedir='${prefix}/include'
infodir='${prefix}/info'
install_sh='/home/vulkan/xbmc/docs/sources/dvdplayer/libdvdnav/libdvdnav/install-sh'
libdir='${exec_prefix}/lib'
libexecdir='${exec_prefix}/libexec'
localstatedir='${prefix}/var'
mandir='${prefix}/man'
oldincludedir='/usr/include'
prefix='NONE'
program_transform_name='s,x,x,'
sbindir='${exec_prefix}/sbin'
sharedstatedir='${prefix}/com'
sysconfdir='${prefix}/etc'
target='i686-pc-linux-gnu'
target_alias=''
target_cpu='i686'
target_os='linux-gnu'
target_vendor='pc'

## ----------- ##
## confdefs.h. ##
## ----------- ##

#define PACKAGE "libdvdnav"
#define PACKAGE_BUGREPORT ""
#define PACKAGE_NAME ""
#define PACKAGE_STRING ""
#define PACKAGE_TARNAME ""
#define PACKAGE_VERSION ""
#define VERSION "0.2.0cvs"

configure: exit 77
