#
default 0
timeout 10

foreground eeeeee
background 333333

splashimage=/boot/xbmc.xpm.gz

#

title  XBMCLive - NVIDIA GPU
kernel /vmlinuz initrd=initrd0.img boot=cd quiet splash xbmc=nvidia,nodiskmount,tempfs,setvolume loglevel=0
initrd /initrd0.img 
quiet
boot

title  XBMCLive - ATI/AMD GPU
kernel /vmlinuz initrd=initrd0.img boot=cd quiet splash xbmc=amd,nodiskmount,tempfs,setvolume loglevel=0
initrd /initrd0.img 
quiet
boot

title  XBMCLive - Intel GPU
kernel /vmlinuz initrd=initrd0.img boot=cd quiet splash xbmc=intel,nodiskmount,tempfs,setvolume loglevel=0
initrd /initrd0.img 
quiet
boot

title  XBMCLive - SAFE MODE, NVIDIA GPU
kernel /vmlinuz initrd=initrd0.img boot=cd quiet xbmc=nvidia,nodiskmount,noredir,tempfs loglevel=0
initrd /initrd0.img 
quiet
boot

title  XBMCLive - SAFE MODE, ATI/AMD GPU
kernel /vmlinuz initrd=initrd0.img boot=cd quiet xbmc=amd,nodiskmount,noredir,tempfs loglevel=0
initrd /initrd0.img 
quiet
boot

title  XBMCLive - SAFE MODE, Intel GPU
kernel /vmlinuz initrd=initrd0.img boot=cd xbmc=nodiskmount,noredir
initrd /initrd0.img 
quiet
boot

title  Install XBMCLive to disk (USB or HDD)
kernel /vmlinuz initrd=initrd0.img boot=cd quiet splash xbmc=install,nodiskmount,noredir
initrd /initrd0.img 
quiet
boot
