
## ---------------- ##
## Cache variables. ##
## ---------------- ##

ac_cv_build=x86_64-unknown-linux-gnu
ac_cv_c_compiler_gnu=yes
ac_cv_c_const=yes
ac_cv_c_inline=inline
ac_cv_c_int16_t=yes
ac_cv_c_int32_t=yes
ac_cv_c_int64_t=yes
ac_cv_c_int8_t=yes
ac_cv_c_restrict=__restrict
ac_cv_c_uint16_t=yes
ac_cv_c_uint32_t=yes
ac_cv_c_uint64_t=yes
ac_cv_c_uint8_t=yes
ac_cv_cxx_compiler_gnu=yes
ac_cv_env_CCC_set=
ac_cv_env_CCC_value=
ac_cv_env_CC_set=
ac_cv_env_CC_value=
ac_cv_env_CFLAGS_set=
ac_cv_env_CFLAGS_value=
ac_cv_env_CPPFLAGS_set=
ac_cv_env_CPPFLAGS_value=
ac_cv_env_CPP_set=
ac_cv_env_CPP_value=
ac_cv_env_CXXFLAGS_set=
ac_cv_env_CXXFLAGS_value=
ac_cv_env_CXX_set=
ac_cv_env_CXX_value=
ac_cv_env_LDFLAGS_set=
ac_cv_env_LDFLAGS_value=
ac_cv_env_LIBS_set=
ac_cv_env_LIBS_value=
ac_cv_env_build_alias_set=
ac_cv_env_build_alias_value=
ac_cv_env_host_alias_set=
ac_cv_env_host_alias_value=
ac_cv_env_target_alias_set=
ac_cv_env_target_alias_value=
ac_cv_func__doprnt=no
ac_cv_func_alarm=yes
ac_cv_func_alloca_works=yes
ac_cv_func_atexit=yes
ac_cv_func_chown_works=yes
ac_cv_func_closedir_void=no
ac_cv_func_dup2=yes
ac_cv_func_fdatasync=yes
ac_cv_func_floor=yes
ac_cv_func_fs_stat_dev=no
ac_cv_func_ftime=yes
ac_cv_func_ftruncate=yes
ac_cv_func_getcwd=yes
ac_cv_func_gethostbyaddr=yes
ac_cv_func_gethostbyname=yes
ac_cv_func_gethostname=yes
ac_cv_func_getpagesize=yes
ac_cv_func_getpass=yes
ac_cv_func_gettimeofday=yes
ac_cv_func_inet_ntoa=yes
ac_cv_func_lchown=yes
ac_cv_func_localeconv=yes
ac_cv_func_lstat_dereferences_slashed_symlink=yes
ac_cv_func_lstat_empty_string_bug=no
ac_cv_func_memchr=yes
ac_cv_func_memcmp_working=yes
ac_cv_func_memmove=yes
ac_cv_func_memset=yes
ac_cv_func_mkdir=yes
ac_cv_func_mmap_fixed_mapped=yes
ac_cv_func_modf=yes
ac_cv_func_munmap=yes
ac_cv_func_pow=yes
ac_cv_func_realloc_0_nonnull=yes
ac_cv_func_rmdir=yes
ac_cv_func_select=yes
ac_cv_func_select_args='int,fd_set *,struct timeval *'
ac_cv_func_setenv=yes
ac_cv_func_setlocale=yes
ac_cv_func_setvbuf_reversed=no
ac_cv_func_socket=yes
ac_cv_func_sqrt=yes
ac_cv_func_stat_empty_string_bug=no
ac_cv_func_strcasecmp=yes
ac_cv_func_strchr=yes
ac_cv_func_strcoll_works=yes
ac_cv_func_strcspn=yes
ac_cv_func_strdup=yes
ac_cv_func_strerror=yes
ac_cv_func_strftime=yes
ac_cv_func_strncasecmp=yes
ac_cv_func_strpbrk=yes
ac_cv_func_strrchr=yes
ac_cv_func_strspn=yes
ac_cv_func_strstr=yes
ac_cv_func_strtod=yes
ac_cv_func_strtol=yes
ac_cv_func_strtoul=yes
ac_cv_func_sysinfo=yes
ac_cv_func_tzset=yes
ac_cv_func_utime=yes
ac_cv_func_utime_null=yes
ac_cv_func_vprintf=yes
ac_cv_func_working_mktime=yes
ac_cv_header_arpa_inet_h=yes
ac_cv_header_boost_shared_ptr_hpp=yes
ac_cv_header_dirent_dirent_h=yes
ac_cv_header_fcntl_h=yes
ac_cv_header_float_h=yes
ac_cv_header_inttypes_h=yes
ac_cv_header_limits_h=yes
ac_cv_header_locale_h=yes
ac_cv_header_lzo_lzo1_h=yes
ac_cv_header_malloc_h=yes
ac_cv_header_memory_h=yes
ac_cv_header_netdb_h=yes
ac_cv_header_netinet_in_h=yes
ac_cv_header_stat_broken=no
ac_cv_header_stdbool_h=yes
ac_cv_header_stdc=yes
ac_cv_header_stddef_h=yes
ac_cv_header_stdint_h=yes
ac_cv_header_stdlib_h=yes
ac_cv_header_string_h=yes
ac_cv_header_strings_h=yes
ac_cv_header_sys_file_h=yes
ac_cv_header_sys_ioctl_h=yes
ac_cv_header_sys_mount_h=yes
ac_cv_header_sys_param_h=yes
ac_cv_header_sys_select_h=yes
ac_cv_header_sys_socket_h=yes
ac_cv_header_sys_stat_h=yes
ac_cv_header_sys_time_h=yes
ac_cv_header_sys_timeb_h=yes
ac_cv_header_sys_types_h=yes
ac_cv_header_sys_vfs_h=yes
ac_cv_header_sys_wait_h=yes
ac_cv_header_termios_h=yes
ac_cv_header_time=yes
ac_cv_header_unistd_h=yes
ac_cv_header_utime_h=yes
ac_cv_header_wchar_h=yes
ac_cv_header_wctype_h=yes
ac_cv_host=x86_64-unknown-linux-gnu
ac_cv_lib_GLEW_main=yes
ac_cv_lib_GLU_main=yes
ac_cv_lib_GL_main=yes
ac_cv_lib_SDL_image_main=yes
ac_cv_lib_SDL_main=yes
ac_cv_lib_SDL_mixer_main=yes
ac_cv_lib_Xinerama_main=yes
ac_cv_lib_Xrandr_main=yes
ac_cv_lib_asound_main=yes
ac_cv_lib_bz2_main=yes
ac_cv_lib_dbus_1_main=yes
ac_cv_lib_dl_main=yes
ac_cv_lib_error_at_line=yes
ac_cv_lib_fontconfig_main=yes
ac_cv_lib_freetype_main=yes
ac_cv_lib_fribidi_main=yes
ac_cv_lib_hal_main=yes
ac_cv_lib_hal_storage_main=yes
ac_cv_lib_jasper_main=yes
ac_cv_lib_jpeg_main=yes
ac_cv_lib_lzo2_main=yes
ac_cv_lib_mad_main=yes
ac_cv_lib_mms_main=yes
ac_cv_lib_mms_mms_seek=yes
ac_cv_lib_mysqlclient_main=yes
ac_cv_lib_ogg_main=yes
ac_cv_lib_pcre_main=yes
ac_cv_lib_png12_main=yes
ac_cv_lib_resolv_main=yes
ac_cv_lib_rt_clock_gettime=yes
ac_cv_lib_sqlite3_main=yes
ac_cv_lib_tre_main=yes
ac_cv_lib_vorbis_main=yes
ac_cv_member_struct_stat_st_rdev=yes
ac_cv_objext=o
ac_cv_path_CCACHE=/usr/bin/ccache
ac_cv_path_EGREP='/bin/grep -E'
ac_cv_path_GREP=/bin/grep
ac_cv_prog_AWK=gawk
ac_cv_prog_CPP='g++ -E'
ac_cv_prog_ac_ct_CC=gcc
ac_cv_prog_ac_ct_CXX=g++
ac_cv_prog_cc_c89=
ac_cv_prog_cc_g=yes
ac_cv_prog_cxx_g=yes
ac_cv_prog_gcc_traditional=no
ac_cv_prog_make_make_set=yes
ac_cv_search_opendir='none required'
ac_cv_struct_tm=time.h
ac_cv_sys_largefile_source=no
ac_cv_type__Bool=yes
ac_cv_type_mode_t=yes
ac_cv_type_off_t=yes
ac_cv_type_pid_t=yes
ac_cv_type_signal=void
ac_cv_type_size_t=yes
ac_cv_type_ssize_t=yes
ac_cv_type_uid_t=yes
ac_cv_working_alloca_h=yes

## ----------------- ##
## Output variables. ##
## ----------------- ##

ALLOCA=''
ARCH='x86_64-linux'
ARCH_DEFINES=''
AWK='gawk'
CC='/usr/bin/ccache gcc'
CCACHE='/usr/bin/ccache'
CFLAGS='-g -O2'
CPP='g++ -E'
CPPFLAGS=''
CXX='/usr/bin/ccache g++'
CXXFLAGS='-g -O2'
DEBUG_FLAGS='-g -D_DEBUG -Wall'
DEFS='-DHAVE_CONFIG_H'
ECHO_C=''
ECHO_N='-n'
ECHO_T=''
EGREP='/bin/grep -E'
EXEEXT=''
GREP='/bin/grep'
INCLUDES=''
LDFLAGS=''
LIBOBJS=''
LIBS='-lhal-storage -ldbus-1 -lpcre -lmms -lXrandr -ljpeg -ljasper -lpng12 -lresolv -lrt -lasound -lmysqlclient -lsqlite3 -llzo2 -lfribidi -lbz2 -lfontconfig -lfreetype -ldl -lSDL_mixer -lSDL_image -lSDL -lvorbis -logg -ltre -lmad -lXinerama -lGLU -lGLEW -lGL '
LN_S='ln -s'
LTLIBOBJS=''
LZO_INCLUDES=' -DDBUS_API_SUBJECT_TO_CHANGE -I/usr/include/dbus-1.0 -I/usr/lib/dbus-1.0/include -I/usr/include/hal -I/usr/include/lzo'
OBJEXT='o'
PACKAGE_BUGREPORT='bugs@xboxmediacenter.com'
PACKAGE_NAME='"xbmc"'
PACKAGE_STRING='"xbmc" 2.1'
PACKAGE_TARNAME='-xbmc-'
PACKAGE_VERSION='2.1'
PATH_SEPARATOR=':'
POW_LIB=''
SDL_DEFINES=' -DHAS_SDL_JOYSTICK -DHAS_XRANDR -DHAS_MMS -DHAS_PCRE -D'\''SVN_REV="14216M"'\'''
SET_MAKE=''
SHELL='/bin/sh'
ac_ct_CC='gcc'
ac_ct_CXX='g++'
bindir='${exec_prefix}/bin'
build='x86_64-unknown-linux-gnu'
build_alias=''
build_cpu='x86_64'
build_os='linux-gnu'
build_vendor='unknown'
datadir='${datarootdir}'
datarootdir='${prefix}/share'
docdir='${datarootdir}/doc/${PACKAGE_TARNAME}'
dvidir='${docdir}'
exec_prefix='${prefix}'
host='x86_64-unknown-linux-gnu'
host_alias=''
host_cpu='x86_64'
host_os='linux-gnu'
host_vendor='unknown'
htmldir='${docdir}'
includedir='${prefix}/include'
infodir='${datarootdir}/info'
libdir='${exec_prefix}/lib'
libexecdir='${exec_prefix}/libexec'
localedir='${datarootdir}/locale'
localstatedir='${prefix}/var'
mandir='${datarootdir}/man'
oldincludedir='/usr/include'
pdfdir='${docdir}'
prefix='/usr/local'
program_transform_name='s,x,x,'
psdir='${docdir}'
sbindir='${exec_prefix}/sbin'
sharedstatedir='${prefix}/com'
sysconfdir='${prefix}/etc'
target_alias=''

configure: exit 1
