This file contains any messages produced by compilers while
running configure, to aid debugging if configure makes a mistake.

It was created by configure, which was
generated by GNU Autoconf 2.61.  Invocation command line was

  $ ./configure --disable-oss --disable-solaris-audio --disable-al-audio --disable-win

## --------- ##
## Platform. ##
## --------- ##

hostname = vulkan-laptop
uname -m = i686
uname -r = 2.6.22-rc5-vulkan
uname -s = Linux
uname -v = #2 SMP Tue Jun 19 18:20:54 IDT 2007

/usr/bin/uname -p = unknown
/bin/uname -X     = unknown

/bin/arch              = i686
/usr/bin/arch -k       = unknown
/usr/convex/getsysinfo = unknown
/usr/bin/hostinfo      = unknown
/bin/machine           = unknown
/usr/bin/oslevel       = unknown
/bin/universe          = unknown

PATH: /usr/local/sbin
PATH: /usr/local/bin
PATH: /usr/sbin
PATH: /usr/bin
PATH: /sbin
PATH: /bin
PATH: /usr/games


## ----------- ##
## Core tests. ##
## ----------- ##

configure:1793: checking for a BSD-compatible install
configure:1849: result: /usr/bin/install -c
configure:1860: checking whether build environment is sane
configure:1903: result: yes
configure:1936: checking for gawk
configure:1966: result: no
configure:1936: checking for mawk
configure:1952: found /usr/bin/mawk
configure:1963: result: mawk
configure:1974: checking whether make sets $(MAKE)
configure:1995: result: yes
configure:2177: checking whether to enable maintainer-specific portions of Makefiles
configure:2186: result: no
configure:2207: checking build system type
configure:2225: result: i686-pc-linux-gnu
configure:2247: checking host system type
configure:2262: result: i686-pc-linux-gnu
configure:2333: checking for gcc
configure:2349: found /usr/bin/gcc
configure:2360: result: gcc
configure:2598: checking for C compiler version
configure:2605: gcc --version >&5
gcc (GCC) 4.1.2 (Ubuntu 4.1.2-0ubuntu4)
Copyright (C) 2006 Free Software Foundation, Inc.
This is free software; see the source for copying conditions.  There is NO
warranty; not even for MERCHANTABILITY or FITNESS FOR A PARTICULAR PURPOSE.

configure:2608: $? = 0
configure:2615: gcc -v >&5
Using built-in specs.
Target: i486-linux-gnu
Configured with: ../src/configure -v --enable-languages=c,c++,fortran,objc,obj-c++,treelang --prefix=/usr --enable-shared --with-system-zlib --libexecdir=/usr/lib --without-included-gettext --enable-threads=posix --enable-nls --program-suffix=-4.1 --enable-__cxa_atexit --enable-clocale=gnu --enable-libstdcxx-debug --enable-mpfr --enable-checking=release i486-linux-gnu
Thread model: posix
gcc version 4.1.2 (Ubuntu 4.1.2-0ubuntu4)
configure:2618: $? = 0
configure:2625: gcc -V >&5
gcc: '-V' option must have argument
configure:2628: $? = 1
configure:2651: checking for C compiler default output file name
configure:2678: gcc    conftest.c  >&5
configure:2681: $? = 0
configure:2719: result: a.out
configure:2736: checking whether the C compiler works
configure:2746: ./a.out
configure:2749: $? = 0
configure:2766: result: yes
configure:2773: checking whether we are cross compiling
configure:2775: result: no
configure:2778: checking for suffix of executables
configure:2785: gcc -o conftest    conftest.c  >&5
configure:2788: $? = 0
configure:2812: result: 
configure:2818: checking for suffix of object files
configure:2844: gcc -c   conftest.c >&5
configure:2847: $? = 0
configure:2870: result: o
configure:2874: checking whether we are using the GNU C compiler
configure:2903: gcc -c   conftest.c >&5
configure:2909: $? = 0
configure:2926: result: yes
configure:2931: checking whether gcc accepts -g
configure:2961: gcc -c -g  conftest.c >&5
configure:2967: $? = 0
configure:3066: result: yes
configure:3083: checking for gcc option to accept ISO C89
configure:3157: gcc  -c -g -O2  conftest.c >&5
configure:3163: $? = 0
configure:3186: result: none needed
configure:3215: checking for style of include used by make
configure:3243: result: GNU
configure:3271: checking dependency style of gcc
configure:3354: result: gcc3
configure:3377: checking how to run the C preprocessor
configure:3417: gcc -E  conftest.c
configure:3423: $? = 0
configure:3454: gcc -E  conftest.c
conftest.c:10:28: error: ac_nonexistent.h: No such file or directory
configure:3460: $? = 1
configure: failed program was:
| /* confdefs.h.  */
| #define PACKAGE_NAME ""
| #define PACKAGE_TARNAME ""
| #define PACKAGE_VERSION ""
| #define PACKAGE_STRING ""
| #define PACKAGE_BUGREPORT ""
| #define PACKAGE "libdts"
| #define VERSION "0.0.2"
| /* end confdefs.h.  */
| #include <ac_nonexistent.h>
configure:3493: result: gcc -E
configure:3522: gcc -E  conftest.c
configure:3528: $? = 0
configure:3559: gcc -E  conftest.c
conftest.c:10:28: error: ac_nonexistent.h: No such file or directory
configure:3565: $? = 1
configure: failed program was:
| /* confdefs.h.  */
| #define PACKAGE_NAME ""
| #define PACKAGE_TARNAME ""
| #define PACKAGE_VERSION ""
| #define PACKAGE_STRING ""
| #define PACKAGE_BUGREPORT ""
| #define PACKAGE "libdts"
| #define VERSION "0.0.2"
| /* end confdefs.h.  */
| #include <ac_nonexistent.h>
configure:3603: checking for grep that handles long lines and -e
configure:3677: result: /bin/grep
configure:3682: checking for egrep
configure:3760: result: /bin/grep -E
configure:3766: checking whether gcc needs -traditional
configure:3808: result: no
configure:3821: checking if gcc supports  -Wall -g -O2 flags
configure:3846: gcc -c  -Wall -g -O2  conftest.c >&5
configure:3852: $? = 0
configure:3867: result: yes
configure:3879: checking if gcc supports  -Wall -g  -O3 flags
configure:3904: gcc -c  -Wall -g  -O3  conftest.c >&5
configure:3910: $? = 0
configure:3925: result: yes
configure:3946: checking if gcc supports  -Wall -g  -O3 -fomit-frame-pointer  flags
configure:3971: gcc -c  -Wall -g  -O3 -fomit-frame-pointer   conftest.c >&5
configure:3977: $? = 0
configure:3992: result: yes
configure:4010: checking if gcc supports  -Wall -g  -O3 -fomit-frame-pointer -mcpu=pentiumpro  flags
configure:4035: gcc -c  -Wall -g  -O3 -fomit-frame-pointer -mcpu=pentiumpro   conftest.c >&5
`-mcpu=' is deprecated. Use `-mtune=' or '-march=' instead.
configure:4041: $? = 0
configure:4056: result: yes
configure:4235: checking for ranlib
configure:4251: found /usr/bin/ranlib
configure:4262: result: ranlib
configure:4314: checking for ANSI C header files
configure:4344: gcc -c   conftest.c >&5
configure:4350: $? = 0
configure:4449: gcc -o conftest    conftest.c  >&5
configure:4452: $? = 0
configure:4458: ./conftest
configure:4461: $? = 0
configure:4478: result: yes
configure:4502: checking for sys/types.h
configure:4523: gcc -c   conftest.c >&5
configure:4529: $? = 0
configure:4545: result: yes
configure:4502: checking for sys/stat.h
configure:4523: gcc -c   conftest.c >&5
configure:4529: $? = 0
configure:4545: result: yes
configure:4502: checking for stdlib.h
configure:4523: gcc -c   conftest.c >&5
configure:4529: $? = 0
configure:4545: result: yes
configure:4502: checking for string.h
configure:4523: gcc -c   conftest.c >&5
configure:4529: $? = 0
configure:4545: result: yes
configure:4502: checking for memory.h
configure:4523: gcc -c   conftest.c >&5
configure:4529: $? = 0
configure:4545: result: yes
configure:4502: checking for strings.h
configure:4523: gcc -c   conftest.c >&5
configure:4529: $? = 0
configure:4545: result: yes
configure:4502: checking for inttypes.h
configure:4523: gcc -c   conftest.c >&5
configure:4529: $? = 0
configure:4545: result: yes
configure:4502: checking for stdint.h
configure:4523: gcc -c   conftest.c >&5
configure:4529: $? = 0
configure:4545: result: yes
configure:4502: checking for unistd.h
configure:4523: gcc -c   conftest.c >&5
configure:4529: $? = 0
configure:4545: result: yes
configure:4575: checking sys/time.h usability
configure:4592: gcc -c   conftest.c >&5
configure:4598: $? = 0
configure:4612: result: yes
configure:4616: checking sys/time.h presence
configure:4631: gcc -E  conftest.c
configure:4637: $? = 0
configure:4651: result: yes
configure:4679: checking for sys/time.h
configure:4687: result: yes
configure:4575: checking time.h usability
configure:4592: gcc -c   conftest.c >&5
configure:4598: $? = 0
configure:4612: result: yes
configure:4616: checking time.h presence
configure:4631: gcc -E  conftest.c
configure:4637: $? = 0
configure:4651: result: yes
configure:4679: checking for time.h
configure:4687: result: yes
configure:4575: checking sys/timeb.h usability
configure:4592: gcc -c   conftest.c >&5
configure:4598: $? = 0
configure:4612: result: yes
configure:4616: checking sys/timeb.h presence
configure:4631: gcc -E  conftest.c
configure:4637: $? = 0
configure:4651: result: yes
configure:4679: checking for sys/timeb.h
configure:4687: result: yes
configure:4575: checking io.h usability
configure:4592: gcc -c   conftest.c >&5
conftest.c:56:16: error: io.h: No such file or directory
configure:4598: $? = 1
configure: failed program was:
| /* confdefs.h.  */
| #define PACKAGE_NAME ""
| #define PACKAGE_TARNAME ""
| #define PACKAGE_VERSION ""
| #define PACKAGE_STRING ""
| #define PACKAGE_BUGREPORT ""
| #define PACKAGE "libdts"
| #define VERSION "0.0.2"
| #define STDC_HEADERS 1
| #define HAVE_SYS_TYPES_H 1
| #define HAVE_SYS_STAT_H 1
| #define HAVE_STDLIB_H 1
| #define HAVE_STRING_H 1
| #define HAVE_MEMORY_H 1
| #define HAVE_STRINGS_H 1
| #define HAVE_INTTYPES_H 1
| #define HAVE_STDINT_H 1
| #define HAVE_UNISTD_H 1
| #define HAVE_SYS_TIME_H 1
| #define HAVE_TIME_H 1
| #define HAVE_SYS_TIMEB_H 1
| /* end confdefs.h.  */
| #include <stdio.h>
| #ifdef HAVE_SYS_TYPES_H
| # include <sys/types.h>
| #endif
| #ifdef HAVE_SYS_STAT_H
| # include <sys/stat.h>
| #endif
| #ifdef STDC_HEADERS
| # include <stdlib.h>
| # include <stddef.h>
| #else
| # ifdef HAVE_STDLIB_H
| #  include <stdlib.h>
| # endif
| #endif
| #ifdef HAVE_STRING_H
| # if !defined STDC_HEADERS && defined HAVE_MEMORY_H
| #  include <memory.h>
| # endif
| # include <string.h>
| #endif
| #ifdef HAVE_STRINGS_H
| # include <strings.h>
| #endif
| #ifdef HAVE_INTTYPES_H
| # include <inttypes.h>
| #endif
| #ifdef HAVE_STDINT_H
| # include <stdint.h>
| #endif
| #ifdef HAVE_UNISTD_H
| # include <unistd.h>
| #endif
| #include <io.h>
configure:4612: result: no
configure:4616: checking io.h presence
configure:4631: gcc -E  conftest.c
conftest.c:23:16: error: io.h: No such file or directory
configure:4637: $? = 1
configure: failed program was:
| /* confdefs.h.  */
| #define PACKAGE_NAME ""
| #define PACKAGE_TARNAME ""
| #define PACKAGE_VERSION ""
| #define PACKAGE_STRING ""
| #define PACKAGE_BUGREPORT ""
| #define PACKAGE "libdts"
| #define VERSION "0.0.2"
| #define STDC_HEADERS 1
| #define HAVE_SYS_TYPES_H 1
| #define HAVE_SYS_STAT_H 1
| #define HAVE_STDLIB_H 1
| #define HAVE_STRING_H 1
| #define HAVE_MEMORY_H 1
| #define HAVE_STRINGS_H 1
| #define HAVE_INTTYPES_H 1
| #define HAVE_STDINT_H 1
| #define HAVE_UNISTD_H 1
| #define HAVE_SYS_TIME_H 1
| #define HAVE_TIME_H 1
| #define HAVE_SYS_TIMEB_H 1
| /* end confdefs.h.  */
| #include <io.h>
configure:4651: result: no
configure:4679: checking for io.h
configure:4687: result: no
configure:4700: checking for struct timeval
configure:4732: gcc -c   conftest.c >&5
configure:4738: $? = 0
configure:4753: result: yes
configure:4766: checking for inttypes.h
configure:4771: result: yes
configure:7664: checking for an ANSI C-conforming const
configure:7739: gcc -c   conftest.c >&5
configure:7745: $? = 0
configure:7760: result: yes
configure:7770: checking for inline
configure:7796: gcc -c   conftest.c >&5
configure:7802: $? = 0
configure:7820: result: inline
configure:7840: checking for always_inline
configure:7868: gcc -c  -Wall -Werror  conftest.c >&5
configure:7874: $? = 0
configure:7889: result: yes
configure:7898: checking for restrict
configure:7923: gcc -c   conftest.c >&5
conftest.c: In function 'main':
conftest.c:29: error: expected '=', ',', ';', 'asm' or '__attribute__' before 'p'
conftest.c:29: error: 'p' undeclared (first use in this function)
conftest.c:29: error: (Each undeclared identifier is reported only once
conftest.c:29: error: for each function it appears in.)
configure:7929: $? = 1
configure: failed program was:
| /* confdefs.h.  */
| #define PACKAGE_NAME ""
| #define PACKAGE_TARNAME ""
| #define PACKAGE_VERSION ""
| #define PACKAGE_STRING ""
| #define PACKAGE_BUGREPORT ""
| #define PACKAGE "libdts"
| #define VERSION "0.0.2"
| #define STDC_HEADERS 1
| #define HAVE_SYS_TYPES_H 1
| #define HAVE_SYS_STAT_H 1
| #define HAVE_STDLIB_H 1
| #define HAVE_STRING_H 1
| #define HAVE_MEMORY_H 1
| #define HAVE_STRINGS_H 1
| #define HAVE_INTTYPES_H 1
| #define HAVE_STDINT_H 1
| #define HAVE_UNISTD_H 1
| #define HAVE_SYS_TIME_H 1
| #define HAVE_TIME_H 1
| #define HAVE_SYS_TIMEB_H 1
| #define HAVE_STRUCT_TIMEVAL 1
| #define inline __attribute__ ((__always_inline__))
| /* end confdefs.h.  */
| 
| int
| main ()
| {
| char * restrict p;
|   ;
|   return 0;
| }
configure:7923: gcc -c   conftest.c >&5
configure:7929: $? = 0
configure:7944: result: __restrict__
configure:7958: checking for __builtin_expect
configure:7973: gcc  -nostdlib -nostartfiles
            -o conftest conftest.c -lgcc >&5
/usr/bin/ld: warning: cannot find entry symbol _start; defaulting to 0000000008048074
configure:7976: $? = 0
configure:7984: result: yes
configure:7993: checking for size_t
configure:8023: gcc -c   conftest.c >&5
configure:8029: $? = 0
configure:8044: result: yes
configure:8056: checking whether byte ordering is bigendian
configure:8089: gcc -c   conftest.c >&5
configure:8095: $? = 0
configure:8127: gcc -c   conftest.c >&5
conftest.c: In function 'main':
conftest.c:34: error: 'not' undeclared (first use in this function)
conftest.c:34: error: (Each undeclared identifier is reported only once
conftest.c:34: error: for each function it appears in.)
conftest.c:34: error: expected ';' before 'big'
configure:8133: $? = 1
configure: failed program was:
| /* confdefs.h.  */
| #define PACKAGE_NAME ""
| #define PACKAGE_TARNAME ""
| #define PACKAGE_VERSION ""
| #define PACKAGE_STRING ""
| #define PACKAGE_BUGREPORT ""
| #define PACKAGE "libdts"
| #define VERSION "0.0.2"
| #define STDC_HEADERS 1
| #define HAVE_SYS_TYPES_H 1
| #define HAVE_SYS_STAT_H 1
| #define HAVE_STDLIB_H 1
| #define HAVE_STRING_H 1
| #define HAVE_MEMORY_H 1
| #define HAVE_STRINGS_H 1
| #define HAVE_INTTYPES_H 1
| #define HAVE_STDINT_H 1
| #define HAVE_UNISTD_H 1
| #define HAVE_SYS_TIME_H 1
| #define HAVE_TIME_H 1
| #define HAVE_SYS_TIMEB_H 1
| #define HAVE_STRUCT_TIMEVAL 1
| #define inline __attribute__ ((__always_inline__))
| #define restrict __restrict__
| #define HAVE_BUILTIN_EXPECT
| /* end confdefs.h.  */
| #include <sys/types.h>
| #include <sys/param.h>
| 
| int
| main ()
| {
| #if BYTE_ORDER != BIG_ENDIAN
|  not big endian
| #endif
| 
|   ;
|   return 0;
| }
configure:8273: result: no
configure:8299: checking for memalign
configure:8355: gcc -o conftest    conftest.c  >&5
configure:8361: $? = 0
configure:8379: result: yes
configure:8299: checking for gettimeofday
configure:8355: gcc -o conftest    conftest.c  >&5
configure:8361: $? = 0
configure:8379: result: yes
configure:8299: checking for ftime
configure:8355: gcc -o conftest    conftest.c  >&5
configure:8361: $? = 0
configure:8379: result: yes
configure:8389: checking return type of signal handlers
configure:8417: gcc -c   conftest.c >&5
conftest.c: In function 'main':
conftest.c:36: error: void value not ignored as it ought to be
configure:8423: $? = 1
configure: failed program was:
| /* confdefs.h.  */
| #define PACKAGE_NAME ""
| #define PACKAGE_TARNAME ""
| #define PACKAGE_VERSION ""
| #define PACKAGE_STRING ""
| #define PACKAGE_BUGREPORT ""
| #define PACKAGE "libdts"
| #define VERSION "0.0.2"
| #define STDC_HEADERS 1
| #define HAVE_SYS_TYPES_H 1
| #define HAVE_SYS_STAT_H 1
| #define HAVE_STDLIB_H 1
| #define HAVE_STRING_H 1
| #define HAVE_MEMORY_H 1
| #define HAVE_STRINGS_H 1
| #define HAVE_INTTYPES_H 1
| #define HAVE_STDINT_H 1
| #define HAVE_UNISTD_H 1
| #define HAVE_SYS_TIME_H 1
| #define HAVE_TIME_H 1
| #define HAVE_SYS_TIMEB_H 1
| #define HAVE_STRUCT_TIMEVAL 1
| #define inline __attribute__ ((__always_inline__))
| #define restrict __restrict__
| #define HAVE_BUILTIN_EXPECT
| #define HAVE_MEMALIGN 1
| #define HAVE_GETTIMEOFDAY 1
| #define HAVE_FTIME 1
| /* end confdefs.h.  */
| #include <sys/types.h>
| #include <signal.h>
| 
| int
| main ()
| {
| return *(signal (0, 0)) (0) == 1;
|   ;
|   return 0;
| }
configure:8438: result: void
configure:8450: checking if libtool supports -prefer-non-pic flag
configure:8462: result: no
configure:8715: checking __attribute__ ((aligned ())) support
configure:8743: gcc -c  -Werror  conftest.c >&5
configure:8749: $? = 0
configure:8743: gcc -c  -Werror  conftest.c >&5
configure:8749: $? = 0
configure:8743: gcc -c  -Werror  conftest.c >&5
configure:8749: $? = 0
configure:8743: gcc -c  -Werror  conftest.c >&5
configure:8749: $? = 0
configure:8743: gcc -c  -Werror  conftest.c >&5
configure:8749: $? = 0
configure:8743: gcc -c  -Werror  conftest.c >&5
configure:8749: $? = 0
configure:8765: result: 64
configure:8904: creating ./config.status

## ---------------------- ##
## Running config.status. ##
## ---------------------- ##

This file was extended by config.status, which was
generated by GNU Autoconf 2.61.  Invocation command line was

  CONFIG_FILES    = 
  CONFIG_HEADERS  = 
  CONFIG_LINKS    = 
  CONFIG_COMMANDS = 
  $ ./config.status 

on vulkan-laptop

config.status:677: creating Makefile
config.status:677: creating autotools/Makefile
config.status:677: creating include/Makefile
config.status:677: creating test/Makefile
config.status:677: creating doc/Makefile
config.status:677: creating src/Makefile
config.status:677: creating libdts/Makefile
config.status:677: creating libao/Makefile
config.status:677: creating vc++/Makefile
config.status:677: creating debian/Makefile
config.status:677: creating libdts/libdts.pc
config.status:677: creating config.h
config.status:955: executing depfiles commands

## ---------------- ##
## Cache variables. ##
## ---------------- ##

ac_cv_always_inline=yes
ac_cv_build=i686-pc-linux-gnu
ac_cv_builtin_expect=yes
ac_cv_c_attr_align_try=64
ac_cv_c_attribute_aligned=64
ac_cv_c_bigendian=no
ac_cv_c_compiler_gnu=yes
ac_cv_c_const=yes
ac_cv_c_inline=inline
ac_cv_c_restrict=__restrict__
ac_cv_env_CC_set=
ac_cv_env_CC_value=
ac_cv_env_CFLAGS_set=
ac_cv_env_CFLAGS_value=
ac_cv_env_CPPFLAGS_set=
ac_cv_env_CPPFLAGS_value=
ac_cv_env_CPP_set=
ac_cv_env_CPP_value=
ac_cv_env_LDFLAGS_set=
ac_cv_env_LDFLAGS_value=
ac_cv_env_LIBS_set=
ac_cv_env_LIBS_value=
ac_cv_env_build_alias_set=
ac_cv_env_build_alias_value=
ac_cv_env_host_alias_set=
ac_cv_env_host_alias_value=
ac_cv_env_target_alias_set=
ac_cv_env_target_alias_value=
ac_cv_func_ftime=yes
ac_cv_func_gettimeofday=yes
ac_cv_func_memalign=yes
ac_cv_header_inttypes_h=yes
ac_cv_header_io_h=no
ac_cv_header_memory_h=yes
ac_cv_header_stdc=yes
ac_cv_header_stdint_h=yes
ac_cv_header_stdlib_h=yes
ac_cv_header_string_h=yes
ac_cv_header_strings_h=yes
ac_cv_header_sys_stat_h=yes
ac_cv_header_sys_time_h=yes
ac_cv_header_sys_timeb_h=yes
ac_cv_header_sys_types_h=yes
ac_cv_header_time_h=yes
ac_cv_header_unistd_h=yes
ac_cv_host=i686-pc-linux-gnu
ac_cv_libtool_non_pic=no
ac_cv_objext=o
ac_cv_path_EGREP='/bin/grep -E'
ac_cv_path_GREP=/bin/grep
ac_cv_path_install='/usr/bin/install -c'
ac_cv_prog_AWK=mawk
ac_cv_prog_CPP='gcc -E'
ac_cv_prog_ac_ct_CC=gcc
ac_cv_prog_ac_ct_RANLIB=ranlib
ac_cv_prog_cc_c89=
ac_cv_prog_cc_g=yes
ac_cv_prog_gcc_traditional=no
ac_cv_prog_make_make_set=yes
ac_cv_try_cflags_ok=yes
ac_cv_type_signal=void
ac_cv_type_size_t=yes
ac_cv_type_struct_timeval=yes
am_cv_CC_dependencies_compiler_type=gcc3

## ----------------- ##
## Output variables. ##
## ----------------- ##

ACLOCAL='${SHELL} /home/vulkan/xbmc/docs/sources/dvdplayer/libdts/autotools/missing --run aclocal-1.7'
AMDEPBACKSLASH='\'
AMDEP_FALSE='#'
AMDEP_TRUE=''
AMTAR='${SHELL} /home/vulkan/xbmc/docs/sources/dvdplayer/libdts/autotools/missing --run tar'
AUTOCONF='${SHELL} /home/vulkan/xbmc/docs/sources/dvdplayer/libdts/autotools/missing --run autoconf'
AUTOHEADER='${SHELL} /home/vulkan/xbmc/docs/sources/dvdplayer/libdts/autotools/missing --run autoheader'
AUTOMAKE='${SHELL} /home/vulkan/xbmc/docs/sources/dvdplayer/libdts/autotools/missing --run automake-1.7'
AWK='mawk'
CC='gcc'
CCDEPMODE='depmode=gcc3'
CFLAGS=''
CPP='gcc -E'
CPPFLAGS=''
CYGPATH_W='echo'
DEFS='-DHAVE_CONFIG_H'
DEPDIR='.deps'
DTSDEC_CFLAGS=' -Wall -g  -O3 -fomit-frame-pointer -mcpu=pentiumpro'
ECHO_C=''
ECHO_N='-n'
ECHO_T=''
EGREP='/bin/grep -E'
EXEEXT=''
GREP='/bin/grep'
INCLUDES='-I$(top_srcdir)/include -I$(top_builddir)/include'
INSTALL_DATA='${INSTALL} -m 644'
INSTALL_PROGRAM='${INSTALL}'
INSTALL_SCRIPT='${INSTALL}'
INSTALL_STRIP_PROGRAM='${SHELL} $(install_sh) -c -s'
LDFLAGS=''
LIBAO_LIBS='-lm'
LIBDTS_CFLAGS=''
LIBDTS_LIBS='-lm'
LIBOBJS=''
LIBS=''
LTLIBOBJS=''
MAINT='#'
MAINTAINER_MODE_FALSE=''
MAINTAINER_MODE_TRUE='#'
MAKEINFO='${SHELL} /home/vulkan/xbmc/docs/sources/dvdplayer/libdts/autotools/missing --run makeinfo'
NEED_PIC_FALSE='#'
NEED_PIC_TRUE=''
OBJEXT='o'
OPT_CFLAGS=' -Wall -g  -O3 -fomit-frame-pointer -mcpu=pentiumpro'
PACKAGE='libdts'
PACKAGE_BUGREPORT=''
PACKAGE_NAME=''
PACKAGE_STRING=''
PACKAGE_TARNAME=''
PACKAGE_VERSION=''
PATH_SEPARATOR=':'
RANLIB='ranlib'
SET_MAKE=''
SHELL='/bin/bash'
STRIP=''
VERSION='0.0.2'
ac_ct_CC='gcc'
am__fastdepCC_FALSE='#'
am__fastdepCC_TRUE=''
am__include='include'
am__leading_dot='.'
am__quote=''
bindir='${exec_prefix}/bin'
build='i686-pc-linux-gnu'
build_alias=''
build_cpu='i686'
build_os='linux-gnu'
build_vendor='pc'
datadir='${datarootdir}'
datarootdir='${prefix}/share'
docdir='${datarootdir}/doc/${PACKAGE}'
dvidir='${docdir}'
exec_prefix='${prefix}'
host='i686-pc-linux-gnu'
host_alias=''
host_cpu='i686'
host_os='linux-gnu'
host_vendor='pc'
htmldir='${docdir}'
includedir='${prefix}/include'
infodir='${datarootdir}/info'
install_sh='/home/vulkan/xbmc/docs/sources/dvdplayer/libdts/autotools/install-sh'
libdir='${exec_prefix}/lib'
libexecdir='${exec_prefix}/libexec'
localedir='${datarootdir}/locale'
localstatedir='${prefix}/var'
mandir='${datarootdir}/man'
oldincludedir='/usr/include'
pdfdir='${docdir}'
prefix='/usr/local'
program_transform_name='s,x,x,'
psdir='${docdir}'
sbindir='${exec_prefix}/sbin'
sharedstatedir='${prefix}/com'
sysconfdir='${prefix}/etc'
target_alias=''

## ----------- ##
## confdefs.h. ##
## ----------- ##

#define PACKAGE_NAME ""
#define PACKAGE_TARNAME ""
#define PACKAGE_VERSION ""
#define PACKAGE_STRING ""
#define PACKAGE_BUGREPORT ""
#define PACKAGE "libdts"
#define VERSION "0.0.2"
#define STDC_HEADERS 1
#define HAVE_SYS_TYPES_H 1
#define HAVE_SYS_STAT_H 1
#define HAVE_STDLIB_H 1
#define HAVE_STRING_H 1
#define HAVE_MEMORY_H 1
#define HAVE_STRINGS_H 1
#define HAVE_INTTYPES_H 1
#define HAVE_STDINT_H 1
#define HAVE_UNISTD_H 1
#define HAVE_SYS_TIME_H 1
#define HAVE_TIME_H 1
#define HAVE_SYS_TIMEB_H 1
#define HAVE_STRUCT_TIMEVAL 1
#define inline __attribute__ ((__always_inline__))
#define restrict __restrict__
#define HAVE_BUILTIN_EXPECT
#define HAVE_MEMALIGN 1
#define HAVE_GETTIMEOFDAY 1
#define HAVE_FTIME 1
#define RETSIGTYPE void
#define ATTRIBUTE_ALIGNED_MAX 64

configure: exit 0
