This file contains any messages produced by compilers while
running configure, to aid debugging if configure makes a mistake.

It was created by configure, which was
generated by GNU Autoconf 2.59.  Invocation command line was

  $ ./configure 

## --------- ##
## Platform. ##
## --------- ##

hostname = mackie
uname -m = i386
uname -r = 9.1.0
uname -s = Darwin
uname -v = Darwin Kernel Version 9.1.0: Wed Oct 31 17:46:22 PDT 2007; root:xnu-1228.0.2~1/RELEASE_I386

/usr/bin/uname -p = i386
/bin/uname -X     = unknown

/bin/arch              = unknown
/usr/bin/arch -k       = unknown
/usr/convex/getsysinfo = unknown
hostinfo               = Mach kernel version:
	 Darwin Kernel Version 9.1.0: Wed Oct 31 17:46:22 PDT 2007; root:xnu-1228.0.2~1/RELEASE_I386
Kernel configured for up to 4 processors.
4 processors are physically available.
4 processors are logically available.
Processor type: i486 (Intel 80486)
Processors active: 0 1 2 3
Primary memory available: 8.00 gigabytes
Default processor set: 130 tasks, 642 threads, 4 processors
Load average: 0.35, Mach factor: 3.64
/bin/machine           = unknown
/usr/bin/oslevel       = unknown
/bin/universe          = unknown

PATH: /Library/Frameworks/Python.framework/Versions/Current/bin
PATH: /Users/elan/bin
PATH: /opt/local/bin
PATH: /opt/local/sbin/
PATH: /usr/bin
PATH: /bin
PATH: /usr/sbin
PATH: /sbin
PATH: /usr/local/bin
PATH: /usr/X11/bin
PATH: /usr/local/bin
PATH: /usr/X11R6/bin/
PATH: /opt/local/bin


## ----------- ##
## Core tests. ##
## ----------- ##

configure:1666: checking for gcc
configure:1682: found /usr/bin/gcc
configure:1692: result: gcc
configure:1936: checking for C compiler version
configure:1939: gcc --version </dev/null >&5
i686-apple-darwin9-gcc-4.0.1 (GCC) 4.0.1 (Apple Inc. build 5465)
Copyright (C) 2005 Free Software Foundation, Inc.
This is free software; see the source for copying conditions.  There is NO
warranty; not even for MERCHANTABILITY or FITNESS FOR A PARTICULAR PURPOSE.

configure:1942: $? = 0
configure:1944: gcc -v </dev/null >&5
Using built-in specs.
Target: i686-apple-darwin9
Configured with: /var/tmp/gcc/gcc-5465~16/src/configure --disable-checking -enable-werror --prefix=/usr --mandir=/share/man --enable-languages=c,objc,c++,obj-c++ --program-transform-name=/^[cg][^.-]*$/s/$/-4.0/ --with-gxx-include-dir=/include/c++/4.0.0 --with-slibdir=/usr/lib --build=i686-apple-darwin9 --with-arch=apple --with-tune=generic --host=i686-apple-darwin9 --target=i686-apple-darwin9
Thread model: posix
gcc version 4.0.1 (Apple Inc. build 5465)
configure:1947: $? = 0
configure:1949: gcc -V </dev/null >&5
gcc-4.0: argument to `-V' is missing
configure:1952: $? = 1
configure:1975: checking for C compiler default output file name
configure:1978: gcc    conftest.c  >&5
configure:1981: $? = 0
configure:2027: result: a.out
configure:2032: checking whether the C compiler works
configure:2038: ./a.out
configure:2041: $? = 0
configure:2058: result: yes
configure:2065: checking whether we are cross compiling
configure:2067: result: no
configure:2070: checking for suffix of executables
configure:2072: gcc -o conftest    conftest.c  >&5
configure:2075: $? = 0
configure:2100: result: 
configure:2106: checking for suffix of object files
configure:2127: gcc -c   conftest.c >&5
configure:2130: $? = 0
configure:2152: result: o
configure:2156: checking whether we are using the GNU C compiler
configure:2180: gcc -c   conftest.c >&5
configure:2186: $? = 0
configure:2190: test -z 
			 || test ! -s conftest.err
configure:2193: $? = 0
configure:2196: test -s conftest.o
configure:2199: $? = 0
configure:2212: result: yes
configure:2218: checking whether gcc accepts -g
configure:2239: gcc -c -g  conftest.c >&5
configure:2245: $? = 0
configure:2249: test -z 
			 || test ! -s conftest.err
configure:2252: $? = 0
configure:2255: test -s conftest.o
configure:2258: $? = 0
configure:2269: result: yes
configure:2286: checking for gcc option to accept ANSI C
configure:2356: gcc  -c -g -O2  conftest.c >&5
configure:2362: $? = 0
configure:2366: test -z 
			 || test ! -s conftest.err
configure:2369: $? = 0
configure:2372: test -s conftest.o
configure:2375: $? = 0
configure:2393: result: none needed
configure:2411: gcc -c -g -O2  conftest.c >&5
conftest.c:2: error: syntax error before 'me'
configure:2417: $? = 1
configure: failed program was:
| #ifndef __cplusplus
|   choke me
| #endif
configure:2655: checking build system type
configure:2673: result: i686-apple-darwin9.1.0
configure:2681: checking host system type
configure:2695: result: i686-apple-darwin9.1.0
configure:2703: checking for a sed that does not truncate output
configure:2757: result: /usr/bin/sed
configure:2760: checking for egrep
configure:2770: result: grep -E
configure:2786: checking for ld used by gcc
configure:2853: result: /usr/libexec/gcc/i686-apple-darwin9/4.0.1/ld
configure:2862: checking if the linker (/usr/libexec/gcc/i686-apple-darwin9/4.0.1/ld) is GNU ld
configure:2877: result: no
configure:2882: checking for /usr/libexec/gcc/i686-apple-darwin9/4.0.1/ld option to reload object files
configure:2889: result: -r
configure:2907: checking for BSD-compatible nm
configure:2956: result: /usr/bin/nm -p
configure:2960: checking whether ln -s works
configure:2964: result: yes
configure:2971: checking how to recognise dependent libraries
configure:3147: result: pass_all
configure:3626: checking how to run the C preprocessor
configure:3661: gcc -E  conftest.c
configure:3667: $? = 0
configure:3699: gcc -E  conftest.c
conftest.c:9:28: error: ac_nonexistent.h: No such file or directory
configure:3705: $? = 1
configure: failed program was:
| /* confdefs.h.  */
| 
| #define PACKAGE_NAME ""
| #define PACKAGE_TARNAME ""
| #define PACKAGE_VERSION ""
| #define PACKAGE_STRING ""
| #define PACKAGE_BUGREPORT ""
| /* end confdefs.h.  */
| #include <ac_nonexistent.h>
configure:3744: result: gcc -E
configure:3768: gcc -E  conftest.c
configure:3774: $? = 0
configure:3806: gcc -E  conftest.c
conftest.c:9:28: error: ac_nonexistent.h: No such file or directory
configure:3812: $? = 1
configure: failed program was:
| /* confdefs.h.  */
| 
| #define PACKAGE_NAME ""
| #define PACKAGE_TARNAME ""
| #define PACKAGE_VERSION ""
| #define PACKAGE_STRING ""
| #define PACKAGE_BUGREPORT ""
| /* end confdefs.h.  */
| #include <ac_nonexistent.h>
configure:3856: checking for ANSI C header files
configure:3881: gcc -c -g -O2  conftest.c >&5
configure:3887: $? = 0
configure:3891: test -z 
			 || test ! -s conftest.err
configure:3894: $? = 0
configure:3897: test -s conftest.o
configure:3900: $? = 0
configure:3989: gcc -o conftest -g -O2   conftest.c  >&5
conftest.c: In function 'main':
conftest.c:26: warning: incompatible implicit declaration of built-in function 'exit'
configure:3992: $? = 0
configure:3994: ./conftest
configure:3997: $? = 0
configure:4012: result: yes
configure:4036: checking for sys/types.h
configure:4052: gcc -c -g -O2  conftest.c >&5
configure:4058: $? = 0
configure:4062: test -z 
			 || test ! -s conftest.err
configure:4065: $? = 0
configure:4068: test -s conftest.o
configure:4071: $? = 0
configure:4082: result: yes
configure:4036: checking for sys/stat.h
configure:4052: gcc -c -g -O2  conftest.c >&5
configure:4058: $? = 0
configure:4062: test -z 
			 || test ! -s conftest.err
configure:4065: $? = 0
configure:4068: test -s conftest.o
configure:4071: $? = 0
configure:4082: result: yes
configure:4036: checking for stdlib.h
configure:4052: gcc -c -g -O2  conftest.c >&5
configure:4058: $? = 0
configure:4062: test -z 
			 || test ! -s conftest.err
configure:4065: $? = 0
configure:4068: test -s conftest.o
configure:4071: $? = 0
configure:4082: result: yes
configure:4036: checking for string.h
configure:4052: gcc -c -g -O2  conftest.c >&5
configure:4058: $? = 0
configure:4062: test -z 
			 || test ! -s conftest.err
configure:4065: $? = 0
configure:4068: test -s conftest.o
configure:4071: $? = 0
configure:4082: result: yes
configure:4036: checking for memory.h
configure:4052: gcc -c -g -O2  conftest.c >&5
configure:4058: $? = 0
configure:4062: test -z 
			 || test ! -s conftest.err
configure:4065: $? = 0
configure:4068: test -s conftest.o
configure:4071: $? = 0
configure:4082: result: yes
configure:4036: checking for strings.h
configure:4052: gcc -c -g -O2  conftest.c >&5
configure:4058: $? = 0
configure:4062: test -z 
			 || test ! -s conftest.err
configure:4065: $? = 0
configure:4068: test -s conftest.o
configure:4071: $? = 0
configure:4082: result: yes
configure:4036: checking for inttypes.h
configure:4052: gcc -c -g -O2  conftest.c >&5
configure:4058: $? = 0
configure:4062: test -z 
			 || test ! -s conftest.err
configure:4065: $? = 0
configure:4068: test -s conftest.o
configure:4071: $? = 0
configure:4082: result: yes
configure:4036: checking for stdint.h
configure:4052: gcc -c -g -O2  conftest.c >&5
configure:4058: $? = 0
configure:4062: test -z 
			 || test ! -s conftest.err
configure:4065: $? = 0
configure:4068: test -s conftest.o
configure:4071: $? = 0
configure:4082: result: yes
configure:4036: checking for unistd.h
configure:4052: gcc -c -g -O2  conftest.c >&5
configure:4058: $? = 0
configure:4062: test -z 
			 || test ! -s conftest.err
configure:4065: $? = 0
configure:4068: test -s conftest.o
configure:4071: $? = 0
configure:4082: result: yes
configure:4108: checking dlfcn.h usability
configure:4120: gcc -c -g -O2  conftest.c >&5
configure:4126: $? = 0
configure:4130: test -z 
			 || test ! -s conftest.err
configure:4133: $? = 0
configure:4136: test -s conftest.o
configure:4139: $? = 0
configure:4149: result: yes
configure:4153: checking dlfcn.h presence
configure:4163: gcc -E  conftest.c
configure:4169: $? = 0
configure:4189: result: yes
configure:4224: checking for dlfcn.h
configure:4231: result: yes
configure:4296: checking for g++
configure:4312: found /usr/bin/g++
configure:4322: result: g++
configure:4338: checking for C++ compiler version
configure:4341: g++ --version </dev/null >&5
i686-apple-darwin9-g++-4.0.1 (GCC) 4.0.1 (Apple Inc. build 5465)
Copyright (C) 2005 Free Software Foundation, Inc.
This is free software; see the source for copying conditions.  There is NO
warranty; not even for MERCHANTABILITY or FITNESS FOR A PARTICULAR PURPOSE.

configure:4344: $? = 0
configure:4346: g++ -v </dev/null >&5
Using built-in specs.
Target: i686-apple-darwin9
Configured with: /var/tmp/gcc/gcc-5465~16/src/configure --disable-checking -enable-werror --prefix=/usr --mandir=/share/man --enable-languages=c,objc,c++,obj-c++ --program-transform-name=/^[cg][^.-]*$/s/$/-4.0/ --with-gxx-include-dir=/include/c++/4.0.0 --with-slibdir=/usr/lib --build=i686-apple-darwin9 --with-arch=apple --with-tune=generic --host=i686-apple-darwin9 --target=i686-apple-darwin9
Thread model: posix
gcc version 4.0.1 (Apple Inc. build 5465)
configure:4349: $? = 0
configure:4351: g++ -V </dev/null >&5
g++-4.0: argument to `-V' is missing
configure:4354: $? = 1
configure:4357: checking whether we are using the GNU C++ compiler
configure:4381: g++ -c   conftest.cc >&5
configure:4387: $? = 0
configure:4391: test -z 
			 || test ! -s conftest.err
configure:4394: $? = 0
configure:4397: test -s conftest.o
configure:4400: $? = 0
configure:4413: result: yes
configure:4419: checking whether g++ accepts -g
configure:4440: g++ -c -g  conftest.cc >&5
configure:4446: $? = 0
configure:4450: test -z 
			 || test ! -s conftest.err
configure:4453: $? = 0
configure:4456: test -s conftest.o
configure:4459: $? = 0
configure:4470: result: yes
configure:4512: g++ -c -g -O2  conftest.cc >&5
configure:4518: $? = 0
configure:4522: test -z 
			 || test ! -s conftest.err
configure:4525: $? = 0
configure:4528: test -s conftest.o
configure:4531: $? = 0
configure:4557: g++ -c -g -O2  conftest.cc >&5
conftest.cc: In function 'int main()':
conftest.cc:24: error: 'exit' was not declared in this scope
configure:4563: $? = 1
configure: failed program was:
| /* confdefs.h.  */
| 
| #define PACKAGE_NAME ""
| #define PACKAGE_TARNAME ""
| #define PACKAGE_VERSION ""
| #define PACKAGE_STRING ""
| #define PACKAGE_BUGREPORT ""
| #define STDC_HEADERS 1
| #define HAVE_SYS_TYPES_H 1
| #define HAVE_SYS_STAT_H 1
| #define HAVE_STDLIB_H 1
| #define HAVE_STRING_H 1
| #define HAVE_MEMORY_H 1
| #define HAVE_STRINGS_H 1
| #define HAVE_INTTYPES_H 1
| #define HAVE_STDINT_H 1
| #define HAVE_UNISTD_H 1
| #define HAVE_DLFCN_H 1
| /* end confdefs.h.  */
| 
| int
| main ()
| {
| exit (42);
|   ;
|   return 0;
| }
configure:4512: g++ -c -g -O2  conftest.cc >&5
/usr/include/stdlib.h:159: error: declaration of 'void std::exit(int)' throws different exceptions
conftest.cc:20: error: than previous declaration 'void std::exit(int) throw ()'
configure:4518: $? = 1
configure: failed program was:
| /* confdefs.h.  */
| 
| #define PACKAGE_NAME ""
| #define PACKAGE_TARNAME ""
| #define PACKAGE_VERSION ""
| #define PACKAGE_STRING ""
| #define PACKAGE_BUGREPORT ""
| #define STDC_HEADERS 1
| #define HAVE_SYS_TYPES_H 1
| #define HAVE_SYS_STAT_H 1
| #define HAVE_STDLIB_H 1
| #define HAVE_STRING_H 1
| #define HAVE_MEMORY_H 1
| #define HAVE_STRINGS_H 1
| #define HAVE_INTTYPES_H 1
| #define HAVE_STDINT_H 1
| #define HAVE_UNISTD_H 1
| #define HAVE_DLFCN_H 1
| /* end confdefs.h.  */
| extern "C" void std::exit (int) throw (); using std::exit;
| #include <stdlib.h>
| int
| main ()
| {
| exit (42);
|   ;
|   return 0;
| }
configure:4512: g++ -c -g -O2  conftest.cc >&5
configure:4518: $? = 0
configure:4522: test -z 
			 || test ! -s conftest.err
configure:4525: $? = 0
configure:4528: test -s conftest.o
configure:4531: $? = 0
configure:4557: g++ -c -g -O2  conftest.cc >&5
configure:4563: $? = 0
configure:4567: test -z 
			 || test ! -s conftest.err
configure:4570: $? = 0
configure:4573: test -s conftest.o
configure:4576: $? = 0
configure:4609: checking how to run the C++ preprocessor
configure:4640: g++ -E  conftest.cc
configure:4646: $? = 0
configure:4678: g++ -E  conftest.cc
conftest.cc:23:28: error: ac_nonexistent.h: No such file or directory
configure:4684: $? = 1
configure: failed program was:
| /* confdefs.h.  */
| 
| #define PACKAGE_NAME ""
| #define PACKAGE_TARNAME ""
| #define PACKAGE_VERSION ""
| #define PACKAGE_STRING ""
| #define PACKAGE_BUGREPORT ""
| #define STDC_HEADERS 1
| #define HAVE_SYS_TYPES_H 1
| #define HAVE_SYS_STAT_H 1
| #define HAVE_STDLIB_H 1
| #define HAVE_STRING_H 1
| #define HAVE_MEMORY_H 1
| #define HAVE_STRINGS_H 1
| #define HAVE_INTTYPES_H 1
| #define HAVE_STDINT_H 1
| #define HAVE_UNISTD_H 1
| #define HAVE_DLFCN_H 1
| #ifdef __cplusplus
| extern "C" void std::exit (int); using std::exit;
| #endif
| /* end confdefs.h.  */
| #include <ac_nonexistent.h>
configure:4723: result: g++ -E
configure:4747: g++ -E  conftest.cc
configure:4753: $? = 0
configure:4785: g++ -E  conftest.cc
conftest.cc:23:28: error: ac_nonexistent.h: No such file or directory
configure:4791: $? = 1
configure: failed program was:
| /* confdefs.h.  */
| 
| #define PACKAGE_NAME ""
| #define PACKAGE_TARNAME ""
| #define PACKAGE_VERSION ""
| #define PACKAGE_STRING ""
| #define PACKAGE_BUGREPORT ""
| #define STDC_HEADERS 1
| #define HAVE_SYS_TYPES_H 1
| #define HAVE_SYS_STAT_H 1
| #define HAVE_STDLIB_H 1
| #define HAVE_STRING_H 1
| #define HAVE_MEMORY_H 1
| #define HAVE_STRINGS_H 1
| #define HAVE_INTTYPES_H 1
| #define HAVE_STDINT_H 1
| #define HAVE_UNISTD_H 1
| #define HAVE_DLFCN_H 1
| #ifdef __cplusplus
| extern "C" void std::exit (int); using std::exit;
| #endif
| /* end confdefs.h.  */
| #include <ac_nonexistent.h>
configure:4888: checking for g77
configure:4917: result: no
configure:4888: checking for f77
configure:4917: result: no
configure:4888: checking for xlf
configure:4917: result: no
configure:4888: checking for frt
configure:4917: result: no
configure:4888: checking for pgf77
configure:4917: result: no
configure:4888: checking for fort77
configure:4917: result: no
configure:4888: checking for fl32
configure:4917: result: no
configure:4888: checking for af77
configure:4917: result: no
configure:4888: checking for f90
configure:4917: result: no
configure:4888: checking for xlf90
configure:4917: result: no
configure:4888: checking for pgf90
configure:4917: result: no
configure:4888: checking for epcf90
configure:4917: result: no
configure:4888: checking for f95
configure:4917: result: no
configure:4888: checking for fort
configure:4917: result: no
configure:4888: checking for xlf95
configure:4917: result: no
configure:4888: checking for ifc
configure:4917: result: no
configure:4888: checking for efc
configure:4917: result: no
configure:4888: checking for pgf95
configure:4917: result: no
configure:4888: checking for lf95
configure:4917: result: no
configure:4888: checking for gfortran
configure:4917: result: no
configure:4929: checking for Fortran 77 compiler version
configure:4932:  --version </dev/null >&5
./configure: line 4933: --version: command not found
configure:4935: $? = 127
configure:4937:  -v </dev/null >&5
./configure: line 4938: -v: command not found
configure:4940: $? = 127
configure:4942:  -V </dev/null >&5
./configure: line 4943: -V: command not found
configure:4945: $? = 127
configure:4953: checking whether we are using the GNU Fortran 77 compiler
configure:4967:  -c  conftest.F >&5
./configure: line 4968: -c: command not found
configure:4973: $? = 127
configure: failed program was:
|       program main
| #ifndef __GNUC__
|        choke me
| #endif
| 
|       end
configure:4999: result: no
configure:5005: checking whether  accepts -g
configure:5017:  -c -g conftest.f >&5
./configure: line 5018: -c: command not found
configure:5023: $? = 127
configure: failed program was:
|       program main
| 
|       end
configure:5048: result: no
configure:5078: checking the maximum length of command line arguments
configure:5187: result: 196608
configure:5198: checking command to parse /usr/bin/nm -p output from gcc object
configure:5303: gcc -c -g -O2  conftest.c >&5
configure:5306: $? = 0
configure:5310: /usr/bin/nm -p conftest.o \| sed -n -e 's/^.*[ 	]\([BCDEGRST][BCDEGRST]*\)[ 	][ 	]*\([_A-Za-z][_A-Za-z0-9]*\)$/\1 \2 \2/p' \> conftest.nm
configure:5313: $? = 0
cannot find nm_test_var in conftest.nm
configure:5303: gcc -c -g -O2  conftest.c >&5
configure:5306: $? = 0
configure:5310: /usr/bin/nm -p conftest.o \| sed -n -e 's/^.*[ 	]\([BCDEGRST][BCDEGRST]*\)[ 	][ 	]*_\([_A-Za-z][_A-Za-z0-9]*\)$/\1 _\2 \2/p' \> conftest.nm
configure:5313: $? = 0
configure:5365: gcc -o conftest -g -O2   conftest.c conftstm.o >&5
configure:5368: $? = 0
configure:5406: result: ok
configure:5410: checking for objdir
configure:5425: result: .libs
configure:5515: checking for ar
configure:5531: found /usr/bin/ar
configure:5542: result: ar
configure:5595: checking for ranlib
configure:5611: found /usr/bin/ranlib
configure:5622: result: ranlib
configure:5675: checking for strip
configure:5691: found /usr/bin/strip
configure:5702: result: strip
configure:5925: checking for correct ltmain.sh version
configure:5975: result: yes
configure:6035: checking if gcc supports -fno-rtti -fno-exceptions
configure:6053: gcc -c -g -O2  -fno-rtti -fno-exceptions conftest.c >&5
cc1: warning: command line option "-fno-rtti" is valid for C++/ObjC++ but not for C
configure:6057: $? = 0
configure:6070: result: no
configure:6085: checking for gcc option to produce PIC
configure:6295: result: -fno-common
configure:6303: checking if gcc PIC flag -fno-common works
configure:6321: gcc -c -g -O2  -fno-common -DPIC conftest.c >&5
configure:6325: $? = 0
configure:6338: result: yes
configure:6366: checking if gcc static flag -static works
configure:6394: result: no
configure:6404: checking if gcc supports -c -o file.o
configure:6425: gcc -c -g -O2  -o out/conftest2.o conftest.c >&5
configure:6429: $? = 0
configure:6451: result: yes
configure:6477: checking whether the gcc linker (/usr/libexec/gcc/i686-apple-darwin9/4.0.1/ld) supports shared libraries
configure:7435: result: yes
configure:7502: checking dynamic linker characteristics
configure:8127: result: darwin9.1.0 dyld
configure:8136: checking how to hardcode library paths into programs
configure:8161: result: immediate
configure:8175: checking whether stripping libraries is possible
configure:8188: result: yes
configure:9014: checking if libtool supports shared libraries
configure:9016: result: yes
configure:9019: checking whether to build shared libraries
configure:9040: result: yes
configure:9043: checking whether to build static libraries
configure:9047: result: yes
configure:9139: creating libtool
configure:9727: checking for ld used by g++
configure:9794: result: /usr/libexec/gcc/i686-apple-darwin9/4.0.1/ld
configure:9803: checking if the linker (/usr/libexec/gcc/i686-apple-darwin9/4.0.1/ld) is GNU ld
configure:9818: result: no
configure:9869: checking whether the g++ linker (/usr/libexec/gcc/i686-apple-darwin9/4.0.1/ld) supports shared libraries
configure:10807: result: yes
configure:10825: g++ -c -g -O2  conftest.cpp >&5
configure:10828: $? = 0
configure:10947: checking for g++ option to produce PIC
configure:11221: result: -fno-common
configure:11229: checking if g++ PIC flag -fno-common works
configure:11247: g++ -c -g -O2  -fno-common -DPIC conftest.cpp >&5
configure:11251: $? = 0
configure:11264: result: yes
configure:11292: checking if g++ static flag -static works
configure:11320: result: no
configure:11330: checking if g++ supports -c -o file.o
configure:11351: g++ -c -g -O2  -o out/conftest2.o conftest.cpp >&5
configure:11355: $? = 0
configure:11377: result: yes
configure:11403: checking whether the g++ linker (/usr/libexec/gcc/i686-apple-darwin9/4.0.1/ld) supports shared libraries
configure:11428: result: yes
configure:11495: checking dynamic linker characteristics
configure:12120: result: darwin9.1.0 dyld
configure:12129: checking how to hardcode library paths into programs
configure:12154: result: immediate
configure:18391: checking for a BSD-compatible install
configure:18446: result: /usr/bin/install -c
configure:18457: checking whether ln -s works
configure:18461: result: yes
configure:18470: checking for ar
configure:18488: found /usr/bin/ar
configure:18501: result: /usr/bin/ar
configure:18514: checking whether byte ordering is bigendian
configure:18541: gcc -c -g -O2  conftest.c >&5
configure:18547: $? = 0
configure:18551: test -z 
			 || test ! -s conftest.err
configure:18554: $? = 0
configure:18557: test -s conftest.o
configure:18560: $? = 0
configure:18584: gcc -c -g -O2  conftest.c >&5
conftest.c: In function 'main':
conftest.c:30: error: 'not' undeclared (first use in this function)
conftest.c:30: error: (Each undeclared identifier is reported only once
conftest.c:30: error: for each function it appears in.)
conftest.c:30: error: syntax error before 'big'
configure:18590: $? = 1
configure: failed program was:
| /* confdefs.h.  */
| 
| #define PACKAGE_NAME ""
| #define PACKAGE_TARNAME ""
| #define PACKAGE_VERSION ""
| #define PACKAGE_STRING ""
| #define PACKAGE_BUGREPORT ""
| #define STDC_HEADERS 1
| #define HAVE_SYS_TYPES_H 1
| #define HAVE_SYS_STAT_H 1
| #define HAVE_STDLIB_H 1
| #define HAVE_STRING_H 1
| #define HAVE_MEMORY_H 1
| #define HAVE_STRINGS_H 1
| #define HAVE_INTTYPES_H 1
| #define HAVE_STDINT_H 1
| #define HAVE_UNISTD_H 1
| #define HAVE_DLFCN_H 1
| #ifdef __cplusplus
| extern "C" void std::exit (int); using std::exit;
| #endif
| /* end confdefs.h.  */
| #include <sys/types.h>
| #include <sys/param.h>
| 
| int
| main ()
| {
| #if BYTE_ORDER != BIG_ENDIAN
|  not big endian
| #endif
| 
|   ;
|   return 0;
| }
configure:18725: result: no
configure:18746: checking for snd_pcm_open in -lasound
configure:18776: gcc -o conftest -g -O2   conftest.c -lasound   >&5
ld: library not found for -lasound
collect2: ld returned 1 exit status
configure:18782: $? = 1
configure: failed program was:
| /* confdefs.h.  */
| 
| #define PACKAGE_NAME ""
| #define PACKAGE_TARNAME ""
| #define PACKAGE_VERSION ""
| #define PACKAGE_STRING ""
| #define PACKAGE_BUGREPORT ""
| #define STDC_HEADERS 1
| #define HAVE_SYS_TYPES_H 1
| #define HAVE_SYS_STAT_H 1
| #define HAVE_STDLIB_H 1
| #define HAVE_STRING_H 1
| #define HAVE_MEMORY_H 1
| #define HAVE_STRINGS_H 1
| #define HAVE_INTTYPES_H 1
| #define HAVE_STDINT_H 1
| #define HAVE_UNISTD_H 1
| #define HAVE_DLFCN_H 1
| #ifdef __cplusplus
| extern "C" void std::exit (int); using std::exit;
| #endif
| /* end confdefs.h.  */
| 
| /* Override any gcc2 internal prototype to avoid an error.  */
| #ifdef __cplusplus
| extern "C"
| #endif
| /* We use char because int might match the return type of a gcc2
|    builtin and then its argument prototype would still apply.  */
| char snd_pcm_open ();
| int
| main ()
| {
| snd_pcm_open ();
|   ;
|   return 0;
| }
configure:18808: result: no
configure:18816: checking for HPI_SubSysCreate in -lhpi
configure:18846: gcc -o conftest -g -O2   conftest.c -lhpi -lm  >&5
ld: library not found for -lhpi
collect2: ld returned 1 exit status
configure:18852: $? = 1
configure: failed program was:
| /* confdefs.h.  */
| 
| #define PACKAGE_NAME ""
| #define PACKAGE_TARNAME ""
| #define PACKAGE_VERSION ""
| #define PACKAGE_STRING ""
| #define PACKAGE_BUGREPORT ""
| #define STDC_HEADERS 1
| #define HAVE_SYS_TYPES_H 1
| #define HAVE_SYS_STAT_H 1
| #define HAVE_STDLIB_H 1
| #define HAVE_STRING_H 1
| #define HAVE_MEMORY_H 1
| #define HAVE_STRINGS_H 1
| #define HAVE_INTTYPES_H 1
| #define HAVE_STDINT_H 1
| #define HAVE_UNISTD_H 1
| #define HAVE_DLFCN_H 1
| #ifdef __cplusplus
| extern "C" void std::exit (int); using std::exit;
| #endif
| /* end confdefs.h.  */
| 
| /* Override any gcc2 internal prototype to avoid an error.  */
| #ifdef __cplusplus
| extern "C"
| #endif
| /* We use char because int might match the return type of a gcc2
|    builtin and then its argument prototype would still apply.  */
| char HPI_SubSysCreate ();
| int
| main ()
| {
| HPI_SubSysCreate ();
|   ;
|   return 0;
| }
configure:18878: result: no
configure:18936: checking for pkg-config
configure:18954: found /opt/local/bin/pkg-config
configure:18966: result: /opt/local/bin/pkg-config
configure:18981: checking pkg-config is at least version 0.9.0
configure:18984: result: yes
configure:18995: checking for JACK
configure:19003: $PKG_CONFIG --exists --print-errors "jack"
Package jack was not found in the pkg-config search path.
Perhaps you should add the directory containing `jack.pc'
to the PKG_CONFIG_PATH environment variable
No package 'jack' found
configure:19006: $? = 1
configure:19021: $PKG_CONFIG --exists --print-errors "jack"
Package jack was not found in the pkg-config search path.
Perhaps you should add the directory containing `jack.pc'
to the PKG_CONFIG_PATH environment variable
No package 'jack' found
configure:19024: $? = 1
No package 'jack' found
configure:19079: checking sys/soundcard.h usability
configure:19091: gcc -c -g -O2  conftest.c >&5
conftest.c:57:27: error: sys/soundcard.h: No such file or directory
configure:19097: $? = 1
configure: failed program was:
| /* confdefs.h.  */
| 
| #define PACKAGE_NAME ""
| #define PACKAGE_TARNAME ""
| #define PACKAGE_VERSION ""
| #define PACKAGE_STRING ""
| #define PACKAGE_BUGREPORT ""
| #define STDC_HEADERS 1
| #define HAVE_SYS_TYPES_H 1
| #define HAVE_SYS_STAT_H 1
| #define HAVE_STDLIB_H 1
| #define HAVE_STRING_H 1
| #define HAVE_MEMORY_H 1
| #define HAVE_STRINGS_H 1
| #define HAVE_INTTYPES_H 1
| #define HAVE_STDINT_H 1
| #define HAVE_UNISTD_H 1
| #define HAVE_DLFCN_H 1
| #ifdef __cplusplus
| extern "C" void std::exit (int); using std::exit;
| #endif
| /* end confdefs.h.  */
| #include <stdio.h>
| #if HAVE_SYS_TYPES_H
| # include <sys/types.h>
| #endif
| #if HAVE_SYS_STAT_H
| # include <sys/stat.h>
| #endif
| #if STDC_HEADERS
| # include <stdlib.h>
| # include <stddef.h>
| #else
| # if HAVE_STDLIB_H
| #  include <stdlib.h>
| # endif
| #endif
| #if HAVE_STRING_H
| # if !STDC_HEADERS && HAVE_MEMORY_H
| #  include <memory.h>
| # endif
| # include <string.h>
| #endif
| #if HAVE_STRINGS_H
| # include <strings.h>
| #endif
| #if HAVE_INTTYPES_H
| # include <inttypes.h>
| #else
| # if HAVE_STDINT_H
| #  include <stdint.h>
| # endif
| #endif
| #if HAVE_UNISTD_H
| # include <unistd.h>
| #endif
| #include <sys/soundcard.h>
configure:19120: result: no
configure:19124: checking sys/soundcard.h presence
configure:19134: gcc -E  conftest.c
conftest.c:23:27: error: sys/soundcard.h: No such file or directory
configure:19140: $? = 1
configure: failed program was:
| /* confdefs.h.  */
| 
| #define PACKAGE_NAME ""
| #define PACKAGE_TARNAME ""
| #define PACKAGE_VERSION ""
| #define PACKAGE_STRING ""
| #define PACKAGE_BUGREPORT ""
| #define STDC_HEADERS 1
| #define HAVE_SYS_TYPES_H 1
| #define HAVE_SYS_STAT_H 1
| #define HAVE_STDLIB_H 1
| #define HAVE_STRING_H 1
| #define HAVE_MEMORY_H 1
| #define HAVE_STRINGS_H 1
| #define HAVE_INTTYPES_H 1
| #define HAVE_STDINT_H 1
| #define HAVE_UNISTD_H 1
| #define HAVE_DLFCN_H 1
| #ifdef __cplusplus
| extern "C" void std::exit (int); using std::exit;
| #endif
| /* end confdefs.h.  */
| #include <sys/soundcard.h>
configure:19160: result: no
configure:19195: checking for sys/soundcard.h
configure:19202: result: no
configure:19079: checking linux/soundcard.h usability
configure:19091: gcc -c -g -O2  conftest.c >&5
conftest.c:57:29: error: linux/soundcard.h: No such file or directory
configure:19097: $? = 1
configure: failed program was:
| /* confdefs.h.  */
| 
| #define PACKAGE_NAME ""
| #define PACKAGE_TARNAME ""
| #define PACKAGE_VERSION ""
| #define PACKAGE_STRING ""
| #define PACKAGE_BUGREPORT ""
| #define STDC_HEADERS 1
| #define HAVE_SYS_TYPES_H 1
| #define HAVE_SYS_STAT_H 1
| #define HAVE_STDLIB_H 1
| #define HAVE_STRING_H 1
| #define HAVE_MEMORY_H 1
| #define HAVE_STRINGS_H 1
| #define HAVE_INTTYPES_H 1
| #define HAVE_STDINT_H 1
| #define HAVE_UNISTD_H 1
| #define HAVE_DLFCN_H 1
| #ifdef __cplusplus
| extern "C" void std::exit (int); using std::exit;
| #endif
| /* end confdefs.h.  */
| #include <stdio.h>
| #if HAVE_SYS_TYPES_H
| # include <sys/types.h>
| #endif
| #if HAVE_SYS_STAT_H
| # include <sys/stat.h>
| #endif
| #if STDC_HEADERS
| # include <stdlib.h>
| # include <stddef.h>
| #else
| # if HAVE_STDLIB_H
| #  include <stdlib.h>
| # endif
| #endif
| #if HAVE_STRING_H
| # if !STDC_HEADERS && HAVE_MEMORY_H
| #  include <memory.h>
| # endif
| # include <string.h>
| #endif
| #if HAVE_STRINGS_H
| # include <strings.h>
| #endif
| #if HAVE_INTTYPES_H
| # include <inttypes.h>
| #else
| # if HAVE_STDINT_H
| #  include <stdint.h>
| # endif
| #endif
| #if HAVE_UNISTD_H
| # include <unistd.h>
| #endif
| #include <linux/soundcard.h>
configure:19120: result: no
configure:19124: checking linux/soundcard.h presence
configure:19134: gcc -E  conftest.c
conftest.c:23:29: error: linux/soundcard.h: No such file or directory
configure:19140: $? = 1
configure: failed program was:
| /* confdefs.h.  */
| 
| #define PACKAGE_NAME ""
| #define PACKAGE_TARNAME ""
| #define PACKAGE_VERSION ""
| #define PACKAGE_STRING ""
| #define PACKAGE_BUGREPORT ""
| #define STDC_HEADERS 1
| #define HAVE_SYS_TYPES_H 1
| #define HAVE_SYS_STAT_H 1
| #define HAVE_STDLIB_H 1
| #define HAVE_STRING_H 1
| #define HAVE_MEMORY_H 1
| #define HAVE_STRINGS_H 1
| #define HAVE_INTTYPES_H 1
| #define HAVE_STDINT_H 1
| #define HAVE_UNISTD_H 1
| #define HAVE_DLFCN_H 1
| #ifdef __cplusplus
| extern "C" void std::exit (int); using std::exit;
| #endif
| /* end confdefs.h.  */
| #include <linux/soundcard.h>
configure:19160: result: no
configure:19195: checking for linux/soundcard.h
configure:19202: result: no
configure:19079: checking machine/soundcard.h usability
configure:19091: gcc -c -g -O2  conftest.c >&5
conftest.c:57:31: error: machine/soundcard.h: No such file or directory
configure:19097: $? = 1
configure: failed program was:
| /* confdefs.h.  */
| 
| #define PACKAGE_NAME ""
| #define PACKAGE_TARNAME ""
| #define PACKAGE_VERSION ""
| #define PACKAGE_STRING ""
| #define PACKAGE_BUGREPORT ""
| #define STDC_HEADERS 1
| #define HAVE_SYS_TYPES_H 1
| #define HAVE_SYS_STAT_H 1
| #define HAVE_STDLIB_H 1
| #define HAVE_STRING_H 1
| #define HAVE_MEMORY_H 1
| #define HAVE_STRINGS_H 1
| #define HAVE_INTTYPES_H 1
| #define HAVE_STDINT_H 1
| #define HAVE_UNISTD_H 1
| #define HAVE_DLFCN_H 1
| #ifdef __cplusplus
| extern "C" void std::exit (int); using std::exit;
| #endif
| /* end confdefs.h.  */
| #include <stdio.h>
| #if HAVE_SYS_TYPES_H
| # include <sys/types.h>
| #endif
| #if HAVE_SYS_STAT_H
| # include <sys/stat.h>
| #endif
| #if STDC_HEADERS
| # include <stdlib.h>
| # include <stddef.h>
| #else
| # if HAVE_STDLIB_H
| #  include <stdlib.h>
| # endif
| #endif
| #if HAVE_STRING_H
| # if !STDC_HEADERS && HAVE_MEMORY_H
| #  include <memory.h>
| # endif
| # include <string.h>
| #endif
| #if HAVE_STRINGS_H
| # include <strings.h>
| #endif
| #if HAVE_INTTYPES_H
| # include <inttypes.h>
| #else
| # if HAVE_STDINT_H
| #  include <stdint.h>
| # endif
| #endif
| #if HAVE_UNISTD_H
| # include <unistd.h>
| #endif
| #include <machine/soundcard.h>
configure:19120: result: no
configure:19124: checking machine/soundcard.h presence
configure:19134: gcc -E  conftest.c
conftest.c:23:31: error: machine/soundcard.h: No such file or directory
configure:19140: $? = 1
configure: failed program was:
| /* confdefs.h.  */
| 
| #define PACKAGE_NAME ""
| #define PACKAGE_TARNAME ""
| #define PACKAGE_VERSION ""
| #define PACKAGE_STRING ""
| #define PACKAGE_BUGREPORT ""
| #define STDC_HEADERS 1
| #define HAVE_SYS_TYPES_H 1
| #define HAVE_SYS_STAT_H 1
| #define HAVE_STDLIB_H 1
| #define HAVE_STRING_H 1
| #define HAVE_MEMORY_H 1
| #define HAVE_STRINGS_H 1
| #define HAVE_INTTYPES_H 1
| #define HAVE_STDINT_H 1
| #define HAVE_UNISTD_H 1
| #define HAVE_DLFCN_H 1
| #ifdef __cplusplus
| extern "C" void std::exit (int); using std::exit;
| #endif
| /* end confdefs.h.  */
| #include <machine/soundcard.h>
configure:19160: result: no
configure:19195: checking for machine/soundcard.h
configure:19202: result: no
configure:19217: checking for short
configure:19241: gcc -c -g -O2  conftest.c >&5
configure:19247: $? = 0
configure:19251: test -z 
			 || test ! -s conftest.err
configure:19254: $? = 0
configure:19257: test -s conftest.o
configure:19260: $? = 0
configure:19271: result: yes
configure:19274: checking size of short
configure:19593: gcc -o conftest -g -O2   conftest.c  >&5
configure:19596: $? = 0
configure:19598: ./conftest
configure:19601: $? = 0
configure:19624: result: 2
configure:19631: checking for int
configure:19655: gcc -c -g -O2  conftest.c >&5
configure:19661: $? = 0
configure:19665: test -z 
			 || test ! -s conftest.err
configure:19668: $? = 0
configure:19671: test -s conftest.o
configure:19674: $? = 0
configure:19685: result: yes
configure:19688: checking size of int
configure:20007: gcc -o conftest -g -O2   conftest.c  >&5
configure:20010: $? = 0
configure:20012: ./conftest
configure:20015: $? = 0
configure:20038: result: 4
configure:20045: checking for long
configure:20069: gcc -c -g -O2  conftest.c >&5
configure:20075: $? = 0
configure:20079: test -z 
			 || test ! -s conftest.err
configure:20082: $? = 0
configure:20085: test -s conftest.o
configure:20088: $? = 0
configure:20099: result: yes
configure:20102: checking size of long
configure:20421: gcc -o conftest -g -O2   conftest.c  >&5
configure:20424: $? = 0
configure:20426: ./conftest
configure:20429: $? = 0
configure:20452: result: 4
configure:20461: checking for clock_gettime in -lrt
configure:20491: gcc -o conftest -g -O2   conftest.c -lrt   >&5
ld: library not found for -lrt
collect2: ld returned 1 exit status
configure:20497: $? = 1
configure: failed program was:
| /* confdefs.h.  */
| 
| #define PACKAGE_NAME ""
| #define PACKAGE_TARNAME ""
| #define PACKAGE_VERSION ""
| #define PACKAGE_STRING ""
| #define PACKAGE_BUGREPORT ""
| #define STDC_HEADERS 1
| #define HAVE_SYS_TYPES_H 1
| #define HAVE_SYS_STAT_H 1
| #define HAVE_STDLIB_H 1
| #define HAVE_STRING_H 1
| #define HAVE_MEMORY_H 1
| #define HAVE_STRINGS_H 1
| #define HAVE_INTTYPES_H 1
| #define HAVE_STDINT_H 1
| #define HAVE_UNISTD_H 1
| #define HAVE_DLFCN_H 1
| #ifdef __cplusplus
| extern "C" void std::exit (int); using std::exit;
| #endif
| #define SIZEOF_SHORT 2
| #define SIZEOF_INT 4
| #define SIZEOF_LONG 4
| /* end confdefs.h.  */
| 
| /* Override any gcc2 internal prototype to avoid an error.  */
| #ifdef __cplusplus
| extern "C"
| #endif
| /* We use char because int might match the return type of a gcc2
|    builtin and then its argument prototype would still apply.  */
| char clock_gettime ();
| int
| main ()
| {
| clock_gettime ();
|   ;
|   return 0;
| }
configure:20523: result: no
configure:20536: checking for clock_gettime
configure:20593: gcc -o conftest -g -O2   conftest.c  >&5
Undefined symbols:
  "_clock_gettime", referenced from:
      _f in ccpJzAjf.o
      _clock_gettime$non_lazy_ptr in ccpJzAjf.o
ld: symbol(s) not found
collect2: ld returned 1 exit status
configure:20599: $? = 1
configure: failed program was:
| /* confdefs.h.  */
| 
| #define PACKAGE_NAME ""
| #define PACKAGE_TARNAME ""
| #define PACKAGE_VERSION ""
| #define PACKAGE_STRING ""
| #define PACKAGE_BUGREPORT ""
| #define STDC_HEADERS 1
| #define HAVE_SYS_TYPES_H 1
| #define HAVE_SYS_STAT_H 1
| #define HAVE_STDLIB_H 1
| #define HAVE_STRING_H 1
| #define HAVE_MEMORY_H 1
| #define HAVE_STRINGS_H 1
| #define HAVE_INTTYPES_H 1
| #define HAVE_STDINT_H 1
| #define HAVE_UNISTD_H 1
| #define HAVE_DLFCN_H 1
| #ifdef __cplusplus
| extern "C" void std::exit (int); using std::exit;
| #endif
| #define SIZEOF_SHORT 2
| #define SIZEOF_INT 4
| #define SIZEOF_LONG 4
| /* end confdefs.h.  */
| /* Define clock_gettime to an innocuous variant, in case <limits.h> declares clock_gettime.
|    For example, HP-UX 11i <limits.h> declares gettimeofday.  */
| #define clock_gettime innocuous_clock_gettime
| 
| /* System header to define __stub macros and hopefully few prototypes,
|     which can conflict with char clock_gettime (); below.
|     Prefer <limits.h> to <assert.h> if __STDC__ is defined, since
|     <limits.h> exists even on freestanding compilers.  */
| 
| #ifdef __STDC__
| # include <limits.h>
| #else
| # include <assert.h>
| #endif
| 
| #undef clock_gettime
| 
| /* Override any gcc2 internal prototype to avoid an error.  */
| #ifdef __cplusplus
| extern "C"
| {
| #endif
| /* We use char because int might match the return type of a gcc2
|    builtin and then its argument prototype would still apply.  */
| char clock_gettime ();
| /* The GNU C library defines this for functions which it implements
|     to always fail with ENOSYS.  Some functions are actually named
|     something starting with __ and the normal name is an alias.  */
| #if defined (__stub_clock_gettime) || defined (__stub___clock_gettime)
| choke me
| #else
| char (*f) () = clock_gettime;
| #endif
| #ifdef __cplusplus
| }
| #endif
| 
| int
| main ()
| {
| return f != clock_gettime;
|   ;
|   return 0;
| }
configure:20624: result: no
configure:20536: checking for nanosleep
configure:20593: gcc -o conftest -g -O2   conftest.c  >&5
configure:20599: $? = 0
configure:20603: test -z 
			 || test ! -s conftest.err
configure:20606: $? = 0
configure:20609: test -s conftest
configure:20612: $? = 0
configure:20624: result: yes
configure:21279: creating ./config.status

## ---------------------- ##
## Running config.status. ##
## ---------------------- ##

This file was extended by config.status, which was
generated by GNU Autoconf 2.59.  Invocation command line was

  CONFIG_FILES    = 
  CONFIG_HEADERS  = 
  CONFIG_LINKS    = 
  CONFIG_COMMANDS = 
  $ ./config.status 

on mackie

config.status:689: creating Makefile
config.status:689: creating portaudio-2.0.pc

## ---------------- ##
## Cache variables. ##
## ---------------- ##

ac_cv_build=i686-apple-darwin9.1.0
ac_cv_build_alias=i686-apple-darwin9.1.0
ac_cv_c_bigendian=no
ac_cv_c_compiler_gnu=yes
ac_cv_cxx_compiler_gnu=yes
ac_cv_env_CC_set=
ac_cv_env_CC_value=
ac_cv_env_CFLAGS_set=
ac_cv_env_CFLAGS_value=
ac_cv_env_CPPFLAGS_set=
ac_cv_env_CPPFLAGS_value=
ac_cv_env_CPP_set=
ac_cv_env_CPP_value=
ac_cv_env_CXXCPP_set=
ac_cv_env_CXXCPP_value=
ac_cv_env_CXXFLAGS_set=
ac_cv_env_CXXFLAGS_value=
ac_cv_env_CXX_set=
ac_cv_env_CXX_value=
ac_cv_env_F77_set=
ac_cv_env_F77_value=
ac_cv_env_FFLAGS_set=
ac_cv_env_FFLAGS_value=
ac_cv_env_JACK_CFLAGS_set=
ac_cv_env_JACK_CFLAGS_value=
ac_cv_env_JACK_LIBS_set=
ac_cv_env_JACK_LIBS_value=
ac_cv_env_LDFLAGS_set=
ac_cv_env_LDFLAGS_value=
ac_cv_env_PKG_CONFIG_set=
ac_cv_env_PKG_CONFIG_value=
ac_cv_env_build_alias_set=
ac_cv_env_build_alias_value=
ac_cv_env_host_alias_set=
ac_cv_env_host_alias_value=
ac_cv_env_target_alias_set=
ac_cv_env_target_alias_value=
ac_cv_exeext=
ac_cv_f77_compiler_gnu=no
ac_cv_func_clock_gettime=no
ac_cv_func_nanosleep=yes
ac_cv_header_dlfcn_h=yes
ac_cv_header_inttypes_h=yes
ac_cv_header_linux_soundcard_h=no
ac_cv_header_machine_soundcard_h=no
ac_cv_header_memory_h=yes
ac_cv_header_stdc=yes
ac_cv_header_stdint_h=yes
ac_cv_header_stdlib_h=yes
ac_cv_header_string_h=yes
ac_cv_header_strings_h=yes
ac_cv_header_sys_soundcard_h=no
ac_cv_header_sys_stat_h=yes
ac_cv_header_sys_types_h=yes
ac_cv_header_unistd_h=yes
ac_cv_host=i686-apple-darwin9.1.0
ac_cv_host_alias=i686-apple-darwin9.1.0
ac_cv_lib_asound_snd_pcm_open=no
ac_cv_lib_hpi_HPI_SubSysCreate=no
ac_cv_lib_rt_clock_gettime=no
ac_cv_objext=o
ac_cv_path_AR=/usr/bin/ar
ac_cv_path_ac_pt_PKG_CONFIG=/opt/local/bin/pkg-config
ac_cv_path_install='/usr/bin/install -c'
ac_cv_prog_CPP='gcc -E'
ac_cv_prog_CXXCPP='g++ -E'
ac_cv_prog_ac_ct_AR=ar
ac_cv_prog_ac_ct_CC=gcc
ac_cv_prog_ac_ct_CXX=g++
ac_cv_prog_ac_ct_RANLIB=ranlib
ac_cv_prog_ac_ct_STRIP=strip
ac_cv_prog_cc_g=yes
ac_cv_prog_cc_stdc=
ac_cv_prog_cxx_g=yes
ac_cv_prog_egrep='grep -E'
ac_cv_prog_f77_g=no
ac_cv_sizeof_int=4
ac_cv_sizeof_long=4
ac_cv_sizeof_short=2
ac_cv_type_int=yes
ac_cv_type_long=yes
ac_cv_type_short=yes
lt_cv_deplibs_check_method=pass_all
lt_cv_file_magic_cmd='$MAGIC_CMD'
lt_cv_file_magic_test_file=
lt_cv_ld_reload_flag=-r
lt_cv_objdir=.libs
lt_cv_path_LD=/usr/libexec/gcc/i686-apple-darwin9/4.0.1/ld
lt_cv_path_LDCXX=/usr/libexec/gcc/i686-apple-darwin9/4.0.1/ld
lt_cv_path_NM='/usr/bin/nm -p'
lt_cv_path_SED=/usr/bin/sed
lt_cv_prog_compiler_c_o=yes
lt_cv_prog_compiler_c_o_CXX=yes
lt_cv_prog_compiler_rtti_exceptions=no
lt_cv_prog_gnu_ld=no
lt_cv_prog_gnu_ldcxx=no
lt_cv_sys_global_symbol_pipe='sed -n -e '\''s/^.*[ 	]\([BCDEGRST][BCDEGRST]*\)[ 	][ 	]*_\([_A-Za-z][_A-Za-z0-9]*\)$/\1 _\2 \2/p'\'''
lt_cv_sys_global_symbol_to_c_name_address='sed -n -e '\''s/^: \([^ ]*\) $/  {\"\1\", (lt_ptr) 0},/p'\'' -e '\''s/^[BCDEGRST] \([^ ]*\) \([^ ]*\)$/  {"\2", (lt_ptr) \&\2},/p'\'''
lt_cv_sys_global_symbol_to_cdecl='sed -n -e '\''s/^. .* \(.*\)$/extern int \1;/p'\'''
lt_cv_sys_max_cmd_len=196608
lt_lt_cv_prog_compiler_c_o='"yes"'
lt_lt_cv_prog_compiler_c_o_CXX='"yes"'
lt_lt_cv_sys_global_symbol_pipe='"sed -n -e '\''s/^.*[ 	]\\([BCDEGRST][BCDEGRST]*\\)[ 	][ 	]*_\\([_A-Za-z][_A-Za-z0-9]*\\)\$/\\1 _\\2 \\2/p'\''"'
lt_lt_cv_sys_global_symbol_to_c_name_address='"sed -n -e '\''s/^: \\([^ ]*\\) \$/  {\\\"\\1\\\", (lt_ptr) 0},/p'\'' -e '\''s/^[BCDEGRST] \\([^ ]*\\) \\([^ ]*\\)\$/  {\"\\2\", (lt_ptr) \\&\\2},/p'\''"'
lt_lt_cv_sys_global_symbol_to_cdecl='"sed -n -e '\''s/^. .* \\(.*\\)\$/extern int \\1;/p'\''"'

## ----------------- ##
## Output variables. ##
## ----------------- ##

AR='/usr/bin/ar'
AS='as'
CC='gcc'
CFLAGS='-Werror -g -O2 -DPA_LITTLE_ENDIAN -arch x86_64 -arch ppc64 -arch i386 -arch ppc -isysroot /Developer/SDKs/MacOSX10.5.sdk -mmacosx-version-min=10.3 '
CPP='gcc -E'
CPPFLAGS=''
CXX='g++'
CXXCPP='g++ -E'
CXXFLAGS='-g -O2'
DEFS='-DPACKAGE_NAME=\"\" -DPACKAGE_TARNAME=\"\" -DPACKAGE_VERSION=\"\" -DPACKAGE_STRING=\"\" -DPACKAGE_BUGREPORT=\"\" -DSTDC_HEADERS=1 -DHAVE_SYS_TYPES_H=1 -DHAVE_SYS_STAT_H=1 -DHAVE_STDLIB_H=1 -DHAVE_STRING_H=1 -DHAVE_MEMORY_H=1 -DHAVE_STRINGS_H=1 -DHAVE_INTTYPES_H=1 -DHAVE_STDINT_H=1 -DHAVE_UNISTD_H=1 -DHAVE_DLFCN_H=1 -DSIZEOF_SHORT=2 -DSIZEOF_INT=4 -DSIZEOF_LONG=4 -DHAVE_NANOSLEEP=1 -DPA_USE_COREAUDIO=1 '
DLLTOOL='dlltool'
DLL_LIBS=''
ECHO='/bin/echo'
ECHO_C='ECHO_N=''
ECHO_T=''
EGREP='grep -E'
ENABLE_CXX_FALSE=''
ENABLE_CXX_TRUE='#'
EXEEXT=''
F77=''
FFLAGS=''
INSTALL_DATA='${INSTALL} -m 644'
INSTALL_PROGRAM='${INSTALL}'
INSTALL_SCRIPT='${INSTALL}'
JACK_CFLAGS=''
JACK_LIBS=''
LDFLAGS=''
LIBOBJS=''
LIBS='-framework CoreAudio -framework AudioToolbox -framework AudioUnit -framework Carbon'
LIBTOOL='$(SHELL) $(top_builddir)/libtool'
LN_S='ln -s'
LTLIBOBJS=''
LT_AGE='0'
LT_CURRENT='2'
LT_REVISION='0'
NASM=''
NASMOPT=''
OBJDUMP='objdump'
OBJEXT='o'
OTHER_OBJS='src/os/mac_osx/pa_mac_hostapis.o src/os/unix/pa_unix_util.o src/hostapi/coreaudio/pa_mac_core.o src/hostapi/coreaudio/pa_mac_core_utilities.o src/hostapi/coreaudio/pa_mac_core_blocking.o src/common/pa_ringbuffer.o'
PACKAGE_BUGREPORT=''
PACKAGE_NAME=''
PACKAGE_STRING=''
PACKAGE_TARNAME=''
PACKAGE_VERSION=''
PADLL='libportaudio.dylib'
PATH_SEPARATOR=':'
PKG_CONFIG='/opt/local/bin/pkg-config'
RANLIB='ranlib'
SHARED_FLAGS='-Werror -framework CoreAudio -framework AudioToolbox -framework AudioUnit -framework Carbon -dynamiclib -arch x86_64 -arch ppc64 -arch i386 -arch ppc -isysroot /Developer/SDKs/MacOSX10.5.sdk -mmacosx-version-min=10.3'
SHELL='/bin/sh'
STRIP='strip'
THREAD_CFLAGS=''
ac_ct_AR='ar'
ac_ct_AS=''
ac_ct_CC='gcc'
ac_ct_CXX='g++'
ac_ct_DLLTOOL=''
ac_ct_F77=''
ac_ct_OBJDUMP=''
ac_ct_RANLIB='ranlib'
ac_ct_STRIP='strip'
ac_pt_PKG_CONFIG='/opt/local/bin/pkg-config'
bindir='${exec_prefix}/bin'
build='i686-apple-darwin9.1.0'
build_alias=''
build_cpu='i686'
build_os='darwin9.1.0'
build_vendor='apple'
datadir='${prefix}/share'
exec_prefix='${prefix}'
host='i686-apple-darwin9.1.0'
host_alias=''
host_cpu='i686'
host_os='darwin9.1.0'
host_vendor='apple'
includedir='${prefix}/include'
infodir='${prefix}/info'
libdir='${exec_prefix}/lib'
libexecdir='${exec_prefix}/libexec'
localstatedir='${prefix}/var'
mandir='${prefix}/man'
oldincludedir='/usr/include'
prefix='/usr/local'
program_transform_name='s,x,x,'
sbindir='${exec_prefix}/sbin'
sharedstatedir='${prefix}/com'
subdirs=''
sysconfdir='${prefix}/etc'
target_alias=''

## ----------- ##
## confdefs.h. ##
## ----------- ##

#define HAVE_DLFCN_H 1
#define HAVE_INTTYPES_H 1
#define HAVE_MEMORY_H 1
#define HAVE_NANOSLEEP 1
#define HAVE_STDINT_H 1
#define HAVE_STDLIB_H 1
#define HAVE_STRINGS_H 1
#define HAVE_STRING_H 1
#define HAVE_SYS_STAT_H 1
#define HAVE_SYS_TYPES_H 1
#define HAVE_UNISTD_H 1
#define PACKAGE_BUGREPORT ""
#define PACKAGE_NAME ""
#define PACKAGE_STRING ""
#define PACKAGE_TARNAME ""
#define PACKAGE_VERSION ""
#define PA_USE_COREAUDIO 1
#define SIZEOF_INT 4
#define SIZEOF_LONG 4
#define SIZEOF_SHORT 2
#define STDC_HEADERS 1
#endif
#ifdef __cplusplus
extern "C" void std::exit (int); using std::exit;

configure: exit 0
