#
default 0
timeout 10

foreground eeeeee
background 333333

splashimage=/boot/xbmc.xpm.gz

#

title  XBMCLive - NVIDIA GPU
kernel /vmlinuz initrd=initrd0.img boot=cd quiet splash xbmc=nvidia loglevel=0
initrd /initrd0.img 
quiet
boot

title  XBMCLive - ATI/AMD GPU
kernel /vmlinuz initrd=initrd0.img boot=cd quiet splash xbmc=amd loglevel=0
initrd /initrd0.img 
quiet
boot

title  XBMCLive - Intel GPU
kernel /vmlinuz initrd=initrd0.img boot=cd quiet splash xbmc=intel loglevel=0
initrd /initrd0.img 
quiet
boot

title  XBMCLive - Safe Mode
kernel /vmlinuz initrd=initrd0.img boot=cd xbmc=nodiskmount,noredir
initrd /initrd0.img 
quiet
boot

title  Install XBMCLive to disk
kernel /vmlinuz initrd=initrd0.img boot=cd quiet splash xbmc=install,nodiskmount,noredir
initrd /initrd0.img 
quiet
boot

