This file contains any messages produced by compilers while
running configure, to aid debugging if configure makes a mistake.

It was created by configure, which was
generated by GNU Autoconf 2.59.  Invocation command line was

  $ ./configure --enable-shared

## --------- ##
## Platform. ##
## --------- ##

hostname = vulkan-laptop
uname -m = i686
uname -r = 2.6.20-16-generic
uname -s = Linux
uname -v = #2 SMP Thu Jun 7 20:19:32 UTC 2007

/usr/bin/uname -p = unknown
/bin/uname -X     = unknown

/bin/arch              = i686
/usr/bin/arch -k       = unknown
/usr/convex/getsysinfo = unknown
hostinfo               = unknown
/bin/machine           = unknown
/usr/bin/oslevel       = unknown
/bin/universe          = unknown

PATH: /usr/local/sbin
PATH: /usr/local/bin
PATH: /usr/sbin
PATH: /usr/bin
PATH: /sbin
PATH: /bin
PATH: /usr/games


## ----------- ##
## Core tests. ##
## ----------- ##

configure:1553: checking for a BSD-compatible install
configure:1608: result: /usr/bin/install -c
configure:1619: checking whether build environment is sane
configure:1662: result: yes
configure:1719: checking for gawk
configure:1748: result: no
configure:1719: checking for mawk
configure:1735: found /usr/bin/mawk
configure:1745: result: mawk
configure:1755: checking whether make sets $(MAKE)
configure:1775: result: yes
configure:1941: checking whether to enable maintainer-specific portions of Makefiles
configure:1950: result: no
configure:1971: checking build system type
configure:1989: result: i686-pc-linux-gnu
configure:1997: checking host system type
configure:2011: result: i686-pc-linux-gnu
configure:2066: checking for gcc
configure:2082: found /usr/bin/gcc
configure:2092: result: gcc
configure:2336: checking for C compiler version
configure:2339: gcc --version </dev/null >&5
gcc (GCC) 4.1.2 (Ubuntu 4.1.2-0ubuntu4)
Copyright (C) 2006 Free Software Foundation, Inc.
This is free software; see the source for copying conditions.  There is NO
warranty; not even for MERCHANTABILITY or FITNESS FOR A PARTICULAR PURPOSE.

configure:2342: $? = 0
configure:2344: gcc -v </dev/null >&5
Using built-in specs.
Target: i486-linux-gnu
Configured with: ../src/configure -v --enable-languages=c,c++,fortran,objc,obj-c++,treelang --prefix=/usr --enable-shared --with-system-zlib --libexecdir=/usr/lib --without-included-gettext --enable-threads=posix --enable-nls --program-suffix=-4.1 --enable-__cxa_atexit --enable-clocale=gnu --enable-libstdcxx-debug --enable-mpfr --enable-checking=release i486-linux-gnu
Thread model: posix
gcc version 4.1.2 (Ubuntu 4.1.2-0ubuntu4)
configure:2347: $? = 0
configure:2349: gcc -V </dev/null >&5
gcc: '-V' option must have argument
configure:2352: $? = 1
configure:2375: checking for C compiler default output file name
configure:2378: gcc    conftest.c  >&5
configure:2381: $? = 0
configure:2427: result: a.out
configure:2432: checking whether the C compiler works
configure:2438: ./a.out
configure:2441: $? = 0
configure:2458: result: yes
configure:2465: checking whether we are cross compiling
configure:2467: result: no
configure:2470: checking for suffix of executables
configure:2472: gcc -o conftest    conftest.c  >&5
configure:2475: $? = 0
configure:2500: result: 
configure:2506: checking for suffix of object files
configure:2527: gcc -c   conftest.c >&5
configure:2530: $? = 0
configure:2552: result: o
configure:2556: checking whether we are using the GNU C compiler
configure:2580: gcc -c   conftest.c >&5
configure:2586: $? = 0
configure:2590: test -z 
			 || test ! -s conftest.err
configure:2593: $? = 0
configure:2596: test -s conftest.o
configure:2599: $? = 0
configure:2612: result: yes
configure:2618: checking whether gcc accepts -g
configure:2639: gcc -c -g  conftest.c >&5
configure:2645: $? = 0
configure:2649: test -z 
			 || test ! -s conftest.err
configure:2652: $? = 0
configure:2655: test -s conftest.o
configure:2658: $? = 0
configure:2669: result: yes
configure:2686: checking for gcc option to accept ANSI C
configure:2756: gcc  -c -g -O2  conftest.c >&5
configure:2762: $? = 0
configure:2766: test -z 
			 || test ! -s conftest.err
configure:2769: $? = 0
configure:2772: test -s conftest.o
configure:2775: $? = 0
configure:2793: result: none needed
configure:2811: gcc -c -g -O2  conftest.c >&5
conftest.c:2: error: expected '=', ',', ';', 'asm' or '__attribute__' before 'me'
configure:2817: $? = 1
configure: failed program was:
| #ifndef __cplusplus
|   choke me
| #endif
configure:2961: checking for style of include used by make
configure:2989: result: GNU
configure:3017: checking dependency style of gcc
configure:3100: result: gcc3
configure:3123: checking how to run the C preprocessor
configure:3158: gcc -E  conftest.c
configure:3164: $? = 0
configure:3196: gcc -E  conftest.c
conftest.c:11:28: error: ac_nonexistent.h: No such file or directory
configure:3202: $? = 1
configure: failed program was:
| /* confdefs.h.  */
| 
| #define PACKAGE_NAME ""
| #define PACKAGE_TARNAME ""
| #define PACKAGE_VERSION ""
| #define PACKAGE_STRING ""
| #define PACKAGE_BUGREPORT ""
| #define PACKAGE "mpeg2dec"
| #define VERSION "0.4.1-cvs"
| /* end confdefs.h.  */
| #include <ac_nonexistent.h>
configure:3241: result: gcc -E
configure:3265: gcc -E  conftest.c
configure:3271: $? = 0
configure:3303: gcc -E  conftest.c
conftest.c:11:28: error: ac_nonexistent.h: No such file or directory
configure:3309: $? = 1
configure: failed program was:
| /* confdefs.h.  */
| 
| #define PACKAGE_NAME ""
| #define PACKAGE_TARNAME ""
| #define PACKAGE_VERSION ""
| #define PACKAGE_STRING ""
| #define PACKAGE_BUGREPORT ""
| #define PACKAGE "mpeg2dec"
| #define VERSION "0.4.1-cvs"
| /* end confdefs.h.  */
| #include <ac_nonexistent.h>
configure:3353: checking for egrep
configure:3363: result: grep -E
configure:3369: checking whether gcc needs -traditional
configure:3411: result: no
configure:3419: checking for ANSI C header files
configure:3444: gcc -c -g -O2  conftest.c >&5
configure:3450: $? = 0
configure:3454: test -z 
			 || test ! -s conftest.err
configure:3457: $? = 0
configure:3460: test -s conftest.o
configure:3463: $? = 0
configure:3552: gcc -o conftest -g -O2   conftest.c  >&5
conftest.c: In function 'main':
conftest.c:28: warning: incompatible implicit declaration of built-in function 'exit'
configure:3555: $? = 0
configure:3557: ./conftest
configure:3560: $? = 0
configure:3575: result: yes
configure:3599: checking for sys/types.h
configure:3615: gcc -c -g -O2  conftest.c >&5
configure:3621: $? = 0
configure:3625: test -z 
			 || test ! -s conftest.err
configure:3628: $? = 0
configure:3631: test -s conftest.o
configure:3634: $? = 0
configure:3645: result: yes
configure:3599: checking for sys/stat.h
configure:3615: gcc -c -g -O2  conftest.c >&5
configure:3621: $? = 0
configure:3625: test -z 
			 || test ! -s conftest.err
configure:3628: $? = 0
configure:3631: test -s conftest.o
configure:3634: $? = 0
configure:3645: result: yes
configure:3599: checking for stdlib.h
configure:3615: gcc -c -g -O2  conftest.c >&5
configure:3621: $? = 0
configure:3625: test -z 
			 || test ! -s conftest.err
configure:3628: $? = 0
configure:3631: test -s conftest.o
configure:3634: $? = 0
configure:3645: result: yes
configure:3599: checking for string.h
configure:3615: gcc -c -g -O2  conftest.c >&5
configure:3621: $? = 0
configure:3625: test -z 
			 || test ! -s conftest.err
configure:3628: $? = 0
configure:3631: test -s conftest.o
configure:3634: $? = 0
configure:3645: result: yes
configure:3599: checking for memory.h
configure:3615: gcc -c -g -O2  conftest.c >&5
configure:3621: $? = 0
configure:3625: test -z 
			 || test ! -s conftest.err
configure:3628: $? = 0
configure:3631: test -s conftest.o
configure:3634: $? = 0
configure:3645: result: yes
configure:3599: checking for strings.h
configure:3615: gcc -c -g -O2  conftest.c >&5
configure:3621: $? = 0
configure:3625: test -z 
			 || test ! -s conftest.err
configure:3628: $? = 0
configure:3631: test -s conftest.o
configure:3634: $? = 0
configure:3645: result: yes
configure:3599: checking for inttypes.h
configure:3615: gcc -c -g -O2  conftest.c >&5
configure:3621: $? = 0
configure:3625: test -z 
			 || test ! -s conftest.err
configure:3628: $? = 0
configure:3631: test -s conftest.o
configure:3634: $? = 0
configure:3645: result: yes
configure:3599: checking for stdint.h
configure:3615: gcc -c -g -O2  conftest.c >&5
configure:3621: $? = 0
configure:3625: test -z 
			 || test ! -s conftest.err
configure:3628: $? = 0
configure:3631: test -s conftest.o
configure:3634: $? = 0
configure:3645: result: yes
configure:3599: checking for unistd.h
configure:3615: gcc -c -g -O2  conftest.c >&5
configure:3621: $? = 0
configure:3625: test -z 
			 || test ! -s conftest.err
configure:3628: $? = 0
configure:3631: test -s conftest.o
configure:3634: $? = 0
configure:3645: result: yes
configure:3675: checking sys/time.h usability
configure:3687: gcc -c -g -O2  conftest.c >&5
configure:3693: $? = 0
configure:3697: test -z 
			 || test ! -s conftest.err
configure:3700: $? = 0
configure:3703: test -s conftest.o
configure:3706: $? = 0
configure:3716: result: yes
configure:3720: checking sys/time.h presence
configure:3730: gcc -E  conftest.c
configure:3736: $? = 0
configure:3756: result: yes
configure:3791: checking for sys/time.h
configure:3798: result: yes
configure:3675: checking time.h usability
configure:3687: gcc -c -g -O2  conftest.c >&5
configure:3693: $? = 0
configure:3697: test -z 
			 || test ! -s conftest.err
configure:3700: $? = 0
configure:3703: test -s conftest.o
configure:3706: $? = 0
configure:3716: result: yes
configure:3720: checking time.h presence
configure:3730: gcc -E  conftest.c
configure:3736: $? = 0
configure:3756: result: yes
configure:3791: checking for time.h
configure:3798: result: yes
configure:3675: checking sys/timeb.h usability
configure:3687: gcc -c -g -O2  conftest.c >&5
configure:3693: $? = 0
configure:3697: test -z 
			 || test ! -s conftest.err
configure:3700: $? = 0
configure:3703: test -s conftest.o
configure:3706: $? = 0
configure:3716: result: yes
configure:3720: checking sys/timeb.h presence
configure:3730: gcc -E  conftest.c
configure:3736: $? = 0
configure:3756: result: yes
configure:3791: checking for sys/timeb.h
configure:3798: result: yes
configure:3675: checking io.h usability
configure:3687: gcc -c -g -O2  conftest.c >&5
conftest.c:58:16: error: io.h: No such file or directory
configure:3693: $? = 1
configure: failed program was:
| /* confdefs.h.  */
| 
| #define PACKAGE_NAME ""
| #define PACKAGE_TARNAME ""
| #define PACKAGE_VERSION ""
| #define PACKAGE_STRING ""
| #define PACKAGE_BUGREPORT ""
| #define PACKAGE "mpeg2dec"
| #define VERSION "0.4.1-cvs"
| #define STDC_HEADERS 1
| #define HAVE_SYS_TYPES_H 1
| #define HAVE_SYS_STAT_H 1
| #define HAVE_STDLIB_H 1
| #define HAVE_STRING_H 1
| #define HAVE_MEMORY_H 1
| #define HAVE_STRINGS_H 1
| #define HAVE_INTTYPES_H 1
| #define HAVE_STDINT_H 1
| #define HAVE_UNISTD_H 1
| #define HAVE_SYS_TIME_H 1
| #define HAVE_TIME_H 1
| #define HAVE_SYS_TIMEB_H 1
| /* end confdefs.h.  */
| #include <stdio.h>
| #if HAVE_SYS_TYPES_H
| # include <sys/types.h>
| #endif
| #if HAVE_SYS_STAT_H
| # include <sys/stat.h>
| #endif
| #if STDC_HEADERS
| # include <stdlib.h>
| # include <stddef.h>
| #else
| # if HAVE_STDLIB_H
| #  include <stdlib.h>
| # endif
| #endif
| #if HAVE_STRING_H
| # if !STDC_HEADERS && HAVE_MEMORY_H
| #  include <memory.h>
| # endif
| # include <string.h>
| #endif
| #if HAVE_STRINGS_H
| # include <strings.h>
| #endif
| #if HAVE_INTTYPES_H
| # include <inttypes.h>
| #else
| # if HAVE_STDINT_H
| #  include <stdint.h>
| # endif
| #endif
| #if HAVE_UNISTD_H
| # include <unistd.h>
| #endif
| #include <io.h>
configure:3716: result: no
configure:3720: checking io.h presence
configure:3730: gcc -E  conftest.c
conftest.c:24:16: error: io.h: No such file or directory
configure:3736: $? = 1
configure: failed program was:
| /* confdefs.h.  */
| 
| #define PACKAGE_NAME ""
| #define PACKAGE_TARNAME ""
| #define PACKAGE_VERSION ""
| #define PACKAGE_STRING ""
| #define PACKAGE_BUGREPORT ""
| #define PACKAGE "mpeg2dec"
| #define VERSION "0.4.1-cvs"
| #define STDC_HEADERS 1
| #define HAVE_SYS_TYPES_H 1
| #define HAVE_SYS_STAT_H 1
| #define HAVE_STDLIB_H 1
| #define HAVE_STRING_H 1
| #define HAVE_MEMORY_H 1
| #define HAVE_STRINGS_H 1
| #define HAVE_INTTYPES_H 1
| #define HAVE_STDINT_H 1
| #define HAVE_UNISTD_H 1
| #define HAVE_SYS_TIME_H 1
| #define HAVE_TIME_H 1
| #define HAVE_SYS_TIMEB_H 1
| /* end confdefs.h.  */
| #include <io.h>
configure:3756: result: no
configure:3791: checking for io.h
configure:3798: result: no
configure:3675: checking altivec.h usability
configure:3687: gcc -c -g -O2  conftest.c >&5
conftest.c:58:21: error: altivec.h: No such file or directory
configure:3693: $? = 1
configure: failed program was:
| /* confdefs.h.  */
| 
| #define PACKAGE_NAME ""
| #define PACKAGE_TARNAME ""
| #define PACKAGE_VERSION ""
| #define PACKAGE_STRING ""
| #define PACKAGE_BUGREPORT ""
| #define PACKAGE "mpeg2dec"
| #define VERSION "0.4.1-cvs"
| #define STDC_HEADERS 1
| #define HAVE_SYS_TYPES_H 1
| #define HAVE_SYS_STAT_H 1
| #define HAVE_STDLIB_H 1
| #define HAVE_STRING_H 1
| #define HAVE_MEMORY_H 1
| #define HAVE_STRINGS_H 1
| #define HAVE_INTTYPES_H 1
| #define HAVE_STDINT_H 1
| #define HAVE_UNISTD_H 1
| #define HAVE_SYS_TIME_H 1
| #define HAVE_TIME_H 1
| #define HAVE_SYS_TIMEB_H 1
| /* end confdefs.h.  */
| #include <stdio.h>
| #if HAVE_SYS_TYPES_H
| # include <sys/types.h>
| #endif
| #if HAVE_SYS_STAT_H
| # include <sys/stat.h>
| #endif
| #if STDC_HEADERS
| # include <stdlib.h>
| # include <stddef.h>
| #else
| # if HAVE_STDLIB_H
| #  include <stdlib.h>
| # endif
| #endif
| #if HAVE_STRING_H
| # if !STDC_HEADERS && HAVE_MEMORY_H
| #  include <memory.h>
| # endif
| # include <string.h>
| #endif
| #if HAVE_STRINGS_H
| # include <strings.h>
| #endif
| #if HAVE_INTTYPES_H
| # include <inttypes.h>
| #else
| # if HAVE_STDINT_H
| #  include <stdint.h>
| # endif
| #endif
| #if HAVE_UNISTD_H
| # include <unistd.h>
| #endif
| #include <altivec.h>
configure:3716: result: no
configure:3720: checking altivec.h presence
configure:3730: gcc -E  conftest.c
conftest.c:24:21: error: altivec.h: No such file or directory
configure:3736: $? = 1
configure: failed program was:
| /* confdefs.h.  */
| 
| #define PACKAGE_NAME ""
| #define PACKAGE_TARNAME ""
| #define PACKAGE_VERSION ""
| #define PACKAGE_STRING ""
| #define PACKAGE_BUGREPORT ""
| #define PACKAGE "mpeg2dec"
| #define VERSION "0.4.1-cvs"
| #define STDC_HEADERS 1
| #define HAVE_SYS_TYPES_H 1
| #define HAVE_SYS_STAT_H 1
| #define HAVE_STDLIB_H 1
| #define HAVE_STRING_H 1
| #define HAVE_MEMORY_H 1
| #define HAVE_STRINGS_H 1
| #define HAVE_INTTYPES_H 1
| #define HAVE_STDINT_H 1
| #define HAVE_UNISTD_H 1
| #define HAVE_SYS_TIME_H 1
| #define HAVE_TIME_H 1
| #define HAVE_SYS_TIMEB_H 1
| /* end confdefs.h.  */
| #include <altivec.h>
configure:3756: result: no
configure:3791: checking for altivec.h
configure:3798: result: no
configure:3820: checking if gcc supports  -Wall -g -O2 flags
configure:3840: gcc -c  -Wall -g -O2  conftest.c >&5
configure:3846: $? = 0
configure:3850: test -z 
			 || test ! -s conftest.err
configure:3853: $? = 0
configure:3856: test -s conftest.o
configure:3859: $? = 0
configure:3870: result: yes
configure:3882: checking if gcc supports  -Wall -g  -O3 flags
configure:3902: gcc -c  -Wall -g  -O3  conftest.c >&5
configure:3908: $? = 0
configure:3912: test -z 
			 || test ! -s conftest.err
configure:3915: $? = 0
configure:3918: test -s conftest.o
configure:3921: $? = 0
configure:3932: result: yes
configure:3953: checking if gcc supports  -Wall -g  -O3 -fomit-frame-pointer  flags
configure:3973: gcc -c  -Wall -g  -O3 -fomit-frame-pointer   conftest.c >&5
configure:3979: $? = 0
configure:3983: test -z 
			 || test ! -s conftest.err
configure:3986: $? = 0
configure:3989: test -s conftest.o
configure:3992: $? = 0
configure:4003: result: yes
configure:4013: checking if gcc supports  -Wall -g  -O3 -fomit-frame-pointer -fno-common  flags
configure:4033: gcc -c  -Wall -g  -O3 -fomit-frame-pointer -fno-common   conftest.c >&5
configure:4039: $? = 0
configure:4043: test -z 
			 || test ! -s conftest.err
configure:4046: $? = 0
configure:4049: test -s conftest.o
configure:4052: $? = 0
configure:4063: result: yes
configure:4085: checking if gcc supports  -Wall -g  -O3 -fomit-frame-pointer -fno-common -mcpu=pentiumpro  flags
configure:4105: gcc -c  -Wall -g  -O3 -fomit-frame-pointer -fno-common -mcpu=pentiumpro   conftest.c >&5
`-mcpu=' is deprecated. Use `-mtune=' or '-march=' instead.
configure:4111: $? = 0
configure:4115: test -z 
			 || test ! -s conftest.err
configure:4118: $? = 0
configure:4121: test -s conftest.o
configure:4124: $? = 0
configure:4135: result: yes
configure:4566: checking for a sed that does not truncate output
configure:4620: result: /bin/sed
configure:4634: checking for ld used by gcc
configure:4701: result: /usr/bin/ld
configure:4710: checking if the linker (/usr/bin/ld) is GNU ld
configure:4725: result: yes
configure:4730: checking for /usr/bin/ld option to reload object files
configure:4737: result: -r
configure:4746: checking for BSD-compatible nm
configure:4788: result: /usr/bin/nm -B
configure:4792: checking whether ln -s works
configure:4796: result: yes
configure:4803: checking how to recognise dependent libraries
configure:5003: result: pass_all
configure:5467: checking dlfcn.h usability
configure:5479: gcc -c   conftest.c >&5
configure:5485: $? = 0
configure:5489: test -z 
			 || test ! -s conftest.err
configure:5492: $? = 0
configure:5495: test -s conftest.o
configure:5498: $? = 0
configure:5508: result: yes
configure:5512: checking dlfcn.h presence
configure:5522: gcc -E  conftest.c
configure:5528: $? = 0
configure:5548: result: yes
configure:5583: checking for dlfcn.h
configure:5590: result: yes
configure:5655: checking for g++
configure:5671: found /usr/bin/g++
configure:5681: result: g++
configure:5697: checking for C++ compiler version
configure:5700: g++ --version </dev/null >&5
g++ (GCC) 4.1.2 (Ubuntu 4.1.2-0ubuntu4)
Copyright (C) 2006 Free Software Foundation, Inc.
This is free software; see the source for copying conditions.  There is NO
warranty; not even for MERCHANTABILITY or FITNESS FOR A PARTICULAR PURPOSE.

configure:5703: $? = 0
configure:5705: g++ -v </dev/null >&5
Using built-in specs.
Target: i486-linux-gnu
Configured with: ../src/configure -v --enable-languages=c,c++,fortran,objc,obj-c++,treelang --prefix=/usr --enable-shared --with-system-zlib --libexecdir=/usr/lib --without-included-gettext --enable-threads=posix --enable-nls --program-suffix=-4.1 --enable-__cxa_atexit --enable-clocale=gnu --enable-libstdcxx-debug --enable-mpfr --enable-checking=release i486-linux-gnu
Thread model: posix
gcc version 4.1.2 (Ubuntu 4.1.2-0ubuntu4)
configure:5708: $? = 0
configure:5710: g++ -V </dev/null >&5
g++: '-V' option must have argument
configure:5713: $? = 1
configure:5716: checking whether we are using the GNU C++ compiler
configure:5740: g++ -c   conftest.cc >&5
configure:5746: $? = 0
configure:5750: test -z 
			 || test ! -s conftest.err
configure:5753: $? = 0
configure:5756: test -s conftest.o
configure:5759: $? = 0
configure:5772: result: yes
configure:5778: checking whether g++ accepts -g
configure:5799: g++ -c -g  conftest.cc >&5
configure:5805: $? = 0
configure:5809: test -z 
			 || test ! -s conftest.err
configure:5812: $? = 0
configure:5815: test -s conftest.o
configure:5818: $? = 0
configure:5829: result: yes
configure:5871: g++ -c -g -O2  conftest.cc >&5
configure:5877: $? = 0
configure:5881: test -z 
			 || test ! -s conftest.err
configure:5884: $? = 0
configure:5887: test -s conftest.o
configure:5890: $? = 0
configure:5916: g++ -c -g -O2  conftest.cc >&5
conftest.cc: In function 'int main()':
conftest.cc:30: error: 'exit' was not declared in this scope
configure:5922: $? = 1
configure: failed program was:
| /* confdefs.h.  */
| 
| #define PACKAGE_NAME ""
| #define PACKAGE_TARNAME ""
| #define PACKAGE_VERSION ""
| #define PACKAGE_STRING ""
| #define PACKAGE_BUGREPORT ""
| #define PACKAGE "mpeg2dec"
| #define VERSION "0.4.1-cvs"
| #define STDC_HEADERS 1
| #define HAVE_SYS_TYPES_H 1
| #define HAVE_SYS_STAT_H 1
| #define HAVE_STDLIB_H 1
| #define HAVE_STRING_H 1
| #define HAVE_MEMORY_H 1
| #define HAVE_STRINGS_H 1
| #define HAVE_INTTYPES_H 1
| #define HAVE_STDINT_H 1
| #define HAVE_UNISTD_H 1
| #define HAVE_SYS_TIME_H 1
| #define HAVE_TIME_H 1
| #define HAVE_SYS_TIMEB_H 1
| #define ARCH_X86
| #define HAVE_DLFCN_H 1
| /* end confdefs.h.  */
| 
| int
| main ()
| {
| exit (42);
|   ;
|   return 0;
| }
configure:5871: g++ -c -g -O2  conftest.cc >&5
configure:5877: $? = 0
configure:5881: test -z 
			 || test ! -s conftest.err
configure:5884: $? = 0
configure:5887: test -s conftest.o
configure:5890: $? = 0
configure:5916: g++ -c -g -O2  conftest.cc >&5
configure:5922: $? = 0
configure:5926: test -z 
			 || test ! -s conftest.err
configure:5929: $? = 0
configure:5932: test -s conftest.o
configure:5935: $? = 0
configure:5960: checking dependency style of g++
configure:6043: result: gcc3
configure:6065: checking how to run the C++ preprocessor
configure:6096: g++ -E  conftest.cc
configure:6102: $? = 0
configure:6134: g++ -E  conftest.cc
conftest.cc:29:28: error: ac_nonexistent.h: No such file or directory
configure:6140: $? = 1
configure: failed program was:
| /* confdefs.h.  */
| 
| #define PACKAGE_NAME ""
| #define PACKAGE_TARNAME ""
| #define PACKAGE_VERSION ""
| #define PACKAGE_STRING ""
| #define PACKAGE_BUGREPORT ""
| #define PACKAGE "mpeg2dec"
| #define VERSION "0.4.1-cvs"
| #define STDC_HEADERS 1
| #define HAVE_SYS_TYPES_H 1
| #define HAVE_SYS_STAT_H 1
| #define HAVE_STDLIB_H 1
| #define HAVE_STRING_H 1
| #define HAVE_MEMORY_H 1
| #define HAVE_STRINGS_H 1
| #define HAVE_INTTYPES_H 1
| #define HAVE_STDINT_H 1
| #define HAVE_UNISTD_H 1
| #define HAVE_SYS_TIME_H 1
| #define HAVE_TIME_H 1
| #define HAVE_SYS_TIMEB_H 1
| #define ARCH_X86
| #define HAVE_DLFCN_H 1
| #ifdef __cplusplus
| extern "C" void std::exit (int) throw (); using std::exit;
| #endif
| /* end confdefs.h.  */
| #include <ac_nonexistent.h>
configure:6179: result: g++ -E
configure:6203: g++ -E  conftest.cc
configure:6209: $? = 0
configure:6241: g++ -E  conftest.cc
conftest.cc:29:28: error: ac_nonexistent.h: No such file or directory
configure:6247: $? = 1
configure: failed program was:
| /* confdefs.h.  */
| 
| #define PACKAGE_NAME ""
| #define PACKAGE_TARNAME ""
| #define PACKAGE_VERSION ""
| #define PACKAGE_STRING ""
| #define PACKAGE_BUGREPORT ""
| #define PACKAGE "mpeg2dec"
| #define VERSION "0.4.1-cvs"
| #define STDC_HEADERS 1
| #define HAVE_SYS_TYPES_H 1
| #define HAVE_SYS_STAT_H 1
| #define HAVE_STDLIB_H 1
| #define HAVE_STRING_H 1
| #define HAVE_MEMORY_H 1
| #define HAVE_STRINGS_H 1
| #define HAVE_INTTYPES_H 1
| #define HAVE_STDINT_H 1
| #define HAVE_UNISTD_H 1
| #define HAVE_SYS_TIME_H 1
| #define HAVE_TIME_H 1
| #define HAVE_SYS_TIMEB_H 1
| #define ARCH_X86
| #define HAVE_DLFCN_H 1
| #ifdef __cplusplus
| extern "C" void std::exit (int) throw (); using std::exit;
| #endif
| /* end confdefs.h.  */
| #include <ac_nonexistent.h>
configure:6342: checking for g77
configure:6371: result: no
configure:6342: checking for f77
configure:6371: result: no
configure:6342: checking for xlf
configure:6371: result: no
configure:6342: checking for frt
configure:6371: result: no
configure:6342: checking for pgf77
configure:6371: result: no
configure:6342: checking for fort77
configure:6371: result: no
configure:6342: checking for fl32
configure:6371: result: no
configure:6342: checking for af77
configure:6371: result: no
configure:6342: checking for f90
configure:6371: result: no
configure:6342: checking for xlf90
configure:6371: result: no
configure:6342: checking for pgf90
configure:6371: result: no
configure:6342: checking for epcf90
configure:6371: result: no
configure:6342: checking for f95
configure:6371: result: no
configure:6342: checking for fort
configure:6371: result: no
configure:6342: checking for xlf95
configure:6371: result: no
configure:6342: checking for ifc
configure:6371: result: no
configure:6342: checking for efc
configure:6371: result: no
configure:6342: checking for pgf95
configure:6371: result: no
configure:6342: checking for lf95
configure:6371: result: no
configure:6342: checking for gfortran
configure:6371: result: no
configure:6383: checking for Fortran 77 compiler version
configure:6386:  --version </dev/null >&5
./configure: line 6387: --version: command not found
configure:6389: $? = 127
configure:6391:  -v </dev/null >&5
./configure: line 6392: -v: command not found
configure:6394: $? = 127
configure:6396:  -V </dev/null >&5
./configure: line 6397: -V: command not found
configure:6399: $? = 127
configure:6407: checking whether we are using the GNU Fortran 77 compiler
configure:6421:  -c  conftest.F >&5
./configure: line 6422: -c: command not found
configure:6427: $? = 127
configure: failed program was:
|       program main
| #ifndef __GNUC__
|        choke me
| #endif
| 
|       end
configure:6453: result: no
configure:6459: checking whether  accepts -g
configure:6471:  -c -g conftest.f >&5
./configure: line 6472: -c: command not found
configure:6477: $? = 127
configure: failed program was:
|       program main
| 
|       end
configure:6502: result: no
configure:6532: checking the maximum length of command line arguments
configure:6591: result: 32768
configure:6602: checking command to parse /usr/bin/nm -B output from gcc object
configure:6691: gcc -c   conftest.c >&5
configure:6694: $? = 0
configure:6698: /usr/bin/nm -B conftest.o \| sed -n -e 's/^.*[ 	]\([ABCDGISTW][ABCDGISTW]*\)[ 	][ 	]*\(\)\([_A-Za-z][_A-Za-z0-9]*\)$/\1 \2\3 \3/p' \> conftest.nm
configure:6701: $? = 0
configure:6753: gcc -o conftest    conftest.c conftstm.o >&5
configure:6756: $? = 0
configure:6794: result: ok
configure:6798: checking for objdir
configure:6813: result: .libs
configure:6903: checking for ar
configure:6919: found /usr/bin/ar
configure:6930: result: ar
configure:6983: checking for ranlib
configure:6999: found /usr/bin/ranlib
configure:7010: result: ranlib
configure:7063: checking for strip
configure:7079: found /usr/bin/strip
configure:7090: result: strip
configure:7352: checking if gcc static flag  works
configure:7375: result: yes
configure:7392: checking if gcc supports -fno-rtti -fno-exceptions
configure:7410: gcc -c   -fno-rtti -fno-exceptions conftest.c >&5
cc1: warning: command line option "-fno-rtti" is valid for C++/ObjC++ but not for C
configure:7414: $? = 0
configure:7425: result: no
configure:7440: checking for gcc option to produce PIC
configure:7617: result: -fPIC
configure:7624: checking if gcc PIC flag -fPIC works
configure:7642: gcc -c   -fPIC -DPIC conftest.c >&5
configure:7646: $? = 0
configure:7657: result: yes
configure:7681: checking if gcc supports -c -o file.o
configure:7709: gcc -c   -o out/conftest2.o conftest.c >&5
configure:7713: $? = 0
configure:7730: result: yes
configure:7756: checking whether the gcc linker (/usr/bin/ld) supports shared libraries
configure:8570: result: yes
configure:8596: checking whether -lc should be explicitly linked in
configure:8601: gcc -c   conftest.c >&5
configure:8604: $? = 0
configure:8618: gcc -shared conftest.o  -v -Wl,-soname -Wl,conftest -o conftest 2\>\&1 \| grep  -lc  \>/dev/null 2\>\&1
configure:8621: $? = 0
configure:8633: result: no
configure:8641: checking how to hardcode library paths into programs
configure:8666: result: immediate
configure:8680: checking whether stripping libraries is possible
configure:8685: result: yes
configure:8707: checking dynamic linker characteristics
configure:9218: result: GNU/Linux ld.so
configure:10030: checking if libtool supports shared libraries
configure:10032: result: yes
configure:10035: checking whether to build shared libraries
configure:10084: result: yes
configure:10087: checking whether to build static libraries
configure:10091: result: yes
configure:10182: creating libtool
configure:10726: checking for ld used by g++
configure:10793: result: /usr/bin/ld
configure:10802: checking if the linker (/usr/bin/ld) is GNU ld
configure:10817: result: yes
configure:10868: checking whether the g++ linker (/usr/bin/ld) supports shared libraries
configure:11683: result: yes
configure:11701: g++ -c -g -O2  conftest.cc >&5
configure:11704: $? = 0
configure:11800: checking for g++ option to produce PIC
configure:12052: result: -fPIC
configure:12059: checking if g++ PIC flag -fPIC works
configure:12077: g++ -c -g -O2  -fPIC -DPIC conftest.cc >&5
configure:12081: $? = 0
configure:12092: result: yes
configure:12116: checking if g++ supports -c -o file.o
configure:12144: g++ -c -g -O2  -o out/conftest2.o conftest.cc >&5
configure:12148: $? = 0
configure:12165: result: yes
configure:12191: checking whether the g++ linker (/usr/bin/ld) supports shared libraries
configure:12216: result: yes
configure:12287: checking how to hardcode library paths into programs
configure:12312: result: immediate
configure:12326: checking whether stripping libraries is possible
configure:12331: result: yes
configure:12353: checking dynamic linker characteristics
configure:12864: result: GNU/Linux ld.so
configure:19947: checking whether time.h and sys/time.h may both be included
configure:19972: gcc -c   conftest.c >&5
configure:19978: $? = 0
configure:19982: test -z 
			 || test ! -s conftest.err
configure:19985: $? = 0
configure:19988: test -s conftest.o
configure:19991: $? = 0
configure:20002: result: yes
configure:20012: checking for struct timeval
configure:20038: gcc -c   conftest.c >&5
configure:20044: $? = 0
configure:20048: test -z 
			 || test ! -s conftest.err
configure:20051: $? = 0
configure:20054: test -s conftest.o
configure:20057: $? = 0
configure:20068: result: yes
configure:20081: checking for inttypes.h
configure:20086: result: yes
configure:23067: checking for an ANSI C-conforming const
configure:23134: gcc -c   conftest.c >&5
configure:23140: $? = 0
configure:23144: test -z 
			 || test ! -s conftest.err
configure:23147: $? = 0
configure:23150: test -s conftest.o
configure:23153: $? = 0
configure:23164: result: yes
configure:23174: checking for inline
configure:23195: gcc -c   conftest.c >&5
configure:23201: $? = 0
configure:23205: test -z 
			 || test ! -s conftest.err
configure:23208: $? = 0
configure:23211: test -s conftest.o
configure:23214: $? = 0
configure:23226: result: inline
configure:23246: checking for always_inline
configure:23269: gcc -c  -Wall -Werror  conftest.c >&5
configure:23275: $? = 0
configure:23279: test -z 
			 || test ! -s conftest.err
configure:23282: $? = 0
configure:23285: test -s conftest.o
configure:23288: $? = 0
configure:23299: result: yes
configure:23308: checking for restrict
configure:23328: gcc -c   conftest.c >&5
conftest.c: In function 'main':
conftest.c:36: error: expected '=', ',', ';', 'asm' or '__attribute__' before 'p'
conftest.c:36: error: 'p' undeclared (first use in this function)
conftest.c:36: error: (Each undeclared identifier is reported only once
conftest.c:36: error: for each function it appears in.)
configure:23334: $? = 1
configure: failed program was:
| /* confdefs.h.  */
| 
| #define PACKAGE_NAME ""
| #define PACKAGE_TARNAME ""
| #define PACKAGE_VERSION ""
| #define PACKAGE_STRING ""
| #define PACKAGE_BUGREPORT ""
| #define PACKAGE "mpeg2dec"
| #define VERSION "0.4.1-cvs"
| #define STDC_HEADERS 1
| #define HAVE_SYS_TYPES_H 1
| #define HAVE_SYS_STAT_H 1
| #define HAVE_STDLIB_H 1
| #define HAVE_STRING_H 1
| #define HAVE_MEMORY_H 1
| #define HAVE_STRINGS_H 1
| #define HAVE_INTTYPES_H 1
| #define HAVE_STDINT_H 1
| #define HAVE_UNISTD_H 1
| #define HAVE_SYS_TIME_H 1
| #define HAVE_TIME_H 1
| #define HAVE_SYS_TIMEB_H 1
| #define ARCH_X86
| #define HAVE_DLFCN_H 1
| #ifdef __cplusplus
| extern "C" void std::exit (int) throw (); using std::exit;
| #endif
| #define TIME_WITH_SYS_TIME 1
| #define HAVE_STRUCT_TIMEVAL 1
| #define inline __attribute__ ((__always_inline__))
| /* end confdefs.h.  */
| 
| int
| main ()
| {
| char * restrict p;
|   ;
|   return 0;
| }
configure:23328: gcc -c   conftest.c >&5
configure:23334: $? = 0
configure:23338: test -z 
			 || test ! -s conftest.err
configure:23341: $? = 0
configure:23344: test -s conftest.o
configure:23347: $? = 0
configure:23357: result: __restrict__
configure:23371: checking for __builtin_expect
configure:23386: gcc  -nostdlib -nostartfiles
            -o conftest conftest.c -lgcc >&5
/usr/bin/ld: warning: cannot find entry symbol _start; defaulting to 0000000008048074
configure:23389: $? = 0
configure:23397: result: yes
configure:23406: checking whether byte ordering is bigendian
configure:23433: gcc -c   conftest.c >&5
configure:23439: $? = 0
configure:23443: test -z 
			 || test ! -s conftest.err
configure:23446: $? = 0
configure:23449: test -s conftest.o
configure:23452: $? = 0
configure:23476: gcc -c   conftest.c >&5
conftest.c: In function 'main':
conftest.c:41: error: 'not' undeclared (first use in this function)
conftest.c:41: error: (Each undeclared identifier is reported only once
conftest.c:41: error: for each function it appears in.)
conftest.c:41: error: expected ';' before 'big'
configure:23482: $? = 1
configure: failed program was:
| /* confdefs.h.  */
| 
| #define PACKAGE_NAME ""
| #define PACKAGE_TARNAME ""
| #define PACKAGE_VERSION ""
| #define PACKAGE_STRING ""
| #define PACKAGE_BUGREPORT ""
| #define PACKAGE "mpeg2dec"
| #define VERSION "0.4.1-cvs"
| #define STDC_HEADERS 1
| #define HAVE_SYS_TYPES_H 1
| #define HAVE_SYS_STAT_H 1
| #define HAVE_STDLIB_H 1
| #define HAVE_STRING_H 1
| #define HAVE_MEMORY_H 1
| #define HAVE_STRINGS_H 1
| #define HAVE_INTTYPES_H 1
| #define HAVE_STDINT_H 1
| #define HAVE_UNISTD_H 1
| #define HAVE_SYS_TIME_H 1
| #define HAVE_TIME_H 1
| #define HAVE_SYS_TIMEB_H 1
| #define ARCH_X86
| #define HAVE_DLFCN_H 1
| #ifdef __cplusplus
| extern "C" void std::exit (int) throw (); using std::exit;
| #endif
| #define TIME_WITH_SYS_TIME 1
| #define HAVE_STRUCT_TIMEVAL 1
| #define inline __attribute__ ((__always_inline__))
| #define restrict __restrict__
| #define HAVE_BUILTIN_EXPECT
| /* end confdefs.h.  */
| #include <sys/types.h>
| #include <sys/param.h>
| 
| int
| main ()
| {
| #if BYTE_ORDER != BIG_ENDIAN
|  not big endian
| #endif
| 
|   ;
|   return 0;
| }
configure:23617: result: no
configure:23636: checking for working volatile
configure:23659: gcc -c   conftest.c >&5
configure:23665: $? = 0
configure:23669: test -z 
			 || test ! -s conftest.err
configure:23672: $? = 0
configure:23675: test -s conftest.o
configure:23678: $? = 0
configure:23689: result: yes
configure:23699: checking for size_t
configure:23723: gcc -c   conftest.c >&5
configure:23729: $? = 0
configure:23733: test -z 
			 || test ! -s conftest.err
configure:23736: $? = 0
configure:23739: test -s conftest.o
configure:23742: $? = 0
configure:23753: result: yes
configure:23765: checking return type of signal handlers
configure:23796: gcc -c   conftest.c >&5
configure:23802: $? = 0
configure:23806: test -z 
			 || test ! -s conftest.err
configure:23809: $? = 0
configure:23812: test -s conftest.o
configure:23815: $? = 0
configure:23826: result: void
configure:23841: checking for special C compiler options needed for large files
configure:23940: result: no
configure:23946: checking for _FILE_OFFSET_BITS value needed for large files
configure:23977: gcc -c   conftest.c >&5
conftest.c:41: warning: left shift count >= width of type
conftest.c:41: warning: left shift count >= width of type
conftest.c:43: error: size of array 'off_t_is_large' is negative
configure:23983: $? = 1
configure: failed program was:
| /* confdefs.h.  */
| 
| #define PACKAGE_NAME ""
| #define PACKAGE_TARNAME ""
| #define PACKAGE_VERSION ""
| #define PACKAGE_STRING ""
| #define PACKAGE_BUGREPORT ""
| #define PACKAGE "mpeg2dec"
| #define VERSION "0.4.1-cvs"
| #define STDC_HEADERS 1
| #define HAVE_SYS_TYPES_H 1
| #define HAVE_SYS_STAT_H 1
| #define HAVE_STDLIB_H 1
| #define HAVE_STRING_H 1
| #define HAVE_MEMORY_H 1
| #define HAVE_STRINGS_H 1
| #define HAVE_INTTYPES_H 1
| #define HAVE_STDINT_H 1
| #define HAVE_UNISTD_H 1
| #define HAVE_SYS_TIME_H 1
| #define HAVE_TIME_H 1
| #define HAVE_SYS_TIMEB_H 1
| #define ARCH_X86
| #define HAVE_DLFCN_H 1
| #ifdef __cplusplus
| extern "C" void std::exit (int) throw (); using std::exit;
| #endif
| #define TIME_WITH_SYS_TIME 1
| #define HAVE_STRUCT_TIMEVAL 1
| #define inline __attribute__ ((__always_inline__))
| #define restrict __restrict__
| #define HAVE_BUILTIN_EXPECT
| #define RETSIGTYPE void
| /* end confdefs.h.  */
| #include <sys/types.h>
|  /* Check that off_t can represent 2**63 - 1 correctly.
|     We can't simply define LARGE_OFF_T to be 9223372036854775807,
|     since some C++ compilers masquerading as C compilers
|     incorrectly reject 9223372036854775807.  */
| #define LARGE_OFF_T (((off_t) 1 << 62) - 1 + ((off_t) 1 << 62))
|   int off_t_is_large[(LARGE_OFF_T % 2147483629 == 721
| 		       && LARGE_OFF_T % 2147483647 == 1)
| 		      ? 1 : -1];
| int
| main ()
| {
| 
|   ;
|   return 0;
| }
configure:24030: gcc -c   conftest.c >&5
configure:24036: $? = 0
configure:24040: test -z 
			 || test ! -s conftest.err
configure:24043: $? = 0
configure:24046: test -s conftest.o
configure:24049: $? = 0
configure:24061: result: 64
configure:24071: checking for _LARGE_FILES value needed for large files
configure:24102: gcc -c   conftest.c >&5
configure:24108: $? = 0
configure:24112: test -z 
			 || test ! -s conftest.err
configure:24115: $? = 0
configure:24118: test -s conftest.o
configure:24121: $? = 0
configure:24186: result: no
configure:24204: checking for gettimeofday
configure:24261: gcc -o conftest    conftest.c  >&5
configure:24267: $? = 0
configure:24271: test -z 
			 || test ! -s conftest.err
configure:24274: $? = 0
configure:24277: test -s conftest
configure:24280: $? = 0
configure:24292: result: yes
configure:24204: checking for ftime
configure:24261: gcc -o conftest    conftest.c  >&5
configure:24267: $? = 0
configure:24271: test -z 
			 || test ! -s conftest.err
configure:24274: $? = 0
configure:24277: test -s conftest
configure:24280: $? = 0
configure:24292: result: yes
configure:24305: checking if libtool supports -prefer-non-pic flag
configure:24317: result: yes
configure:24341: checking for X
configure:24446: gcc -E  conftest.c
configure:24452: $? = 0
configure:24502: gcc -o conftest    conftest.c -lXt  >&5
configure:24508: $? = 0
configure:24512: test -z 
			 || test ! -s conftest.err
configure:24515: $? = 0
configure:24518: test -s conftest
configure:24521: $? = 0
configure:24571: result: libraries , headers 
configure:24743: gcc -o conftest    conftest.c   -lX11 >&5
configure:24749: $? = 0
configure:24753: test -z 
			 || test ! -s conftest.err
configure:24756: $? = 0
configure:24759: test -s conftest
configure:24762: $? = 0
configure:24920: checking for gethostbyname
configure:24977: gcc -o conftest    conftest.c  >&5
configure:24983: $? = 0
configure:24987: test -z 
			 || test ! -s conftest.err
configure:24990: $? = 0
configure:24993: test -s conftest
configure:24996: $? = 0
configure:25008: result: yes
configure:25159: checking for connect
configure:25216: gcc -o conftest    conftest.c  >&5
configure:25222: $? = 0
configure:25226: test -z 
			 || test ! -s conftest.err
configure:25229: $? = 0
configure:25232: test -s conftest
configure:25235: $? = 0
configure:25247: result: yes
configure:25322: checking for remove
configure:25379: gcc -o conftest    conftest.c  >&5
configure:25385: $? = 0
configure:25389: test -z 
			 || test ! -s conftest.err
configure:25392: $? = 0
configure:25395: test -s conftest
configure:25398: $? = 0
configure:25410: result: yes
configure:25485: checking for shmat
configure:25542: gcc -o conftest    conftest.c  >&5
configure:25548: $? = 0
configure:25552: test -z 
			 || test ! -s conftest.err
configure:25555: $? = 0
configure:25558: test -s conftest
configure:25561: $? = 0
configure:25573: result: yes
configure:25657: checking for IceConnectionNumber in -lICE
configure:25687: gcc -o conftest    conftest.c -lICE   >&5
configure:25693: $? = 0
configure:25697: test -z 
			 || test ! -s conftest.err
configure:25700: $? = 0
configure:25703: test -s conftest
configure:25706: $? = 0
configure:25719: result: yes
configure:25730: checking for XShmCreateImage in -lXext
configure:25760: gcc -o conftest    conftest.c -lXext  -lSM -lICE  -lX11   >&5
configure:25766: $? = 0
configure:25770: test -z 
			 || test ! -s conftest.err
configure:25773: $? = 0
configure:25776: test -s conftest
configure:25779: $? = 0
configure:25792: result: yes
configure:25802: checking for XvShmCreateImage in -lXv
configure:25832: gcc -o conftest    conftest.c -lXv  -lSM -lICE  -lX11  -lXext  >&5
/usr/bin/ld: cannot find -lXv
collect2: ld returned 1 exit status
configure:25838: $? = 1
configure: failed program was:
| /* confdefs.h.  */
| 
| #define PACKAGE_NAME ""
| #define PACKAGE_TARNAME ""
| #define PACKAGE_VERSION ""
| #define PACKAGE_STRING ""
| #define PACKAGE_BUGREPORT ""
| #define PACKAGE "mpeg2dec"
| #define VERSION "0.4.1-cvs"
| #define STDC_HEADERS 1
| #define HAVE_SYS_TYPES_H 1
| #define HAVE_SYS_STAT_H 1
| #define HAVE_STDLIB_H 1
| #define HAVE_STRING_H 1
| #define HAVE_MEMORY_H 1
| #define HAVE_STRINGS_H 1
| #define HAVE_INTTYPES_H 1
| #define HAVE_STDINT_H 1
| #define HAVE_UNISTD_H 1
| #define HAVE_SYS_TIME_H 1
| #define HAVE_TIME_H 1
| #define HAVE_SYS_TIMEB_H 1
| #define ARCH_X86
| #define HAVE_DLFCN_H 1
| #ifdef __cplusplus
| extern "C" void std::exit (int) throw (); using std::exit;
| #endif
| #define TIME_WITH_SYS_TIME 1
| #define HAVE_STRUCT_TIMEVAL 1
| #define inline __attribute__ ((__always_inline__))
| #define restrict __restrict__
| #define HAVE_BUILTIN_EXPECT
| #define RETSIGTYPE void
| #define _FILE_OFFSET_BITS 64
| #define HAVE_GETTIMEOFDAY 1
| #define HAVE_FTIME 1
| #define ACCEL_DETECT
| #define LIBVO_X11
| /* end confdefs.h.  */
| 
| /* Override any gcc2 internal prototype to avoid an error.  */
| #ifdef __cplusplus
| extern "C"
| #endif
| /* We use char because int might match the return type of a gcc2
|    builtin and then its argument prototype would still apply.  */
| char XvShmCreateImage ();
| int
| main ()
| {
| XvShmCreateImage ();
|   ;
|   return 0;
| }
configure:25864: result: no
configure:25895: checking ddraw.h usability
configure:25907: gcc -c   conftest.c >&5
conftest.c:74:19: error: ddraw.h: No such file or directory
configure:25913: $? = 1
configure: failed program was:
| /* confdefs.h.  */
| 
| #define PACKAGE_NAME ""
| #define PACKAGE_TARNAME ""
| #define PACKAGE_VERSION ""
| #define PACKAGE_STRING ""
| #define PACKAGE_BUGREPORT ""
| #define PACKAGE "mpeg2dec"
| #define VERSION "0.4.1-cvs"
| #define STDC_HEADERS 1
| #define HAVE_SYS_TYPES_H 1
| #define HAVE_SYS_STAT_H 1
| #define HAVE_STDLIB_H 1
| #define HAVE_STRING_H 1
| #define HAVE_MEMORY_H 1
| #define HAVE_STRINGS_H 1
| #define HAVE_INTTYPES_H 1
| #define HAVE_STDINT_H 1
| #define HAVE_UNISTD_H 1
| #define HAVE_SYS_TIME_H 1
| #define HAVE_TIME_H 1
| #define HAVE_SYS_TIMEB_H 1
| #define ARCH_X86
| #define HAVE_DLFCN_H 1
| #ifdef __cplusplus
| extern "C" void std::exit (int) throw (); using std::exit;
| #endif
| #define TIME_WITH_SYS_TIME 1
| #define HAVE_STRUCT_TIMEVAL 1
| #define inline __attribute__ ((__always_inline__))
| #define restrict __restrict__
| #define HAVE_BUILTIN_EXPECT
| #define RETSIGTYPE void
| #define _FILE_OFFSET_BITS 64
| #define HAVE_GETTIMEOFDAY 1
| #define HAVE_FTIME 1
| #define ACCEL_DETECT
| #define LIBVO_X11
| /* end confdefs.h.  */
| #include <stdio.h>
| #if HAVE_SYS_TYPES_H
| # include <sys/types.h>
| #endif
| #if HAVE_SYS_STAT_H
| # include <sys/stat.h>
| #endif
| #if STDC_HEADERS
| # include <stdlib.h>
| # include <stddef.h>
| #else
| # if HAVE_STDLIB_H
| #  include <stdlib.h>
| # endif
| #endif
| #if HAVE_STRING_H
| # if !STDC_HEADERS && HAVE_MEMORY_H
| #  include <memory.h>
| # endif
| # include <string.h>
| #endif
| #if HAVE_STRINGS_H
| # include <strings.h>
| #endif
| #if HAVE_INTTYPES_H
| # include <inttypes.h>
| #else
| # if HAVE_STDINT_H
| #  include <stdint.h>
| # endif
| #endif
| #if HAVE_UNISTD_H
| # include <unistd.h>
| #endif
| #include <ddraw.h>
configure:25936: result: no
configure:25940: checking ddraw.h presence
configure:25950: gcc -E  conftest.c
conftest.c:40:19: error: ddraw.h: No such file or directory
configure:25956: $? = 1
configure: failed program was:
| /* confdefs.h.  */
| 
| #define PACKAGE_NAME ""
| #define PACKAGE_TARNAME ""
| #define PACKAGE_VERSION ""
| #define PACKAGE_STRING ""
| #define PACKAGE_BUGREPORT ""
| #define PACKAGE "mpeg2dec"
| #define VERSION "0.4.1-cvs"
| #define STDC_HEADERS 1
| #define HAVE_SYS_TYPES_H 1
| #define HAVE_SYS_STAT_H 1
| #define HAVE_STDLIB_H 1
| #define HAVE_STRING_H 1
| #define HAVE_MEMORY_H 1
| #define HAVE_STRINGS_H 1
| #define HAVE_INTTYPES_H 1
| #define HAVE_STDINT_H 1
| #define HAVE_UNISTD_H 1
| #define HAVE_SYS_TIME_H 1
| #define HAVE_TIME_H 1
| #define HAVE_SYS_TIMEB_H 1
| #define ARCH_X86
| #define HAVE_DLFCN_H 1
| #ifdef __cplusplus
| extern "C" void std::exit (int) throw (); using std::exit;
| #endif
| #define TIME_WITH_SYS_TIME 1
| #define HAVE_STRUCT_TIMEVAL 1
| #define inline __attribute__ ((__always_inline__))
| #define restrict __restrict__
| #define HAVE_BUILTIN_EXPECT
| #define RETSIGTYPE void
| #define _FILE_OFFSET_BITS 64
| #define HAVE_GETTIMEOFDAY 1
| #define HAVE_FTIME 1
| #define ACCEL_DETECT
| #define LIBVO_X11
| /* end confdefs.h.  */
| #include <ddraw.h>
configure:25976: result: no
configure:26011: checking for ddraw.h
configure:26018: result: no
configure:26056: checking for sdl-config
configure:26072: found /usr/bin/sdl-config
configure:26082: result: yes
configure:26191: checking __attribute__ ((aligned ())) support
configure:26223: gcc -c  -Werror  conftest.c >&5
configure:26229: $? = 0
configure:26233: test -z 
			 || test ! -s conftest.err
configure:26236: $? = 0
configure:26239: test -s conftest.o
configure:26242: $? = 0
configure:26223: gcc -c  -Werror  conftest.c >&5
configure:26229: $? = 0
configure:26233: test -z 
			 || test ! -s conftest.err
configure:26236: $? = 0
configure:26239: test -s conftest.o
configure:26242: $? = 0
configure:26223: gcc -c  -Werror  conftest.c >&5
configure:26229: $? = 0
configure:26233: test -z 
			 || test ! -s conftest.err
configure:26236: $? = 0
configure:26239: test -s conftest.o
configure:26242: $? = 0
configure:26223: gcc -c  -Werror  conftest.c >&5
configure:26229: $? = 0
configure:26233: test -z 
			 || test ! -s conftest.err
configure:26236: $? = 0
configure:26239: test -s conftest.o
configure:26242: $? = 0
configure:26223: gcc -c  -Werror  conftest.c >&5
configure:26229: $? = 0
configure:26233: test -z 
			 || test ! -s conftest.err
configure:26236: $? = 0
configure:26239: test -s conftest.o
configure:26242: $? = 0
configure:26223: gcc -c  -Werror  conftest.c >&5
configure:26229: $? = 0
configure:26233: test -z 
			 || test ! -s conftest.err
configure:26236: $? = 0
configure:26239: test -s conftest.o
configure:26242: $? = 0
configure:26253: result: 64
configure:26387: creating ./config.status

## ---------------------- ##
## Running config.status. ##
## ---------------------- ##

This file was extended by config.status, which was
generated by GNU Autoconf 2.59.  Invocation command line was

  CONFIG_FILES    = 
  CONFIG_HEADERS  = 
  CONFIG_LINKS    = 
  CONFIG_COMMANDS = 
  $ ./config.status 

on vulkan-laptop

config.status:763: creating Makefile
config.status:763: creating autotools/Makefile
config.status:763: creating include/Makefile
config.status:763: creating test/Makefile
config.status:763: creating doc/Makefile
config.status:763: creating src/Makefile
config.status:763: creating libmpeg2/Makefile
config.status:763: creating libmpeg2/convert/Makefile
config.status:763: creating libvo/Makefile
config.status:763: creating vc++/Makefile
config.status:763: creating libmpeg2/libmpeg2.pc
config.status:763: creating libmpeg2/convert/libmpeg2convert.pc
config.status:867: creating include/config.h
config.status:1009: include/config.h is unchanged
config.status:1189: executing depfiles commands

## ---------------- ##
## Cache variables. ##
## ---------------- ##

ac_cv_always_inline=yes
ac_cv_build=i686-pc-linux-gnu
ac_cv_build_alias=i686-pc-linux-gnu
ac_cv_builtin_expect=yes
ac_cv_c_attr_align_try=64
ac_cv_c_attribute_aligned=64
ac_cv_c_bigendian=no
ac_cv_c_compiler_gnu=yes
ac_cv_c_const=yes
ac_cv_c_inline=inline
ac_cv_c_restrict=__restrict__
ac_cv_c_volatile=yes
ac_cv_cxx_compiler_gnu=yes
ac_cv_env_CC_set=
ac_cv_env_CC_value=
ac_cv_env_CFLAGS_set=
ac_cv_env_CFLAGS_value=
ac_cv_env_CPPFLAGS_set=
ac_cv_env_CPPFLAGS_value=
ac_cv_env_CPP_set=
ac_cv_env_CPP_value=
ac_cv_env_CXXCPP_set=
ac_cv_env_CXXCPP_value=
ac_cv_env_CXXFLAGS_set=
ac_cv_env_CXXFLAGS_value=
ac_cv_env_CXX_set=
ac_cv_env_CXX_value=
ac_cv_env_F77_set=
ac_cv_env_F77_value=
ac_cv_env_FFLAGS_set=
ac_cv_env_FFLAGS_value=
ac_cv_env_LDFLAGS_set=
ac_cv_env_LDFLAGS_value=
ac_cv_env_build_alias_set=
ac_cv_env_build_alias_value=
ac_cv_env_host_alias_set=
ac_cv_env_host_alias_value=
ac_cv_env_target_alias_set=
ac_cv_env_target_alias_value=
ac_cv_exeext=
ac_cv_f77_compiler_gnu=no
ac_cv_func_connect=yes
ac_cv_func_ftime=yes
ac_cv_func_gethostbyname=yes
ac_cv_func_gettimeofday=yes
ac_cv_func_remove=yes
ac_cv_func_shmat=yes
ac_cv_have_x='have_x=yes 		ac_x_includes= ac_x_libraries='
ac_cv_header_altivec_h=no
ac_cv_header_ddraw_h=no
ac_cv_header_dlfcn_h=yes
ac_cv_header_inttypes_h=yes
ac_cv_header_io_h=no
ac_cv_header_memory_h=yes
ac_cv_header_stdc=yes
ac_cv_header_stdint_h=yes
ac_cv_header_stdlib_h=yes
ac_cv_header_string_h=yes
ac_cv_header_strings_h=yes
ac_cv_header_sys_stat_h=yes
ac_cv_header_sys_time_h=yes
ac_cv_header_sys_timeb_h=yes
ac_cv_header_sys_types_h=yes
ac_cv_header_time=yes
ac_cv_header_time_h=yes
ac_cv_header_unistd_h=yes
ac_cv_host=i686-pc-linux-gnu
ac_cv_host_alias=i686-pc-linux-gnu
ac_cv_lib_ICE_IceConnectionNumber=yes
ac_cv_lib_Xext_XShmCreateImage=yes
ac_cv_lib_Xv_XvShmCreateImage=no
ac_cv_libtool_non_pic=yes
ac_cv_objext=o
ac_cv_path_install='/usr/bin/install -c'
ac_cv_prog_AWK=mawk
ac_cv_prog_CPP='gcc -E'
ac_cv_prog_CXXCPP='g++ -E'
ac_cv_prog_SDLCONFIG=yes
ac_cv_prog_ac_ct_AR=ar
ac_cv_prog_ac_ct_CC=gcc
ac_cv_prog_ac_ct_CXX=g++
ac_cv_prog_ac_ct_RANLIB=ranlib
ac_cv_prog_ac_ct_STRIP=strip
ac_cv_prog_cc_g=yes
ac_cv_prog_cc_stdc=
ac_cv_prog_cxx_g=yes
ac_cv_prog_egrep='grep -E'
ac_cv_prog_f77_g=no
ac_cv_prog_gcc_traditional=no
ac_cv_prog_make_make_set=yes
ac_cv_sys_file_offset_bits=64
ac_cv_sys_large_files=no
ac_cv_sys_largefile_CC=no
ac_cv_try_cflags_ok=yes
ac_cv_type_signal=void
ac_cv_type_size_t=yes
ac_cv_type_struct_timeval=yes
am_cv_CC_dependencies_compiler_type=gcc3
am_cv_CXX_dependencies_compiler_type=gcc3
lt_cv_deplibs_check_method=pass_all
lt_cv_file_magic_cmd='$MAGIC_CMD'
lt_cv_file_magic_test_file='/lib/libc.so.6 /lib/libc-2.5.so'
lt_cv_ld_reload_flag=-r
lt_cv_objdir=.libs
lt_cv_path_LD=/usr/bin/ld
lt_cv_path_LDCXX=/usr/bin/ld
lt_cv_path_NM='/usr/bin/nm -B'
lt_cv_path_SED=/bin/sed
lt_cv_prog_compiler_c_o=yes
lt_cv_prog_compiler_c_o_CXX=yes
lt_cv_prog_compiler_rtti_exceptions=no
lt_cv_prog_gnu_ld=yes
lt_cv_prog_gnu_ldcxx=yes
lt_cv_sys_global_symbol_pipe='sed -n -e '\''s/^.*[ 	]\([ABCDGISTW][ABCDGISTW]*\)[ 	][ 	]*\(\)\([_A-Za-z][_A-Za-z0-9]*\)$/\1 \2\3 \3/p'\'''
lt_cv_sys_global_symbol_to_c_name_address='sed -n -e '\''s/^: \([^ ]*\) $/  {\"\1\", (lt_ptr) 0},/p'\'' -e '\''s/^[BCDEGRST] \([^ ]*\) \([^ ]*\)$/  {"\2", (lt_ptr) \&\2},/p'\'''
lt_cv_sys_global_symbol_to_cdecl='sed -n -e '\''s/^. .* \(.*\)$/extern int \1;/p'\'''
lt_cv_sys_max_cmd_len=32768
lt_lt_cv_prog_compiler_c_o='"yes"'
lt_lt_cv_prog_compiler_c_o_CXX='"yes"'
lt_lt_cv_sys_global_symbol_pipe='"sed -n -e '\''s/^.*[ 	]\\([ABCDGISTW][ABCDGISTW]*\\)[ 	][ 	]*\\(\\)\\([_A-Za-z][_A-Za-z0-9]*\\)\$/\\1 \\2\\3 \\3/p'\''"'
lt_lt_cv_sys_global_symbol_to_c_name_address='"sed -n -e '\''s/^: \\([^ ]*\\) \$/  {\\\"\\1\\\", (lt_ptr) 0},/p'\'' -e '\''s/^[BCDEGRST] \\([^ ]*\\) \\([^ ]*\\)\$/  {\"\\2\", (lt_ptr) \\&\\2},/p'\''"'
lt_lt_cv_sys_global_symbol_to_cdecl='"sed -n -e '\''s/^. .* \\(.*\\)\$/extern int \\1;/p'\''"'

## ----------------- ##
## Output variables. ##
## ----------------- ##

ACLOCAL='${SHELL} /home/vulkan/xbmc/docs/sources/dvdplayer/libmpeg2/libmpeg2.xbmc/mpeg2dec/autotools/missing --run aclocal-1.8'
AMDEPBACKSLASH='\'
AMDEP_FALSE='#'
AMDEP_TRUE=''
AMTAR='${SHELL} /home/vulkan/xbmc/docs/sources/dvdplayer/libmpeg2/libmpeg2.xbmc/mpeg2dec/autotools/missing --run tar'
AR='ar'
ARCH_OPT_CFLAGS=''
AS='as'
AUTOCONF='${SHELL} /home/vulkan/xbmc/docs/sources/dvdplayer/libmpeg2/libmpeg2.xbmc/mpeg2dec/autotools/missing --run autoconf'
AUTOHEADER='${SHELL} /home/vulkan/xbmc/docs/sources/dvdplayer/libmpeg2/libmpeg2.xbmc/mpeg2dec/autotools/missing --run autoheader'
AUTOMAKE='${SHELL} /home/vulkan/xbmc/docs/sources/dvdplayer/libmpeg2/libmpeg2.xbmc/mpeg2dec/autotools/missing --run automake-1.8'
AWK='mawk'
CC='gcc'
CCDEPMODE='depmode=gcc3'
CFLAGS=''
CPP='gcc -E'
CPPFLAGS=''
CXX='g++'
CXXCPP='g++ -E'
CXXDEPMODE='depmode=gcc3'
CXXFLAGS='-g -O2'
CYGPATH_W='echo'
DEFS='-DHAVE_CONFIG_H'
DEPDIR='.deps'
DLLTOOL='dlltool'
ECHO='echo'
ECHO_C=''
ECHO_N='-n'
ECHO_T=''
EGREP='grep -E'
EXEEXT=''
F77=''
FFLAGS=''
INCLUDES='-I$(top_srcdir)/include -I$(top_builddir)/include'
INSTALL_DATA='${INSTALL} -m 644'
INSTALL_PROGRAM='${INSTALL}'
INSTALL_SCRIPT='${INSTALL}'
INSTALL_STRIP_PROGRAM='${SHELL} $(install_sh) -c -s'
LDFLAGS=''
LIBMPEG2_CFLAGS=' -prefer-non-pic'
LIBOBJS=''
LIBS=''
LIBTOOL='$(SHELL) $(top_builddir)/libtool'
LIBVO_CFLAGS='  -I/usr/include/SDL -D_GNU_SOURCE=1 -D_REENTRANT'
LIBVO_LIBS='  -lSM -lICE  -lX11  -lXext -L/usr/lib -lSDL'
LN_S='ln -s'
LTLIBOBJS=''
MAINT='#'
MAINTAINER_MODE_FALSE=''
MAINTAINER_MODE_TRUE='#'
MAKEINFO='${SHELL} /home/vulkan/xbmc/docs/sources/dvdplayer/libmpeg2/libmpeg2.xbmc/mpeg2dec/autotools/missing --run makeinfo'
MPEG2DEC_CFLAGS=' -Wall -g  -O3 -fomit-frame-pointer -fno-common -mcpu=pentiumpro'
OBJDUMP='objdump'
OBJEXT='o'
OPT_CFLAGS=' -Wall -g  -O3 -fomit-frame-pointer -fno-common -mcpu=pentiumpro'
PACKAGE='mpeg2dec'
PACKAGE_BUGREPORT=''
PACKAGE_NAME=''
PACKAGE_STRING=''
PACKAGE_TARNAME=''
PACKAGE_VERSION=''
PATH_SEPARATOR=':'
RANLIB='ranlib'
SDLCONFIG='yes'
SET_MAKE=''
SHELL='/bin/bash'
STRIP='strip'
VERSION='0.4.1-cvs'
X_CFLAGS=''
X_EXTRA_LIBS=''
X_LIBS=''
X_PRE_LIBS=' -lSM -lICE'
ac_ct_AR='ar'
ac_ct_AS=''
ac_ct_CC='gcc'
ac_ct_CXX='g++'
ac_ct_DLLTOOL=''
ac_ct_F77=''
ac_ct_OBJDUMP=''
ac_ct_RANLIB='ranlib'
ac_ct_STRIP='strip'
am__fastdepCC_FALSE='#'
am__fastdepCC_TRUE=''
am__fastdepCXX_FALSE='#'
am__fastdepCXX_TRUE=''
am__include='include'
am__leading_dot='.'
am__quote=''
bindir='${exec_prefix}/bin'
build='i686-pc-linux-gnu'
build_alias=''
build_cpu='i686'
build_os='linux-gnu'
build_vendor='pc'
datadir='${prefix}/share'
exec_prefix='${prefix}'
host='i686-pc-linux-gnu'
host_alias=''
host_cpu='i686'
host_os='linux-gnu'
host_vendor='pc'
includedir='${prefix}/include'
infodir='${prefix}/info'
install_sh='/home/vulkan/xbmc/docs/sources/dvdplayer/libmpeg2/libmpeg2.xbmc/mpeg2dec/autotools/install-sh'
libdir='${exec_prefix}/lib'
libexecdir='${exec_prefix}/libexec'
localstatedir='${prefix}/var'
mandir='${prefix}/man'
mkdir_p='mkdir -p -- .'
oldincludedir='/usr/include'
prefix='/usr/local'
program_transform_name='s,x,x,'
sbindir='${exec_prefix}/sbin'
sharedstatedir='${prefix}/com'
sysconfdir='${prefix}/etc'
target_alias=''

## ----------- ##
## confdefs.h. ##
## ----------- ##

#define ACCEL_DETECT
#define ARCH_X86
#define ATTRIBUTE_ALIGNED_MAX 64
#define HAVE_BUILTIN_EXPECT
#define HAVE_DLFCN_H 1
#define HAVE_FTIME 1
#define HAVE_GETTIMEOFDAY 1
#define HAVE_INTTYPES_H 1
#define HAVE_MEMORY_H 1
#define HAVE_STDINT_H 1
#define HAVE_STDLIB_H 1
#define HAVE_STRINGS_H 1
#define HAVE_STRING_H 1
#define HAVE_STRUCT_TIMEVAL 1
#define HAVE_SYS_STAT_H 1
#define HAVE_SYS_TIMEB_H 1
#define HAVE_SYS_TIME_H 1
#define HAVE_SYS_TYPES_H 1
#define HAVE_TIME_H 1
#define HAVE_UNISTD_H 1
#define LIBVO_SDL
#define LIBVO_X11
#define PACKAGE "mpeg2dec"
#define PACKAGE_BUGREPORT ""
#define PACKAGE_NAME ""
#define PACKAGE_STRING ""
#define PACKAGE_TARNAME ""
#define PACKAGE_VERSION ""
#define RETSIGTYPE void
#define STDC_HEADERS 1
#define TIME_WITH_SYS_TIME 1
#define VERSION "0.4.1-cvs"
#define _FILE_OFFSET_BITS 64
#define inline __attribute__ ((__always_inline__))
#define restrict __restrict__
#endif
#ifdef __cplusplus
extern "C" void std::exit (int) throw (); using std::exit;

configure: exit 0
