This file contains any messages produced by compilers while
running configure, to aid debugging if configure makes a mistake.

It was created by libass configure 0.9.4, which was
generated by GNU Autoconf 2.61.  Invocation command line was

  $ ./configure 

## --------- ##
## Platform. ##
## --------- ##

hostname = lappert
uname -m = i686
uname -r = 2.6.24-19-generic
uname -s = Linux
uname -v = #1 SMP Fri Jul 11 23:41:49 UTC 2008

/usr/bin/uname -p = unknown
/bin/uname -X     = unknown

/bin/arch              = unknown
/usr/bin/arch -k       = unknown
/usr/convex/getsysinfo = unknown
/usr/bin/hostinfo      = unknown
/bin/machine           = unknown
/usr/bin/oslevel       = unknown
/bin/universe          = unknown

PATH: /usr/local/sbin
PATH: /usr/local/bin
PATH: /usr/sbin
PATH: /usr/bin
PATH: /sbin
PATH: /bin
PATH: /usr/games


## ----------- ##
## Core tests. ##
## ----------- ##

configure:1998: checking for a BSD-compatible install
configure:2054: result: /usr/bin/install -c
configure:2065: checking whether build environment is sane
configure:2108: result: yes
configure:2136: checking for a thread-safe mkdir -p
configure:2175: result: /bin/mkdir -p
configure:2188: checking for gawk
configure:2204: found /usr/bin/gawk
configure:2215: result: gawk
configure:2226: checking whether make sets $(MAKE)
configure:2247: result: yes
configure:2513: checking build system type
configure:2531: result: i686-pc-linux-gnu
configure:2553: checking host system type
configure:2568: result: i686-pc-linux-gnu
configure:2602: checking for style of include used by make
configure:2630: result: GNU
configure:2700: checking for gcc
configure:2716: found /usr/bin/gcc
configure:2727: result: gcc
configure:2965: checking for C compiler version
configure:2972: gcc --version >&5
gcc (GCC) 4.2.3 (Ubuntu 4.2.3-2ubuntu7)
Copyright (C) 2007 Free Software Foundation, Inc.
This is free software; see the source for copying conditions.  There is NO
warranty; not even for MERCHANTABILITY or FITNESS FOR A PARTICULAR PURPOSE.

configure:2975: $? = 0
configure:2982: gcc -v >&5
Using built-in specs.
Target: i486-linux-gnu
Configured with: ../src/configure -v --enable-languages=c,c++,fortran,objc,obj-c++,treelang --prefix=/usr --enable-shared --with-system-zlib --libexecdir=/usr/lib --without-included-gettext --enable-threads=posix --enable-nls --with-gxx-include-dir=/usr/include/c++/4.2 --program-suffix=-4.2 --enable-clocale=gnu --enable-libstdcxx-debug --enable-objc-gc --enable-mpfr --enable-targets=all --enable-checking=release --build=i486-linux-gnu --host=i486-linux-gnu --target=i486-linux-gnu
Thread model: posix
gcc version 4.2.3 (Ubuntu 4.2.3-2ubuntu7)
configure:2985: $? = 0
configure:2992: gcc -V >&5
gcc: '-V' option must have argument
configure:2995: $? = 1
configure:3018: checking for C compiler default output file name
configure:3045: gcc    conftest.c  >&5
configure:3048: $? = 0
configure:3086: result: a.out
configure:3103: checking whether the C compiler works
configure:3113: ./a.out
configure:3116: $? = 0
configure:3133: result: yes
configure:3140: checking whether we are cross compiling
configure:3142: result: no
configure:3145: checking for suffix of executables
configure:3152: gcc -o conftest    conftest.c  >&5
configure:3155: $? = 0
configure:3179: result: 
configure:3185: checking for suffix of object files
configure:3211: gcc -c   conftest.c >&5
configure:3214: $? = 0
configure:3237: result: o
configure:3241: checking whether we are using the GNU C compiler
configure:3270: gcc -c   conftest.c >&5
configure:3276: $? = 0
configure:3293: result: yes
configure:3298: checking whether gcc accepts -g
configure:3328: gcc -c -g  conftest.c >&5
configure:3334: $? = 0
configure:3433: result: yes
configure:3450: checking for gcc option to accept ISO C89
configure:3524: gcc  -c -g -O2  conftest.c >&5
configure:3530: $? = 0
configure:3553: result: none needed
configure:3573: checking dependency style of gcc
configure:3664: result: gcc3
configure:3679: checking for a sed that does not truncate output
configure:3735: result: /bin/sed
configure:3738: checking for grep that handles long lines and -e
configure:3812: result: /bin/grep
configure:3817: checking for egrep
configure:3895: result: /bin/grep -E
configure:3911: checking for ld used by gcc
configure:3978: result: /usr/bin/ld
configure:3987: checking if the linker (/usr/bin/ld) is GNU ld
configure:4002: result: yes
configure:4007: checking for /usr/bin/ld option to reload object files
configure:4014: result: -r
configure:4032: checking for BSD-compatible nm
configure:4081: result: /usr/bin/nm -B
configure:4085: checking whether ln -s works
configure:4089: result: yes
configure:4096: checking how to recognize dependent libraries
configure:4282: result: pass_all
configure:4527: checking how to run the C preprocessor
configure:4567: gcc -E  conftest.c
configure:4573: $? = 0
configure:4604: gcc -E  conftest.c
conftest.c:10:28: error: ac_nonexistent.h: No such file or directory
configure:4610: $? = 1
configure: failed program was:
| /* confdefs.h.  */
| #define PACKAGE_NAME "libass"
| #define PACKAGE_TARNAME "libass"
| #define PACKAGE_VERSION "0.9.4"
| #define PACKAGE_STRING "libass 0.9.4"
| #define PACKAGE_BUGREPORT ""
| #define PACKAGE "libass"
| #define VERSION "0.9.4"
| /* end confdefs.h.  */
| #include <ac_nonexistent.h>
configure:4643: result: gcc -E
configure:4672: gcc -E  conftest.c
configure:4678: $? = 0
configure:4709: gcc -E  conftest.c
conftest.c:10:28: error: ac_nonexistent.h: No such file or directory
configure:4715: $? = 1
configure: failed program was:
| /* confdefs.h.  */
| #define PACKAGE_NAME "libass"
| #define PACKAGE_TARNAME "libass"
| #define PACKAGE_VERSION "0.9.4"
| #define PACKAGE_STRING "libass 0.9.4"
| #define PACKAGE_BUGREPORT ""
| #define PACKAGE "libass"
| #define VERSION "0.9.4"
| /* end confdefs.h.  */
| #include <ac_nonexistent.h>
configure:4753: checking for ANSI C header files
configure:4783: gcc -c -g -O2  conftest.c >&5
configure:4789: $? = 0
configure:4888: gcc -o conftest -g -O2   conftest.c  >&5
configure:4891: $? = 0
configure:4897: ./conftest
configure:4900: $? = 0
configure:4917: result: yes
configure:4941: checking for sys/types.h
configure:4962: gcc -c -g -O2  conftest.c >&5
configure:4968: $? = 0
configure:4984: result: yes
configure:4941: checking for sys/stat.h
configure:4962: gcc -c -g -O2  conftest.c >&5
configure:4968: $? = 0
configure:4984: result: yes
configure:4941: checking for stdlib.h
configure:4962: gcc -c -g -O2  conftest.c >&5
configure:4968: $? = 0
configure:4984: result: yes
configure:4941: checking for string.h
configure:4962: gcc -c -g -O2  conftest.c >&5
configure:4968: $? = 0
configure:4984: result: yes
configure:4941: checking for memory.h
configure:4962: gcc -c -g -O2  conftest.c >&5
configure:4968: $? = 0
configure:4984: result: yes
configure:4941: checking for strings.h
configure:4962: gcc -c -g -O2  conftest.c >&5
configure:4968: $? = 0
configure:4984: result: yes
configure:4941: checking for inttypes.h
configure:4962: gcc -c -g -O2  conftest.c >&5
configure:4968: $? = 0
configure:4984: result: yes
configure:4941: checking for stdint.h
configure:4962: gcc -c -g -O2  conftest.c >&5
configure:4968: $? = 0
configure:4984: result: yes
configure:4941: checking for unistd.h
configure:4962: gcc -c -g -O2  conftest.c >&5
configure:4968: $? = 0
configure:4984: result: yes
configure:5011: checking dlfcn.h usability
configure:5028: gcc -c -g -O2  conftest.c >&5
configure:5034: $? = 0
configure:5048: result: yes
configure:5052: checking dlfcn.h presence
configure:5067: gcc -E  conftest.c
configure:5073: $? = 0
configure:5087: result: yes
configure:5115: checking for dlfcn.h
configure:5123: result: yes
configure:5194: checking for g++
configure:5210: found /usr/bin/g++
configure:5221: result: g++
configure:5252: checking for C++ compiler version
configure:5259: g++ --version >&5
g++ (GCC) 4.2.3 (Ubuntu 4.2.3-2ubuntu7)
Copyright (C) 2007 Free Software Foundation, Inc.
This is free software; see the source for copying conditions.  There is NO
warranty; not even for MERCHANTABILITY or FITNESS FOR A PARTICULAR PURPOSE.

configure:5262: $? = 0
configure:5269: g++ -v >&5
Using built-in specs.
Target: i486-linux-gnu
Configured with: ../src/configure -v --enable-languages=c,c++,fortran,objc,obj-c++,treelang --prefix=/usr --enable-shared --with-system-zlib --libexecdir=/usr/lib --without-included-gettext --enable-threads=posix --enable-nls --with-gxx-include-dir=/usr/include/c++/4.2 --program-suffix=-4.2 --enable-clocale=gnu --enable-libstdcxx-debug --enable-objc-gc --enable-mpfr --enable-targets=all --enable-checking=release --build=i486-linux-gnu --host=i486-linux-gnu --target=i486-linux-gnu
Thread model: posix
gcc version 4.2.3 (Ubuntu 4.2.3-2ubuntu7)
configure:5272: $? = 0
configure:5279: g++ -V >&5
g++: '-V' option must have argument
configure:5282: $? = 1
configure:5285: checking whether we are using the GNU C++ compiler
configure:5314: g++ -c   conftest.cpp >&5
configure:5320: $? = 0
configure:5337: result: yes
configure:5342: checking whether g++ accepts -g
configure:5372: g++ -c -g  conftest.cpp >&5
configure:5378: $? = 0
configure:5477: result: yes
configure:5502: checking dependency style of g++
configure:5593: result: gcc3
configure:5618: checking how to run the C++ preprocessor
configure:5654: g++ -E  conftest.cpp
configure:5660: $? = 0
configure:5691: g++ -E  conftest.cpp
conftest.cpp:21:28: error: ac_nonexistent.h: No such file or directory
configure:5697: $? = 1
configure: failed program was:
| /* confdefs.h.  */
| #define PACKAGE_NAME "libass"
| #define PACKAGE_TARNAME "libass"
| #define PACKAGE_VERSION "0.9.4"
| #define PACKAGE_STRING "libass 0.9.4"
| #define PACKAGE_BUGREPORT ""
| #define PACKAGE "libass"
| #define VERSION "0.9.4"
| #define STDC_HEADERS 1
| #define HAVE_SYS_TYPES_H 1
| #define HAVE_SYS_STAT_H 1
| #define HAVE_STDLIB_H 1
| #define HAVE_STRING_H 1
| #define HAVE_MEMORY_H 1
| #define HAVE_STRINGS_H 1
| #define HAVE_INTTYPES_H 1
| #define HAVE_STDINT_H 1
| #define HAVE_UNISTD_H 1
| #define HAVE_DLFCN_H 1
| /* end confdefs.h.  */
| #include <ac_nonexistent.h>
configure:5730: result: g++ -E
configure:5759: g++ -E  conftest.cpp
configure:5765: $? = 0
configure:5796: g++ -E  conftest.cpp
conftest.cpp:21:28: error: ac_nonexistent.h: No such file or directory
configure:5802: $? = 1
configure: failed program was:
| /* confdefs.h.  */
| #define PACKAGE_NAME "libass"
| #define PACKAGE_TARNAME "libass"
| #define PACKAGE_VERSION "0.9.4"
| #define PACKAGE_STRING "libass 0.9.4"
| #define PACKAGE_BUGREPORT ""
| #define PACKAGE "libass"
| #define VERSION "0.9.4"
| #define STDC_HEADERS 1
| #define HAVE_SYS_TYPES_H 1
| #define HAVE_SYS_STAT_H 1
| #define HAVE_STDLIB_H 1
| #define HAVE_STRING_H 1
| #define HAVE_MEMORY_H 1
| #define HAVE_STRINGS_H 1
| #define HAVE_INTTYPES_H 1
| #define HAVE_STDINT_H 1
| #define HAVE_UNISTD_H 1
| #define HAVE_DLFCN_H 1
| /* end confdefs.h.  */
| #include <ac_nonexistent.h>
configure:5895: checking for g77
configure:5925: result: no
configure:5895: checking for xlf
configure:5925: result: no
configure:5895: checking for f77
configure:5925: result: no
configure:5895: checking for frt
configure:5925: result: no
configure:5895: checking for pgf77
configure:5925: result: no
configure:5895: checking for cf77
configure:5925: result: no
configure:5895: checking for fort77
configure:5925: result: no
configure:5895: checking for fl32
configure:5925: result: no
configure:5895: checking for af77
configure:5925: result: no
configure:5895: checking for xlf90
configure:5925: result: no
configure:5895: checking for f90
configure:5925: result: no
configure:5895: checking for pgf90
configure:5925: result: no
configure:5895: checking for pghpf
configure:5925: result: no
configure:5895: checking for epcf90
configure:5925: result: no
configure:5895: checking for gfortran
configure:5925: result: no
configure:5895: checking for g95
configure:5925: result: no
configure:5895: checking for xlf95
configure:5925: result: no
configure:5895: checking for f95
configure:5925: result: no
configure:5895: checking for fort
configure:5925: result: no
configure:5895: checking for ifort
configure:5925: result: no
configure:5895: checking for ifc
configure:5925: result: no
configure:5895: checking for efc
configure:5925: result: no
configure:5895: checking for pgf95
configure:5925: result: no
configure:5895: checking for lf95
configure:5925: result: no
configure:5895: checking for ftn
configure:5925: result: no
configure:5952: checking for Fortran 77 compiler version
configure:5959:  --version >&5
./configure: line 5960: --version: command not found
configure:5962: $? = 127
configure:5969:  -v >&5
./configure: line 5970: -v: command not found
configure:5972: $? = 127
configure:5979:  -V >&5
./configure: line 5980: -V: command not found
configure:5982: $? = 127
configure:5990: checking whether we are using the GNU Fortran 77 compiler
configure:6009:  -c  conftest.F >&5
./configure: line 6010: -c: command not found
configure:6015: $? = 127
configure: failed program was:
|       program main
| #ifndef __GNUC__
|        choke me
| #endif
| 
|       end
configure:6032: result: no
configure:6038: checking whether  accepts -g
configure:6055:  -c -g conftest.f >&5
./configure: line 6056: -c: command not found
configure:6061: $? = 127
configure: failed program was:
|       program main
| 
|       end
configure:6077: result: no
configure:6106: checking the maximum length of command line arguments
configure:6218: result: 98304
configure:6230: checking command to parse /usr/bin/nm -B output from gcc object
configure:6335: gcc -c -g -O2  conftest.c >&5
configure:6338: $? = 0
configure:6342: /usr/bin/nm -B conftest.o \| sed -n -e 's/^.*[ 	]\([ABCDGIRSTW][ABCDGIRSTW]*\)[ 	][ 	]*\([_A-Za-z][_A-Za-z0-9]*\)$/\1 \2 \2/p' \> conftest.nm
configure:6345: $? = 0
configure:6397: gcc -o conftest -g -O2   conftest.c conftstm.o >&5
configure:6400: $? = 0
configure:6438: result: ok
configure:6442: checking for objdir
configure:6457: result: .libs
configure:6549: checking for ar
configure:6565: found /usr/bin/ar
configure:6576: result: ar
configure:6645: checking for ranlib
configure:6661: found /usr/bin/ranlib
configure:6672: result: ranlib
configure:6741: checking for strip
configure:6757: found /usr/bin/strip
configure:6768: result: strip
configure:7366: checking if gcc supports -fno-rtti -fno-exceptions
configure:7384: gcc -c -g -O2  -fno-rtti -fno-exceptions conftest.c >&5
cc1: warning: command line option "-fno-rtti" is valid for C++/ObjC++ but not for C
configure:7388: $? = 0
configure:7401: result: no
configure:7416: checking for gcc option to produce PIC
configure:7648: result: -fPIC
configure:7656: checking if gcc PIC flag -fPIC works
configure:7674: gcc -c -g -O2  -fPIC -DPIC conftest.c >&5
configure:7678: $? = 0
configure:7691: result: yes
configure:7719: checking if gcc static flag -static works
configure:7747: result: yes
configure:7757: checking if gcc supports -c -o file.o
configure:7778: gcc -c -g -O2  -o out/conftest2.o conftest.c >&5
configure:7782: $? = 0
configure:7804: result: yes
configure:7830: checking whether the gcc linker (/usr/bin/ld) supports shared libraries
configure:8811: result: yes
configure:8832: checking whether -lc should be explicitly linked in
configure:8837: gcc -c -g -O2  conftest.c >&5
configure:8840: $? = 0
configure:8855: gcc -shared conftest.o  -v -Wl,-soname -Wl,conftest -o conftest 2\>\&1 \| grep  -lc  \>/dev/null 2\>\&1
configure:8858: $? = 0
configure:8870: result: no
configure:8878: checking dynamic linker characteristics
configure:9492: result: GNU/Linux ld.so
configure:9516: checking how to hardcode library paths into programs
configure:9541: result: immediate
configure:9555: checking whether stripping libraries is possible
configure:9560: result: yes
configure:10362: checking if libtool supports shared libraries
configure:10364: result: yes
configure:10367: checking whether to build shared libraries
configure:10388: result: yes
configure:10391: checking whether to build static libraries
configure:10395: result: yes
configure:10489: creating libtool
configure:11082: checking for ld used by g++
configure:11149: result: /usr/bin/ld
configure:11158: checking if the linker (/usr/bin/ld) is GNU ld
configure:11173: result: yes
configure:11224: checking whether the g++ linker (/usr/bin/ld) supports shared libraries
configure:12170: result: yes
configure:12187: g++ -c -g -O2  conftest.cpp >&5
configure:12190: $? = 0
configure:12346: checking for g++ option to produce PIC
configure:12630: result: -fPIC
configure:12638: checking if g++ PIC flag -fPIC works
configure:12656: g++ -c -g -O2  -fPIC -DPIC conftest.cpp >&5
configure:12660: $? = 0
configure:12673: result: yes
configure:12701: checking if g++ static flag -static works
configure:12729: result: yes
configure:12739: checking if g++ supports -c -o file.o
configure:12760: g++ -c -g -O2  -o out/conftest2.o conftest.cpp >&5
configure:12764: $? = 0
configure:12786: result: yes
configure:12812: checking whether the g++ linker (/usr/bin/ld) supports shared libraries
configure:12841: result: yes
configure:12908: checking dynamic linker characteristics
configure:13470: result: GNU/Linux ld.so
configure:13494: checking how to hardcode library paths into programs
configure:13519: result: immediate
configure:19887: checking for C++ compiler version
configure:19894: g++ --version >&5
g++ (GCC) 4.2.3 (Ubuntu 4.2.3-2ubuntu7)
Copyright (C) 2007 Free Software Foundation, Inc.
This is free software; see the source for copying conditions.  There is NO
warranty; not even for MERCHANTABILITY or FITNESS FOR A PARTICULAR PURPOSE.

configure:19897: $? = 0
configure:19904: g++ -v >&5
Using built-in specs.
Target: i486-linux-gnu
Configured with: ../src/configure -v --enable-languages=c,c++,fortran,objc,obj-c++,treelang --prefix=/usr --enable-shared --with-system-zlib --libexecdir=/usr/lib --without-included-gettext --enable-threads=posix --enable-nls --with-gxx-include-dir=/usr/include/c++/4.2 --program-suffix=-4.2 --enable-clocale=gnu --enable-libstdcxx-debug --enable-objc-gc --enable-mpfr --enable-targets=all --enable-checking=release --build=i486-linux-gnu --host=i486-linux-gnu --target=i486-linux-gnu
Thread model: posix
gcc version 4.2.3 (Ubuntu 4.2.3-2ubuntu7)
configure:19907: $? = 0
configure:19914: g++ -V >&5
g++: '-V' option must have argument
configure:19917: $? = 1
configure:19920: checking whether we are using the GNU C++ compiler
configure:19972: result: yes
configure:19977: checking whether g++ accepts -g
configure:20112: result: yes
configure:20137: checking dependency style of g++
configure:20228: result: gcc3
configure:20291: checking for gcc
configure:20318: result: gcc
configure:20556: checking for C compiler version
configure:20563: gcc --version >&5
gcc (GCC) 4.2.3 (Ubuntu 4.2.3-2ubuntu7)
Copyright (C) 2007 Free Software Foundation, Inc.
This is free software; see the source for copying conditions.  There is NO
warranty; not even for MERCHANTABILITY or FITNESS FOR A PARTICULAR PURPOSE.

configure:20566: $? = 0
configure:20573: gcc -v >&5
Using built-in specs.
Target: i486-linux-gnu
Configured with: ../src/configure -v --enable-languages=c,c++,fortran,objc,obj-c++,treelang --prefix=/usr --enable-shared --with-system-zlib --libexecdir=/usr/lib --without-included-gettext --enable-threads=posix --enable-nls --with-gxx-include-dir=/usr/include/c++/4.2 --program-suffix=-4.2 --enable-clocale=gnu --enable-libstdcxx-debug --enable-objc-gc --enable-mpfr --enable-targets=all --enable-checking=release --build=i486-linux-gnu --host=i486-linux-gnu --target=i486-linux-gnu
Thread model: posix
gcc version 4.2.3 (Ubuntu 4.2.3-2ubuntu7)
configure:20576: $? = 0
configure:20583: gcc -V >&5
gcc: '-V' option must have argument
configure:20586: $? = 1
configure:20589: checking whether we are using the GNU C compiler
configure:20641: result: yes
configure:20646: checking whether gcc accepts -g
configure:20781: result: yes
configure:20798: checking for gcc option to accept ISO C89
configure:20901: result: none needed
configure:20921: checking dependency style of gcc
configure:21012: result: gcc3
configure:21032: checking how to run the C preprocessor
configure:21148: result: gcc -E
configure:21177: gcc -E  conftest.c
configure:21183: $? = 0
configure:21214: gcc -E  conftest.c
conftest.c:21:28: error: ac_nonexistent.h: No such file or directory
configure:21220: $? = 1
configure: failed program was:
| /* confdefs.h.  */
| #define PACKAGE_NAME "libass"
| #define PACKAGE_TARNAME "libass"
| #define PACKAGE_VERSION "0.9.4"
| #define PACKAGE_STRING "libass 0.9.4"
| #define PACKAGE_BUGREPORT ""
| #define PACKAGE "libass"
| #define VERSION "0.9.4"
| #define STDC_HEADERS 1
| #define HAVE_SYS_TYPES_H 1
| #define HAVE_SYS_STAT_H 1
| #define HAVE_STDLIB_H 1
| #define HAVE_STRING_H 1
| #define HAVE_MEMORY_H 1
| #define HAVE_STRINGS_H 1
| #define HAVE_INTTYPES_H 1
| #define HAVE_STDINT_H 1
| #define HAVE_UNISTD_H 1
| #define HAVE_DLFCN_H 1
| /* end confdefs.h.  */
| #include <ac_nonexistent.h>
configure:21259: checking for png_create_write_struct in -lpng
configure:21294: gcc -o conftest -g -O2   conftest.c -lpng   >&5
configure:21300: $? = 0
configure:21318: result: yes
configure:21328: checking for library containing iconv_open
configure:21369: gcc -o conftest -g -O2   conftest.c  >&5
configure:21375: $? = 0
configure:21403: result: none required
configure:21415: checking for enca_analyser_alloc in -lenca
configure:21450: gcc -o conftest -g -O2   conftest.c -lenca   >&5
configure:21456: $? = 0
configure:21474: result: yes
configure:21486: checking for ANSI C header files
configure:21650: result: yes
configure:21672: checking for inttypes.h
configure:21678: result: yes
configure:21672: checking for stdint.h
configure:21678: result: yes
configure:21672: checking for stdlib.h
configure:21678: result: yes
configure:21672: checking for string.h
configure:21678: result: yes
configure:21682: checking sys/time.h usability
configure:21699: gcc -c -g -O2  conftest.c >&5
configure:21705: $? = 0
configure:21719: result: yes
configure:21723: checking sys/time.h presence
configure:21738: gcc -E  conftest.c
configure:21744: $? = 0
configure:21758: result: yes
configure:21786: checking for sys/time.h
configure:21794: result: yes
configure:21672: checking for unistd.h
configure:21678: result: yes
configure:21682: checking iconv.h usability
configure:21699: gcc -c -g -O2  conftest.c >&5
configure:21705: $? = 0
configure:21719: result: yes
configure:21723: checking iconv.h presence
configure:21738: gcc -E  conftest.c
configure:21744: $? = 0
configure:21758: result: yes
configure:21786: checking for iconv.h
configure:21794: result: yes
configure:21682: checking enca.h usability
configure:21699: gcc -c -g -O2  conftest.c >&5
configure:21705: $? = 0
configure:21719: result: yes
configure:21723: checking enca.h presence
configure:21738: gcc -E  conftest.c
configure:21744: $? = 0
configure:21758: result: yes
configure:21786: checking for enca.h
configure:21794: result: yes
configure:21857: checking for pkg-config
configure:21875: found /usr/bin/pkg-config
configure:21887: result: /usr/bin/pkg-config
configure:21916: checking pkg-config is at least version 0.9.0
configure:21919: result: yes
configure:21930: checking for FONTCONFIG
configure:21938: $PKG_CONFIG --exists --print-errors "fontconfig >= 2.2.0"
configure:21941: $? = 0
configure:21956: $PKG_CONFIG --exists --print-errors "fontconfig >= 2.2.0"
configure:21959: $? = 0
configure:21995: result: yes
configure:22010: checking for FREETYPE
configure:22018: $PKG_CONFIG --exists --print-errors "freetype2 >= 9.6.3"
configure:22021: $? = 0
configure:22036: $PKG_CONFIG --exists --print-errors "freetype2 >= 9.6.3"
configure:22039: $? = 0
configure:22115: result: yes
configure:22129: checking for stdbool.h that conforms to C99
configure:22222: gcc -c -g -O2   -I/usr/include/freetype2    conftest.c >&5
configure:22228: $? = 0
configure:22243: result: yes
configure:22245: checking for _Bool
configure:22275: gcc -c -g -O2   -I/usr/include/freetype2    conftest.c >&5
configure:22281: $? = 0
configure:22296: result: yes
configure:22315: checking for an ANSI C-conforming const
configure:22390: gcc -c -g -O2   -I/usr/include/freetype2    conftest.c >&5
configure:22396: $? = 0
configure:22411: result: yes
configure:22421: checking for inline
configure:22447: gcc -c -g -O2   -I/usr/include/freetype2    conftest.c >&5
configure:22453: $? = 0
configure:22471: result: inline
configure:22491: checking for int64_t
configure:22522: gcc -c -g -O2   -I/usr/include/freetype2    conftest.c >&5
configure:22528: $? = 0
configure:22557: gcc -c -g -O2   -I/usr/include/freetype2    conftest.c >&5
conftest.c: In function 'main':
conftest.c:74: warning: integer overflow in expression
conftest.c:74: error: size of array 'test_array' is negative
configure:22563: $? = 1
configure: failed program was:
| /* confdefs.h.  */
| #define PACKAGE_NAME "libass"
| #define PACKAGE_TARNAME "libass"
| #define PACKAGE_VERSION "0.9.4"
| #define PACKAGE_STRING "libass 0.9.4"
| #define PACKAGE_BUGREPORT ""
| #define PACKAGE "libass"
| #define VERSION "0.9.4"
| #define STDC_HEADERS 1
| #define HAVE_SYS_TYPES_H 1
| #define HAVE_SYS_STAT_H 1
| #define HAVE_STDLIB_H 1
| #define HAVE_STRING_H 1
| #define HAVE_MEMORY_H 1
| #define HAVE_STRINGS_H 1
| #define HAVE_INTTYPES_H 1
| #define HAVE_STDINT_H 1
| #define HAVE_UNISTD_H 1
| #define HAVE_DLFCN_H 1
| #define HAVE_LIBPNG 1
| #define USE_ICONV 1
| #define HAVE_ENCA 1
| #define STDC_HEADERS 1
| #define HAVE_INTTYPES_H 1
| #define HAVE_STDINT_H 1
| #define HAVE_STDLIB_H 1
| #define HAVE_STRING_H 1
| #define HAVE_SYS_TIME_H 1
| #define HAVE_UNISTD_H 1
| #define HAVE_ICONV_H 1
| #define HAVE_ENCA_H 1
| #define HAVE_FONTCONFIG 1
| #define HAVE_FREETYPE 1
| #define HAVE__BOOL 1
| #define HAVE_STDBOOL_H 1
| /* end confdefs.h.  */
| #include <stdio.h>
| #ifdef HAVE_SYS_TYPES_H
| # include <sys/types.h>
| #endif
| #ifdef HAVE_SYS_STAT_H
| # include <sys/stat.h>
| #endif
| #ifdef STDC_HEADERS
| # include <stdlib.h>
| # include <stddef.h>
| #else
| # ifdef HAVE_STDLIB_H
| #  include <stdlib.h>
| # endif
| #endif
| #ifdef HAVE_STRING_H
| # if !defined STDC_HEADERS && defined HAVE_MEMORY_H
| #  include <memory.h>
| # endif
| # include <string.h>
| #endif
| #ifdef HAVE_STRINGS_H
| # include <strings.h>
| #endif
| #ifdef HAVE_INTTYPES_H
| # include <inttypes.h>
| #endif
| #ifdef HAVE_STDINT_H
| # include <stdint.h>
| #endif
| #ifdef HAVE_UNISTD_H
| # include <unistd.h>
| #endif
| int
| main ()
| {
| static int test_array [1 - 2 * !((int64_t) ((((int64_t) 1 << (64 - 2)) - 1) * 2 + 1)
| 	         < (int64_t) ((((int64_t) 1 << (64 - 2)) - 1) * 2 + 2))];
| test_array [0] = 0
| 
|   ;
|   return 0;
| }
configure:22592: result: yes
configure:22604: checking for size_t
configure:22634: gcc -c -g -O2   -I/usr/include/freetype2    conftest.c >&5
configure:22640: $? = 0
configure:22655: result: yes
configure:22667: checking whether struct tm is in sys/time.h or time.h
configure:22697: gcc -c -g -O2   -I/usr/include/freetype2    conftest.c >&5
configure:22703: $? = 0
configure:22718: result: time.h
configure:22729: checking for uint32_t
configure:22760: gcc -c -g -O2   -I/usr/include/freetype2    conftest.c >&5
configure:22766: $? = 0
configure:22787: result: yes
configure:22805: checking for uint8_t
configure:22836: gcc -c -g -O2   -I/usr/include/freetype2    conftest.c >&5
configure:22842: $? = 0
configure:22863: result: yes
configure:22887: checking for stdlib.h
configure:22893: result: yes
configure:23022: checking for GNU libc compatible malloc
configure:23056: gcc -o conftest -g -O2   -I/usr/include/freetype2     conftest.c  -lenca -lfontconfig   -lfreetype -lz   >&5
configure:23059: $? = 0
configure:23065: ./conftest
configure:23068: $? = 0
configure:23084: result: yes
configure:23112: checking for working memcmp
configure:23165: gcc -o conftest -g -O2   -I/usr/include/freetype2     conftest.c  -lenca -lfontconfig   -lfreetype -lz   >&5
configure:23168: $? = 0
configure:23174: ./conftest
configure:23177: $? = 0
configure:23193: result: yes
configure:23207: checking for stdlib.h
configure:23213: result: yes
configure:23342: checking for GNU libc compatible realloc
configure:23376: gcc -o conftest -g -O2   -I/usr/include/freetype2     conftest.c  -lenca -lfontconfig   -lfreetype -lz   >&5
configure:23379: $? = 0
configure:23385: ./conftest
configure:23388: $? = 0
configure:23404: result: yes
configure:23432: checking whether lstat dereferences a symlink specified with a trailing slash
configure:23468: gcc -o conftest -g -O2   -I/usr/include/freetype2     conftest.c  -lenca -lfontconfig   -lfreetype -lz   >&5
configure:23471: $? = 0
configure:23477: ./conftest
configure:23480: $? = 0
configure:23503: result: yes
configure:23522: checking whether stat accepts an empty string
configure:23552: gcc -o conftest -g -O2   -I/usr/include/freetype2     conftest.c  -lenca -lfontconfig   -lfreetype -lz   >&5
configure:23555: $? = 0
configure:23561: ./conftest
configure:23564: $? = 0
configure:23580: result: no
configure:23596: checking for working strtod
configure:23647: gcc -o conftest -g -O2   -I/usr/include/freetype2     conftest.c  -lenca -lfontconfig   -lfreetype -lz   >&5
configure:23650: $? = 0
configure:23656: ./conftest
configure:23659: $? = 0
configure:23675: result: yes
configure:23843: checking for vprintf
configure:23899: gcc -o conftest -g -O2   -I/usr/include/freetype2     conftest.c  -lenca -lfontconfig   -lfreetype -lz   >&5
conftest.c:65: warning: conflicting types for built-in function 'vprintf'
configure:23905: $? = 0
configure:23923: result: yes
configure:23930: checking for _doprnt
configure:23986: gcc -o conftest -g -O2   -I/usr/include/freetype2     conftest.c  -lenca -lfontconfig   -lfreetype -lz   >&5
/tmp/cck5v0As.o: In function `main':
/home/arnemort/kode/xbmc/XBMC/xbmc/lib/libass/conftest.c:77: undefined reference to `_doprnt'
collect2: ld returned 1 exit status
configure:23992: $? = 1
configure: failed program was:
| /* confdefs.h.  */
| #define PACKAGE_NAME "libass"
| #define PACKAGE_TARNAME "libass"
| #define PACKAGE_VERSION "0.9.4"
| #define PACKAGE_STRING "libass 0.9.4"
| #define PACKAGE_BUGREPORT ""
| #define PACKAGE "libass"
| #define VERSION "0.9.4"
| #define STDC_HEADERS 1
| #define HAVE_SYS_TYPES_H 1
| #define HAVE_SYS_STAT_H 1
| #define HAVE_STDLIB_H 1
| #define HAVE_STRING_H 1
| #define HAVE_MEMORY_H 1
| #define HAVE_STRINGS_H 1
| #define HAVE_INTTYPES_H 1
| #define HAVE_STDINT_H 1
| #define HAVE_UNISTD_H 1
| #define HAVE_DLFCN_H 1
| #define HAVE_LIBPNG 1
| #define USE_ICONV 1
| #define HAVE_ENCA 1
| #define STDC_HEADERS 1
| #define HAVE_INTTYPES_H 1
| #define HAVE_STDINT_H 1
| #define HAVE_STDLIB_H 1
| #define HAVE_STRING_H 1
| #define HAVE_SYS_TIME_H 1
| #define HAVE_UNISTD_H 1
| #define HAVE_ICONV_H 1
| #define HAVE_ENCA_H 1
| #define HAVE_FONTCONFIG 1
| #define HAVE_FREETYPE 1
| #define HAVE__BOOL 1
| #define HAVE_STDBOOL_H 1
| #define HAVE_STDLIB_H 1
| #define HAVE_MALLOC 1
| #define HAVE_STDLIB_H 1
| #define HAVE_REALLOC 1
| #define LSTAT_FOLLOWS_SLASHED_SYMLINK 1
| #define HAVE_VPRINTF 1
| /* end confdefs.h.  */
| /* Define _doprnt to an innocuous variant, in case <limits.h> declares _doprnt.
|    For example, HP-UX 11i <limits.h> declares gettimeofday.  */
| #define _doprnt innocuous__doprnt
| 
| /* System header to define __stub macros and hopefully few prototypes,
|     which can conflict with char _doprnt (); below.
|     Prefer <limits.h> to <assert.h> if __STDC__ is defined, since
|     <limits.h> exists even on freestanding compilers.  */
| 
| #ifdef __STDC__
| # include <limits.h>
| #else
| # include <assert.h>
| #endif
| 
| #undef _doprnt
| 
| /* Override any GCC internal prototype to avoid an error.
|    Use char because int might match the return type of a GCC
|    builtin and then its argument prototype would still apply.  */
| #ifdef __cplusplus
| extern "C"
| #endif
| char _doprnt ();
| /* The GNU C library defines this for functions which it implements
|     to always fail with ENOSYS.  Some functions are actually named
|     something starting with __ and the normal name is an alias.  */
| #if defined __stub__doprnt || defined __stub____doprnt
| choke me
| #endif
| 
| int
| main ()
| {
| return _doprnt ();
|   ;
|   return 0;
| }
configure:24009: result: no
configure:24034: checking for memset
configure:24090: gcc -o conftest -g -O2   -I/usr/include/freetype2     conftest.c  -lenca -lfontconfig   -lfreetype -lz   >&5
conftest.c:66: warning: conflicting types for built-in function 'memset'
configure:24096: $? = 0
configure:24114: result: yes
configure:24034: checking for mkdir
configure:24090: gcc -o conftest -g -O2   -I/usr/include/freetype2     conftest.c  -lenca -lfontconfig   -lfreetype -lz   >&5
configure:24096: $? = 0
configure:24114: result: yes
configure:24034: checking for strcasecmp
configure:24090: gcc -o conftest -g -O2   -I/usr/include/freetype2     conftest.c  -lenca -lfontconfig   -lfreetype -lz   >&5
conftest.c:68: warning: conflicting types for built-in function 'strcasecmp'
configure:24096: $? = 0
configure:24114: result: yes
configure:24034: checking for strchr
configure:24090: gcc -o conftest -g -O2   -I/usr/include/freetype2     conftest.c  -lenca -lfontconfig   -lfreetype -lz   >&5
conftest.c:69: warning: conflicting types for built-in function 'strchr'
configure:24096: $? = 0
configure:24114: result: yes
configure:24034: checking for strdup
configure:24090: gcc -o conftest -g -O2   -I/usr/include/freetype2     conftest.c  -lenca -lfontconfig   -lfreetype -lz   >&5
conftest.c:70: warning: conflicting types for built-in function 'strdup'
configure:24096: $? = 0
configure:24114: result: yes
configure:24034: checking for strerror
configure:24090: gcc -o conftest -g -O2   -I/usr/include/freetype2     conftest.c  -lenca -lfontconfig   -lfreetype -lz   >&5
configure:24096: $? = 0
configure:24114: result: yes
configure:24034: checking for strstr
configure:24090: gcc -o conftest -g -O2   -I/usr/include/freetype2     conftest.c  -lenca -lfontconfig   -lfreetype -lz   >&5
conftest.c:72: warning: conflicting types for built-in function 'strstr'
configure:24096: $? = 0
configure:24114: result: yes
configure:24034: checking for strtol
configure:24090: gcc -o conftest -g -O2   -I/usr/include/freetype2     conftest.c  -lenca -lfontconfig   -lfreetype -lz   >&5
configure:24096: $? = 0
configure:24114: result: yes
configure:24262: creating ./config.status

## ---------------------- ##
## Running config.status. ##
## ---------------------- ##

This file was extended by libass config.status 0.9.4, which was
generated by GNU Autoconf 2.61.  Invocation command line was

  CONFIG_FILES    = 
  CONFIG_HEADERS  = 
  CONFIG_LINKS    = 
  CONFIG_COMMANDS = 
  $ ./config.status 

on lappert

config.status:673: creating Makefile
config.status:673: creating libass/Makefile
config.status:673: creating test/Makefile
config.status:673: creating libass.pc
config.status:673: creating config.h
config.status:938: config.h is unchanged
config.status:985: executing depfiles commands

## ---------------- ##
## Cache variables. ##
## ---------------- ##

ac_cv_build=i686-pc-linux-gnu
ac_cv_c_compiler_gnu=yes
ac_cv_c_const=yes
ac_cv_c_inline=inline
ac_cv_c_int64_t=yes
ac_cv_c_uint32_t=yes
ac_cv_c_uint8_t=yes
ac_cv_cxx_compiler_gnu=yes
ac_cv_env_CCC_set=
ac_cv_env_CCC_value=
ac_cv_env_CC_set=
ac_cv_env_CC_value=
ac_cv_env_CFLAGS_set=
ac_cv_env_CFLAGS_value=
ac_cv_env_CPPFLAGS_set=
ac_cv_env_CPPFLAGS_value=
ac_cv_env_CPP_set=
ac_cv_env_CPP_value=
ac_cv_env_CXXCPP_set=
ac_cv_env_CXXCPP_value=
ac_cv_env_CXXFLAGS_set=
ac_cv_env_CXXFLAGS_value=
ac_cv_env_CXX_set=
ac_cv_env_CXX_value=
ac_cv_env_F77_set=
ac_cv_env_F77_value=
ac_cv_env_FFLAGS_set=
ac_cv_env_FFLAGS_value=
ac_cv_env_FONTCONFIG_CFLAGS_set=
ac_cv_env_FONTCONFIG_CFLAGS_value=
ac_cv_env_FONTCONFIG_LIBS_set=
ac_cv_env_FONTCONFIG_LIBS_value=
ac_cv_env_FREETYPE_CFLAGS_set=
ac_cv_env_FREETYPE_CFLAGS_value=
ac_cv_env_FREETYPE_LIBS_set=
ac_cv_env_FREETYPE_LIBS_value=
ac_cv_env_LDFLAGS_set=
ac_cv_env_LDFLAGS_value=
ac_cv_env_LIBS_set=
ac_cv_env_LIBS_value=
ac_cv_env_PKG_CONFIG_set=
ac_cv_env_PKG_CONFIG_value=
ac_cv_env_build_alias_set=
ac_cv_env_build_alias_value=
ac_cv_env_host_alias_set=
ac_cv_env_host_alias_value=
ac_cv_env_target_alias_set=
ac_cv_env_target_alias_value=
ac_cv_f77_compiler_gnu=no
ac_cv_func__doprnt=no
ac_cv_func_lstat_dereferences_slashed_symlink=yes
ac_cv_func_malloc_0_nonnull=yes
ac_cv_func_memcmp_working=yes
ac_cv_func_memset=yes
ac_cv_func_mkdir=yes
ac_cv_func_realloc_0_nonnull=yes
ac_cv_func_stat_empty_string_bug=no
ac_cv_func_strcasecmp=yes
ac_cv_func_strchr=yes
ac_cv_func_strdup=yes
ac_cv_func_strerror=yes
ac_cv_func_strstr=yes
ac_cv_func_strtod=yes
ac_cv_func_strtol=yes
ac_cv_func_vprintf=yes
ac_cv_header_dlfcn_h=yes
ac_cv_header_enca_h=yes
ac_cv_header_iconv_h=yes
ac_cv_header_inttypes_h=yes
ac_cv_header_memory_h=yes
ac_cv_header_stdbool_h=yes
ac_cv_header_stdc=yes
ac_cv_header_stdint_h=yes
ac_cv_header_stdlib_h=yes
ac_cv_header_string_h=yes
ac_cv_header_strings_h=yes
ac_cv_header_sys_stat_h=yes
ac_cv_header_sys_time_h=yes
ac_cv_header_sys_types_h=yes
ac_cv_header_unistd_h=yes
ac_cv_host=i686-pc-linux-gnu
ac_cv_lib_enca_enca_analyser_alloc=yes
ac_cv_lib_png_png_create_write_struct=yes
ac_cv_objext=o
ac_cv_path_EGREP='/bin/grep -E'
ac_cv_path_GREP=/bin/grep
ac_cv_path_ac_pt_PKG_CONFIG=/usr/bin/pkg-config
ac_cv_path_install='/usr/bin/install -c'
ac_cv_path_mkdir=/bin/mkdir
ac_cv_prog_AWK=gawk
ac_cv_prog_CPP='gcc -E'
ac_cv_prog_CXXCPP='g++ -E'
ac_cv_prog_ac_ct_AR=ar
ac_cv_prog_ac_ct_CC=gcc
ac_cv_prog_ac_ct_CXX=g++
ac_cv_prog_ac_ct_RANLIB=ranlib
ac_cv_prog_ac_ct_STRIP=strip
ac_cv_prog_cc_c89=
ac_cv_prog_cc_g=yes
ac_cv_prog_cxx_g=yes
ac_cv_prog_f77_g=no
ac_cv_prog_make_make_set=yes
ac_cv_search_iconv_open='none required'
ac_cv_struct_tm=time.h
ac_cv_type__Bool=yes
ac_cv_type_size_t=yes
am_cv_CC_dependencies_compiler_type=gcc3
am_cv_CXX_dependencies_compiler_type=gcc3
lt_cv_deplibs_check_method=pass_all
lt_cv_file_magic_cmd='$MAGIC_CMD'
lt_cv_file_magic_test_file=
lt_cv_ld_reload_flag=-r
lt_cv_objdir=.libs
lt_cv_path_LD=/usr/bin/ld
lt_cv_path_LDCXX=/usr/bin/ld
lt_cv_path_NM='/usr/bin/nm -B'
lt_cv_path_SED=/bin/sed
lt_cv_prog_compiler_c_o=yes
lt_cv_prog_compiler_c_o_CXX=yes
lt_cv_prog_compiler_pic_works=yes
lt_cv_prog_compiler_pic_works_CXX=yes
lt_cv_prog_compiler_rtti_exceptions=no
lt_cv_prog_compiler_static_works=yes
lt_cv_prog_compiler_static_works_CXX=yes
lt_cv_prog_gnu_ld=yes
lt_cv_prog_gnu_ldcxx=yes
lt_cv_sys_global_symbol_pipe='sed -n -e '\''s/^.*[ 	]\([ABCDGIRSTW][ABCDGIRSTW]*\)[ 	][ 	]*\([_A-Za-z][_A-Za-z0-9]*\)$/\1 \2 \2/p'\'''
lt_cv_sys_global_symbol_to_c_name_address='sed -n -e '\''s/^: \([^ ]*\) $/  {\"\1\", (lt_ptr) 0},/p'\'' -e '\''s/^[BCDEGRST] \([^ ]*\) \([^ ]*\)$/  {"\2", (lt_ptr) \&\2},/p'\'''
lt_cv_sys_global_symbol_to_cdecl='sed -n -e '\''s/^. .* \(.*\)$/extern int \1;/p'\'''
lt_cv_sys_lib_dlsearch_path_spec='/lib /usr/lib /usr/lib/atlas /lib/i486-linux-gnu /usr/lib/i486-linux-gnu /usr/local/lib '
lt_cv_sys_lib_search_path_spec='/usr/lib/gcc/i486-linux-gnu/4.2.3 /usr/lib /lib'
lt_cv_sys_max_cmd_len=98304
lt_lt_cv_prog_compiler_c_o='"yes"'
lt_lt_cv_prog_compiler_c_o_CXX='"yes"'
lt_lt_cv_sys_global_symbol_pipe='"sed -n -e '\''s/^.*[ 	]\\([ABCDGIRSTW][ABCDGIRSTW]*\\)[ 	][ 	]*\\([_A-Za-z][_A-Za-z0-9]*\\)\$/\\1 \\2 \\2/p'\''"'
lt_lt_cv_sys_global_symbol_to_c_name_address='"sed -n -e '\''s/^: \\([^ ]*\\) \$/  {\\\"\\1\\\", (lt_ptr) 0},/p'\'' -e '\''s/^[BCDEGRST] \\([^ ]*\\) \\([^ ]*\\)\$/  {\"\\2\", (lt_ptr) \\&\\2},/p'\''"'
lt_lt_cv_sys_global_symbol_to_cdecl='"sed -n -e '\''s/^. .* \\(.*\\)\$/extern int \\1;/p'\''"'
pkg_cv_FONTCONFIG_CFLAGS=' '
pkg_cv_FONTCONFIG_LIBS='-lfontconfig  '
pkg_cv_FREETYPE_CFLAGS='-I/usr/include/freetype2  '
pkg_cv_FREETYPE_LIBS='-lfreetype -lz  '

## ----------------- ##
## Output variables. ##
## ----------------- ##

ACLOCAL='${SHELL} /home/arnemort/kode/xbmc/XBMC/xbmc/lib/libass/missing --run aclocal-1.10'
AMDEPBACKSLASH='\'
AMDEP_FALSE='#'
AMDEP_TRUE=''
AMTAR='${SHELL} /home/arnemort/kode/xbmc/XBMC/xbmc/lib/libass/missing --run tar'
AR='ar'
AUTOCONF='${SHELL} /home/arnemort/kode/xbmc/XBMC/xbmc/lib/libass/missing --run autoconf'
AUTOHEADER='${SHELL} /home/arnemort/kode/xbmc/XBMC/xbmc/lib/libass/missing --run autoheader'
AUTOMAKE='${SHELL} /home/arnemort/kode/xbmc/XBMC/xbmc/lib/libass/missing --run automake-1.10'
AWK='gawk'
CC='gcc'
CCDEPMODE='depmode=gcc3'
CFLAGS='-g -O2   -I/usr/include/freetype2  '
CPP='gcc -E'
CPPFLAGS=''
CXX='g++'
CXXCPP='g++ -E'
CXXDEPMODE='depmode=gcc3'
CXXFLAGS='-g -O2'
CYGPATH_W='echo'
DEFS='-DHAVE_CONFIG_H'
DEPDIR='.deps'
DSYMUTIL=''
ECHO='echo'
ECHO_C=''
ECHO_N='-n'
ECHO_T=''
EGREP='/bin/grep -E'
EXEEXT=''
F77=''
FFLAGS=''
FONTCONFIG_CFLAGS=' '
FONTCONFIG_LIBS='-lfontconfig  '
FREETYPE_CFLAGS='-I/usr/include/freetype2  '
FREETYPE_LIBS='-lfreetype -lz  '
GREP='/bin/grep'
INSTALL_DATA='${INSTALL} -m 644'
INSTALL_PROGRAM='${INSTALL}'
INSTALL_SCRIPT='${INSTALL}'
INSTALL_STRIP_PROGRAM='$(install_sh) -c -s'
LDFLAGS=''
LIBOBJS=''
LIBS=' -lenca -lfontconfig   -lfreetype -lz  '
LIBTOOL='$(SHELL) $(top_builddir)/libtool'
LN_S='ln -s'
LTLIBOBJS=''
MAKEINFO='${SHELL} /home/arnemort/kode/xbmc/XBMC/xbmc/lib/libass/missing --run makeinfo'
NMEDIT=''
OBJEXT='o'
PACKAGE='libass'
PACKAGE_BUGREPORT=''
PACKAGE_NAME='libass'
PACKAGE_STRING='libass 0.9.4'
PACKAGE_TARNAME='libass'
PACKAGE_VERSION='0.9.4'
PATH_SEPARATOR=':'
PKG_CONFIG='/usr/bin/pkg-config'
POW_LIB=''
RANLIB='ranlib'
SED='/bin/sed'
SET_MAKE=''
SHELL='/bin/bash'
STRIP='strip'
VERSION='0.9.4'
ac_ct_CC='gcc'
ac_ct_CXX='g++'
ac_ct_F77=''
am__fastdepCC_FALSE='#'
am__fastdepCC_TRUE=''
am__fastdepCXX_FALSE='#'
am__fastdepCXX_TRUE=''
am__include='include'
am__isrc=''
am__leading_dot='.'
am__quote=''
am__tar='${AMTAR} chof - "$$tardir"'
am__untar='${AMTAR} xf -'
bindir='${exec_prefix}/bin'
build='i686-pc-linux-gnu'
build_alias=''
build_cpu='i686'
build_os='linux-gnu'
build_vendor='pc'
datadir='${datarootdir}'
datarootdir='${prefix}/share'
docdir='${datarootdir}/doc/${PACKAGE_TARNAME}'
dvidir='${docdir}'
exec_prefix='${prefix}'
host='i686-pc-linux-gnu'
host_alias=''
host_cpu='i686'
host_os='linux-gnu'
host_vendor='pc'
htmldir='${docdir}'
includedir='${prefix}/include'
infodir='${datarootdir}/info'
install_sh='$(SHELL) /home/arnemort/kode/xbmc/XBMC/xbmc/lib/libass/install-sh'
libdir='${exec_prefix}/lib'
libexecdir='${exec_prefix}/libexec'
localedir='${datarootdir}/locale'
localstatedir='${prefix}/var'
mandir='${datarootdir}/man'
mkdir_p='/bin/mkdir -p'
oldincludedir='/usr/include'
pdfdir='${docdir}'
prefix='/usr/local'
program_transform_name='s,x,x,'
psdir='${docdir}'
sbindir='${exec_prefix}/sbin'
sharedstatedir='${prefix}/com'
sysconfdir='${prefix}/etc'
target_alias=''

## ----------- ##
## confdefs.h. ##
## ----------- ##

#define PACKAGE_NAME "libass"
#define PACKAGE_TARNAME "libass"
#define PACKAGE_VERSION "0.9.4"
#define PACKAGE_STRING "libass 0.9.4"
#define PACKAGE_BUGREPORT ""
#define PACKAGE "libass"
#define VERSION "0.9.4"
#define STDC_HEADERS 1
#define HAVE_SYS_TYPES_H 1
#define HAVE_SYS_STAT_H 1
#define HAVE_STDLIB_H 1
#define HAVE_STRING_H 1
#define HAVE_MEMORY_H 1
#define HAVE_STRINGS_H 1
#define HAVE_INTTYPES_H 1
#define HAVE_STDINT_H 1
#define HAVE_UNISTD_H 1
#define HAVE_DLFCN_H 1
#define HAVE_LIBPNG 1
#define USE_ICONV 1
#define HAVE_ENCA 1
#define STDC_HEADERS 1
#define HAVE_INTTYPES_H 1
#define HAVE_STDINT_H 1
#define HAVE_STDLIB_H 1
#define HAVE_STRING_H 1
#define HAVE_SYS_TIME_H 1
#define HAVE_UNISTD_H 1
#define HAVE_ICONV_H 1
#define HAVE_ENCA_H 1
#define HAVE_FONTCONFIG 1
#define HAVE_FREETYPE 1
#define HAVE__BOOL 1
#define HAVE_STDBOOL_H 1
#define HAVE_STDLIB_H 1
#define HAVE_MALLOC 1
#define HAVE_STDLIB_H 1
#define HAVE_REALLOC 1
#define LSTAT_FOLLOWS_SLASHED_SYMLINK 1
#define HAVE_VPRINTF 1
#define HAVE_MEMSET 1
#define HAVE_MKDIR 1
#define HAVE_STRCASECMP 1
#define HAVE_STRCHR 1
#define HAVE_STRDUP 1
#define HAVE_STRERROR 1
#define HAVE_STRSTR 1
#define HAVE_STRTOL 1

configure: exit 0
